{"/Users/banbz/EIP/Guardos-mobile/visitorMobile/App.styles.ts": {"path":"/Users/banbz/EIP/Guardos-mobile/visitorMobile/App.styles.ts","statementMap":{"0":{"start":{"line":3,"column":15},"end":{"line":10,"column":2}}},"fnMap":{},"branchMap":{},"s":{"0":0},"f":{},"b":{}}
,"/Users/banbz/EIP/Guardos-mobile/visitorMobile/App.tsx": {"path":"/Users/banbz/EIP/Guardos-mobile/visitorMobile/App.tsx","statementMap":{"0":{"start":{"line":11,"column":48},"end":{"line":15,"column":1}},"1":{"start":{"line":12,"column":2},"end":{"line":14,"column":9}},"2":{"start":{"line":17,"column":22},"end":{"line":44,"column":1}},"3":{"start":{"line":18,"column":60},"end":{"line":18,"column":74}},"4":{"start":{"line":20,"column":2},"end":{"line":28,"column":9}},"5":{"start":{"line":21,"column":24},"end":{"line":23,"column":6}},"6":{"start":{"line":22,"column":6},"end":{"line":22,"column":50}},"7":{"start":{"line":25,"column":4},"end":{"line":27,"column":6}},"8":{"start":{"line":26,"column":6},"end":{"line":26,"column":20}},"9":{"start":{"line":30,"column":24},"end":{"line":37,"column":3}},"10":{"start":{"line":31,"column":4},"end":{"line":33,"column":5}},"11":{"start":{"line":32,"column":6},"end":{"line":32,"column":112}},"12":{"start":{"line":34,"column":4},"end":{"line":36,"column":6}},"13":{"start":{"line":39,"column":2},"end":{"line":43,"column":4}},"14":{"start":{"line":46,"column":15},"end":{"line":58,"column":2}}},"fnMap":{"0":{"name":"(anonymous_0)","decl":{"start":{"line":11,"column":48},"end":{"line":11,"column":49}},"loc":{"start":{"line":12,"column":2},"end":{"line":14,"column":9}},"line":12},"1":{"name":"(anonymous_1)","decl":{"start":{"line":17,"column":22},"end":{"line":17,"column":23}},"loc":{"start":{"line":17,"column":28},"end":{"line":44,"column":1}},"line":17},"2":{"name":"(anonymous_2)","decl":{"start":{"line":20,"column":12},"end":{"line":20,"column":13}},"loc":{"start":{"line":20,"column":18},"end":{"line":28,"column":3}},"line":20},"3":{"name":"(anonymous_3)","decl":{"start":{"line":21,"column":49},"end":{"line":21,"column":50}},"loc":{"start":{"line":21,"column":60},"end":{"line":23,"column":5}},"line":21},"4":{"name":"(anonymous_4)","decl":{"start":{"line":25,"column":11},"end":{"line":25,"column":12}},"loc":{"start":{"line":25,"column":17},"end":{"line":27,"column":5}},"line":25},"5":{"name":"(anonymous_5)","decl":{"start":{"line":30,"column":24},"end":{"line":30,"column":25}},"loc":{"start":{"line":30,"column":30},"end":{"line":37,"column":3}},"line":30}},"branchMap":{"0":{"loc":{"start":{"line":31,"column":4},"end":{"line":33,"column":5}},"type":"if","locations":[{"start":{"line":31,"column":4},"end":{"line":33,"column":5}},{"start":{},"end":{}}],"line":31}},"s":{"0":1,"1":0,"2":1,"3":0,"4":0,"5":0,"6":0,"7":0,"8":0,"9":0,"10":0,"11":0,"12":0,"13":0,"14":1},"f":{"0":0,"1":0,"2":0,"3":0,"4":0,"5":0},"b":{"0":[0,0]},"_coverageSchema":"1a1c01bbd47fc00a2c39e90264f33305004495a9","hash":"557ef80dd3eda32f78b39b8be627d6558d0dd533"}
,"/Users/banbz/EIP/Guardos-mobile/visitorMobile/Router.tsx": {"path":"/Users/banbz/EIP/Guardos-mobile/visitorMobile/Router.tsx","statementMap":{"0":{"start":{"line":21,"column":12},"end":{"line":21,"column":38}},"1":{"start":{"line":22,"column":14},"end":{"line":22,"column":42}},"2":{"start":{"line":23,"column":0},"end":{"line":23,"column":36}},"3":{"start":{"line":24,"column":0},"end":{"line":24,"column":22}},"4":{"start":{"line":26,"column":15},"end":{"line":120,"column":1}},"5":{"start":{"line":27,"column":34},"end":{"line":27,"column":49}},"6":{"start":{"line":29,"column":28},"end":{"line":31,"column":3}},"7":{"start":{"line":30,"column":4},"end":{"line":30,"column":24}},"8":{"start":{"line":59,"column":2},"end":{"line":119,"column":4}},"9":{"start":{"line":62,"column":37},"end":{"line":90,"column":9}},"10":{"start":{"line":66,"column":12},"end":{"line":84,"column":13}},"11":{"start":{"line":67,"column":14},"end":{"line":67,"column":71}},"12":{"start":{"line":68,"column":19},"end":{"line":84,"column":13}},"13":{"start":{"line":69,"column":14},"end":{"line":69,"column":57}},"14":{"start":{"line":70,"column":19},"end":{"line":84,"column":13}},"15":{"start":{"line":71,"column":14},"end":{"line":71,"column":87}},"16":{"start":{"line":72,"column":19},"end":{"line":84,"column":13}},"17":{"start":{"line":73,"column":14},"end":{"line":73,"column":59}},"18":{"start":{"line":74,"column":19},"end":{"line":84,"column":13}},"19":{"start":{"line":75,"column":14},"end":{"line":75,"column":63}},"20":{"start":{"line":76,"column":19},"end":{"line":84,"column":13}},"21":{"start":{"line":77,"column":14},"end":{"line":77,"column":63}},"22":{"start":{"line":78,"column":19},"end":{"line":84,"column":13}},"23":{"start":{"line":79,"column":14},"end":{"line":79,"column":71}},"24":{"start":{"line":80,"column":19},"end":{"line":84,"column":13}},"25":{"start":{"line":81,"column":14},"end":{"line":81,"column":26}},"26":{"start":{"line":82,"column":19},"end":{"line":84,"column":13}},"27":{"start":{"line":83,"column":14},"end":{"line":83,"column":67}},"28":{"start":{"line":86,"column":12},"end":{"line":86,"column":95}},"29":{"start":{"line":102,"column":21},"end":{"line":102,"column":80}},"30":{"start":{"line":104,"column":92},"end":{"line":104,"column":96}},"31":{"start":{"line":112,"column":21},"end":{"line":112,"column":79}},"32":{"start":{"line":126,"column":56},"end":{"line":135,"column":1}},"33":{"start":{"line":127,"column":2},"end":{"line":134,"column":20}},"34":{"start":{"line":131,"column":18},"end":{"line":131,"column":77}},"35":{"start":{"line":137,"column":20},"end":{"line":152,"column":1}},"36":{"start":{"line":138,"column":2},"end":{"line":151,"column":4}},"37":{"start":{"line":158,"column":52},"end":{"line":166,"column":1}},"38":{"start":{"line":159,"column":2},"end":{"line":165,"column":20}},"39":{"start":{"line":162,"column":18},"end":{"line":162,"column":82}}},"fnMap":{"0":{"name":"(anonymous_0)","decl":{"start":{"line":26,"column":15},"end":{"line":26,"column":16}},"loc":{"start":{"line":26,"column":21},"end":{"line":120,"column":1}},"line":26},"1":{"name":"(anonymous_1)","decl":{"start":{"line":29,"column":28},"end":{"line":29,"column":29}},"loc":{"start":{"line":29,"column":40},"end":{"line":31,"column":3}},"line":29},"2":{"name":"(anonymous_2)","decl":{"start":{"line":62,"column":23},"end":{"line":62,"column":24}},"loc":{"start":{"line":62,"column":37},"end":{"line":90,"column":9}},"line":62},"3":{"name":"(anonymous_3)","decl":{"start":{"line":63,"column":22},"end":{"line":63,"column":23}},"loc":{"start":{"line":63,"column":50},"end":{"line":87,"column":11}},"line":63},"4":{"name":"(anonymous_4)","decl":{"start":{"line":102,"column":15},"end":{"line":102,"column":16}},"loc":{"start":{"line":102,"column":21},"end":{"line":102,"column":80}},"line":102},"5":{"name":"(anonymous_5)","decl":{"start":{"line":104,"column":86},"end":{"line":104,"column":87}},"loc":{"start":{"line":104,"column":92},"end":{"line":104,"column":96}},"line":104},"6":{"name":"(anonymous_6)","decl":{"start":{"line":112,"column":15},"end":{"line":112,"column":16}},"loc":{"start":{"line":112,"column":21},"end":{"line":112,"column":79}},"line":112},"7":{"name":"(anonymous_7)","decl":{"start":{"line":126,"column":56},"end":{"line":126,"column":57}},"loc":{"start":{"line":127,"column":2},"end":{"line":134,"column":20}},"line":127},"8":{"name":"(anonymous_8)","decl":{"start":{"line":131,"column":7},"end":{"line":131,"column":8}},"loc":{"start":{"line":131,"column":18},"end":{"line":131,"column":77}},"line":131},"9":{"name":"(anonymous_9)","decl":{"start":{"line":137,"column":20},"end":{"line":137,"column":21}},"loc":{"start":{"line":137,"column":26},"end":{"line":152,"column":1}},"line":137},"10":{"name":"(anonymous_10)","decl":{"start":{"line":158,"column":52},"end":{"line":158,"column":53}},"loc":{"start":{"line":159,"column":2},"end":{"line":165,"column":20}},"line":159},"11":{"name":"(anonymous_11)","decl":{"start":{"line":162,"column":7},"end":{"line":162,"column":8}},"loc":{"start":{"line":162,"column":18},"end":{"line":162,"column":82}},"line":162}},"branchMap":{"0":{"loc":{"start":{"line":66,"column":12},"end":{"line":84,"column":13}},"type":"if","locations":[{"start":{"line":66,"column":12},"end":{"line":84,"column":13}},{"start":{"line":68,"column":19},"end":{"line":84,"column":13}}],"line":66},"1":{"loc":{"start":{"line":67,"column":25},"end":{"line":67,"column":70}},"type":"cond-expr","locations":[{"start":{"line":67,"column":35},"end":{"line":67,"column":47}},{"start":{"line":67,"column":50},"end":{"line":67,"column":70}}],"line":67},"2":{"loc":{"start":{"line":68,"column":19},"end":{"line":84,"column":13}},"type":"if","locations":[{"start":{"line":68,"column":19},"end":{"line":84,"column":13}},{"start":{"line":70,"column":19},"end":{"line":84,"column":13}}],"line":68},"3":{"loc":{"start":{"line":69,"column":25},"end":{"line":69,"column":56}},"type":"cond-expr","locations":[{"start":{"line":69,"column":35},"end":{"line":69,"column":40}},{"start":{"line":69,"column":43},"end":{"line":69,"column":56}}],"line":69},"4":{"loc":{"start":{"line":70,"column":19},"end":{"line":84,"column":13}},"type":"if","locations":[{"start":{"line":70,"column":19},"end":{"line":84,"column":13}},{"start":{"line":72,"column":19},"end":{"line":84,"column":13}}],"line":70},"5":{"loc":{"start":{"line":71,"column":25},"end":{"line":71,"column":86}},"type":"cond-expr","locations":[{"start":{"line":71,"column":35},"end":{"line":71,"column":55}},{"start":{"line":71,"column":58},"end":{"line":71,"column":86}}],"line":71},"6":{"loc":{"start":{"line":72,"column":19},"end":{"line":84,"column":13}},"type":"if","locations":[{"start":{"line":72,"column":19},"end":{"line":84,"column":13}},{"start":{"line":74,"column":19},"end":{"line":84,"column":13}}],"line":72},"7":{"loc":{"start":{"line":73,"column":25},"end":{"line":73,"column":58}},"type":"cond-expr","locations":[{"start":{"line":73,"column":35},"end":{"line":73,"column":41}},{"start":{"line":73,"column":44},"end":{"line":73,"column":58}}],"line":73},"8":{"loc":{"start":{"line":74,"column":19},"end":{"line":84,"column":13}},"type":"if","locations":[{"start":{"line":74,"column":19},"end":{"line":84,"column":13}},{"start":{"line":76,"column":19},"end":{"line":84,"column":13}}],"line":74},"9":{"loc":{"start":{"line":75,"column":25},"end":{"line":75,"column":62}},"type":"cond-expr","locations":[{"start":{"line":75,"column":35},"end":{"line":75,"column":43}},{"start":{"line":75,"column":46},"end":{"line":75,"column":62}}],"line":75},"10":{"loc":{"start":{"line":76,"column":19},"end":{"line":84,"column":13}},"type":"if","locations":[{"start":{"line":76,"column":19},"end":{"line":84,"column":13}},{"start":{"line":78,"column":19},"end":{"line":84,"column":13}}],"line":76},"11":{"loc":{"start":{"line":77,"column":25},"end":{"line":77,"column":62}},"type":"cond-expr","locations":[{"start":{"line":77,"column":35},"end":{"line":77,"column":43}},{"start":{"line":77,"column":46},"end":{"line":77,"column":62}}],"line":77},"12":{"loc":{"start":{"line":78,"column":19},"end":{"line":84,"column":13}},"type":"if","locations":[{"start":{"line":78,"column":19},"end":{"line":84,"column":13}},{"start":{"line":80,"column":19},"end":{"line":84,"column":13}}],"line":78},"13":{"loc":{"start":{"line":79,"column":25},"end":{"line":79,"column":70}},"type":"cond-expr","locations":[{"start":{"line":79,"column":35},"end":{"line":79,"column":47}},{"start":{"line":79,"column":50},"end":{"line":79,"column":70}}],"line":79},"14":{"loc":{"start":{"line":80,"column":19},"end":{"line":84,"column":13}},"type":"if","locations":[{"start":{"line":80,"column":19},"end":{"line":84,"column":13}},{"start":{"line":82,"column":19},"end":{"line":84,"column":13}}],"line":80},"15":{"loc":{"start":{"line":82,"column":19},"end":{"line":84,"column":13}},"type":"if","locations":[{"start":{"line":82,"column":19},"end":{"line":84,"column":13}},{"start":{},"end":{}}],"line":82},"16":{"loc":{"start":{"line":83,"column":25},"end":{"line":83,"column":66}},"type":"cond-expr","locations":[{"start":{"line":83,"column":35},"end":{"line":83,"column":45}},{"start":{"line":83,"column":48},"end":{"line":83,"column":66}}],"line":83},"17":{"loc":{"start":{"line":86,"column":64},"end":{"line":86,"column":91}},"type":"cond-expr","locations":[{"start":{"line":86,"column":74},"end":{"line":86,"column":83}},{"start":{"line":86,"column":86},"end":{"line":86,"column":91}}],"line":86},"18":{"loc":{"start":{"line":92,"column":9},"end":{"line":116,"column":9}},"type":"cond-expr","locations":[{"start":{"line":93,"column":10},"end":{"line":105,"column":13}},{"start":{"line":107,"column":10},"end":{"line":115,"column":13}}],"line":92}},"s":{"0":1,"1":1,"2":1,"3":1,"4":1,"5":12,"6":11,"7":0,"8":11,"9":0,"10":0,"11":0,"12":0,"13":0,"14":0,"15":0,"16":0,"17":0,"18":0,"19":0,"20":0,"21":0,"22":0,"23":0,"24":0,"25":0,"26":0,"27":0,"28":0,"29":0,"30":0,"31":0,"32":1,"33":0,"34":0,"35":1,"36":0,"37":1,"38":0,"39":0},"f":{"0":12,"1":0,"2":0,"3":0,"4":0,"5":0,"6":0,"7":0,"8":0,"9":0,"10":0,"11":0},"b":{"0":[0,0],"1":[0,0],"2":[0,0],"3":[0,0],"4":[0,0],"5":[0,0],"6":[0,0],"7":[0,0],"8":[0,0],"9":[0,0],"10":[0,0],"11":[0,0],"12":[0,0],"13":[0,0],"14":[0,0],"15":[0,0],"16":[0,0],"17":[0,0],"18":[0,0]},"_coverageSchema":"1a1c01bbd47fc00a2c39e90264f33305004495a9","hash":"4dba7ad7feeda18ed77c489c4d04c52e18e2650b"}
,"/Users/banbz/EIP/Guardos-mobile/visitorMobile/assets/placeholderImagesBase64.ts": {"path":"/Users/banbz/EIP/Guardos-mobile/visitorMobile/assets/placeholderImagesBase64.ts","statementMap":{"0":{"start":{"line":1,"column":33},"end":{"line":1,"column":23961}},"1":{"start":{"line":2,"column":32},"end":{"line":2,"column":83116}}},"fnMap":{},"branchMap":{},"s":{"0":4,"1":4},"f":{},"b":{},"_coverageSchema":"1a1c01bbd47fc00a2c39e90264f33305004495a9","hash":"6aca432a9c54803699b664e0f070e5cf0d7ca82f"}
,"/Users/banbz/EIP/Guardos-mobile/visitorMobile/src/declarations.d.ts": {"path":"/Users/banbz/EIP/Guardos-mobile/visitorMobile/src/declarations.d.ts","statementMap":{},"fnMap":{},"branchMap":{},"s":{},"f":{},"b":{}}
,"/Users/banbz/EIP/Guardos-mobile/visitorMobile/src/components/RestaurantCard.styles.ts": {"path":"/Users/banbz/EIP/Guardos-mobile/visitorMobile/src/components/RestaurantCard.styles.ts","statementMap":{"0":{"start":{"line":3,"column":20},"end":{"line":3,"column":62}},"1":{"start":{"line":4,"column":15},"end":{"line":4,"column":17}},"2":{"start":{"line":5,"column":15},"end":{"line":5,"column":17}},"3":{"start":{"line":6,"column":17},"end":{"line":6,"column":19}},"4":{"start":{"line":8,"column":15},"end":{"line":67,"column":2}}},"fnMap":{},"branchMap":{},"s":{"0":2,"1":2,"2":2,"3":2,"4":2},"f":{},"b":{},"_coverageSchema":"1a1c01bbd47fc00a2c39e90264f33305004495a9","hash":"d4e614ab4f281c49c390c774f4403b53ba207e63"}
,"/Users/banbz/EIP/Guardos-mobile/visitorMobile/src/components/RestaurantCard.tsx": {"path":"/Users/banbz/EIP/Guardos-mobile/visitorMobile/src/components/RestaurantCard.tsx","statementMap":{"0":{"start":{"line":9,"column":23},"end":{"line":61,"column":1}},"1":{"start":{"line":10,"column":21},"end":{"line":10,"column":36}},"2":{"start":{"line":11,"column":34},"end":{"line":11,"column":65}},"3":{"start":{"line":13,"column":19},"end":{"line":13,"column":34}},"4":{"start":{"line":14,"column":2},"end":{"line":32,"column":19}},"5":{"start":{"line":16,"column":6},"end":{"line":28,"column":7}},"6":{"start":{"line":17,"column":30},"end":{"line":17,"column":57}},"7":{"start":{"line":18,"column":8},"end":{"line":18,"column":35}},"8":{"start":{"line":20,"column":8},"end":{"line":27,"column":12}},"9":{"start":{"line":31,"column":4},"end":{"line":31,"column":18}},"10":{"start":{"line":35,"column":2},"end":{"line":60,"column":4}}},"fnMap":{"0":{"name":"(anonymous_0)","decl":{"start":{"line":9,"column":23},"end":{"line":9,"column":24}},"loc":{"start":{"line":9,"column":36},"end":{"line":61,"column":1}},"line":9},"1":{"name":"(anonymous_1)","decl":{"start":{"line":14,"column":12},"end":{"line":14,"column":13}},"loc":{"start":{"line":14,"column":18},"end":{"line":32,"column":3}},"line":14},"2":{"name":"fetchImages","decl":{"start":{"line":15,"column":19},"end":{"line":15,"column":30}},"loc":{"start":{"line":15,"column":33},"end":{"line":29,"column":5}},"line":15}},"branchMap":{"0":{"loc":{"start":{"line":16,"column":6},"end":{"line":28,"column":7}},"type":"if","locations":[{"start":{"line":16,"column":6},"end":{"line":28,"column":7}},{"start":{"line":19,"column":13},"end":{"line":28,"column":7}}],"line":16},"1":{"loc":{"start":{"line":42,"column":12},"end":{"line":44,"column":42}},"type":"cond-expr","locations":[{"start":{"line":43,"column":16},"end":{"line":43,"column":43}},{"start":{"line":44,"column":16},"end":{"line":44,"column":42}}],"line":42},"2":{"loc":{"start":{"line":42,"column":12},"end":{"line":42,"column":53}},"type":"binary-expr","locations":[{"start":{"line":42,"column":12},"end":{"line":42,"column":31}},{"start":{"line":42,"column":35},"end":{"line":42,"column":53}}],"line":42}},"s":{"0":2,"1":8,"2":8,"3":8,"4":8,"5":4,"6":3,"7":3,"8":1,"9":4,"10":8},"f":{"0":8,"1":4,"2":4},"b":{"0":[3,1],"1":[3,5],"2":[8,3]},"_coverageSchema":"1a1c01bbd47fc00a2c39e90264f33305004495a9","hash":"f566e35ab3bbdc8bc1e0cea9b1ce59aefe493a93"}
,"/Users/banbz/EIP/Guardos-mobile/visitorMobile/src/components/ErrorBoundary/ErrorBoundary.tsx": {"path":"/Users/banbz/EIP/Guardos-mobile/visitorMobile/src/components/ErrorBoundary/ErrorBoundary.tsx","statementMap":{"0":{"start":{"line":16,"column":17},"end":{"line":16,"column":32}},"1":{"start":{"line":20,"column":6},"end":{"line":22,"column":3}},"2":{"start":{"line":25,"column":4},"end":{"line":25,"column":20}},"3":{"start":{"line":29,"column":4},"end":{"line":31,"column":5}},"4":{"start":{"line":30,"column":6},"end":{"line":30,"column":52}},"5":{"start":{"line":34,"column":27},"end":{"line":36,"column":3}},"6":{"start":{"line":35,"column":4},"end":{"line":35,"column":34}},"7":{"start":{"line":39,"column":34},"end":{"line":39,"column":44}},"8":{"start":{"line":41,"column":4},"end":{"line":48,"column":5}}},"fnMap":{"0":{"name":"(anonymous_0)","decl":{"start":{"line":24,"column":2},"end":{"line":24,"column":3}},"loc":{"start":{"line":24,"column":55},"end":{"line":26,"column":3}},"line":24},"1":{"name":"(anonymous_1)","decl":{"start":{"line":28,"column":2},"end":{"line":28,"column":3}},"loc":{"start":{"line":28,"column":68},"end":{"line":32,"column":3}},"line":28},"2":{"name":"(anonymous_2)","decl":{"start":{"line":34,"column":27},"end":{"line":34,"column":28}},"loc":{"start":{"line":34,"column":33},"end":{"line":36,"column":3}},"line":34},"3":{"name":"(anonymous_3)","decl":{"start":{"line":38,"column":2},"end":{"line":38,"column":3}},"loc":{"start":{"line":38,"column":11},"end":{"line":49,"column":3}},"line":38}},"branchMap":{"0":{"loc":{"start":{"line":29,"column":4},"end":{"line":31,"column":5}},"type":"if","locations":[{"start":{"line":29,"column":4},"end":{"line":31,"column":5}},{"start":{},"end":{}}],"line":29},"1":{"loc":{"start":{"line":41,"column":11},"end":{"line":48,"column":5}},"type":"cond-expr","locations":[{"start":{"line":42,"column":6},"end":{"line":45,"column":8}},{"start":{"line":47,"column":6},"end":{"line":47,"column":25}}],"line":41}},"s":{"0":0,"1":1,"2":0,"3":0,"4":0,"5":0,"6":0,"7":0,"8":0},"f":{"0":0,"1":0,"2":0,"3":0},"b":{"0":[0,0],"1":[0,0]},"_coverageSchema":"1a1c01bbd47fc00a2c39e90264f33305004495a9","hash":"c20761527ec6f5eb538f6a21a1be91859d8ca172"}
,"/Users/banbz/EIP/Guardos-mobile/visitorMobile/src/components/ErrorBoundary/FallbackComponent/FallbackComponent.tsx": {"path":"/Users/banbz/EIP/Guardos-mobile/visitorMobile/src/components/ErrorBoundary/FallbackComponent/FallbackComponent.tsx","statementMap":{"0":{"start":{"line":8,"column":26},"end":{"line":19,"column":1}},"1":{"start":{"line":9,"column":2},"end":{"line":18,"column":17}}},"fnMap":{"0":{"name":"(anonymous_0)","decl":{"start":{"line":8,"column":26},"end":{"line":8,"column":27}},"loc":{"start":{"line":9,"column":2},"end":{"line":18,"column":17}},"line":9}},"branchMap":{},"s":{"0":2,"1":2},"f":{"0":2},"b":{},"_coverageSchema":"1a1c01bbd47fc00a2c39e90264f33305004495a9","hash":"2faedd5e242aafbf25ef4194bd864985dd9cc2bf"}
,"/Users/banbz/EIP/Guardos-mobile/visitorMobile/src/components/ErrorBoundary/FallbackComponent/styles.ts": {"path":"/Users/banbz/EIP/Guardos-mobile/visitorMobile/src/components/ErrorBoundary/FallbackComponent/styles.ts","statementMap":{"0":{"start":{"line":3,"column":15},"end":{"line":36,"column":2}}},"fnMap":{},"branchMap":{},"s":{"0":2},"f":{},"b":{},"_coverageSchema":"1a1c01bbd47fc00a2c39e90264f33305004495a9","hash":"38fd97f74f6262d2dd43bfc3eea9f34d20883af9"}
,"/Users/banbz/EIP/Guardos-mobile/visitorMobile/src/models/dishesInterfaces.ts": {"path":"/Users/banbz/EIP/Guardos-mobile/visitorMobile/src/models/dishesInterfaces.ts","statementMap":{},"fnMap":{},"branchMap":{},"s":{},"f":{},"b":{}}
,"/Users/banbz/EIP/Guardos-mobile/visitorMobile/src/models/emailInterfaces.ts": {"path":"/Users/banbz/EIP/Guardos-mobile/visitorMobile/src/models/emailInterfaces.ts","statementMap":{},"fnMap":{},"branchMap":{},"s":{},"f":{},"b":{}}
,"/Users/banbz/EIP/Guardos-mobile/visitorMobile/src/models/imageInterface.ts": {"path":"/Users/banbz/EIP/Guardos-mobile/visitorMobile/src/models/imageInterface.ts","statementMap":{},"fnMap":{},"branchMap":{},"s":{},"f":{},"b":{}}
,"/Users/banbz/EIP/Guardos-mobile/visitorMobile/src/models/restaurantsInterfaces.ts": {"path":"/Users/banbz/EIP/Guardos-mobile/visitorMobile/src/models/restaurantsInterfaces.ts","statementMap":{},"fnMap":{},"branchMap":{},"s":{},"f":{},"b":{}}
,"/Users/banbz/EIP/Guardos-mobile/visitorMobile/src/pages/AboutUs/AboutUs.styles.tsx": {"path":"/Users/banbz/EIP/Guardos-mobile/visitorMobile/src/pages/AboutUs/AboutUs.styles.tsx","statementMap":{"0":{"start":{"line":3,"column":15},"end":{"line":88,"column":2}}},"fnMap":{},"branchMap":{},"s":{"0":1},"f":{},"b":{},"_coverageSchema":"1a1c01bbd47fc00a2c39e90264f33305004495a9","hash":"c1dc247db0f41a47af4ef3302a664123c0a5b88c"}
,"/Users/banbz/EIP/Guardos-mobile/visitorMobile/src/pages/AboutUs/AboutUs.tsx": {"path":"/Users/banbz/EIP/Guardos-mobile/visitorMobile/src/pages/AboutUs/AboutUs.tsx","statementMap":{"0":{"start":{"line":14,"column":26},"end":{"line":139,"column":1}},"1":{"start":{"line":15,"column":22},"end":{"line":52,"column":3}},"2":{"start":{"line":54,"column":46},"end":{"line":54,"column":65}},"3":{"start":{"line":56,"column":28},"end":{"line":58,"column":3}},"4":{"start":{"line":57,"column":4},"end":{"line":57,"column":30}},"5":{"start":{"line":60,"column":21},"end":{"line":62,"column":3}},"6":{"start":{"line":61,"column":4},"end":{"line":61,"column":28}},"7":{"start":{"line":64,"column":2},"end":{"line":138,"column":4}},"8":{"start":{"line":113,"column":12},"end":{"line":115,"column":31}},"9":{"start":{"line":113,"column":61},"end":{"line":113,"column":86}}},"fnMap":{"0":{"name":"(anonymous_0)","decl":{"start":{"line":14,"column":26},"end":{"line":14,"column":27}},"loc":{"start":{"line":14,"column":32},"end":{"line":139,"column":1}},"line":14},"1":{"name":"(anonymous_1)","decl":{"start":{"line":56,"column":28},"end":{"line":56,"column":29}},"loc":{"start":{"line":56,"column":45},"end":{"line":58,"column":3}},"line":56},"2":{"name":"(anonymous_2)","decl":{"start":{"line":60,"column":21},"end":{"line":60,"column":22}},"loc":{"start":{"line":60,"column":27},"end":{"line":62,"column":3}},"line":60},"3":{"name":"(anonymous_3)","decl":{"start":{"line":112,"column":27},"end":{"line":112,"column":28}},"loc":{"start":{"line":113,"column":12},"end":{"line":115,"column":31}},"line":113},"4":{"name":"(anonymous_4)","decl":{"start":{"line":113,"column":55},"end":{"line":113,"column":56}},"loc":{"start":{"line":113,"column":61},"end":{"line":113,"column":86}},"line":113}},"branchMap":{},"s":{"0":1,"1":7,"2":7,"3":7,"4":0,"5":7,"6":0,"7":7,"8":42,"9":0},"f":{"0":7,"1":0,"2":0,"3":42,"4":0},"b":{},"_coverageSchema":"1a1c01bbd47fc00a2c39e90264f33305004495a9","hash":"983b613175e663f9f64907f9147302e4efe9a1ad"}
,"/Users/banbz/EIP/Guardos-mobile/visitorMobile/src/pages/AboutUs/text/FoundingStory.ts": {"path":"/Users/banbz/EIP/Guardos-mobile/visitorMobile/src/pages/AboutUs/text/FoundingStory.ts","statementMap":{"0":{"start":{"line":1,"column":22},"end":{"line":7,"column":131}}},"fnMap":{},"branchMap":{},"s":{"0":1},"f":{},"b":{},"_coverageSchema":"1a1c01bbd47fc00a2c39e90264f33305004495a9","hash":"cc4a2451eb147a1ba24a741b0a74029a1b4ed59f"}
,"/Users/banbz/EIP/Guardos-mobile/visitorMobile/src/pages/AboutUs/text/Introduction.ts": {"path":"/Users/banbz/EIP/Guardos-mobile/visitorMobile/src/pages/AboutUs/text/Introduction.ts","statementMap":{"0":{"start":{"line":1,"column":21},"end":{"line":10,"column":61}}},"fnMap":{},"branchMap":{},"s":{"0":1},"f":{},"b":{},"_coverageSchema":"1a1c01bbd47fc00a2c39e90264f33305004495a9","hash":"c98579d0e295ca79cd724bd1abcb15490ef28040"}
,"/Users/banbz/EIP/Guardos-mobile/visitorMobile/src/pages/AboutUs/text/MissionAndValues.ts": {"path":"/Users/banbz/EIP/Guardos-mobile/visitorMobile/src/pages/AboutUs/text/MissionAndValues.ts","statementMap":{"0":{"start":{"line":1,"column":27},"end":{"line":1,"column":159}},"1":{"start":{"line":2,"column":28},"end":{"line":2,"column":191}},"2":{"start":{"line":3,"column":27},"end":{"line":3,"column":187}}},"fnMap":{},"branchMap":{},"s":{"0":1,"1":1,"2":1},"f":{},"b":{},"_coverageSchema":"1a1c01bbd47fc00a2c39e90264f33305004495a9","hash":"672cf43bd5a079d7438a16243a67036b69ec1210"}
,"/Users/banbz/EIP/Guardos-mobile/visitorMobile/src/pages/AboutUs/text/TeamDescription.ts": {"path":"/Users/banbz/EIP/Guardos-mobile/visitorMobile/src/pages/AboutUs/text/TeamDescription.ts","statementMap":{"0":{"start":{"line":1,"column":24},"end":{"line":10,"column":102}}},"fnMap":{},"branchMap":{},"s":{"0":1},"f":{},"b":{},"_coverageSchema":"1a1c01bbd47fc00a2c39e90264f33305004495a9","hash":"ce64344cfb9a827f2f3d629d6ce0aff433455fd3"}
,"/Users/banbz/EIP/Guardos-mobile/visitorMobile/src/pages/ContactUs/ContactUs.styles.tsx": {"path":"/Users/banbz/EIP/Guardos-mobile/visitorMobile/src/pages/ContactUs/ContactUs.styles.tsx","statementMap":{"0":{"start":{"line":3,"column":15},"end":{"line":53,"column":2}}},"fnMap":{},"branchMap":{},"s":{"0":1},"f":{},"b":{},"_coverageSchema":"1a1c01bbd47fc00a2c39e90264f33305004495a9","hash":"7bdec3e90acd2b865c19c9007dc0ad503d8c0e9b"}
,"/Users/banbz/EIP/Guardos-mobile/visitorMobile/src/pages/ContactUs/ContactUs.tsx": {"path":"/Users/banbz/EIP/Guardos-mobile/visitorMobile/src/pages/ContactUs/ContactUs.tsx","statementMap":{"0":{"start":{"line":8,"column":28},"end":{"line":122,"column":1}},"1":{"start":{"line":9,"column":34},"end":{"line":14,"column":4}},"2":{"start":{"line":15,"column":50},"end":{"line":15,"column":65}},"3":{"start":{"line":17,"column":26},"end":{"line":19,"column":3}},"4":{"start":{"line":18,"column":4},"end":{"line":18,"column":23}},"5":{"start":{"line":21,"column":23},"end":{"line":47,"column":3}},"6":{"start":{"line":22,"column":46},"end":{"line":22,"column":54}},"7":{"start":{"line":23,"column":4},"end":{"line":46,"column":5}},"8":{"start":{"line":24,"column":6},"end":{"line":45,"column":7}},"9":{"start":{"line":25,"column":25},"end":{"line":25,"column":50}},"10":{"start":{"line":27,"column":8},"end":{"line":42,"column":9}},"11":{"start":{"line":28,"column":10},"end":{"line":28,"column":29}},"12":{"start":{"line":29,"column":10},"end":{"line":29,"column":36}},"13":{"start":{"line":30,"column":10},"end":{"line":35,"column":13}},"14":{"start":{"line":37,"column":10},"end":{"line":39,"column":19}},"15":{"start":{"line":38,"column":12},"end":{"line":38,"column":39}},"16":{"start":{"line":41,"column":10},"end":{"line":41,"column":70}},"17":{"start":{"line":44,"column":8},"end":{"line":44,"column":67}},"18":{"start":{"line":49,"column":23},"end":{"line":52,"column":3}},"19":{"start":{"line":51,"column":4},"end":{"line":51,"column":16}},"20":{"start":{"line":54,"column":23},"end":{"line":56,"column":3}},"21":{"start":{"line":55,"column":4},"end":{"line":55,"column":47}},"22":{"start":{"line":58,"column":2},"end":{"line":121,"column":4}},"23":{"start":{"line":85,"column":36},"end":{"line":85,"column":62}},"24":{"start":{"line":91,"column":36},"end":{"line":91,"column":63}},"25":{"start":{"line":97,"column":36},"end":{"line":97,"column":65}},"26":{"start":{"line":103,"column":36},"end":{"line":103,"column":65}}},"fnMap":{"0":{"name":"(anonymous_0)","decl":{"start":{"line":8,"column":28},"end":{"line":8,"column":29}},"loc":{"start":{"line":8,"column":34},"end":{"line":122,"column":1}},"line":8},"1":{"name":"(anonymous_1)","decl":{"start":{"line":17,"column":26},"end":{"line":17,"column":27}},"loc":{"start":{"line":17,"column":32},"end":{"line":19,"column":3}},"line":17},"2":{"name":"(anonymous_2)","decl":{"start":{"line":21,"column":23},"end":{"line":21,"column":24}},"loc":{"start":{"line":21,"column":35},"end":{"line":47,"column":3}},"line":21},"3":{"name":"(anonymous_3)","decl":{"start":{"line":37,"column":21},"end":{"line":37,"column":22}},"loc":{"start":{"line":37,"column":27},"end":{"line":39,"column":11}},"line":37},"4":{"name":"(anonymous_4)","decl":{"start":{"line":49,"column":23},"end":{"line":49,"column":24}},"loc":{"start":{"line":49,"column":42},"end":{"line":52,"column":3}},"line":49},"5":{"name":"(anonymous_5)","decl":{"start":{"line":54,"column":23},"end":{"line":54,"column":24}},"loc":{"start":{"line":54,"column":67},"end":{"line":56,"column":3}},"line":54},"6":{"name":"(anonymous_6)","decl":{"start":{"line":85,"column":26},"end":{"line":85,"column":27}},"loc":{"start":{"line":85,"column":36},"end":{"line":85,"column":62}},"line":85},"7":{"name":"(anonymous_7)","decl":{"start":{"line":91,"column":26},"end":{"line":91,"column":27}},"loc":{"start":{"line":91,"column":36},"end":{"line":91,"column":63}},"line":91},"8":{"name":"(anonymous_8)","decl":{"start":{"line":97,"column":26},"end":{"line":97,"column":27}},"loc":{"start":{"line":97,"column":36},"end":{"line":97,"column":65}},"line":97},"9":{"name":"(anonymous_9)","decl":{"start":{"line":103,"column":26},"end":{"line":103,"column":27}},"loc":{"start":{"line":103,"column":36},"end":{"line":103,"column":65}},"line":103}},"branchMap":{"0":{"loc":{"start":{"line":23,"column":4},"end":{"line":46,"column":5}},"type":"if","locations":[{"start":{"line":23,"column":4},"end":{"line":46,"column":5}},{"start":{},"end":{}}],"line":23},"1":{"loc":{"start":{"line":23,"column":8},"end":{"line":23,"column":66}},"type":"binary-expr","locations":[{"start":{"line":23,"column":8},"end":{"line":23,"column":12}},{"start":{"line":23,"column":16},"end":{"line":23,"column":21}},{"start":{"line":23,"column":25},"end":{"line":23,"column":32}},{"start":{"line":23,"column":36},"end":{"line":23,"column":43}},{"start":{"line":23,"column":47},"end":{"line":23,"column":66}}],"line":23},"2":{"loc":{"start":{"line":27,"column":8},"end":{"line":42,"column":9}},"type":"if","locations":[{"start":{"line":27,"column":8},"end":{"line":42,"column":9}},{"start":{"line":40,"column":15},"end":{"line":42,"column":9}}],"line":27},"3":{"loc":{"start":{"line":60,"column":63},"end":{"line":60,"column":108}},"type":"cond-expr","locations":[{"start":{"line":60,"column":87},"end":{"line":60,"column":96}},{"start":{"line":60,"column":99},"end":{"line":60,"column":108}}],"line":60},"4":{"loc":{"start":{"line":115,"column":11},"end":{"line":117,"column":11}},"type":"binary-expr","locations":[{"start":{"line":115,"column":11},"end":{"line":115,"column":27}},{"start":{"line":116,"column":12},"end":{"line":116,"column":96}}],"line":115}},"s":{"0":1,"1":18,"2":18,"3":18,"4":0,"5":18,"6":3,"7":3,"8":3,"9":3,"10":2,"11":1,"12":1,"13":1,"14":1,"15":0,"16":1,"17":1,"18":18,"19":3,"20":18,"21":12,"22":18,"23":3,"24":3,"25":3,"26":3},"f":{"0":18,"1":0,"2":3,"3":0,"4":3,"5":12,"6":3,"7":3,"8":3,"9":3},"b":{"0":[3,0],"1":[3,3,3,3,3],"2":[1,1],"3":[18,0],"4":[18,2]},"_coverageSchema":"1a1c01bbd47fc00a2c39e90264f33305004495a9","hash":"697d0c37553ada43438cc75067104e4db80b1075"}
,"/Users/banbz/EIP/Guardos-mobile/visitorMobile/src/pages/HomePage/HomePage.styles.tsx": {"path":"/Users/banbz/EIP/Guardos-mobile/visitorMobile/src/pages/HomePage/HomePage.styles.tsx","statementMap":{},"fnMap":{},"branchMap":{},"s":{},"f":{},"b":{}}
,"/Users/banbz/EIP/Guardos-mobile/visitorMobile/src/pages/HomePage/HomePage.tsx": {"path":"/Users/banbz/EIP/Guardos-mobile/visitorMobile/src/pages/HomePage/HomePage.tsx","statementMap":{"0":{"start":{"line":3,"column":17},"end":{"line":7,"column":1}},"1":{"start":{"line":4,"column":2},"end":{"line":6,"column":4}}},"fnMap":{"0":{"name":"(anonymous_0)","decl":{"start":{"line":3,"column":17},"end":{"line":3,"column":18}},"loc":{"start":{"line":3,"column":23},"end":{"line":7,"column":1}},"line":3}},"branchMap":{},"s":{"0":1,"1":1},"f":{"0":1},"b":{},"_coverageSchema":"1a1c01bbd47fc00a2c39e90264f33305004495a9","hash":"ada3a7c66ab2cb6c621cf552ad96a808e546e29c"}
,"/Users/banbz/EIP/Guardos-mobile/visitorMobile/src/pages/MapPage/MapPage.styles.tsx": {"path":"/Users/banbz/EIP/Guardos-mobile/visitorMobile/src/pages/MapPage/MapPage.styles.tsx","statementMap":{"0":{"start":{"line":3,"column":15},"end":{"line":244,"column":2}}},"fnMap":{},"branchMap":{},"s":{"0":1},"f":{},"b":{},"_coverageSchema":"1a1c01bbd47fc00a2c39e90264f33305004495a9","hash":"6299163fdfaf68b54f34f465042f85590156bf5a"}
,"/Users/banbz/EIP/Guardos-mobile/visitorMobile/src/pages/MapPage/MapPage.tsx": {"path":"/Users/banbz/EIP/Guardos-mobile/visitorMobile/src/pages/MapPage/MapPage.tsx","statementMap":{"0":{"start":{"line":39,"column":2},"end":{"line":41,"column":3}},"1":{"start":{"line":40,"column":4},"end":{"line":40,"column":18}},"2":{"start":{"line":43,"column":15},"end":{"line":43,"column":21}},"3":{"start":{"line":44,"column":15},"end":{"line":44,"column":21}},"4":{"start":{"line":46,"column":2},"end":{"line":53,"column":3}},"5":{"start":{"line":46,"column":15},"end":{"line":46,"column":16}},"6":{"start":{"line":47,"column":16},"end":{"line":47,"column":22}},"7":{"start":{"line":48,"column":4},"end":{"line":52,"column":5}},"8":{"start":{"line":49,"column":6},"end":{"line":49,"column":19}},"9":{"start":{"line":50,"column":11},"end":{"line":52,"column":5}},"10":{"start":{"line":51,"column":6},"end":{"line":51,"column":19}},"11":{"start":{"line":55,"column":2},"end":{"line":55,"column":26}},"12":{"start":{"line":59,"column":16},"end":{"line":59,"column":38}},"13":{"start":{"line":61,"column":16},"end":{"line":641,"column":1}},"14":{"start":{"line":62,"column":32},"end":{"line":62,"column":67}},"15":{"start":{"line":64,"column":46},"end":{"line":64,"column":60}},"16":{"start":{"line":65,"column":44},"end":{"line":65,"column":59}},"17":{"start":{"line":66,"column":36},"end":{"line":66,"column":71}},"18":{"start":{"line":67,"column":38},"end":{"line":67,"column":53}},"19":{"start":{"line":68,"column":38},"end":{"line":68,"column":50}},"20":{"start":{"line":69,"column":46},"end":{"line":69,"column":58}},"21":{"start":{"line":71,"column":4},"end":{"line":71,"column":39}},"22":{"start":{"line":72,"column":38},"end":{"line":72,"column":50}},"23":{"start":{"line":73,"column":42},"end":{"line":73,"column":54}},"24":{"start":{"line":75,"column":48},"end":{"line":75,"column":63}},"25":{"start":{"line":76,"column":46},"end":{"line":76,"column":58}},"26":{"start":{"line":77,"column":52},"end":{"line":77,"column":64}},"27":{"start":{"line":78,"column":54},"end":{"line":78,"column":66}},"28":{"start":{"line":79,"column":28},"end":{"line":79,"column":41}},"29":{"start":{"line":80,"column":21},"end":{"line":80,"column":36}},"30":{"start":{"line":81,"column":50},"end":{"line":85,"column":4}},"31":{"start":{"line":88,"column":2},"end":{"line":91,"column":9}},"32":{"start":{"line":89,"column":4},"end":{"line":89,"column":22}},"33":{"start":{"line":90,"column":4},"end":{"line":90,"column":23}},"34":{"start":{"line":93,"column":26},"end":{"line":105,"column":3}},"35":{"start":{"line":94,"column":4},"end":{"line":104,"column":9}},"36":{"start":{"line":96,"column":29},"end":{"line":98,"column":36}},"37":{"start":{"line":97,"column":26},"end":{"line":98,"column":35}},"38":{"start":{"line":99,"column":6},"end":{"line":99,"column":31}},"39":{"start":{"line":100,"column":6},"end":{"line":100,"column":39}},"40":{"start":{"line":103,"column":8},"end":{"line":103,"column":64}},"41":{"start":{"line":107,"column":27},"end":{"line":116,"column":3}},"42":{"start":{"line":108,"column":22},"end":{"line":108,"column":56}},"43":{"start":{"line":109,"column":4},"end":{"line":111,"column":5}},"44":{"start":{"line":110,"column":6},"end":{"line":110,"column":13}},"45":{"start":{"line":113,"column":4},"end":{"line":115,"column":6}},"46":{"start":{"line":114,"column":6},"end":{"line":114,"column":27}},"47":{"start":{"line":118,"column":22},"end":{"line":120,"column":3}},"48":{"start":{"line":119,"column":4},"end":{"line":119,"column":37}},"49":{"start":{"line":122,"column":2},"end":{"line":124,"column":23}},"50":{"start":{"line":123,"column":4},"end":{"line":123,"column":25}},"51":{"start":{"line":126,"column":28},"end":{"line":139,"column":3}},"52":{"start":{"line":127,"column":4},"end":{"line":136,"column":5}},"53":{"start":{"line":128,"column":6},"end":{"line":133,"column":7}},"54":{"start":{"line":129,"column":20},"end":{"line":129,"column":54}},"55":{"start":{"line":130,"column":8},"end":{"line":130,"column":40}},"56":{"start":{"line":132,"column":8},"end":{"line":132,"column":55}},"57":{"start":{"line":135,"column":6},"end":{"line":135,"column":42}},"58":{"start":{"line":137,"column":4},"end":{"line":137,"column":30}},"59":{"start":{"line":138,"column":4},"end":{"line":138,"column":18}},"60":{"start":{"line":141,"column":25},"end":{"line":165,"column":3}},"61":{"start":{"line":142,"column":4},"end":{"line":164,"column":5}},"62":{"start":{"line":143,"column":38},"end":{"line":143,"column":61}},"63":{"start":{"line":145,"column":16},"end":{"line":145,"column":18}},"64":{"start":{"line":147,"column":6},"end":{"line":153,"column":7}},"65":{"start":{"line":148,"column":8},"end":{"line":149,"column":31}},"66":{"start":{"line":151,"column":8},"end":{"line":152,"column":20}},"67":{"start":{"line":155,"column":6},"end":{"line":161,"column":9}},"68":{"start":{"line":156,"column":8},"end":{"line":160,"column":9}},"69":{"start":{"line":157,"column":10},"end":{"line":157,"column":31}},"70":{"start":{"line":159,"column":10},"end":{"line":159,"column":57}},"71":{"start":{"line":163,"column":6},"end":{"line":163,"column":63}},"72":{"start":{"line":167,"column":21},"end":{"line":178,"column":3}},"73":{"start":{"line":168,"column":4},"end":{"line":177,"column":5}},"74":{"start":{"line":169,"column":6},"end":{"line":174,"column":7}},"75":{"start":{"line":170,"column":29},"end":{"line":170,"column":46}},"76":{"start":{"line":171,"column":31},"end":{"line":171,"column":50}},"77":{"start":{"line":172,"column":8},"end":{"line":172,"column":22}},"78":{"start":{"line":173,"column":8},"end":{"line":173,"column":74}},"79":{"start":{"line":176,"column":6},"end":{"line":176,"column":60}},"80":{"start":{"line":180,"column":23},"end":{"line":195,"column":3}},"81":{"start":{"line":181,"column":4},"end":{"line":193,"column":5}},"82":{"start":{"line":182,"column":23},"end":{"line":189,"column":8}},"83":{"start":{"line":183,"column":26},"end":{"line":184,"column":68}},"84":{"start":{"line":185,"column":30},"end":{"line":187,"column":49}},"85":{"start":{"line":188,"column":8},"end":{"line":188,"column":42}},"86":{"start":{"line":190,"column":6},"end":{"line":190,"column":35}},"87":{"start":{"line":192,"column":6},"end":{"line":192,"column":34}},"88":{"start":{"line":194,"column":4},"end":{"line":194,"column":23}},"89":{"start":{"line":197,"column":23},"end":{"line":209,"column":3}},"90":{"start":{"line":198,"column":40},"end":{"line":205,"column":5}},"91":{"start":{"line":206,"column":4},"end":{"line":206,"column":63}},"92":{"start":{"line":208,"column":4},"end":{"line":208,"column":30}},"93":{"start":{"line":211,"column":23},"end":{"line":217,"column":3}},"94":{"start":{"line":212,"column":4},"end":{"line":212,"column":26}},"95":{"start":{"line":213,"column":4},"end":{"line":213,"column":29}},"96":{"start":{"line":214,"column":4},"end":{"line":214,"column":30}},"97":{"start":{"line":215,"column":4},"end":{"line":215,"column":18}},"98":{"start":{"line":216,"column":4},"end":{"line":216,"column":44}},"99":{"start":{"line":219,"column":27},"end":{"line":294,"column":3}},"100":{"start":{"line":220,"column":22},"end":{"line":220,"column":56}},"101":{"start":{"line":221,"column":4},"end":{"line":235,"column":5}},"102":{"start":{"line":222,"column":6},"end":{"line":226,"column":9}},"103":{"start":{"line":227,"column":6},"end":{"line":233,"column":15}},"104":{"start":{"line":228,"column":8},"end":{"line":232,"column":11}},"105":{"start":{"line":234,"column":6},"end":{"line":234,"column":13}},"106":{"start":{"line":236,"column":42},"end":{"line":244,"column":5}},"107":{"start":{"line":245,"column":4},"end":{"line":292,"column":7}},"108":{"start":{"line":246,"column":6},"end":{"line":277,"column":7}},"109":{"start":{"line":247,"column":33},"end":{"line":247,"column":45}},"110":{"start":{"line":248,"column":8},"end":{"line":248,"column":38}},"111":{"start":{"line":249,"column":8},"end":{"line":249,"column":42}},"112":{"start":{"line":250,"column":8},"end":{"line":254,"column":11}},"113":{"start":{"line":255,"column":8},"end":{"line":255,"column":36}},"114":{"start":{"line":256,"column":8},"end":{"line":262,"column":17}},"115":{"start":{"line":257,"column":10},"end":{"line":261,"column":13}},"116":{"start":{"line":264,"column":8},"end":{"line":268,"column":11}},"117":{"start":{"line":269,"column":8},"end":{"line":269,"column":45}},"118":{"start":{"line":270,"column":8},"end":{"line":276,"column":17}},"119":{"start":{"line":271,"column":10},"end":{"line":275,"column":13}},"120":{"start":{"line":279,"column":6},"end":{"line":283,"column":9}},"121":{"start":{"line":284,"column":6},"end":{"line":284,"column":51}},"122":{"start":{"line":285,"column":6},"end":{"line":291,"column":15}},"123":{"start":{"line":286,"column":8},"end":{"line":290,"column":11}},"124":{"start":{"line":293,"column":4},"end":{"line":293,"column":22}},"125":{"start":{"line":296,"column":27},"end":{"line":306,"column":3}},"126":{"start":{"line":297,"column":45},"end":{"line":298,"column":61}},"127":{"start":{"line":298,"column":24},"end":{"line":298,"column":60}},"128":{"start":{"line":300,"column":4},"end":{"line":300,"column":68}},"129":{"start":{"line":302,"column":4},"end":{"line":302,"column":48}},"130":{"start":{"line":303,"column":4},"end":{"line":303,"column":49}},"131":{"start":{"line":304,"column":4},"end":{"line":304,"column":40}},"132":{"start":{"line":305,"column":4},"end":{"line":305,"column":30}},"133":{"start":{"line":308,"column":29},"end":{"line":359,"column":3}},"134":{"start":{"line":309,"column":22},"end":{"line":309,"column":56}},"135":{"start":{"line":310,"column":4},"end":{"line":324,"column":5}},"136":{"start":{"line":311,"column":6},"end":{"line":315,"column":9}},"137":{"start":{"line":316,"column":6},"end":{"line":322,"column":15}},"138":{"start":{"line":317,"column":8},"end":{"line":321,"column":11}},"139":{"start":{"line":323,"column":6},"end":{"line":323,"column":13}},"140":{"start":{"line":326,"column":4},"end":{"line":358,"column":6}},"141":{"start":{"line":327,"column":6},"end":{"line":357,"column":7}},"142":{"start":{"line":328,"column":33},"end":{"line":328,"column":98}},"143":{"start":{"line":328,"column":65},"end":{"line":328,"column":97}},"144":{"start":{"line":329,"column":8},"end":{"line":329,"column":42}},"145":{"start":{"line":330,"column":8},"end":{"line":334,"column":11}},"146":{"start":{"line":335,"column":8},"end":{"line":335,"column":38}},"147":{"start":{"line":336,"column":8},"end":{"line":342,"column":17}},"148":{"start":{"line":337,"column":10},"end":{"line":341,"column":13}},"149":{"start":{"line":344,"column":8},"end":{"line":348,"column":11}},"150":{"start":{"line":349,"column":8},"end":{"line":349,"column":47}},"151":{"start":{"line":350,"column":8},"end":{"line":356,"column":17}},"152":{"start":{"line":351,"column":10},"end":{"line":355,"column":13}},"153":{"start":{"line":361,"column":2},"end":{"line":640,"column":4}},"154":{"start":{"line":369,"column":34},"end":{"line":369,"column":53}},"155":{"start":{"line":375,"column":34},"end":{"line":375,"column":57}},"156":{"start":{"line":392,"column":10},"end":{"line":398,"column":12}},"157":{"start":{"line":397,"column":27},"end":{"line":397,"column":52}},"158":{"start":{"line":415,"column":14},"end":{"line":415,"column":34}},"159":{"start":{"line":416,"column":14},"end":{"line":416,"column":50}},"160":{"start":{"line":417,"column":14},"end":{"line":417,"column":26}},"161":{"start":{"line":426,"column":29},"end":{"line":426,"column":76}},"162":{"start":{"line":427,"column":33},"end":{"line":427,"column":59}},"163":{"start":{"line":428,"column":33},"end":{"line":429,"column":32}},"164":{"start":{"line":431,"column":14},"end":{"line":440,"column":18}},"165":{"start":{"line":491,"column":23},"end":{"line":491,"column":47}},"166":{"start":{"line":503,"column":12},"end":{"line":513,"column":14}},"167":{"start":{"line":508,"column":16},"end":{"line":511,"column":18}},"168":{"start":{"line":509,"column":18},"end":{"line":510,"column":56}},"169":{"start":{"line":510,"column":20},"end":{"line":510,"column":35}},"170":{"start":{"line":520,"column":42},"end":{"line":520,"column":57}},"171":{"start":{"line":531,"column":12},"end":{"line":541,"column":14}},"172":{"start":{"line":536,"column":16},"end":{"line":539,"column":18}},"173":{"start":{"line":537,"column":18},"end":{"line":538,"column":60}},"174":{"start":{"line":538,"column":20},"end":{"line":538,"column":37}},"175":{"start":{"line":546,"column":12},"end":{"line":556,"column":14}},"176":{"start":{"line":551,"column":16},"end":{"line":554,"column":18}},"177":{"start":{"line":552,"column":18},"end":{"line":553,"column":60}},"178":{"start":{"line":553,"column":20},"end":{"line":553,"column":37}},"179":{"start":{"line":566,"column":38},"end":{"line":566,"column":57}},"180":{"start":{"line":591,"column":14},"end":{"line":609,"column":21}},"181":{"start":{"line":597,"column":35},"end":{"line":597,"column":70}},"182":{"start":{"line":603,"column":35},"end":{"line":603,"column":72}},"183":{"start":{"line":633,"column":25},"end":{"line":633,"column":50}}},"fnMap":{"0":{"name":"findMinMax","decl":{"start":{"line":38,"column":9},"end":{"line":38,"column":19}},"loc":{"start":{"line":38,"column":30},"end":{"line":56,"column":1}},"line":38},"1":{"name":"(anonymous_1)","decl":{"start":{"line":61,"column":16},"end":{"line":61,"column":17}},"loc":{"start":{"line":61,"column":22},"end":{"line":641,"column":1}},"line":61},"2":{"name":"(anonymous_2)","decl":{"start":{"line":88,"column":12},"end":{"line":88,"column":13}},"loc":{"start":{"line":88,"column":18},"end":{"line":91,"column":3}},"line":88},"3":{"name":"(anonymous_3)","decl":{"start":{"line":93,"column":26},"end":{"line":93,"column":27}},"loc":{"start":{"line":93,"column":32},"end":{"line":105,"column":3}},"line":93},"4":{"name":"(anonymous_4)","decl":{"start":{"line":95,"column":12},"end":{"line":95,"column":13}},"loc":{"start":{"line":95,"column":21},"end":{"line":101,"column":7}},"line":95},"5":{"name":"(anonymous_5)","decl":{"start":{"line":97,"column":16},"end":{"line":97,"column":17}},"loc":{"start":{"line":97,"column":26},"end":{"line":98,"column":35}},"line":97},"6":{"name":"(anonymous_6)","decl":{"start":{"line":102,"column":13},"end":{"line":102,"column":14}},"loc":{"start":{"line":102,"column":24},"end":{"line":104,"column":7}},"line":102},"7":{"name":"(anonymous_7)","decl":{"start":{"line":107,"column":27},"end":{"line":107,"column":28}},"loc":{"start":{"line":107,"column":39},"end":{"line":116,"column":3}},"line":107},"8":{"name":"(anonymous_8)","decl":{"start":{"line":113,"column":36},"end":{"line":113,"column":37}},"loc":{"start":{"line":113,"column":45},"end":{"line":115,"column":5}},"line":113},"9":{"name":"(anonymous_9)","decl":{"start":{"line":118,"column":22},"end":{"line":118,"column":23}},"loc":{"start":{"line":118,"column":28},"end":{"line":120,"column":3}},"line":118},"10":{"name":"(anonymous_10)","decl":{"start":{"line":122,"column":12},"end":{"line":122,"column":13}},"loc":{"start":{"line":122,"column":18},"end":{"line":124,"column":3}},"line":122},"11":{"name":"(anonymous_11)","decl":{"start":{"line":126,"column":28},"end":{"line":126,"column":29}},"loc":{"start":{"line":126,"column":46},"end":{"line":139,"column":3}},"line":126},"12":{"name":"(anonymous_12)","decl":{"start":{"line":141,"column":25},"end":{"line":141,"column":26}},"loc":{"start":{"line":141,"column":31},"end":{"line":165,"column":3}},"line":141},"13":{"name":"(anonymous_13)","decl":{"start":{"line":155,"column":35},"end":{"line":155,"column":36}},"loc":{"start":{"line":155,"column":50},"end":{"line":161,"column":7}},"line":155},"14":{"name":"(anonymous_14)","decl":{"start":{"line":167,"column":21},"end":{"line":167,"column":22}},"loc":{"start":{"line":167,"column":27},"end":{"line":178,"column":3}},"line":167},"15":{"name":"(anonymous_15)","decl":{"start":{"line":180,"column":23},"end":{"line":180,"column":24}},"loc":{"start":{"line":180,"column":29},"end":{"line":195,"column":3}},"line":180},"16":{"name":"(anonymous_16)","decl":{"start":{"line":182,"column":38},"end":{"line":182,"column":39}},"loc":{"start":{"line":182,"column":50},"end":{"line":189,"column":7}},"line":182},"17":{"name":"(anonymous_17)","decl":{"start":{"line":197,"column":23},"end":{"line":197,"column":24}},"loc":{"start":{"line":197,"column":35},"end":{"line":209,"column":3}},"line":197},"18":{"name":"(anonymous_18)","decl":{"start":{"line":211,"column":23},"end":{"line":211,"column":24}},"loc":{"start":{"line":211,"column":35},"end":{"line":217,"column":3}},"line":211},"19":{"name":"(anonymous_19)","decl":{"start":{"line":219,"column":27},"end":{"line":219,"column":28}},"loc":{"start":{"line":219,"column":39},"end":{"line":294,"column":3}},"line":219},"20":{"name":"(anonymous_20)","decl":{"start":{"line":227,"column":17},"end":{"line":227,"column":18}},"loc":{"start":{"line":227,"column":23},"end":{"line":233,"column":7}},"line":227},"21":{"name":"(anonymous_21)","decl":{"start":{"line":245,"column":43},"end":{"line":245,"column":44}},"loc":{"start":{"line":245,"column":52},"end":{"line":278,"column":5}},"line":245},"22":{"name":"(anonymous_22)","decl":{"start":{"line":256,"column":19},"end":{"line":256,"column":20}},"loc":{"start":{"line":256,"column":25},"end":{"line":262,"column":9}},"line":256},"23":{"name":"(anonymous_23)","decl":{"start":{"line":270,"column":19},"end":{"line":270,"column":20}},"loc":{"start":{"line":270,"column":25},"end":{"line":276,"column":9}},"line":270},"24":{"name":"(anonymous_24)","decl":{"start":{"line":278,"column":13},"end":{"line":278,"column":14}},"loc":{"start":{"line":278,"column":24},"end":{"line":292,"column":5}},"line":278},"25":{"name":"(anonymous_25)","decl":{"start":{"line":285,"column":17},"end":{"line":285,"column":18}},"loc":{"start":{"line":285,"column":23},"end":{"line":291,"column":7}},"line":285},"26":{"name":"(anonymous_26)","decl":{"start":{"line":296,"column":27},"end":{"line":296,"column":28}},"loc":{"start":{"line":296,"column":61},"end":{"line":306,"column":3}},"line":296},"27":{"name":"(anonymous_27)","decl":{"start":{"line":298,"column":12},"end":{"line":298,"column":13}},"loc":{"start":{"line":298,"column":24},"end":{"line":298,"column":60}},"line":298},"28":{"name":"(anonymous_28)","decl":{"start":{"line":308,"column":29},"end":{"line":308,"column":30}},"loc":{"start":{"line":308,"column":59},"end":{"line":359,"column":3}},"line":308},"29":{"name":"(anonymous_29)","decl":{"start":{"line":316,"column":17},"end":{"line":316,"column":18}},"loc":{"start":{"line":316,"column":23},"end":{"line":322,"column":7}},"line":316},"30":{"name":"(anonymous_30)","decl":{"start":{"line":326,"column":50},"end":{"line":326,"column":51}},"loc":{"start":{"line":326,"column":59},"end":{"line":358,"column":5}},"line":326},"31":{"name":"(anonymous_31)","decl":{"start":{"line":328,"column":53},"end":{"line":328,"column":54}},"loc":{"start":{"line":328,"column":65},"end":{"line":328,"column":97}},"line":328},"32":{"name":"(anonymous_32)","decl":{"start":{"line":336,"column":19},"end":{"line":336,"column":20}},"loc":{"start":{"line":336,"column":25},"end":{"line":342,"column":9}},"line":336},"33":{"name":"(anonymous_33)","decl":{"start":{"line":350,"column":19},"end":{"line":350,"column":20}},"loc":{"start":{"line":350,"column":25},"end":{"line":356,"column":9}},"line":350},"34":{"name":"(anonymous_34)","decl":{"start":{"line":369,"column":24},"end":{"line":369,"column":25}},"loc":{"start":{"line":369,"column":34},"end":{"line":369,"column":53}},"line":369},"35":{"name":"(anonymous_35)","decl":{"start":{"line":375,"column":24},"end":{"line":375,"column":25}},"loc":{"start":{"line":375,"column":34},"end":{"line":375,"column":57}},"line":375},"36":{"name":"(anonymous_36)","decl":{"start":{"line":391,"column":29},"end":{"line":391,"column":30}},"loc":{"start":{"line":392,"column":10},"end":{"line":398,"column":12}},"line":392},"37":{"name":"(anonymous_37)","decl":{"start":{"line":397,"column":21},"end":{"line":397,"column":22}},"loc":{"start":{"line":397,"column":27},"end":{"line":397,"column":52}},"line":397},"38":{"name":"(anonymous_38)","decl":{"start":{"line":414,"column":21},"end":{"line":414,"column":22}},"loc":{"start":{"line":414,"column":27},"end":{"line":418,"column":13}},"line":414},"39":{"name":"(anonymous_39)","decl":{"start":{"line":425,"column":43},"end":{"line":425,"column":44}},"loc":{"start":{"line":425,"column":57},"end":{"line":441,"column":15}},"line":425},"40":{"name":"(anonymous_40)","decl":{"start":{"line":491,"column":17},"end":{"line":491,"column":18}},"loc":{"start":{"line":491,"column":23},"end":{"line":491,"column":47}},"line":491},"41":{"name":"(anonymous_41)","decl":{"start":{"line":502,"column":34},"end":{"line":502,"column":35}},"loc":{"start":{"line":503,"column":12},"end":{"line":513,"column":14}},"line":503},"42":{"name":"(anonymous_42)","decl":{"start":{"line":507,"column":23},"end":{"line":507,"column":24}},"loc":{"start":{"line":507,"column":29},"end":{"line":512,"column":15}},"line":507},"43":{"name":"(anonymous_43)","decl":{"start":{"line":508,"column":34},"end":{"line":508,"column":35}},"loc":{"start":{"line":509,"column":18},"end":{"line":510,"column":56}},"line":509},"44":{"name":"(anonymous_44)","decl":{"start":{"line":509,"column":54},"end":{"line":509,"column":55}},"loc":{"start":{"line":510,"column":20},"end":{"line":510,"column":35}},"line":510},"45":{"name":"(anonymous_45)","decl":{"start":{"line":520,"column":31},"end":{"line":520,"column":32}},"loc":{"start":{"line":520,"column":42},"end":{"line":520,"column":57}},"line":520},"46":{"name":"(anonymous_46)","decl":{"start":{"line":530,"column":62},"end":{"line":530,"column":63}},"loc":{"start":{"line":531,"column":12},"end":{"line":541,"column":14}},"line":531},"47":{"name":"(anonymous_47)","decl":{"start":{"line":535,"column":23},"end":{"line":535,"column":24}},"loc":{"start":{"line":535,"column":29},"end":{"line":540,"column":15}},"line":535},"48":{"name":"(anonymous_48)","decl":{"start":{"line":536,"column":38},"end":{"line":536,"column":39}},"loc":{"start":{"line":537,"column":18},"end":{"line":538,"column":60}},"line":537},"49":{"name":"(anonymous_49)","decl":{"start":{"line":537,"column":56},"end":{"line":537,"column":57}},"loc":{"start":{"line":538,"column":20},"end":{"line":538,"column":37}},"line":538},"50":{"name":"(anonymous_50)","decl":{"start":{"line":545,"column":55},"end":{"line":545,"column":56}},"loc":{"start":{"line":546,"column":12},"end":{"line":556,"column":14}},"line":546},"51":{"name":"(anonymous_51)","decl":{"start":{"line":550,"column":23},"end":{"line":550,"column":24}},"loc":{"start":{"line":550,"column":29},"end":{"line":555,"column":15}},"line":550},"52":{"name":"(anonymous_52)","decl":{"start":{"line":551,"column":37},"end":{"line":551,"column":38}},"loc":{"start":{"line":552,"column":18},"end":{"line":553,"column":60}},"line":552},"53":{"name":"(anonymous_53)","decl":{"start":{"line":552,"column":56},"end":{"line":552,"column":57}},"loc":{"start":{"line":553,"column":20},"end":{"line":553,"column":37}},"line":553},"54":{"name":"(anonymous_54)","decl":{"start":{"line":566,"column":28},"end":{"line":566,"column":29}},"loc":{"start":{"line":566,"column":38},"end":{"line":566,"column":57}},"line":566},"55":{"name":"(anonymous_55)","decl":{"start":{"line":590,"column":30},"end":{"line":590,"column":31}},"loc":{"start":{"line":591,"column":14},"end":{"line":609,"column":21}},"line":591},"56":{"name":"(anonymous_56)","decl":{"start":{"line":597,"column":29},"end":{"line":597,"column":30}},"loc":{"start":{"line":597,"column":35},"end":{"line":597,"column":70}},"line":597},"57":{"name":"(anonymous_57)","decl":{"start":{"line":603,"column":29},"end":{"line":603,"column":30}},"loc":{"start":{"line":603,"column":35},"end":{"line":603,"column":72}},"line":603},"58":{"name":"(anonymous_58)","decl":{"start":{"line":633,"column":19},"end":{"line":633,"column":20}},"loc":{"start":{"line":633,"column":25},"end":{"line":633,"column":50}},"line":633}},"branchMap":{"0":{"loc":{"start":{"line":39,"column":2},"end":{"line":41,"column":3}},"type":"if","locations":[{"start":{"line":39,"column":2},"end":{"line":41,"column":3}},{"start":{},"end":{}}],"line":39},"1":{"loc":{"start":{"line":39,"column":6},"end":{"line":39,"column":30}},"type":"binary-expr","locations":[{"start":{"line":39,"column":6},"end":{"line":39,"column":10}},{"start":{"line":39,"column":14},"end":{"line":39,"column":30}}],"line":39},"2":{"loc":{"start":{"line":48,"column":4},"end":{"line":52,"column":5}},"type":"if","locations":[{"start":{"line":48,"column":4},"end":{"line":52,"column":5}},{"start":{"line":50,"column":11},"end":{"line":52,"column":5}}],"line":48},"3":{"loc":{"start":{"line":50,"column":11},"end":{"line":52,"column":5}},"type":"if","locations":[{"start":{"line":50,"column":11},"end":{"line":52,"column":5}},{"start":{},"end":{}}],"line":50},"4":{"loc":{"start":{"line":97,"column":26},"end":{"line":98,"column":35}},"type":"binary-expr","locations":[{"start":{"line":97,"column":26},"end":{"line":97,"column":50}},{"start":{"line":98,"column":10},"end":{"line":98,"column":35}}],"line":97},"5":{"loc":{"start":{"line":109,"column":4},"end":{"line":111,"column":5}},"type":"if","locations":[{"start":{"line":109,"column":4},"end":{"line":111,"column":5}},{"start":{},"end":{}}],"line":109},"6":{"loc":{"start":{"line":127,"column":4},"end":{"line":136,"column":5}},"type":"if","locations":[{"start":{"line":127,"column":4},"end":{"line":136,"column":5}},{"start":{"line":134,"column":11},"end":{"line":136,"column":5}}],"line":127},"7":{"loc":{"start":{"line":142,"column":4},"end":{"line":164,"column":5}},"type":"if","locations":[{"start":{"line":142,"column":4},"end":{"line":164,"column":5}},{"start":{"line":162,"column":11},"end":{"line":164,"column":5}}],"line":142},"8":{"loc":{"start":{"line":142,"column":8},"end":{"line":142,"column":49}},"type":"binary-expr","locations":[{"start":{"line":142,"column":8},"end":{"line":142,"column":22}},{"start":{"line":142,"column":26},"end":{"line":142,"column":49}}],"line":142},"9":{"loc":{"start":{"line":147,"column":6},"end":{"line":153,"column":7}},"type":"if","locations":[{"start":{"line":147,"column":6},"end":{"line":153,"column":7}},{"start":{"line":150,"column":13},"end":{"line":153,"column":7}}],"line":147},"10":{"loc":{"start":{"line":156,"column":8},"end":{"line":160,"column":9}},"type":"if","locations":[{"start":{"line":156,"column":8},"end":{"line":160,"column":9}},{"start":{"line":158,"column":15},"end":{"line":160,"column":9}}],"line":156},"11":{"loc":{"start":{"line":169,"column":6},"end":{"line":174,"column":7}},"type":"if","locations":[{"start":{"line":169,"column":6},"end":{"line":174,"column":7}},{"start":{},"end":{}}],"line":169},"12":{"loc":{"start":{"line":181,"column":4},"end":{"line":193,"column":5}},"type":"if","locations":[{"start":{"line":181,"column":4},"end":{"line":193,"column":5}},{"start":{"line":191,"column":11},"end":{"line":193,"column":5}}],"line":181},"13":{"loc":{"start":{"line":181,"column":8},"end":{"line":181,"column":36}},"type":"binary-expr","locations":[{"start":{"line":181,"column":8},"end":{"line":181,"column":18}},{"start":{"line":181,"column":22},"end":{"line":181,"column":36}}],"line":181},"14":{"loc":{"start":{"line":183,"column":26},"end":{"line":184,"column":68}},"type":"binary-expr","locations":[{"start":{"line":183,"column":26},"end":{"line":183,"column":37}},{"start":{"line":184,"column":8},"end":{"line":184,"column":68}}],"line":183},"15":{"loc":{"start":{"line":185,"column":30},"end":{"line":187,"column":49}},"type":"binary-expr","locations":[{"start":{"line":185,"column":30},"end":{"line":185,"column":45}},{"start":{"line":186,"column":8},"end":{"line":187,"column":49}}],"line":185},"16":{"loc":{"start":{"line":188,"column":15},"end":{"line":188,"column":41}},"type":"binary-expr","locations":[{"start":{"line":188,"column":15},"end":{"line":188,"column":24}},{"start":{"line":188,"column":28},"end":{"line":188,"column":41}}],"line":188},"17":{"loc":{"start":{"line":221,"column":4},"end":{"line":235,"column":5}},"type":"if","locations":[{"start":{"line":221,"column":4},"end":{"line":235,"column":5}},{"start":{},"end":{}}],"line":221},"18":{"loc":{"start":{"line":246,"column":6},"end":{"line":277,"column":7}},"type":"if","locations":[{"start":{"line":246,"column":6},"end":{"line":277,"column":7}},{"start":{"line":263,"column":13},"end":{"line":277,"column":7}}],"line":246},"19":{"loc":{"start":{"line":310,"column":4},"end":{"line":324,"column":5}},"type":"if","locations":[{"start":{"line":310,"column":4},"end":{"line":324,"column":5}},{"start":{},"end":{}}],"line":310},"20":{"loc":{"start":{"line":327,"column":6},"end":{"line":357,"column":7}},"type":"if","locations":[{"start":{"line":327,"column":6},"end":{"line":357,"column":7}},{"start":{"line":343,"column":13},"end":{"line":357,"column":7}}],"line":327},"21":{"loc":{"start":{"line":406,"column":14},"end":{"line":411,"column":44}},"type":"cond-expr","locations":[{"start":{"line":410,"column":18},"end":{"line":410,"column":50}},{"start":{"line":411,"column":18},"end":{"line":411,"column":44}}],"line":406},"22":{"loc":{"start":{"line":406,"column":14},"end":{"line":409,"column":48}},"type":"binary-expr","locations":[{"start":{"line":406,"column":14},"end":{"line":406,"column":25}},{"start":{"line":407,"column":14},"end":{"line":407,"column":28}},{"start":{"line":408,"column":14},"end":{"line":408,"column":37}},{"start":{"line":409,"column":14},"end":{"line":409,"column":48}}],"line":406},"23":{"loc":{"start":{"line":422,"column":15},"end":{"line":422,"column":52}},"type":"binary-expr","locations":[{"start":{"line":422,"column":15},"end":{"line":422,"column":29}},{"start":{"line":422,"column":33},"end":{"line":422,"column":52}}],"line":422},"24":{"loc":{"start":{"line":426,"column":29},"end":{"line":426,"column":76}},"type":"cond-expr","locations":[{"start":{"line":426,"column":46},"end":{"line":426,"column":72}},{"start":{"line":426,"column":75},"end":{"line":426,"column":76}}],"line":426},"25":{"loc":{"start":{"line":426,"column":46},"end":{"line":426,"column":72}},"type":"binary-expr","locations":[{"start":{"line":426,"column":46},"end":{"line":426,"column":67}},{"start":{"line":426,"column":71},"end":{"line":426,"column":72}}],"line":426},"26":{"loc":{"start":{"line":428,"column":33},"end":{"line":429,"column":32}},"type":"binary-expr","locations":[{"start":{"line":428,"column":33},"end":{"line":428,"column":61}},{"start":{"line":429,"column":16},"end":{"line":429,"column":32}}],"line":428},"27":{"loc":{"start":{"line":434,"column":22},"end":{"line":435,"column":46}},"type":"cond-expr","locations":[{"start":{"line":434,"column":35},"end":{"line":434,"column":41}},{"start":{"line":434,"column":44},"end":{"line":435,"column":46}}],"line":434},"28":{"loc":{"start":{"line":434,"column":44},"end":{"line":435,"column":46}},"type":"cond-expr","locations":[{"start":{"line":435,"column":18},"end":{"line":435,"column":29}},{"start":{"line":435,"column":32},"end":{"line":435,"column":46}}],"line":434},"29":{"loc":{"start":{"line":437,"column":23},"end":{"line":437,"column":66}},"type":"cond-expr","locations":[{"start":{"line":437,"column":50},"end":{"line":437,"column":56}},{"start":{"line":437,"column":59},"end":{"line":437,"column":66}}],"line":437},"30":{"loc":{"start":{"line":437,"column":23},"end":{"line":437,"column":47}},"type":"binary-expr","locations":[{"start":{"line":437,"column":23},"end":{"line":437,"column":33}},{"start":{"line":437,"column":37},"end":{"line":437,"column":47}}],"line":437},"31":{"loc":{"start":{"line":443,"column":15},"end":{"line":443,"column":54}},"type":"binary-expr","locations":[{"start":{"line":443,"column":15},"end":{"line":443,"column":29}},{"start":{"line":443,"column":33},"end":{"line":443,"column":54}}],"line":443},"32":{"loc":{"start":{"line":451,"column":18},"end":{"line":451,"column":70}},"type":"binary-expr","locations":[{"start":{"line":451,"column":18},"end":{"line":451,"column":32}},{"start":{"line":451,"column":36},"end":{"line":451,"column":70}}],"line":451},"33":{"loc":{"start":{"line":452,"column":17},"end":{"line":452,"column":71}},"type":"binary-expr","locations":[{"start":{"line":452,"column":17},"end":{"line":452,"column":31}},{"start":{"line":452,"column":35},"end":{"line":452,"column":71}}],"line":452},"34":{"loc":{"start":{"line":453,"column":17},"end":{"line":453,"column":69}},"type":"binary-expr","locations":[{"start":{"line":453,"column":17},"end":{"line":453,"column":31}},{"start":{"line":453,"column":35},"end":{"line":453,"column":69}}],"line":453},"35":{"loc":{"start":{"line":454,"column":17},"end":{"line":454,"column":63}},"type":"binary-expr","locations":[{"start":{"line":454,"column":17},"end":{"line":454,"column":31}},{"start":{"line":454,"column":35},"end":{"line":454,"column":63}}],"line":454},"36":{"loc":{"start":{"line":455,"column":17},"end":{"line":455,"column":66}},"type":"binary-expr","locations":[{"start":{"line":455,"column":17},"end":{"line":455,"column":31}},{"start":{"line":455,"column":35},"end":{"line":455,"column":66}}],"line":455},"37":{"loc":{"start":{"line":460,"column":13},"end":{"line":460,"column":57}},"type":"binary-expr","locations":[{"start":{"line":460,"column":13},"end":{"line":460,"column":27}},{"start":{"line":460,"column":31},"end":{"line":460,"column":57}}],"line":460},"38":{"loc":{"start":{"line":463,"column":24},"end":{"line":463,"column":68}},"type":"binary-expr","locations":[{"start":{"line":463,"column":24},"end":{"line":463,"column":38}},{"start":{"line":463,"column":42},"end":{"line":463,"column":68}}],"line":463},"39":{"loc":{"start":{"line":465,"column":26},"end":{"line":465,"column":66}},"type":"binary-expr","locations":[{"start":{"line":465,"column":26},"end":{"line":465,"column":40}},{"start":{"line":465,"column":44},"end":{"line":465,"column":66}}],"line":465},"40":{"loc":{"start":{"line":509,"column":18},"end":{"line":510,"column":56}},"type":"cond-expr","locations":[{"start":{"line":509,"column":42},"end":{"line":510,"column":36}},{"start":{"line":510,"column":39},"end":{"line":510,"column":56}}],"line":509},"41":{"loc":{"start":{"line":537,"column":18},"end":{"line":538,"column":60}},"type":"cond-expr","locations":[{"start":{"line":537,"column":44},"end":{"line":538,"column":38}},{"start":{"line":538,"column":41},"end":{"line":538,"column":60}}],"line":537},"42":{"loc":{"start":{"line":552,"column":18},"end":{"line":553,"column":60}},"type":"cond-expr","locations":[{"start":{"line":552,"column":44},"end":{"line":553,"column":38}},{"start":{"line":553,"column":41},"end":{"line":553,"column":60}}],"line":552},"43":{"loc":{"start":{"line":569,"column":13},"end":{"line":573,"column":13}},"type":"binary-expr","locations":[{"start":{"line":569,"column":13},"end":{"line":569,"column":37}},{"start":{"line":570,"column":14},"end":{"line":572,"column":21}}],"line":569},"44":{"loc":{"start":{"line":574,"column":13},"end":{"line":578,"column":13}},"type":"binary-expr","locations":[{"start":{"line":574,"column":13},"end":{"line":574,"column":35}},{"start":{"line":575,"column":14},"end":{"line":577,"column":21}}],"line":574}},"s":{"0":0,"1":0,"2":0,"3":0,"4":0,"5":0,"6":0,"7":0,"8":0,"9":0,"10":0,"11":0,"12":1,"13":1,"14":25,"15":24,"16":24,"17":24,"18":24,"19":24,"20":24,"21":24,"22":24,"23":24,"24":24,"25":24,"26":24,"27":24,"28":24,"29":24,"30":24,"31":24,"32":8,"33":8,"34":24,"35":8,"36":8,"37":7,"38":8,"39":8,"40":7,"41":24,"42":8,"43":8,"44":0,"45":8,"46":2,"47":24,"48":0,"49":24,"50":8,"51":24,"52":0,"53":0,"54":0,"55":0,"56":0,"57":0,"58":0,"59":0,"60":24,"61":0,"62":0,"63":0,"64":0,"65":0,"66":0,"67":0,"68":0,"69":0,"70":0,"71":0,"72":24,"73":0,"74":0,"75":0,"76":0,"77":0,"78":0,"79":0,"80":24,"81":0,"82":0,"83":0,"84":0,"85":0,"86":0,"87":0,"88":0,"89":24,"90":0,"91":0,"92":0,"93":24,"94":0,"95":0,"96":0,"97":0,"98":0,"99":24,"100":0,"101":0,"102":0,"103":0,"104":0,"105":0,"106":0,"107":0,"108":0,"109":0,"110":0,"111":0,"112":0,"113":0,"114":0,"115":0,"116":0,"117":0,"118":0,"119":0,"120":0,"121":0,"122":0,"123":0,"124":0,"125":24,"126":0,"127":0,"128":0,"129":0,"130":0,"131":0,"132":0,"133":24,"134":0,"135":0,"136":0,"137":0,"138":0,"139":0,"140":0,"141":0,"142":0,"143":0,"144":0,"145":0,"146":0,"147":0,"148":0,"149":0,"150":0,"151":0,"152":0,"153":24,"154":0,"155":0,"156":7,"157":0,"158":0,"159":0,"160":0,"161":120,"162":120,"163":120,"164":120,"165":0,"166":144,"167":0,"168":0,"169":0,"170":0,"171":120,"172":0,"173":0,"174":0,"175":96,"176":0,"177":0,"178":0,"179":0,"180":0,"181":0,"182":0,"183":0},"f":{"0":0,"1":25,"2":8,"3":8,"4":8,"5":7,"6":7,"7":8,"8":2,"9":0,"10":8,"11":0,"12":0,"13":0,"14":0,"15":0,"16":0,"17":0,"18":0,"19":0,"20":0,"21":0,"22":0,"23":0,"24":0,"25":0,"26":0,"27":0,"28":0,"29":0,"30":0,"31":0,"32":0,"33":0,"34":0,"35":0,"36":7,"37":0,"38":0,"39":120,"40":0,"41":144,"42":0,"43":0,"44":0,"45":0,"46":120,"47":0,"48":0,"49":0,"50":96,"51":0,"52":0,"53":0,"54":0,"55":0,"56":0,"57":0,"58":0},"b":{"0":[0,0],"1":[0,0],"2":[0,0],"3":[0,0],"4":[7,7],"5":[0,8],"6":[0,0],"7":[0,0],"8":[0,0],"9":[0,0],"10":[0,0],"11":[0,0],"12":[0,0],"13":[0,0],"14":[0,0],"15":[0,0],"16":[0,0],"17":[0,0],"18":[0,0],"19":[0,0],"20":[0,0],"21":[0,24],"22":[24,24,0,0],"23":[24,0],"24":[0,120],"25":[0,0],"26":[120,24],"27":[0,120],"28":[0,120],"29":[0,120],"30":[120,120],"31":[24,0],"32":[24,0],"33":[24,0],"34":[24,0],"35":[24,0],"36":[24,0],"37":[24,0],"38":[24,0],"39":[24,0],"40":[0,0],"41":[0,0],"42":[0,0],"43":[24,0],"44":[24,0]},"_coverageSchema":"1a1c01bbd47fc00a2c39e90264f33305004495a9","hash":"a3e0b1d97b75238c72dbc0320cb78e2f0ddcd69a"}
,"/Users/banbz/EIP/Guardos-mobile/visitorMobile/src/pages/MenuPage/MenuPage.styles.ts": {"path":"/Users/banbz/EIP/Guardos-mobile/visitorMobile/src/pages/MenuPage/MenuPage.styles.ts","statementMap":{"0":{"start":{"line":3,"column":20},"end":{"line":3,"column":62}},"1":{"start":{"line":4,"column":15},"end":{"line":4,"column":17}},"2":{"start":{"line":5,"column":15},"end":{"line":5,"column":17}},"3":{"start":{"line":6,"column":17},"end":{"line":6,"column":19}},"4":{"start":{"line":8,"column":15},"end":{"line":91,"column":2}}},"fnMap":{},"branchMap":{},"s":{"0":1,"1":1,"2":1,"3":1,"4":1},"f":{},"b":{},"_coverageSchema":"1a1c01bbd47fc00a2c39e90264f33305004495a9","hash":"77061343a9e17c9b767e8c373edb98bc1d05378d"}
,"/Users/banbz/EIP/Guardos-mobile/visitorMobile/src/pages/MenuPage/MenuPage.tsx": {"path":"/Users/banbz/EIP/Guardos-mobile/visitorMobile/src/pages/MenuPage/MenuPage.tsx","statementMap":{"0":{"start":{"line":15,"column":17},"end":{"line":45,"column":1}},"1":{"start":{"line":16,"column":38},"end":{"line":16,"column":53}},"2":{"start":{"line":18,"column":28},"end":{"line":20,"column":3}},"3":{"start":{"line":19,"column":4},"end":{"line":19,"column":31}},"4":{"start":{"line":22,"column":2},"end":{"line":44,"column":4}},"5":{"start":{"line":47,"column":27},"end":{"line":171,"column":1}},"6":{"start":{"line":48,"column":38},"end":{"line":48,"column":62}},"7":{"start":{"line":49,"column":32},"end":{"line":49,"column":46}},"8":{"start":{"line":50,"column":42},"end":{"line":50,"column":54}},"9":{"start":{"line":51,"column":24},"end":{"line":51,"column":36}},"10":{"start":{"line":52,"column":23},"end":{"line":52,"column":35}},"11":{"start":{"line":53,"column":22},"end":{"line":53,"column":34}},"12":{"start":{"line":54,"column":21},"end":{"line":54,"column":33}},"13":{"start":{"line":55,"column":38},"end":{"line":55,"column":53}},"14":{"start":{"line":57,"column":28},"end":{"line":59,"column":3}},"15":{"start":{"line":58,"column":4},"end":{"line":58,"column":31}},"16":{"start":{"line":60,"column":34},"end":{"line":60,"column":65}},"17":{"start":{"line":62,"column":23},"end":{"line":72,"column":3}},"18":{"start":{"line":64,"column":4},"end":{"line":71,"column":5}},"19":{"start":{"line":65,"column":6},"end":{"line":70,"column":8}},"20":{"start":{"line":68,"column":10},"end":{"line":68,"column":64}},"21":{"start":{"line":74,"column":2},"end":{"line":80,"column":35}},"22":{"start":{"line":75,"column":4},"end":{"line":75,"column":16}},"23":{"start":{"line":77,"column":24},"end":{"line":77,"column":66}},"24":{"start":{"line":79,"column":4},"end":{"line":79,"column":23}},"25":{"start":{"line":82,"column":20},"end":{"line":113,"column":3}},"26":{"start":{"line":83,"column":4},"end":{"line":83,"column":21}},"27":{"start":{"line":84,"column":4},"end":{"line":112,"column":5}},"28":{"start":{"line":85,"column":23},"end":{"line":85,"column":61}},"29":{"start":{"line":86,"column":31},"end":{"line":86,"column":52}},"30":{"start":{"line":88,"column":25},"end":{"line":88,"column":94}},"31":{"start":{"line":88,"column":62},"end":{"line":88,"column":89}},"32":{"start":{"line":90,"column":6},"end":{"line":107,"column":7}},"33":{"start":{"line":91,"column":31},"end":{"line":91,"column":58}},"34":{"start":{"line":92,"column":46},"end":{"line":92,"column":48}},"35":{"start":{"line":93,"column":8},"end":{"line":95,"column":9}},"36":{"start":{"line":94,"column":10},"end":{"line":94,"column":39}},"37":{"start":{"line":96,"column":26},"end":{"line":100,"column":14}},"38":{"start":{"line":98,"column":10},"end":{"line":98,"column":33}},"39":{"start":{"line":99,"column":10},"end":{"line":99,"column":21}},"40":{"start":{"line":103,"column":8},"end":{"line":103,"column":31}},"41":{"start":{"line":104,"column":8},"end":{"line":104,"column":28}},"42":{"start":{"line":106,"column":8},"end":{"line":106,"column":28}},"43":{"start":{"line":109,"column":6},"end":{"line":109,"column":51}},"44":{"start":{"line":111,"column":6},"end":{"line":111,"column":24}},"45":{"start":{"line":117,"column":25},"end":{"line":117,"column":61}},"46":{"start":{"line":119,"column":23},"end":{"line":123,"column":4}},"47":{"start":{"line":120,"column":19},"end":{"line":120,"column":110}},"48":{"start":{"line":121,"column":19},"end":{"line":121,"column":110}},"49":{"start":{"line":122,"column":4},"end":{"line":122,"column":27}},"50":{"start":{"line":125,"column":2},"end":{"line":169,"column":4}},"51":{"start":{"line":132,"column":68},"end":{"line":132,"column":94}},"52":{"start":{"line":133,"column":68},"end":{"line":133,"column":93}},"53":{"start":{"line":134,"column":68},"end":{"line":134,"column":92}},"54":{"start":{"line":137,"column":12},"end":{"line":164,"column":29}},"55":{"start":{"line":140,"column":20},"end":{"line":152,"column":29}},"56":{"start":{"line":142,"column":24},"end":{"line":142,"column":51}},"57":{"start":{"line":143,"column":24},"end":{"line":143,"column":30}},"58":{"start":{"line":145,"column":26},"end":{"line":145,"column":52}},"59":{"start":{"line":146,"column":26},"end":{"line":146,"column":32}},"60":{"start":{"line":148,"column":28},"end":{"line":148,"column":53}},"61":{"start":{"line":149,"column":28},"end":{"line":149,"column":34}},"62":{"start":{"line":151,"column":30},"end":{"line":151,"column":36}}},"fnMap":{"0":{"name":"(anonymous_0)","decl":{"start":{"line":15,"column":17},"end":{"line":15,"column":18}},"loc":{"start":{"line":15,"column":67},"end":{"line":45,"column":1}},"line":15},"1":{"name":"(anonymous_1)","decl":{"start":{"line":18,"column":28},"end":{"line":18,"column":29}},"loc":{"start":{"line":18,"column":34},"end":{"line":20,"column":3}},"line":18},"2":{"name":"(anonymous_2)","decl":{"start":{"line":47,"column":27},"end":{"line":47,"column":28}},"loc":{"start":{"line":47,"column":54},"end":{"line":171,"column":1}},"line":47},"3":{"name":"(anonymous_3)","decl":{"start":{"line":57,"column":28},"end":{"line":57,"column":29}},"loc":{"start":{"line":57,"column":34},"end":{"line":59,"column":3}},"line":57},"4":{"name":"(anonymous_4)","decl":{"start":{"line":62,"column":23},"end":{"line":62,"column":24}},"loc":{"start":{"line":62,"column":35},"end":{"line":72,"column":3}},"line":62},"5":{"name":"(anonymous_5)","decl":{"start":{"line":67,"column":8},"end":{"line":67,"column":9}},"loc":{"start":{"line":67,"column":18},"end":{"line":69,"column":9}},"line":67},"6":{"name":"(anonymous_6)","decl":{"start":{"line":74,"column":12},"end":{"line":74,"column":13}},"loc":{"start":{"line":74,"column":18},"end":{"line":80,"column":3}},"line":74},"7":{"name":"(anonymous_7)","decl":{"start":{"line":82,"column":20},"end":{"line":82,"column":21}},"loc":{"start":{"line":82,"column":32},"end":{"line":113,"column":3}},"line":82},"8":{"name":"(anonymous_8)","decl":{"start":{"line":88,"column":47},"end":{"line":88,"column":48}},"loc":{"start":{"line":88,"column":62},"end":{"line":88,"column":89}},"line":88},"9":{"name":"(anonymous_9)","decl":{"start":{"line":96,"column":44},"end":{"line":96,"column":45}},"loc":{"start":{"line":96,"column":60},"end":{"line":100,"column":9}},"line":96},"10":{"name":"(anonymous_10)","decl":{"start":{"line":119,"column":50},"end":{"line":119,"column":51}},"loc":{"start":{"line":119,"column":60},"end":{"line":123,"column":3}},"line":119},"11":{"name":"(anonymous_11)","decl":{"start":{"line":132,"column":62},"end":{"line":132,"column":63}},"loc":{"start":{"line":132,"column":68},"end":{"line":132,"column":94}},"line":132},"12":{"name":"(anonymous_12)","decl":{"start":{"line":133,"column":62},"end":{"line":133,"column":63}},"loc":{"start":{"line":133,"column":68},"end":{"line":133,"column":93}},"line":133},"13":{"name":"(anonymous_13)","decl":{"start":{"line":134,"column":62},"end":{"line":134,"column":63}},"loc":{"start":{"line":134,"column":68},"end":{"line":134,"column":92}},"line":134},"14":{"name":"(anonymous_14)","decl":{"start":{"line":136,"column":28},"end":{"line":136,"column":29}},"loc":{"start":{"line":137,"column":12},"end":{"line":164,"column":29}},"line":137},"15":{"name":"(anonymous_15)","decl":{"start":{"line":139,"column":55},"end":{"line":139,"column":56}},"loc":{"start":{"line":139,"column":62},"end":{"line":153,"column":27}},"line":139}},"branchMap":{"0":{"loc":{"start":{"line":26,"column":25},"end":{"line":26,"column":81}},"type":"binary-expr","locations":[{"start":{"line":26,"column":25},"end":{"line":26,"column":61}},{"start":{"line":26,"column":65},"end":{"line":26,"column":81}}],"line":26},"1":{"loc":{"start":{"line":31,"column":31},"end":{"line":31,"column":57}},"type":"cond-expr","locations":[{"start":{"line":31,"column":44},"end":{"line":31,"column":53}},{"start":{"line":31,"column":56},"end":{"line":31,"column":57}}],"line":31},"2":{"loc":{"start":{"line":32,"column":13},"end":{"line":32,"column":138}},"type":"cond-expr","locations":[{"start":{"line":32,"column":26},"end":{"line":32,"column
[...]
,"/Users/banbz/EIP/Guardos-mobile/visitorMobile/src/services/emailCalls.ts": {"path":"/Users/banbz/EIP/Guardos-mobile/visitorMobile/src/services/emailCalls.ts","statementMap":{"0":{"start":{"line":6,"column":16},"end":{"line":6,"column":59}},"1":{"start":{"line":8,"column":25},"end":{"line":24,"column":1}},"2":{"start":{"line":9,"column":4},"end":{"line":23,"column":5}},"3":{"start":{"line":10,"column":25},"end":{"line":14,"column":10}},"4":{"start":{"line":15,"column":8},"end":{"line":19,"column":9}},"5":{"start":{"line":16,"column":12},"end":{"line":16,"column":33}},"6":{"start":{"line":18,"column":12},"end":{"line":18,"column":24}},"7":{"start":{"line":21,"column":8},"end":{"line":21,"column":53}},"8":{"start":{"line":22,"column":8},"end":{"line":22,"column":47}}},"fnMap":{"0":{"name":"(anonymous_0)","decl":{"start":{"line":8,"column":25},"end":{"line":8,"column":26}},"loc":{"start":{"line":8,"column":59},"end":{"line":24,"column":1}},"line":8}},"branchMap":{"0":{"loc":{"start":{"line":15,"column":8},"end":{"line":19,"column":9}},"type":"if","locations":[{"start":{"line":15,"column":8},"end":{"line":19,"column":9}},{"start":{"line":17,"column":15},"end":{"line":19,"column":9}}],"line":15}},"s":{"0":1,"1":1,"2":3,"3":3,"4":0,"5":0,"6":0,"7":3,"8":3},"f":{"0":3},"b":{"0":[0,0]},"_coverageSchema":"1a1c01bbd47fc00a2c39e90264f33305004495a9","hash":"1eac3e6b794cad2513443238bc5c23314f247c32"}
,"/Users/banbz/EIP/Guardos-mobile/visitorMobile/src/services/imageCalls.ts": {"path":"/Users/banbz/EIP/Guardos-mobile/visitorMobile/src/services/imageCalls.ts","statementMap":{"0":{"start":{"line":5,"column":16},"end":{"line":5,"column":61}},"1":{"start":{"line":8,"column":25},"end":{"line":22,"column":1}},"2":{"start":{"line":9,"column":2},"end":{"line":21,"column":3}},"3":{"start":{"line":10,"column":21},"end":{"line":16,"column":6}},"4":{"start":{"line":17,"column":4},"end":{"line":17,"column":25}},"5":{"start":{"line":19,"column":4},"end":{"line":19,"column":51}},"6":{"start":{"line":20,"column":4},"end":{"line":20,"column":46}}},"fnMap":{"0":{"name":"(anonymous_0)","decl":{"start":{"line":8,"column":25},"end":{"line":8,"column":26}},"loc":{"start":{"line":8,"column":55},"end":{"line":22,"column":1}},"line":8}},"branchMap":{},"s":{"0":4,"1":4,"2":2,"3":2,"4":0,"5":2,"6":2},"f":{"0":2},"b":{},"_coverageSchema":"1a1c01bbd47fc00a2c39e90264f33305004495a9","hash":"0f2734a09086dcf753d58e19d71b9bc261290034"}
,"/Users/banbz/EIP/Guardos-mobile/visitorMobile/src/services/profileCalls.ts": {"path":"/Users/banbz/EIP/Guardos-mobile/visitorMobile/src/services/profileCalls.ts","statementMap":{"0":{"start":{"line":6,"column":2},"end":{"line":6,"column":43}},"1":{"start":{"line":8,"column":40},"end":{"line":28,"column":1}},"2":{"start":{"line":9,"column":2},"end":{"line":27,"column":3}},"3":{"start":{"line":10,"column":16},"end":{"line":10,"column":23}},"4":{"start":{"line":11,"column":21},"end":{"line":18,"column":6}},"5":{"start":{"line":19,"column":4},"end":{"line":23,"column":5}},"6":{"start":{"line":20,"column":6},"end":{"line":20,"column":27}},"7":{"start":{"line":22,"column":6},"end":{"line":22,"column":18}},"8":{"start":{"line":25,"column":4},"end":{"line":25,"column":62}},"9":{"start":{"line":26,"column":4},"end":{"line":26,"column":56}},"10":{"start":{"line":30,"column":41},"end":{"line":50,"column":1}},"11":{"start":{"line":31,"column":2},"end":{"line":49,"column":3}},"12":{"start":{"line":32,"column":21},"end":{"line":40,"column":6}},"13":{"start":{"line":41,"column":4},"end":{"line":45,"column":5}},"14":{"start":{"line":42,"column":6},"end":{"line":42,"column":27}},"15":{"start":{"line":44,"column":6},"end":{"line":44,"column":19}},"16":{"start":{"line":47,"column":4},"end":{"line":47,"column":61}},"17":{"start":{"line":48,"column":4},"end":{"line":48,"column":55}},"18":{"start":{"line":52,"column":37},"end":{"line":76,"column":1}},"19":{"start":{"line":54,"column":2},"end":{"line":75,"column":3}},"20":{"start":{"line":55,"column":21},"end":{"line":66,"column":6}},"21":{"start":{"line":67,"column":4},"end":{"line":71,"column":5}},"22":{"start":{"line":68,"column":6},"end":{"line":68,"column":27}},"23":{"start":{"line":70,"column":6},"end":{"line":70,"column":19}},"24":{"start":{"line":73,"column":4},"end":{"line":73,"column":70}},"25":{"start":{"line":74,"column":4},"end":{"line":74,"column":64}},"26":{"start":{"line":78,"column":31},"end":{"line":97,"column":1}},"27":{"start":{"line":79,"column":2},"end":{"line":96,"column":3}},"28":{"start":{"line":80,"column":21},"end":{"line":87,"column":6}},"29":{"start":{"line":88,"column":4},"end":{"line":92,"column":5}},"30":{"start":{"line":89,"column":6},"end":{"line":89,"column":27}},"31":{"start":{"line":91,"column":6},"end":{"line":91,"column":18}},"32":{"start":{"line":94,"column":4},"end":{"line":94,"column":49}},"33":{"start":{"line":95,"column":4},"end":{"line":95,"column":43}},"34":{"start":{"line":99,"column":30},"end":{"line":119,"column":1}},"35":{"start":{"line":100,"column":2},"end":{"line":118,"column":3}},"36":{"start":{"line":101,"column":21},"end":{"line":109,"column":6}},"37":{"start":{"line":110,"column":4},"end":{"line":114,"column":5}},"38":{"start":{"line":111,"column":6},"end":{"line":111,"column":27}},"39":{"start":{"line":113,"column":6},"end":{"line":113,"column":18}},"40":{"start":{"line":116,"column":4},"end":{"line":116,"column":49}},"41":{"start":{"line":117,"column":4},"end":{"line":117,"column":43}},"42":{"start":{"line":121,"column":30},"end":{"line":141,"column":1}},"43":{"start":{"line":122,"column":2},"end":{"line":140,"column":3}},"44":{"start":{"line":123,"column":21},"end":{"line":131,"column":6}},"45":{"start":{"line":132,"column":4},"end":{"line":136,"column":5}},"46":{"start":{"line":133,"column":6},"end":{"line":133,"column":27}},"47":{"start":{"line":135,"column":6},"end":{"line":135,"column":18}},"48":{"start":{"line":138,"column":4},"end":{"line":138,"column":49}},"49":{"start":{"line":139,"column":4},"end":{"line":139,"column":43}},"50":{"start":{"line":143,"column":31},"end":{"line":163,"column":1}},"51":{"start":{"line":144,"column":2},"end":{"line":162,"column":3}},"52":{"start":{"line":145,"column":21},"end":{"line":153,"column":6}},"53":{"start":{"line":154,"column":4},"end":{"line":158,"column":5}},"54":{"start":{"line":155,"column":6},"end":{"line":155,"column":27}},"55":{"start":{"line":157,"column":6},"end":{"line":157,"column":18}},"56":{"start":{"line":160,"column":4},"end":{"line":160,"column":50}},"57":{"start":{"line":161,"column":4},"end":{"line":161,"column":44}},"58":{"start":{"line":165,"column":33},"end":{"line":185,"column":1}},"59":{"start":{"line":166,"column":2},"end":{"line":184,"column":3}},"60":{"start":{"line":167,"column":21},"end":{"line":175,"column":6}},"61":{"start":{"line":176,"column":4},"end":{"line":180,"column":5}},"62":{"start":{"line":177,"column":6},"end":{"line":177,"column":27}},"63":{"start":{"line":179,"column":6},"end":{"line":179,"column":18}},"64":{"start":{"line":182,"column":4},"end":{"line":182,"column":51}},"65":{"start":{"line":183,"column":4},"end":{"line":183,"column":45}}},"fnMap":{"0":{"name":"(anonymous_0)","decl":{"start":{"line":8,"column":40},"end":{"line":8,"column":41}},"loc":{"start":{"line":8,"column":65},"end":{"line":28,"column":1}},"line":8},"1":{"name":"(anonymous_1)","decl":{"start":{"line":30,"column":41},"end":{"line":30,"column":42}},"loc":{"start":{"line":30,"column":77},"end":{"line":50,"column":1}},"line":30},"2":{"name":"(anonymous_2)","decl":{"start":{"line":52,"column":37},"end":{"line":52,"column":38}},"loc":{"start":{"line":53,"column":68},"end":{"line":76,"column":1}},"line":53},"3":{"name":"(anonymous_3)","decl":{"start":{"line":78,"column":31},"end":{"line":78,"column":32}},"loc":{"start":{"line":78,"column":56},"end":{"line":97,"column":1}},"line":78},"4":{"name":"(anonymous_4)","decl":{"start":{"line":99,"column":30},"end":{"line":99,"column":31}},"loc":{"start":{"line":99,"column":75},"end":{"line":119,"column":1}},"line":99},"5":{"name":"(anonymous_5)","decl":{"start":{"line":121,"column":30},"end":{"line":121,"column":31}},"loc":{"start":{"line":121,"column":66},"end":{"line":141,"column":1}},"line":121},"6":{"name":"(anonymous_6)","decl":{"start":{"line":143,"column":31},"end":{"line":143,"column":32}},"loc":{"start":{"line":143,"column":67},"end":{"line":163,"column":1}},"line":143},"7":{"name":"(anonymous_7)","decl":{"start":{"line":165,"column":33},"end":{"line":165,"column":34}},"loc":{"start":{"line":165,"column":78},"end":{"line":185,"column":1}},"line":165}},"branchMap":{"0":{"loc":{"start":{"line":19,"column":4},"end":{"line":23,"column":5}},"type":"if","locations":[{"start":{"line":19,"column":4},"end":{"line":23,"column":5}},{"start":{"line":21,"column":11},"end":{"line":23,"column":5}}],"line":19},"1":{"loc":{"start":{"line":41,"column":4},"end":{"line":45,"column":5}},"type":"if","locations":[{"start":{"line":41,"column":4},"end":{"line":45,"column":5}},{"start":{"line":43,"column":11},"end":{"line":45,"column":5}}],"line":41},"2":{"loc":{"start":{"line":67,"column":4},"end":{"line":71,"column":5}},"type":"if","locations":[{"start":{"line":67,"column":4},"end":{"line":71,"column":5}},{"start":{"line":69,"column":11},"end":{"line":71,"column":5}}],"line":67},"3":{"loc":{"start":{"line":88,"column":4},"end":{"line":92,"column":5}},"type":"if","locations":[{"start":{"line":88,"column":4},"end":{"line":92,"column":5}},{"start":{"line":90,"column":11},"end":{"line":92,"column":5}}],"line":88},"4":{"loc":{"start":{"line":110,"column":4},"end":{"line":114,"column":5}},"type":"if","locations":[{"start":{"line":110,"column":4},"end":{"line":114,"column":5}},{"start":{"line":112,"column":11},"end":{"line":114,"column":5}}],"line":110},"5":{"loc":{"start":{"line":132,"column":4},"end":{"line":136,"column":5}},"type":"if","locations":[{"start":{"line":132,"column":4},"end":{"line":136,"column":5}},{"start":{"line":134,"column":11},"end":{"line":136,"column":5}}],"line":132},"6":{"loc":{"start":{"line":154,"column":4},"end":{"line":158,"column":5}},"type":"if","locations":[{"start":{"line":154,"column":4},"end":{"line":158,"column":5}},{"start":{"line":156,"column":11},"end":{"line":158,"column":5}}],"line":154},"7":{"loc":{"start":{"line":176,"column":4},"end":{"line":180,"column":5}},"type":"if","locations":[{"start":{"line":176,"column":4},"end":{"line":180,"column":5}},{"start":{"line":178,"column":11},"end":{"line":180,"column":5}}],"line":176}},"s":{"0":3,"1":3,"2":2,"3":2,"4":2,"5":0,"6":0,"7":0,"8":2,"9":2,"10":3,"11":2,"12":2,"13":0,"14":0,"15":0,"16":2,"17":2,"18":3,"19":2,"20":2,"21":0,"22":0,"23":0,"24":2,"25":2,"26":3,"27":2,"28":2,"29":0,"30":0,"31":0,"32":2,"33":2,"34":3,"35":2,"36":2,"37":0,"38":0,"39":0,"40":2,"41":2,"42":3,"43":2,"44":2,"45":0,"46":0,"47":0,"48":2,"49":2,"50":3,"51":2,"52":2,"53":0,"54":0,"55":0,"56":2,"57":2,"58":3,"59":2,"60":2,"61":0,"62":0,"63":0,"64":2,"65":2},"f":{"0":2,"1":2,"2":2,"3":2,"4":2,"5":2,"6":2,"7":2},"b":{"0":[0,0],"1":[0,0],"2":[0,0],"3":[0,0],"4":[0,0],"5":[0,0],"6":[0,0],"7":[0,0]},"_coverageSchema":"1a1c01bbd47fc00a2c39e90264f33305004495a9","hash":"8adfc148fb4a9d7f1aca1dc94056247c8303267c"}
,"/Users/banbz/EIP/Guardos-mobile/visitorMobile/src/services/restoCalls.ts": {"path":"/Users/banbz/EIP/Guardos-mobile/visitorMobile/src/services/restoCalls.ts","statementMap":{"0":{"start":{"line":6,"column":16},"end":{"line":6,"column":56}},"1":{"start":{"line":7,"column":21},"end":{"line":7,"column":66}},"2":{"start":{"line":9,"column":20},"end":{"line":9,"column":44}},"3":{"start":{"line":11,"column":33},"end":{"line":26,"column":1}},"4":{"start":{"line":12,"column":4},"end":{"line":25,"column":5}},"5":{"start":{"line":13,"column":25},"end":{"line":20,"column":10}},"6":{"start":{"line":21,"column":8},"end":{"line":21,"column":29}},"7":{"start":{"line":23,"column":8},"end":{"line":23,"column":62}},"8":{"start":{"line":24,"column":8},"end":{"line":24,"column":20}},"9":{"start":{"line":28,"column":41},"end":{"line":46,"column":1}},"10":{"start":{"line":29,"column":4},"end":{"line":45,"column":5}},"11":{"start":{"line":30,"column":25},"end":{"line":37,"column":10}},"12":{"start":{"line":38,"column":31},"end":{"line":40,"column":5}},"13":{"start":{"line":39,"column":6},"end":{"line":39,"column":63}},"14":{"start":{"line":41,"column":8},"end":{"line":41,"column":30}},"15":{"start":{"line":43,"column":8},"end":{"line":43,"column":62}},"16":{"start":{"line":44,"column":8},"end":{"line":44,"column":20}},"17":{"start":{"line":48,"column":27},"end":{"line":59,"column":3}},"18":{"start":{"line":49,"column":4},"end":{"line":58,"column":5}},"19":{"start":{"line":50,"column":23},"end":{"line":53,"column":8}},"20":{"start":{"line":54,"column":6},"end":{"line":54,"column":27}},"21":{"start":{"line":56,"column":6},"end":{"line":56,"column":62}},"22":{"start":{"line":57,"column":6},"end":{"line":57,"column":57}}},"fnMap":{"0":{"name":"(anonymous_0)","decl":{"start":{"line":11,"column":33},"end":{"line":11,"column":34}},"loc":{"start":{"line":11,"column":54},"end":{"line":26,"column":1}},"line":11},"1":{"name":"(anonymous_1)","decl":{"start":{"line":28,"column":41},"end":{"line":28,"column":42}},"loc":{"start":{"line":28,"column":62},"end":{"line":46,"column":1}},"line":28},"2":{"name":"(anonymous_2)","decl":{"start":{"line":38,"column":52},"end":{"line":38,"column":53}},"loc":{"start":{"line":39,"column":6},"end":{"line":39,"column":63}},"line":39},"3":{"name":"(anonymous_3)","decl":{"start":{"line":48,"column":27},"end":{"line":48,"column":28}},"loc":{"start":{"line":48,"column":39},"end":{"line":59,"column":3}},"line":48}},"branchMap":{"0":{"loc":{"start":{"line":39,"column":6},"end":{"line":39,"column":63}},"type":"binary-expr","locations":[{"start":{"line":39,"column":6},"end":{"line":39,"column":32}},{"start":{"line":39,"column":36},"end":{"line":39,"column":63}}],"line":39}},"s":{"0":3,"1":3,"2":3,"3":3,"4":2,"5":2,"6":0,"7":2,"8":2,"9":3,"10":2,"11":2,"12":0,"13":0,"14":0,"15":2,"16":2,"17":3,"18":2,"19":2,"20":0,"21":2,"22":2},"f":{"0":2,"1":2,"2":0,"3":2},"b":{"0":[0,0]},"_coverageSchema":"1a1c01bbd47fc00a2c39e90264f33305004495a9","hash":"a5bb23dd7757c09c68dfc553435da71a69030582"}
,"/Users/banbz/EIP/Guardos-mobile/visitorMobile/src/services/userCalls.ts": {"path":"/Users/banbz/EIP/Guardos-mobile/visitorMobile/src/services/userCalls.ts","statementMap":{"0":{"start":{"line":5,"column":16},"end":{"line":5,"column":55}},"1":{"start":{"line":6,"column":17},"end":{"line":6,"column":55}},"2":{"start":{"line":7,"column":21},"end":{"line":7,"column":64}},"3":{"start":{"line":8,"column":23},"end":{"line":8,"column":64}},"4":{"start":{"line":10,"column":35},"end":{"line":25,"column":1}},"5":{"start":{"line":11,"column":2},"end":{"line":24,"column":3}},"6":{"start":{"line":12,"column":21},"end":{"line":19,"column":6}},"7":{"start":{"line":20,"column":4},"end":{"line":20,"column":25}},"8":{"start":{"line":22,"column":4},"end":{"line":22,"column":54}},"9":{"start":{"line":23,"column":4},"end":{"line":23,"column":48}},"10":{"start":{"line":28,"column":25},"end":{"line":40,"column":1}},"11":{"start":{"line":29,"column":2},"end":{"line":39,"column":3}},"12":{"start":{"line":30,"column":21},"end":{"line":34,"column":6}},"13":{"start":{"line":35,"column":4},"end":{"line":35,"column":25}},"14":{"start":{"line":37,"column":4},"end":{"line":37,"column":46}},"15":{"start":{"line":38,"column":4},"end":{"line":38,"column":40}},"16":{"start":{"line":42,"column":28},"end":{"line":54,"column":1}},"17":{"start":{"line":43,"column":2},"end":{"line":53,"column":3}},"18":{"start":{"line":44,"column":21},"end":{"line":48,"column":6}},"19":{"start":{"line":49,"column":4},"end":{"line":49,"column":25}},"20":{"start":{"line":51,"column":4},"end":{"line":51,"column":50}},"21":{"start":{"line":52,"column":4},"end":{"line":52,"column":46}},"22":{"start":{"line":56,"column":46},"end":{"line":71,"column":1}},"23":{"start":{"line":57,"column":2},"end":{"line":70,"column":3}},"24":{"start":{"line":58,"column":21},"end":{"line":65,"column":6}},"25":{"start":{"line":66,"column":4},"end":{"line":66,"column":25}},"26":{"start":{"line":68,"column":4},"end":{"line":68,"column":63}},"27":{"start":{"line":69,"column":4},"end":{"line":69,"column":51}},"28":{"start":{"line":73,"column":39},"end":{"line":88,"column":1}},"29":{"start":{"line":74,"column":2},"end":{"line":87,"column":3}},"30":{"start":{"line":75,"column":21},"end":{"line":82,"column":6}},"31":{"start":{"line":83,"column":4},"end":{"line":83,"column":25}},"32":{"start":{"line":85,"column":4},"end":{"line":85,"column":63}},"33":{"start":{"line":86,"column":4},"end":{"line":86,"column":51}},"34":{"start":{"line":90,"column":29},"end":{"line":109,"column":1}},"35":{"start":{"line":91,"column":2},"end":{"line":108,"column":3}},"36":{"start":{"line":92,"column":21},"end":{"line":99,"column":6}},"37":{"start":{"line":100,"column":4},"end":{"line":104,"column":5}},"38":{"start":{"line":101,"column":6},"end":{"line":101,"column":27}},"39":{"start":{"line":103,"column":6},"end":{"line":103,"column":18}},"40":{"start":{"line":106,"column":4},"end":{"line":106,"column":53}},"41":{"start":{"line":107,"column":4},"end":{"line":107,"column":47}}},"fnMap":{"0":{"name":"(anonymous_0)","decl":{"start":{"line":10,"column":35},"end":{"line":10,"column":36}},"loc":{"start":{"line":10,"column":56},"end":{"line":25,"column":1}},"line":10},"1":{"name":"(anonymous_1)","decl":{"start":{"line":28,"column":25},"end":{"line":28,"column":26}},"loc":{"start":{"line":28,"column":50},"end":{"line":40,"column":1}},"line":28},"2":{"name":"(anonymous_2)","decl":{"start":{"line":42,"column":28},"end":{"line":42,"column":29}},"loc":{"start":{"line":42,"column":53},"end":{"line":54,"column":1}},"line":42},"3":{"name":"(anonymous_3)","decl":{"start":{"line":56,"column":46},"end":{"line":56,"column":47}},"loc":{"start":{"line":56,"column":67},"end":{"line":71,"column":1}},"line":56},"4":{"name":"(anonymous_4)","decl":{"start":{"line":73,"column":39},"end":{"line":73,"column":40}},"loc":{"start":{"line":73,"column":60},"end":{"line":88,"column":1}},"line":73},"5":{"name":"(anonymous_5)","decl":{"start":{"line":90,"column":29},"end":{"line":90,"column":30}},"loc":{"start":{"line":90,"column":54},"end":{"line":109,"column":1}},"line":90}},"branchMap":{"0":{"loc":{"start":{"line":100,"column":4},"end":{"line":104,"column":5}},"type":"if","locations":[{"start":{"line":100,"column":4},"end":{"line":104,"column":5}},{"start":{"line":102,"column":11},"end":{"line":104,"column":5}}],"line":100}},"s":{"0":1,"1":1,"2":1,"3":1,"4":1,"5":0,"6":0,"7":0,"8":0,"9":0,"10":1,"11":0,"12":0,"13":0,"14":0,"15":0,"16":1,"17":0,"18":0,"19":0,"20":0,"21":0,"22":1,"23":0,"24":0,"25":0,"26":0,"27":0,"28":1,"29":0,"30":0,"31":0,"32":0,"33":0,"34":1,"35":0,"36":0,"37":0,"38":0,"39":0,"40":0,"41":0},"f":{"0":0,"1":0,"2":0,"3":0,"4":0,"5":0},"b":{"0":[0,0]},"_coverageSchema":"1a1c01bbd47fc00a2c39e90264f33305004495a9","hash":"8ad7e927bcc97fcb78d3f5a9411dd290b6d6d6df"}
}
