TN:
SF:App.styles.ts
FNF:0
FNH:0
DA:3,0
LF:1
LH:0
BRF:0
BRH:0
end_of_record
TN:
SF:App.tsx
FN:11,(anonymous_0)
FN:17,(anonymous_1)
FN:20,(anonymous_2)
FN:21,(anonymous_3)
FN:25,(anonymous_4)
FN:30,(anonymous_5)
FNF:6
FNH:0
FNDA:0,(anonymous_0)
FNDA:0,(anonymous_1)
FNDA:0,(anonymous_2)
FNDA:0,(anonymous_3)
FNDA:0,(anonymous_4)
FNDA:0,(anonymous_5)
DA:11,1
DA:12,0
DA:17,1
DA:18,0
DA:20,0
DA:21,0
DA:22,0
DA:25,0
DA:26,0
DA:30,0
DA:31,0
DA:32,0
DA:34,0
DA:39,0
DA:46,1
LF:15
LH:3
BRDA:31,0,0,0
BRDA:31,0,1,0
BRF:2
BRH:0
end_of_record
TN:
SF:Router.tsx
FN:26,(anonymous_0)
FN:29,(anonymous_1)
FN:62,(anonymous_2)
FN:63,(anonymous_3)
FN:102,(anonymous_4)
FN:104,(anonymous_5)
FN:112,(anonymous_6)
FN:126,(anonymous_7)
FN:131,(anonymous_8)
FN:137,(anonymous_9)
FN:158,(anonymous_10)
FN:162,(anonymous_11)
FNF:12
FNH:1
FNDA:12,(anonymous_0)
FNDA:0,(anonymous_1)
FNDA:0,(anonymous_2)
FNDA:0,(anonymous_3)
FNDA:0,(anonymous_4)
FNDA:0,(anonymous_5)
FNDA:0,(anonymous_6)
FNDA:0,(anonymous_7)
FNDA:0,(anonymous_8)
FNDA:0,(anonymous_9)
FNDA:0,(anonymous_10)
FNDA:0,(anonymous_11)
DA:21,1
DA:22,1
DA:23,1
DA:24,1
DA:26,1
DA:27,12
DA:29,11
DA:30,0
DA:59,11
DA:62,0
DA:66,0
DA:67,0
DA:68,0
DA:69,0
DA:70,0
DA:71,0
DA:72,0
DA:73,0
DA:74,0
DA:75,0
DA:76,0
DA:77,0
DA:78,0
DA:79,0
DA:80,0
DA:81,0
DA:82,0
DA:83,0
DA:86,0
DA:102,0
DA:104,0
DA:112,0
DA:126,1
DA:127,0
DA:131,0
DA:137,1
DA:138,0
DA:158,1
DA:159,0
DA:162,0
LF:40
LH:11
BRDA:66,0,0,0
BRDA:66,0,1,0
BRDA:67,1,0,0
BRDA:67,1,1,0
BRDA:68,2,0,0
BRDA:68,2,1,0
BRDA:69,3,0,0
BRDA:69,3,1,0
BRDA:70,4,0,0
BRDA:70,4,1,0
BRDA:71,5,0,0
BRDA:71,5,1,0
BRDA:72,6,0,0
BRDA:72,6,1,0
BRDA:73,7,0,0
BRDA:73,7,1,0
BRDA:74,8,0,0
BRDA:74,8,1,0
BRDA:75,9,0,0
BRDA:75,9,1,0
BRDA:76,10,0,0
BRDA:76,10,1,0
BRDA:77,11,0,0
BRDA:77,11,1,0
BRDA:78,12,0,0
BRDA:78,12,1,0
BRDA:79,13,0,0
BRDA:79,13,1,0
BRDA:80,14,0,0
BRDA:80,14,1,0
BRDA:82,15,0,0
BRDA:82,15,1,0
BRDA:83,16,0,0
BRDA:83,16,1,0
BRDA:86,17,0,0
BRDA:86,17,1,0
BRDA:92,18,0,0
BRDA:92,18,1,0
BRF:38
BRH:0
end_of_record
TN:
SF:assets/placeholderImagesBase64.ts
FNF:0
FNH:0
DA:1,4
DA:2,4
LF:2
LH:2
BRF:0
BRH:0
end_of_record
TN:
SF:src/declarations.d.ts
FNF:0
FNH:0
LF:0
LH:0
BRF:0
BRH:0
end_of_record
TN:
SF:src/components/RestaurantCard.styles.ts
FNF:0
FNH:0
DA:3,2
DA:4,2
DA:5,2
DA:6,2
DA:8,2
LF:5
LH:5
BRF:0
BRH:0
end_of_record
TN:
SF:src/components/RestaurantCard.tsx
FN:9,(anonymous_0)
FN:14,(anonymous_1)
FN:15,fetchImages
FNF:3
FNH:3
FNDA:8,(anonymous_0)
FNDA:4,(anonymous_1)
FNDA:4,fetchImages
DA:9,2
DA:10,8
DA:11,8
DA:13,8
DA:14,8
DA:16,4
DA:17,3
DA:18,3
DA:20,1
DA:31,4
DA:35,8
LF:11
LH:11
BRDA:16,0,0,3
BRDA:16,0,1,1
BRDA:42,1,0,3
BRDA:42,1,1,5
BRDA:42,2,0,8
BRDA:42,2,1,3
BRF:6
BRH:6
end_of_record
TN:
SF:src/components/ErrorBoundary/ErrorBoundary.tsx
FN:24,(anonymous_0)
FN:28,(anonymous_1)
FN:34,(anonymous_2)
FN:38,(anonymous_3)
FNF:4
FNH:0
FNDA:0,(anonymous_0)
FNDA:0,(anonymous_1)
FNDA:0,(anonymous_2)
FNDA:0,(anonymous_3)
DA:16,0
DA:20,1
DA:25,0
DA:29,0
DA:30,0
DA:34,0
DA:35,0
DA:39,0
DA:41,0
LF:9
LH:1
BRDA:29,0,0,0
BRDA:29,0,1,0
BRDA:41,1,0,0
BRDA:41,1,1,0
BRF:4
BRH:0
end_of_record
TN:
SF:src/components/ErrorBoundary/FallbackComponent/FallbackComponent.tsx
FN:8,(anonymous_0)
FNF:1
FNH:1
FNDA:2,(anonymous_0)
DA:8,2
DA:9,2
LF:2
LH:2
BRF:0
BRH:0
end_of_record
TN:
SF:src/components/ErrorBoundary/FallbackComponent/styles.ts
FNF:0
FNH:0
DA:3,2
LF:1
LH:1
BRF:0
BRH:0
end_of_record
TN:
SF:src/models/dishesInterfaces.ts
FNF:0
FNH:0
LF:0
LH:0
BRF:0
BRH:0
end_of_record
TN:
SF:src/models/emailInterfaces.ts
FNF:0
FNH:0
LF:0
LH:0
BRF:0
BRH:0
end_of_record
TN:
SF:src/models/imageInterface.ts
FNF:0
FNH:0
LF:0
LH:0
BRF:0
BRH:0
end_of_record
TN:
SF:src/models/restaurantsInterfaces.ts
FNF:0
FNH:0
LF:0
LH:0
BRF:0
BRH:0
end_of_record
TN:
SF:src/pages/AboutUs/AboutUs.styles.tsx
FNF:0
FNH:0
DA:3,1
LF:1
LH:1
BRF:0
BRH:0
end_of_record
TN:
SF:src/pages/AboutUs/AboutUs.tsx
FN:14,(anonymous_0)
FN:56,(anonymous_1)
FN:60,(anonymous_2)
FN:112,(anonymous_3)
FN:113,(anonymous_4)
FNF:5
FNH:2
FNDA:7,(anonymous_0)
FNDA:0,(anonymous_1)
FNDA:0,(anonymous_2)
FNDA:42,(anonymous_3)
FNDA:0,(anonymous_4)
DA:14,1
DA:15,7
DA:54,7
DA:56,7
DA:57,0
DA:60,7
DA:61,0
DA:64,7
DA:113,42
LF:9
LH:7
BRF:0
BRH:0
end_of_record
TN:
SF:src/pages/AboutUs/text/FoundingStory.ts
FNF:0
FNH:0
DA:1,1
LF:1
LH:1
BRF:0
BRH:0
end_of_record
TN:
SF:src/pages/AboutUs/text/Introduction.ts
FNF:0
FNH:0
DA:1,1
LF:1
LH:1
BRF:0
BRH:0
end_of_record
TN:
SF:src/pages/AboutUs/text/MissionAndValues.ts
FNF:0
FNH:0
DA:1,1
DA:2,1
DA:3,1
LF:3
LH:3
BRF:0
BRH:0
end_of_record
TN:
SF:src/pages/AboutUs/text/TeamDescription.ts
FNF:0
FNH:0
DA:1,1
LF:1
LH:1
BRF:0
BRH:0
end_of_record
TN:
SF:src/pages/ContactUs/ContactUs.styles.tsx
FNF:0
FNH:0
DA:3,1
LF:1
LH:1
BRF:0
BRH:0
end_of_record
TN:
SF:src/pages/ContactUs/ContactUs.tsx
FN:8,(anonymous_0)
FN:17,(anonymous_1)
FN:21,(anonymous_2)
FN:37,(anonymous_3)
FN:49,(anonymous_4)
FN:54,(anonymous_5)
FN:85,(anonymous_6)
FN:91,(anonymous_7)
FN:97,(anonymous_8)
FN:103,(anonymous_9)
FNF:10
FNH:8
FNDA:18,(anonymous_0)
FNDA:0,(anonymous_1)
FNDA:3,(anonymous_2)
FNDA:0,(anonymous_3)
FNDA:3,(anonymous_4)
FNDA:12,(anonymous_5)
FNDA:3,(anonymous_6)
FNDA:3,(anonymous_7)
FNDA:3,(anonymous_8)
FNDA:3,(anonymous_9)
DA:8,1
DA:9,18
DA:15,18
DA:17,18
DA:18,0
DA:21,18
DA:22,3
DA:23,3
DA:24,3
DA:25,3
DA:27,2
DA:28,1
DA:29,1
DA:30,1
DA:37,1
DA:38,0
DA:41,1
DA:44,1
DA:49,18
DA:51,3
DA:54,18
DA:55,12
DA:58,18
DA:85,3
DA:91,3
DA:97,3
DA:103,3
LF:27
LH:25
BRDA:23,0,0,3
BRDA:23,0,1,0
BRDA:23,1,0,3
BRDA:23,1,1,3
BRDA:23,1,2,3
BRDA:23,1,3,3
BRDA:23,1,4,3
BRDA:27,2,0,1
BRDA:27,2,1,1
BRDA:60,3,0,18
BRDA:60,3,1,0
BRDA:115,4,0,18
BRDA:115,4,1,2
BRF:13
BRH:11
end_of_record
TN:
SF:src/pages/HomePage/HomePage.styles.tsx
FNF:0
FNH:0
LF:0
LH:0
BRF:0
BRH:0
end_of_record
TN:
SF:src/pages/HomePage/HomePage.tsx
FN:3,(anonymous_0)
FNF:1
FNH:1
FNDA:1,(anonymous_0)
DA:3,1
DA:4,1
LF:2
LH:2
BRF:0
BRH:0
end_of_record
TN:
SF:src/pages/MapPage/MapPage.styles.tsx
FNF:0
FNH:0
DA:3,1
LF:1
LH:1
BRF:0
BRH:0
end_of_record
TN:
SF:src/pages/MapPage/MapPage.tsx
FN:38,findMinMax
FN:61,(anonymous_1)
FN:88,(anonymous_2)
FN:93,(anonymous_3)
FN:95,(anonymous_4)
FN:97,(anonymous_5)
FN:102,(anonymous_6)
FN:107,(anonymous_7)
FN:113,(anonymous_8)
FN:118,(anonymous_9)
FN:122,(anonymous_10)
FN:126,(anonymous_11)
FN:141,(anonymous_12)
FN:155,(anonymous_13)
FN:167,(anonymous_14)
FN:180,(anonymous_15)
FN:182,(anonymous_16)
FN:197,(anonymous_17)
FN:211,(anonymous_18)
FN:219,(anonymous_19)
FN:227,(anonymous_20)
FN:245,(anonymous_21)
FN:256,(anonymous_22)
FN:270,(anonymous_23)
FN:278,(anonymous_24)
FN:285,(anonymous_25)
FN:296,(anonymous_26)
FN:298,(anonymous_27)
FN:308,(anonymous_28)
FN:316,(anonymous_29)
FN:326,(anonymous_30)
FN:328,(anonymous_31)
FN:336,(anonymous_32)
FN:350,(anonymous_33)
FN:369,(anonymous_34)
FN:375,(anonymous_35)
FN:391,(anonymous_36)
FN:397,(anonymous_37)
FN:414,(anonymous_38)
FN:425,(anonymous_39)
FN:491,(anonymous_40)
FN:502,(anonymous_41)
FN:507,(anonymous_42)
FN:508,(anonymous_43)
FN:509,(anonymous_44)
FN:520,(anonymous_45)
FN:530,(anonymous_46)
FN:535,(anonymous_47)
FN:536,(anonymous_48)
FN:537,(anonymous_49)
FN:545,(anonymous_50)
FN:550,(anonymous_51)
FN:551,(anonymous_52)
FN:552,(anonymous_53)
FN:566,(anonymous_54)
FN:590,(anonymous_55)
FN:597,(anonymous_56)
FN:603,(anonymous_57)
FN:633,(anonymous_58)
FNF:59
FNH:14
FNDA:0,findMinMax
FNDA:25,(anonymous_1)
FNDA:8,(anonymous_2)
FNDA:8,(anonymous_3)
FNDA:8,(anonymous_4)
FNDA:7,(anonymous_5)
FNDA:7,(anonymous_6)
FNDA:8,(anonymous_7)
FNDA:2,(anonymous_8)
FNDA:0,(anonymous_9)
FNDA:8,(anonymous_10)
FNDA:0,(anonymous_11)
FNDA:0,(anonymous_12)
FNDA:0,(anonymous_13)
FNDA:0,(anonymous_14)
FNDA:0,(anonymous_15)
FNDA:0,(anonymous_16)
FNDA:0,(anonymous_17)
FNDA:0,(anonymous_18)
FNDA:0,(anonymous_19)
FNDA:0,(anonymous_20)
FNDA:0,(anonymous_21)
FNDA:0,(anonymous_22)
FNDA:0,(anonymous_23)
FNDA:0,(anonymous_24)
FNDA:0,(anonymous_25)
FNDA:0,(anonymous_26)
FNDA:0,(anonymous_27)
FNDA:0,(anonymous_28)
FNDA:0,(anonymous_29)
FNDA:0,(anonymous_30)
FNDA:0,(anonymous_31)
FNDA:0,(anonymous_32)
FNDA:0,(anonymous_33)
FNDA:0,(anonymous_34)
FNDA:0,(anonymous_35)
FNDA:7,(anonymous_36)
FNDA:0,(anonymous_37)
FNDA:0,(anonymous_38)
FNDA:120,(anonymous_39)
FNDA:0,(anonymous_40)
FNDA:144,(anonymous_41)
FNDA:0,(anonymous_42)
FNDA:0,(anonymous_43)
FNDA:0,(anonymous_44)
FNDA:0,(anonymous_45)
FNDA:120,(anonymous_46)
FNDA:0,(anonymous_47)
FNDA:0,(anonymous_48)
FNDA:0,(anonymous_49)
FNDA:96,(anonymous_50)
FNDA:0,(anonymous_51)
FNDA:0,(anonymous_52)
FNDA:0,(anonymous_53)
FNDA:0,(anonymous_54)
FNDA:0,(anonymous_55)
FNDA:0,(anonymous_56)
FNDA:0,(anonymous_57)
FNDA:0,(anonymous_58)
DA:39,0
DA:40,0
DA:43,0
DA:44,0
DA:46,0
DA:47,0
DA:48,0
DA:49,0
DA:50,0
DA:51,0
DA:55,0
DA:59,1
DA:61,1
DA:62,25
DA:64,24
DA:65,24
DA:66,24
DA:67,24
DA:68,24
DA:69,24
DA:71,24
DA:72,24
DA:73,24
DA:75,24
DA:76,24
DA:77,24
DA:78,24
DA:79,24
DA:80,24
DA:81,24
DA:88,24
DA:89,8
DA:90,8
DA:93,24
DA:94,8
DA:96,8
DA:97,7
DA:99,8
DA:100,8
DA:103,7
DA:107,24
DA:108,8
DA:109,8
DA:110,0
DA:113,8
DA:114,2
DA:118,24
DA:119,0
DA:122,24
DA:123,8
DA:126,24
DA:127,0
DA:128,0
DA:129,0
DA:130,0
DA:132,0
DA:135,0
DA:137,0
DA:138,0
DA:141,24
DA:142,0
DA:143,0
DA:145,0
DA:147,0
DA:148,0
DA:151,0
DA:155,0
DA:156,0
DA:157,0
DA:159,0
DA:163,0
DA:167,24
DA:168,0
DA:169,0
DA:170,0
DA:171,0
DA:172,0
DA:173,0
DA:176,0
DA:180,24
DA:181,0
DA:182,0
DA:183,0
DA:185,0
DA:188,0
DA:190,0
DA:192,0
DA:194,0
DA:197,24
DA:198,0
DA:206,0
DA:208,0
DA:211,24
DA:212,0
DA:213,0
DA:214,0
DA:215,0
DA:216,0
DA:219,24
DA:220,0
DA:221,0
DA:222,0
DA:227,0
DA:228,0
DA:234,0
DA:236,0
DA:245,0
DA:246,0
DA:247,0
DA:248,0
DA:249,0
DA:250,0
DA:255,0
DA:256,0
DA:257,0
DA:264,0
DA:269,0
DA:270,0
DA:271,0
DA:279,0
DA:284,0
DA:285,0
DA:286,0
DA:293,0
DA:296,24
DA:297,0
DA:298,0
DA:300,0
DA:302,0
DA:303,0
DA:304,0
DA:305,0
DA:308,24
DA:309,0
DA:310,0
DA:311,0
DA:316,0
DA:317,0
DA:323,0
DA:326,0
DA:327,0
DA:328,0
DA:329,0
DA:330,0
DA:335,0
DA:336,0
DA:337,0
DA:344,0
DA:349,0
DA:350,0
DA:351,0
DA:361,24
DA:369,0
DA:375,0
DA:392,7
DA:397,0
DA:415,0
DA:416,0
DA:417,0
DA:426,120
DA:427,120
DA:428,120
DA:431,120
DA:491,0
DA:503,144
DA:508,0
DA:509,0
DA:510,0
DA:520,0
DA:531,120
DA:536,0
DA:537,0
DA:538,0
DA:546,96
DA:551,0
DA:552,0
DA:553,0
DA:566,0
DA:591,0
DA:597,0
DA:603,0
DA:633,0
LF:182
LH:55
BRDA:39,0,0,0
BRDA:39,0,1,0
BRDA:39,1,0,0
BRDA:39,1,1,0
BRDA:48,2,0,0
BRDA:48,2,1,0
BRDA:50,3,0,0
BRDA:50,3,1,0
BRDA:97,4,0,7
BRDA:97,4,1,7
BRDA:109,5,0,0
BRDA:109,5,1,8
BRDA:127,6,0,0
BRDA:127,6,1,0
BRDA:142,7,0,0
BRDA:142,7,1,0
BRDA:142,8,0,0
BRDA:142,8,1,0
BRDA:147,9,0,0
BRDA:147,9,1,0
BRDA:156,10,0,0
BRDA:156,10,1,0
BRDA:169,11,0,0
BRDA:169,11,1,0
BRDA:181,12,0,0
BRDA:181,12,1,0
BRDA:181,13,0,0
BRDA:181,13,1,0
BRDA:183,14,0,0
BRDA:183,14,1,0
BRDA:185,15,0,0
BRDA:185,15,1,0
BRDA:188,16,0,0
BRDA:188,16,1,0
BRDA:221,17,0,0
BRDA:221,17,1,0
BRDA:246,18,0,0
BRDA:246,18,1,0
BRDA:310,19,0,0
BRDA:310,19,1,0
BRDA:327,20,0,0
BRDA:327,20,1,0
BRDA:406,21,0,0
BRDA:406,21,1,24
BRDA:406,22,0,24
BRDA:406,22,1,24
BRDA:406,22,2,0
BRDA:406,22,3,0
BRDA:422,23,0,24
BRDA:422,23,1,0
BRDA:426,24,0,0
BRDA:426,24,1,120
BRDA:426,25,0,0
BRDA:426,25,1,0
BRDA:428,26,0,120
BRDA:428,26,1,24
BRDA:434,27,0,0
BRDA:434,27,1,120
BRDA:434,28,0,0
BRDA:434,28,1,120
BRDA:437,29,0,0
BRDA:437,29,1,120
BRDA:437,30,0,120
BRDA:437,30,1,120
BRDA:443,31,0,24
BRDA:443,31,1,0
BRDA:451,32,0,24
BRDA:451,32,1,0
BRDA:452,33,0,24
BRDA:452,33,1,0
BRDA:453,34,0,24
BRDA:453,34,1,0
BRDA:454,35,0,24
BRDA:454,35,1,0
BRDA:455,36,0,24
BRDA:455,36,1,0
BRDA:460,37,0,24
BRDA:460,37,1,0
BRDA:463,38,0,24
BRDA:463,38,1,0
BRDA:465,39,0,24
BRDA:465,39,1,0
BRDA:509,40,0,0
BRDA:509,40,1,0
BRDA:537,41,0,0
BRDA:537,41,1,0
BRDA:552,42,0,0
BRDA:552,42,1,0
BRDA:569,43,0,24
BRDA:569,43,1,0
BRDA:574,44,0,24
BRDA:574,44,1,0
BRF:92
BRH:26
end_of_record
TN:
SF:src/pages/MenuPage/MenuPage.styles.ts
FNF:0
FNH:0
DA:3,1
DA:4,1
DA:5,1
DA:6,1
DA:8,1
LF:5
LH:5
BRF:0
BRH:0
end_of_record
TN:
SF:src/pages/MenuPage/MenuPage.tsx
FN:15,(anonymous_0)
FN:18,(anonymous_1)
FN:47,(anonymous_2)
FN:57,(anonymous_3)
FN:62,(anonymous_4)
FN:67,(anonymous_5)
FN:74,(anonymous_6)
FN:82,(anonymous_7)
FN:88,(anonymous_8)
FN:96,(anonymous_9)
FN:119,(anonymous_10)
FN:132,(anonymous_11)
FN:133,(anonymous_12)
FN:134,(anonymous_13)
FN:136,(anonymous_14)
FN:139,(anonymous_15)
FNF:16
FNH:10
FNDA:18,(anonymous_0)
FNDA:2,(anonymous_1)
FNDA:24,(anonymous_2)
FNDA:0,(anonymous_3)
FNDA:0,(anonymous_4)
FNDA:0,(anonymous_5)
FNDA:4,(anonymous_6)
FNDA:8,(anonymous_7)
FNDA:16,(anonymous_8)
FNDA:16,(anonymous_9)
FNDA:16,(anonymous_10)
FNDA:0,(anonymous_11)
FNDA:0,(anonymous_12)
FNDA:0,(anonymous_13)
FNDA:24,(anonymous_14)
FNDA:32,(anonymous_15)
DA:15,1
DA:16,18
DA:18,18
DA:19,2
DA:22,18
DA:47,1
DA:48,24
DA:49,24
DA:50,24
DA:51,24
DA:52,24
DA:53,24
DA:54,24
DA:55,24
DA:57,24
DA:58,0
DA:60,24
DA:62,24
DA:64,0
DA:65,0
DA:68,0
DA:74,24
DA:75,4
DA:77,4
DA:79,4
DA:82,24
DA:83,8
DA:84,8
DA:85,8
DA:86,8
DA:88,16
DA:90,8
DA:91,8
DA:92,8
DA:93,8
DA:94,16
DA:96,8
DA:98,16
DA:99,16
DA:103,8
DA:104,8
DA:106,0
DA:109,0
DA:111,8
DA:117,24
DA:119,24
DA:120,16
DA:121,16
DA:122,16
DA:125,24
DA:132,0
DA:133,0
DA:134,0
DA:137,24
DA:140,32
DA:142,16
DA:143,16
DA:145,16
DA:146,16
DA:148,0
DA:149,0
DA:151,0
LF:62
LH:50
BRDA:26,0,0,18
BRDA:26,0,1,0
BRDA:31,1,0,1
BRDA:31,1,1,17
BRDA:32,2,0,1
BRDA:32,2,1,17
BRDA:32,3,0,0
BRDA:32,3,1,17
BRDA:64,4,0,0
BRDA:64,4,1,0
BRDA:64,5,0,0
BRDA:64,5,1,0
BRDA:90,6,0,8
BRDA:90,6,1,0
BRDA:120,7,0,16
BRDA:120,7,1,0
BRDA:121,8,0,16
BRDA:121,8,1,0
BRDA:127,9,0,12
BRDA:127,9,1,12
BRDA:138,10,0,24
BRDA:138,10,1,12
BRDA:138,10,2,24
BRDA:140,11,0,16
BRDA:140,11,1,16
BRDA:140,11,2,0
BRDA:140,11,3,0
BRF:27
BRH:16
end_of_record
TN:
SF:src/pages/ProfileScreen/ChangePassword/ChangePassword.styles.ts
FNF:0
FNH:0
DA:3,1
LF:1
LH:1
BRF:0
BRH:0
end_of_record
TN:
SF:src/pages/ProfileScreen/ChangePassword/ChangePassword.tsx
FN:21,(anonymous_0)
FN:28,isValidPassword
FN:41,(anonymous_2)
FNF:3
FNH:1
FNDA:6,(anonymous_0)
FNDA:0,isValidPassword
FNDA:0,(anonymous_2)
DA:21,1
DA:22,6
DA:23,6
DA:24,6
DA:25,6
DA:26,6
DA:29,0
DA:30,0
DA:31,0
DA:33,0
DA:41,6
DA:42,0
DA:43,0
DA:44,0
DA:46,0
DA:47,0
DA:48,0
DA:51,0
DA:52,0
DA:53,0
DA:54,0
DA:57,0
DA:58,0
DA:59,0
DA:60,0
DA:61,0
DA:63,0
DA:67,6
LF:28
LH:8
BRDA:34,0,0,0
BRDA:34,0,1,0
BRDA:34,0,2,0
BRDA:34,0,3,0
BRDA:42,1,0,0
BRDA:42,1,1,0
BRDA:46,2,0,0
BRDA:46,2,1,0
BRDA:52,3,0,0
BRDA:52,3,1,0
BRDA:58,4,0,0
BRDA:58,4,1,0
BRDA:72,5,0,6
BRDA:72,5,1,0
BRDA:73,6,0,6
BRDA:73,6,1,0
BRF:16
BRH:2
end_of_record
TN:
SF:src/pages/ProfileScreen/Login/Login.styles.ts
FNF:0
FNH:0
DA:3,1
LF:1
LH:1
BRF:0
BRH:0
end_of_record
TN:
SF:src/pages/ProfileScreen/Login/Login.tsx
FN:12,(anonymous_0)
FN:17,(anonymous_1)
FN:51,(anonymous_2)
FN:58,(anonymous_3)
FN:65,(anonymous_4)
FN:71,(anonymous_5)
FNF:6
FNH:6
FNDA:11,(anonymous_0)
FNDA:2,(anonymous_1)
FNDA:2,(anonymous_2)
FNDA:2,(anonymous_3)
FNDA:1,(anonymous_4)
FNDA:1,(anonymous_5)
DA:12,1
DA:13,11
DA:14,11
DA:15,11
DA:17,11
DA:18,2
DA:19,2
DA:20,2
DA:24,2
DA:25,2
DA:27,2
DA:28,1
DA:29,1
DA:30,1
DA:32,1
DA:33,1
DA:34,1
DA:35,1
DA:36,1
DA:39,0
DA:40,0
DA:44,11
DA:51,2
DA:58,2
DA:65,1
DA:71,1
LF:26
LH:24
BRDA:27,0,0,1
BRDA:27,0,1,1
BRDA:60,1,0,11
BRDA:60,1,1,1
BRF:4
BRH:4
end_of_record
TN:
SF:src/pages/ProfileScreen/Profile/Profile.styles.ts
FNF:0
FNH:0
DA:3,1
LF:1
LH:1
BRF:0
BRH:0
end_of_record
TN:
SF:src/pages/ProfileScreen/Profile/Profile.tsx
FN:16,(anonymous_0)
FN:50,(anonymous_1)
FN:51,(anonymous_2)
FN:58,(anonymous_3)
FN:73,(anonymous_4)
FN:102,(anonymous_5)
FN:113,(anonymous_6)
FN:126,(anonymous_7)
FN:137,(anonymous_8)
FN:142,(anonymous_9)
FN:160,(anonymous_10)
FN:164,(anonymous_11)
FN:168,(anonymous_12)
FN:172,(anonymous_13)
FN:179,(anonymous_14)
FN:182,(anonymous_15)
FN:208,(anonymous_16)
FN:213,(anonymous_17)
FN:219,(anonymous_18)
FN:312,(anonymous_19)
FNF:20
FNH:10
FNDA:39,(anonymous_0)
FNDA:5,(anonymous_1)
FNDA:5,(anonymous_2)
FNDA:5,(anonymous_3)
FNDA:0,(anonymous_4)
FNDA:2,(anonymous_5)
FNDA:0,(anonymous_6)
FNDA:1,(anonymous_7)
FNDA:0,(anonymous_8)
FNDA:0,(anonymous_9)
FNDA:1,(anonymous_10)
FNDA:1,(anonymous_11)
FNDA:1,(anonymous_12)
FNDA:0,(anonymous_13)
FNDA:0,(anonymous_14)
FNDA:1,(anonymous_15)
FNDA:0,(anonymous_16)
FNDA:0,(anonymous_17)
FNDA:0,(anonymous_18)
FNDA:0,(anonymous_19)
DA:16,1
DA:17,39
DA:18,39
DA:19,39
DA:20,39
DA:21,39
DA:22,39
DA:23,39
DA:24,39
DA:25,39
DA:26,39
DA:27,39
DA:32,39
DA:48,39
DA:50,39
DA:51,5
DA:52,5
DA:53,5
DA:54,5
DA:55,0
DA:57,5
DA:59,5
DA:60,5
DA:61,5
DA:62,5
DA:63,5
DA:64,5
DA:67,0
DA:70,5
DA:73,39
DA:74,0
DA:76,0
DA:77,0
DA:78,0
DA:81,0
DA:88,0
DA:89,0
DA:91,0
DA:93,0
DA:96,0
DA:97,0
DA:102,39
DA:103,2
DA:114,0
DA:115,0
DA:116,0
DA:117,0
DA:118,0
DA:126,39
DA:127,1
DA:138,0
DA:139,0
DA:140,0
DA:142,0
DA:143,0
DA:144,0
DA:145,0
DA:146,0
DA:147,0
DA:149,0
DA:160,39
DA:161,1
DA:164,39
DA:165,1
DA:168,39
DA:169,1
DA:172,39
DA:174,0
DA:179,0
DA:182,39
DA:183,1
DA:184,1
DA:185,1
DA:186,0
DA:187,0
DA:189,1
DA:197,1
DA:198,1
DA:199,0
DA:201,1
DA:206,1
DA:207,0
DA:208,0
DA:209,0
DA:212,1
DA:213,1
DA:214,0
DA:219,39
DA:220,0
DA:223,39
DA:313,0
LF:91
LH:52
BRDA:54,0,0,0
BRDA:54,0,1,5
BRDA:76,1,0,0
BRDA:76,1,1,0
BRDA:88,2,0,0
BRDA:88,2,1,0
BRDA:91,3,0,0
BRDA:91,3,1,0
BRDA:91,4,0,0
BRDA:91,4,1,0
BRDA:91,4,2,0
BRDA:96,5,0,0
BRDA:96,5,1,0
BRDA:139,6,0,0
BRDA:139,6,1,0
BRDA:143,7,0,0
BRDA:143,7,1,0
BRDA:185,8,0,0
BRDA:185,8,1,1
BRDA:198,9,0,0
BRDA:198,9,1,1
BRDA:206,10,0,0
BRDA:206,10,1,1
BRDA:227,11,0,39
BRDA:227,11,1,1
BRDA:229,12,0,1
BRDA:229,12,1,0
BRDA:232,13,0,1
BRDA:232,13,1,0
BRDA:241,14,0,0
BRDA:241,14,1,39
BRF:31
BRH:9
end_of_record
TN:
SF:src/pages/ProfileScreen/Register/Register.styles.ts
FNF:0
FNH:0
DA:3,1
LF:1
LH:1
BRF:0
BRH:0
end_of_record
TN:
SF:src/pages/ProfileScreen/Register/Register.tsx
FN:6,(anonymous_0)
FN:14,isValidPassword
FN:27,(anonymous_2)
FN:68,(anonymous_3)
FN:78,(anonymous_4)
FN:88,(anonymous_5)
FNF:6
FNH:4
FNDA:30,(anonymous_0)
FNDA:0,isValidPassword
FNDA:0,(anonymous_2)
FNDA:8,(anonymous_3)
FNDA:8,(anonymous_4)
FNDA:8,(anonymous_5)
DA:6,1
DA:7,30
DA:8,30
DA:9,30
DA:10,30
DA:11,30
DA:12,30
DA:15,0
DA:16,0
DA:17,0
DA:19,0
DA:27,30
DA:28,0
DA:29,0
DA:35,0
DA:37,0
DA:38,0
DA:39,0
DA:41,0
DA:42,0
DA:45,0
DA:47,0
DA:48,0
DA:50,0
DA:51,0
DA:53,0
DA:55,0
DA:56,0
DA:60,30
DA:68,8
DA:78,8
DA:88,8
LF:32
LH:12
BRDA:20,0,0,0
BRDA:20,0,1,0
BRDA:20,0,2,0
BRDA:20,0,3,0
BRDA:41,1,0,0
BRDA:41,1,1,0
BRDA:41,2,0,0
BRDA:41,2,1,0
BRDA:41,2,2,0
BRDA:50,3,0,0
BRDA:50,3,1,0
BRDA:70,4,0,30
BRDA:70,4,1,0
BRDA:80,5,0,30
BRDA:80,5,1,0
BRDA:90,6,0,30
BRDA:90,6,1,0
BRF:17
BRH:3
end_of_record
TN:
SF:src/pages/ResetPasswordScreen/ResetPasswordScreen.styles.ts
FNF:0
FNH:0
DA:3,1
LF:1
LH:1
BRF:0
BRH:0
end_of_record
TN:
SF:src/pages/ResetPasswordScreen/ResetPasswordScreen.tsx
FN:13,(anonymous_0)
FN:22,(anonymous_1)
FN:27,(anonymous_2)
FN:58,(anonymous_3)
FN:65,(anonymous_4)
FN:70,(anonymous_5)
FN:76,(anonymous_6)
FNF:7
FNH:6
FNDA:54,(anonymous_0)
FNDA:32,(anonymous_1)
FNDA:15,(anonymous_2)
FNDA:12,(anonymous_3)
FNDA:2,(anonymous_4)
FNDA:0,(anonymous_5)
FNDA:12,(anonymous_6)
DA:13,1
DA:14,54
DA:15,54
DA:16,54
DA:17,54
DA:18,54
DA:19,54
DA:20,54
DA:22,54
DA:23,32
DA:24,32
DA:27,54
DA:28,15
DA:29,9
DA:30,9
DA:31,9
DA:33,6
DA:34,6
DA:35,6
DA:36,6
DA:37,5
DA:38,4
DA:39,4
DA:41,4
DA:42,2
DA:43,2
DA:45,2
DA:48,1
DA:51,1
DA:52,1
DA:58,54
DA:59,12
DA:60,12
DA:61,12
DA:62,12
DA:65,54
DA:66,2
DA:67,2
DA:70,54
DA:71,0
DA:75,54
DA:77,12
DA:81,54
LF:43
LH:42
BRDA:28,0,0,9
BRDA:28,0,1,6
BRDA:29,1,0,9
BRDA:29,1,1,0
BRDA:33,2,0,6
BRDA:33,2,1,0
BRDA:34,3,0,6
BRDA:34,3,1,0
BRDA:37,4,0,4
BRDA:37,4,1,1
BRDA:41,5,0,2
BRDA:41,5,1,2
BRDA:86,6,0,23
BRDA:86,6,1,31
BRDA:89,7,0,23
BRDA:89,7,1,31
BRDA:118,8,0,31
BRDA:118,8,1,2
BRDA:140,9,0,23
BRDA:140,9,1,31
BRDA:142,10,0,23
BRDA:142,10,1,31
BRDA:143,11,0,23
BRDA:143,11,1,31
BRF:24
BRH:21
end_of_record
TN:
SF:src/pages/RestaurantScreen/RestaurantScreen.styles.ts
FNF:0
FNH:0
DA:3,1
DA:4,1
DA:6,1
LF:3
LH:3
BRF:0
BRH:0
end_of_record
TN:
SF:src/pages/RestaurantScreen/RestaurantScreen.tsx
FN:12,(anonymous_0)
FN:49,(anonymous_1)
FN:53,(anonymous_2)
FN:56,(anonymous_3)
FN:59,(anonymous_4)
FN:64,(anonymous_5)
FN:67,(anonymous_6)
FN:70,(anonymous_7)
FN:75,(anonymous_8)
FN:81,(anonymous_9)
FN:85,(anonymous_10)
FN:90,(anonymous_11)
FN:95,(anonymous_12)
FN:102,(anonymous_13)
FN:109,(anonymous_14)
FN:110,(anonymous_15)
FN:110,(anonymous_16)
FN:111,(anonymous_17)
FN:111,(anonymous_18)
FN:120,(anonymous_19)
FN:120,(anonymous_20)
FN:127,(anonymous_21)
FN:130,(anonymous_22)
FN:131,(anonymous_23)
FN:142,(anonymous_24)
FN:143,(anonymous_25)
FN:147,(anonymous_26)
FN:153,(anonymous_27)
FN:161,(anonymous_28)
FN:164,(anonymous_29)
FN:180,(anonymous_30)
FN:185,(anonymous_31)
FN:189,(anonymous_32)
FN:197,(anonymous_33)
FN:201,(anonymous_34)
FN:207,(anonymous_35)
FN:214,(anonymous_36)
FNF:37
FNH:1
FNDA:10,(anonymous_0)
FNDA:0,(anonymous_1)
FNDA:0,(anonymous_2)
FNDA:0,(anonymous_3)
FNDA:0,(anonymous_4)
FNDA:0,(anonymous_5)
FNDA:0,(anonymous_6)
FNDA:0,(anonymous_7)
FNDA:0,(anonymous_8)
FNDA:0,(anonymous_9)
FNDA:0,(anonymous_10)
FNDA:0,(anonymous_11)
FNDA:0,(anonymous_12)
FNDA:0,(anonymous_13)
FNDA:0,(anonymous_14)
FNDA:0,(anonymous_15)
FNDA:0,(anonymous_16)
FNDA:0,(anonymous_17)
FNDA:0,(anonymous_18)
FNDA:0,(anonymous_19)
FNDA:0,(anonymous_20)
FNDA:0,(anonymous_21)
FNDA:0,(anonymous_22)
FNDA:0,(anonymous_23)
FNDA:0,(anonymous_24)
FNDA:0,(anonymous_25)
FNDA:0,(anonymous_26)
FNDA:0,(anonymous_27)
FNDA:0,(anonymous_28)
FNDA:0,(anonymous_29)
FNDA:0,(anonymous_30)
FNDA:0,(anonymous_31)
FNDA:0,(anonymous_32)
FNDA:0,(anonymous_33)
FNDA:0,(anonymous_34)
FNDA:0,(anonymous_35)
FNDA:0,(anonymous_36)
DA:12,1
DA:13,10
DA:14,10
DA:15,9
DA:16,9
DA:17,9
DA:18,9
DA:19,9
DA:26,9
DA:42,9
DA:49,9
DA:50,0
DA:53,9
DA:54,0
DA:55,0
DA:57,0
DA:60,0
DA:64,9
DA:65,0
DA:66,0
DA:68,0
DA:71,0
DA:75,9
DA:76,0
DA:77,0
DA:78,0
DA:81,9
DA:82,0
DA:85,9
DA:86,0
DA:87,0
DA:90,9
DA:91,0
DA:92,0
DA:95,9
DA:96,0
DA:97,0
DA:98,0
DA:99,0
DA:102,9
DA:103,0
DA:104,0
DA:105,0
DA:106,0
DA:109,9
DA:110,0
DA:111,0
DA:112,0
DA:119,0
DA:120,0
DA:121,0
DA:123,0
DA:127,9
DA:128,0
DA:129,0
DA:130,0
DA:131,0
DA:132,0
DA:136,9
DA:143,0
DA:147,0
DA:153,0
DA:162,0
DA:164,0
DA:180,0
DA:186,0
DA:189,0
DA:198,0
DA:201,0
DA:207,0
DA:214,0
LF:71
LH:22
BRDA:113,0,0,0
BRDA:113,0,1,0
BRDA:120,1,0,0
BRDA:120,1,1,0
BRDA:120,2,0,0
BRDA:120,2,1,0
BRDA:120,2,2,0
BRDA:120,2,3,0
BRDA:138,3,0,9
BRDA:138,3,1,0
BRDA:147,4,0,0
BRDA:147,4,1,0
BRDA:156,5,0,9
BRDA:156,5,1,0
BRDA:165,6,0,0
BRDA:165,6,1,0
BRDA:188,7,0,0
BRDA:188,7,1,0
BRDA:200,8,0,0
BRDA:200,8,1,0
BRF:20
BRH:2
end_of_record
TN:
SF:src/services/dishCalls.ts
FN:8,(anonymous_0)
FN:21,(anonymous_1)
FN:36,(anonymous_2)
FN:55,(anonymous_3)
FN:69,(anonymous_4)
FN:86,(anonymous_5)
FNF:6
FNH:6
FNDA:2,(anonymous_0)
FNDA:2,(anonymous_1)
FNDA:3,(anonymous_2)
FNDA:2,(anonymous_3)
FNDA:2,(anonymous_4)
FNDA:1,(anonymous_5)
DA:5,2
DA:8,2
DA:9,2
DA:10,2
DA:14,0
DA:16,2
DA:17,2
DA:21,2
DA:22,2
DA:23,2
DA:24,2
DA:29,0
DA:31,2
DA:32,2
DA:36,2
DA:37,3
DA:38,3
DA:43,0
DA:45,3
DA:46,3
DA:47,3
DA:49,0
DA:50,0
DA:55,2
DA:56,2
DA:57,2
DA:62,0
DA:64,2
DA:65,2
DA:69,2
DA:70,2
DA:71,2
DA:79,0
DA:81,2
DA:82,2
DA:86,2
DA:87,1
LF:37
LH:30
BRDA:45,0,0,3
BRDA:45,0,1,0
BRDA:45,1,0,3
BRDA:45,1,1,3
BRF:4
BRH:3
end_of_record
TN:
SF:src/services/emailCalls.ts
FN:8,(anonymous_0)
FNF:1
FNH:1
FNDA:3,(anonymous_0)
DA:6,1
DA:8,1
DA:9,3
DA:10,3
DA:15,0
DA:16,0
DA:18,0
DA:21,3
DA:22,3
LF:9
LH:6
BRDA:15,0,0,0
BRDA:15,0,1,0
BRF:2
BRH:0
end_of_record
TN:
SF:src/services/imageCalls.ts
FN:8,(anonymous_0)
FNF:1
FNH:1
FNDA:2,(anonymous_0)
DA:5,4
DA:8,4
DA:9,2
DA:10,2
DA:17,0
DA:19,2
DA:20,2
LF:7
LH:6
BRF:0
BRH:0
end_of_record
TN:
SF:src/services/profileCalls.ts
FN:8,(anonymous_0)
FN:30,(anonymous_1)
FN:52,(anonymous_2)
FN:78,(anonymous_3)
FN:99,(anonymous_4)
FN:121,(anonymous_5)
FN:143,(anonymous_6)
FN:165,(anonymous_7)
FNF:8
FNH:8
FNDA:2,(anonymous_0)
FNDA:2,(anonymous_1)
FNDA:2,(anonymous_2)
FNDA:2,(anonymous_3)
FNDA:2,(anonymous_4)
FNDA:2,(anonymous_5)
FNDA:2,(anonymous_6)
FNDA:2,(anonymous_7)
DA:6,3
DA:8,3
DA:9,2
DA:10,2
DA:11,2
DA:19,0
DA:20,0
DA:22,0
DA:25,2
DA:26,2
DA:30,3
DA:31,2
DA:32,2
DA:41,0
DA:42,0
DA:44,0
DA:47,2
DA:48,2
DA:52,3
DA:54,2
DA:55,2
DA:67,0
DA:68,0
DA:70,0
DA:73,2
DA:74,2
DA:78,3
DA:79,2
DA:80,2
DA:88,0
DA:89,0
DA:91,0
DA:94,2
DA:95,2
DA:99,3
DA:100,2
DA:101,2
DA:110,0
DA:111,0
DA:113,0
DA:116,2
DA:117,2
DA:121,3
DA:122,2
DA:123,2
DA:132,0
DA:133,0
DA:135,0
DA:138,2
DA:139,2
DA:143,3
DA:144,2
DA:145,2
DA:154,0
DA:155,0
DA:157,0
DA:160,2
DA:161,2
DA:165,3
DA:166,2
DA:167,2
DA:176,0
DA:177,0
DA:179,0
DA:182,2
DA:183,2
LF:66
LH:42
BRDA:19,0,0,0
BRDA:19,0,1,0
BRDA:41,1,0,0
BRDA:41,1,1,0
BRDA:67,2,0,0
BRDA:67,2,1,0
BRDA:88,3,0,0
BRDA:88,3,1,0
BRDA:110,4,0,0
BRDA:110,4,1,0
BRDA:132,5,0,0
BRDA:132,5,1,0
BRDA:154,6,0,0
BRDA:154,6,1,0
BRDA:176,7,0,0
BRDA:176,7,1,0
BRF:16
BRH:0
end_of_record
TN:
SF:src/services/restoCalls.ts
FN:11,(anonymous_0)
FN:28,(anonymous_1)
FN:38,(anonymous_2)
FN:48,(anonymous_3)
FNF:4
FNH:3
FNDA:2,(anonymous_0)
FNDA:2,(anonymous_1)
FNDA:0,(anonymous_2)
FNDA:2,(anonymous_3)
DA:6,3
DA:7,3
DA:9,3
DA:11,3
DA:12,2
DA:13,2
DA:21,0
DA:23,2
DA:24,2
DA:28,3
DA:29,2
DA:30,2
DA:38,0
DA:39,0
DA:41,0
DA:43,2
DA:44,2
DA:48,3
DA:49,2
DA:50,2
DA:54,0
DA:56,2
DA:57,2
LF:23
LH:18
BRDA:39,0,0,0
BRDA:39,0,1,0
BRF:2
BRH:0
end_of_record
TN:
SF:src/services/userCalls.ts
FN:10,(anonymous_0)
FN:28,(anonymous_1)
FN:42,(anonymous_2)
FN:56,(anonymous_3)
FN:73,(anonymous_4)
FN:90,(anonymous_5)
FNF:6
FNH:0
FNDA:0,(anonymous_0)
FNDA:0,(anonymous_1)
FNDA:0,(anonymous_2)
FNDA:0,(anonymous_3)
FNDA:0,(anonymous_4)
FNDA:0,(anonymous_5)
DA:5,1
DA:6,1
DA:7,1
DA:8,1
DA:10,1
DA:11,0
DA:12,0
DA:20,0
DA:22,0
DA:23,0
DA:28,1
DA:29,0
DA:30,0
DA:35,0
DA:37,0
DA:38,0
DA:42,1
DA:43,0
DA:44,0
DA:49,0
DA:51,0
DA:52,0
DA:56,1
DA:57,0
DA:58,0
DA:66,0
DA:68,0
DA:69,0
DA:73,1
DA:74,0
DA:75,0
DA:83,0
DA:85,0
DA:86,0
DA:90,1
DA:91,0
DA:92,0
DA:100,0
DA:101,0
DA:103,0
DA:106,0
DA:107,0
LF:42
LH:10
BRDA:100,0,0,0
BRDA:100,0,1,0
BRF:2
BRH:0
end_of_record
