<?xml version="1.0" encoding="UTF-8"?>
<coverage generated="1716926849588" clover="3.2.0">
  <project timestamp="1716926849588" name="All files">
    <metrics statements="1232" coveredstatements="899" conditionals="348" coveredconditionals="183" methods="331" coveredmethods="218" elements="1911" coveredelements="1300" complexity="0" loc="1232" ncloc="1232" packages="29" files="67" classes="67"/>
    <package name="restoMobile">
      <metrics statements="71" coveredstatements="45" conditionals="38" coveredconditionals="15" methods="22" coveredmethods="12"/>
      <file name="App.styles.ts" path="/Users/banbz/EIP/Guardos-mobile/restoMobile/App.styles.ts">
        <metrics statements="1" coveredstatements="0" conditionals="0" coveredconditionals="0" methods="0" coveredmethods="0"/>
        <line num="3" count="0" type="stmt"/>
      </file>
      <file name="App.tsx" path="/Users/banbz/EIP/Guardos-mobile/restoMobile/App.tsx">
        <metrics statements="15" coveredstatements="12" conditionals="2" coveredconditionals="1" methods="6" coveredmethods="4"/>
        <line num="13" count="1" type="stmt"/>
        <line num="14" count="0" type="stmt"/>
        <line num="19" count="1" type="stmt"/>
        <line num="20" count="6" type="stmt"/>
        <line num="22" count="5" type="stmt"/>
        <line num="23" count="3" type="stmt"/>
        <line num="24" count="0" type="stmt"/>
        <line num="27" count="3" type="stmt"/>
        <line num="28" count="3" type="stmt"/>
        <line num="32" count="5" type="stmt"/>
        <line num="33" count="5" type="cond" truecount="1" falsecount="1"/>
        <line num="34" count="0" type="stmt"/>
        <line num="36" count="5" type="stmt"/>
        <line num="41" count="5" type="stmt"/>
        <line num="48" count="1" type="stmt"/>
      </file>
      <file name="Router.tsx" path="/Users/banbz/EIP/Guardos-mobile/restoMobile/Router.tsx">
        <metrics statements="55" coveredstatements="33" conditionals="36" coveredconditionals="14" methods="16" coveredmethods="8"/>
        <line num="30" count="2" type="stmt"/>
        <line num="31" count="2" type="stmt"/>
        <line num="32" count="2" type="stmt"/>
        <line num="33" count="2" type="stmt"/>
        <line num="35" count="2" type="stmt"/>
        <line num="36" count="11" type="stmt"/>
        <line num="38" count="9" type="stmt"/>
        <line num="39" count="0" type="stmt"/>
        <line num="42" count="9" type="stmt"/>
        <line num="43" count="3" type="stmt"/>
        <line num="44" count="3" type="stmt"/>
        <line num="46" count="0" type="cond" truecount="0" falsecount="2"/>
        <line num="47" count="0" type="stmt"/>
        <line num="48" count="0" type="stmt"/>
        <line num="51" count="0" type="stmt"/>
        <line num="53" count="0" type="cond" truecount="0" falsecount="2"/>
        <line num="54" count="0" type="stmt"/>
        <line num="56" count="0" type="stmt"/>
        <line num="57" count="0" type="stmt"/>
        <line num="60" count="3" type="stmt"/>
        <line num="64" count="9" type="stmt"/>
        <line num="65" count="3" type="stmt"/>
        <line num="68" count="9" type="stmt"/>
        <line num="71" count="10" type="stmt"/>
        <line num="75" count="20" type="cond" truecount="1" falsecount="1"/>
        <line num="76" count="0" type="cond" truecount="0" falsecount="2"/>
        <line num="77" count="20" type="cond" truecount="1" falsecount="1"/>
        <line num="78" count="0" type="cond" truecount="0" falsecount="2"/>
        <line num="79" count="20" type="cond" truecount="1" falsecount="1"/>
        <line num="80" count="0" type="cond" truecount="0" falsecount="2"/>
        <line num="81" count="20" type="cond" truecount="1" falsecount="1"/>
        <line num="82" count="0" type="cond" truecount="0" falsecount="2"/>
        <line num="83" count="20" type="cond" truecount="2" falsecount="0"/>
        <line num="84" count="10" type="cond" truecount="2" falsecount="0"/>
        <line num="85" count="10" type="cond" truecount="1" falsecount="1"/>
        <line num="86" count="10" type="cond" truecount="2" falsecount="0"/>
        <line num="87" count="0" type="cond" truecount="0" falsecount="2"/>
        <line num="88" count="0" type="cond" truecount="0" falsecount="2"/>
        <line num="94" count="20" type="cond" truecount="2" falsecount="0"/>
        <line num="110" count="0" type="stmt"/>
        <line num="119" count="5" type="stmt"/>
        <line num="131" count="2" type="stmt"/>
        <line num="132" count="0" type="stmt"/>
        <line num="148" count="2" type="stmt"/>
        <line num="149" count="0" type="stmt"/>
        <line num="175" count="2" type="stmt"/>
        <line num="176" count="0" type="stmt"/>
        <line num="197" count="2" type="stmt"/>
        <line num="198" count="0" type="stmt"/>
        <line num="219" count="2" type="stmt"/>
        <line num="220" count="0" type="stmt"/>
        <line num="224" count="0" type="stmt"/>
        <line num="234" count="2" type="stmt"/>
        <line num="235" count="5" type="stmt"/>
        <line num="238" count="5" type="stmt"/>
      </file>
    </package>
    <package name="restoMobile.src.assets">
      <metrics statements="2" coveredstatements="2" conditionals="0" coveredconditionals="0" methods="0" coveredmethods="0"/>
      <file name="placeholderImagesBase64.ts" path="/Users/banbz/EIP/Guardos-mobile/restoMobile/src/assets/placeholderImagesBase64.ts">
        <metrics statements="2" coveredstatements="2" conditionals="0" coveredconditionals="0" methods="0" coveredmethods="0"/>
        <line num="1" count="10" type="stmt"/>
        <line num="2" count="10" type="stmt"/>
      </file>
    </package>
    <package name="restoMobile.src.components">
      <metrics statements="27" coveredstatements="25" conditionals="6" coveredconditionals="6" methods="7" coveredmethods="5"/>
      <file name="Header.tsx" path="/Users/banbz/EIP/Guardos-mobile/restoMobile/src/components/Header.tsx">
        <metrics statements="4" coveredstatements="4" conditionals="0" coveredconditionals="0" methods="1" coveredmethods="1"/>
        <line num="13" count="5" type="stmt"/>
        <line num="24" count="142" type="stmt"/>
        <line num="32" count="5" type="stmt"/>
        <line num="34" count="5" type="stmt"/>
      </file>
      <file name="IconLabel.tsx" path="/Users/banbz/EIP/Guardos-mobile/restoMobile/src/components/IconLabel.tsx">
        <metrics statements="3" coveredstatements="3" conditionals="0" coveredconditionals="0" methods="1" coveredmethods="1"/>
        <line num="5" count="1" type="stmt"/>
        <line num="6" count="3" type="stmt"/>
        <line num="13" count="1" type="stmt"/>
      </file>
      <file name="RestaurantCard.styles.ts" path="/Users/banbz/EIP/Guardos-mobile/restoMobile/src/components/RestaurantCard.styles.ts">
        <metrics statements="5" coveredstatements="5" conditionals="0" coveredconditionals="0" methods="0" coveredmethods="0"/>
        <line num="3" count="6" type="stmt"/>
        <line num="4" count="6" type="stmt"/>
        <line num="5" count="6" type="stmt"/>
        <line num="6" count="6" type="stmt"/>
        <line num="8" count="6" type="stmt"/>
      </file>
      <file name="RestaurantCard.tsx" path="/Users/banbz/EIP/Guardos-mobile/restoMobile/src/components/RestaurantCard.tsx">
        <metrics statements="15" coveredstatements="13" conditionals="6" coveredconditionals="6" methods="5" coveredmethods="3"/>
        <line num="12" count="6" type="stmt"/>
        <line num="13" count="57" type="stmt"/>
        <line num="14" count="54" type="stmt"/>
        <line num="16" count="54" type="stmt"/>
        <line num="17" count="0" type="stmt"/>
        <line num="20" count="54" type="stmt"/>
        <line num="21" count="0" type="stmt"/>
        <line num="24" count="54" type="stmt"/>
        <line num="25" count="54" type="stmt"/>
        <line num="27" count="27" type="cond" truecount="2" falsecount="0"/>
        <line num="28" count="4" type="stmt"/>
        <line num="29" count="4" type="stmt"/>
        <line num="31" count="23" type="stmt"/>
        <line num="42" count="27" type="stmt"/>
        <line num="45" count="54" type="stmt"/>
      </file>
    </package>
    <package name="restoMobile.src.components.DishCard">
      <metrics statements="31" coveredstatements="25" conditionals="12" coveredconditionals="11" methods="5" coveredmethods="3"/>
      <file name="DishCard.style.ts" path="/Users/banbz/EIP/Guardos-mobile/restoMobile/src/components/DishCard/DishCard.style.ts">
        <metrics statements="5" coveredstatements="5" conditionals="0" coveredconditionals="0" methods="0" coveredmethods="0"/>
        <line num="3" count="4" type="stmt"/>
        <line num="4" count="4" type="stmt"/>
        <line num="5" count="4" type="stmt"/>
        <line num="6" count="4" type="stmt"/>
        <line num="8" count="4" type="stmt"/>
      </file>
      <file name="DishCard.tsx" path="/Users/banbz/EIP/Guardos-mobile/restoMobile/src/components/DishCard/DishCard.tsx">
        <metrics statements="26" coveredstatements="20" conditionals="12" coveredconditionals="11" methods="5" coveredmethods="3"/>
        <line num="18" count="4" type="stmt"/>
        <line num="20" count="4" type="stmt"/>
        <line num="21" count="32" type="stmt"/>
        <line num="22" count="32" type="stmt"/>
        <line num="23" count="32" type="stmt"/>
        <line num="26" count="32" type="cond" truecount="1" falsecount="1"/>
        <line num="27" count="0" type="stmt"/>
        <line num="30" count="32" type="cond" truecount="2" falsecount="0"/>
        <line num="31" count="1" type="stmt"/>
        <line num="33" count="32" type="cond" truecount="2" falsecount="0"/>
        <line num="34" count="1" type="stmt"/>
        <line num="37" count="32" type="stmt"/>
        <line num="38" count="0" type="stmt"/>
        <line num="41" count="32" type="stmt"/>
        <line num="42" count="0" type="stmt"/>
        <line num="43" count="0" type="stmt"/>
        <line num="45" count="0" type="stmt"/>
        <line num="47" count="0" type="stmt"/>
        <line num="51" count="32" type="stmt"/>
        <line num="52" count="32" type="stmt"/>
        <line num="54" count="16" type="cond" truecount="2" falsecount="0"/>
        <line num="55" count="5" type="stmt"/>
        <line num="56" count="5" type="stmt"/>
        <line num="58" count="11" type="stmt"/>
        <line num="69" count="16" type="stmt"/>
        <line num="81" count="32" type="stmt"/>
      </file>
    </package>
    <package name="restoMobile.src.components.ErrorBoundary">
      <metrics statements="9" coveredstatements="6" conditionals="4" coveredconditionals="2" methods="4" coveredmethods="2"/>
      <file name="ErrorBoundary.tsx" path="/Users/banbz/EIP/Guardos-mobile/restoMobile/src/components/ErrorBoundary/ErrorBoundary.tsx">
        <metrics statements="9" coveredstatements="6" conditionals="4" coveredconditionals="2" methods="4" coveredmethods="2"/>
        <line num="16" count="4" type="stmt"/>
        <line num="20" count="1" type="stmt"/>
        <line num="25" count="3" type="stmt"/>
        <line num="29" count="0" type="cond" truecount="0" falsecount="2"/>
        <line num="30" count="0" type="stmt"/>
        <line num="34" count="4" type="stmt"/>
        <line num="35" count="0" type="stmt"/>
        <line num="39" count="7" type="stmt"/>
        <line num="41" count="7" type="cond" truecount="2" falsecount="0"/>
      </file>
    </package>
    <package name="restoMobile.src.components.ErrorBoundary.FallbackComponent">
      <metrics statements="3" coveredstatements="2" conditionals="0" coveredconditionals="0" methods="1" coveredmethods="0"/>
      <file name="FallbackComponent.tsx" path="/Users/banbz/EIP/Guardos-mobile/restoMobile/src/components/ErrorBoundary/FallbackComponent/FallbackComponent.tsx">
        <metrics statements="2" coveredstatements="1" conditionals="0" coveredconditionals="0" methods="1" coveredmethods="0"/>
        <line num="8" count="1" type="stmt"/>
        <line num="9" count="0" type="stmt"/>
      </file>
      <file name="styles.ts" path="/Users/banbz/EIP/Guardos-mobile/restoMobile/src/components/ErrorBoundary/FallbackComponent/styles.ts">
        <metrics statements="1" coveredstatements="1" conditionals="0" coveredconditionals="0" methods="0" coveredmethods="0"/>
        <line num="3" count="1" type="stmt"/>
      </file>
    </package>
    <package name="restoMobile.src.components.ModalConfirm">
      <metrics statements="3" coveredstatements="3" conditionals="0" coveredconditionals="0" methods="1" coveredmethods="1"/>
      <file name="ModalConfirm.styles.ts" path="/Users/banbz/EIP/Guardos-mobile/restoMobile/src/components/ModalConfirm/ModalConfirm.styles.ts">
        <metrics statements="1" coveredstatements="1" conditionals="0" coveredconditionals="0" methods="0" coveredmethods="0"/>
        <line num="3" count="6" type="stmt"/>
      </file>
      <file name="ModalConfirm.tsx" path="/Users/banbz/EIP/Guardos-mobile/restoMobile/src/components/ModalConfirm/ModalConfirm.tsx">
        <metrics statements="2" coveredstatements="2" conditionals="0" coveredconditionals="0" methods="1" coveredmethods="1"/>
        <line num="11" count="6" type="stmt"/>
        <line num="12" count="41" type="stmt"/>
      </file>
    </package>
    <package name="restoMobile.src.components.ProductCard">
      <metrics statements="25" coveredstatements="16" conditionals="0" coveredconditionals="0" methods="8" coveredmethods="3"/>
      <file name="ProductCard.styles.ts" path="/Users/banbz/EIP/Guardos-mobile/restoMobile/src/components/ProductCard/ProductCard.styles.ts">
        <metrics statements="2" coveredstatements="2" conditionals="0" coveredconditionals="0" methods="0" coveredmethods="0"/>
        <line num="3" count="4" type="stmt"/>
        <line num="5" count="4" type="stmt"/>
      </file>
      <file name="ProductCard.tsx" path="/Users/banbz/EIP/Guardos-mobile/restoMobile/src/components/ProductCard/ProductCard.tsx">
        <metrics statements="23" coveredstatements="14" conditionals="0" coveredconditionals="0" methods="8" coveredmethods="3"/>
        <line num="20" count="4" type="stmt"/>
        <line num="21" count="16" type="stmt"/>
        <line num="22" count="16" type="stmt"/>
        <line num="23" count="16" type="stmt"/>
        <line num="25" count="16" type="stmt"/>
        <line num="26" count="5" type="stmt"/>
        <line num="27" count="5" type="stmt"/>
        <line num="28" count="5" type="stmt"/>
        <line num="29" count="5" type="stmt"/>
        <line num="31" count="0" type="stmt"/>
        <line num="35" count="5" type="stmt"/>
        <line num="38" count="16" type="stmt"/>
        <line num="39" count="0" type="stmt"/>
        <line num="42" count="16" type="stmt"/>
        <line num="43" count="0" type="stmt"/>
        <line num="44" count="0" type="stmt"/>
        <line num="45" count="0" type="stmt"/>
        <line num="47" count="0" type="stmt"/>
        <line num="49" count="0" type="stmt"/>
        <line num="53" count="16" type="stmt"/>
        <line num="54" count="0" type="stmt"/>
        <line num="55" count="0" type="stmt"/>
        <line num="63" count="16" type="stmt"/>
      </file>
    </package>
    <package name="restoMobile.src.components.ProductForm">
      <metrics statements="66" coveredstatements="58" conditionals="37" coveredconditionals="31" methods="33" coveredmethods="28"/>
      <file name="ProductForm.styles.ts" path="/Users/banbz/EIP/Guardos-mobile/restoMobile/src/components/ProductForm/ProductForm.styles.ts">
        <metrics statements="1" coveredstatements="1" conditionals="0" coveredconditionals="0" methods="0" coveredmethods="0"/>
        <line num="3" count="4" type="stmt"/>
      </file>
      <file name="ProductForm.tsx" path="/Users/banbz/EIP/Guardos-mobile/restoMobile/src/components/ProductForm/ProductForm.tsx">
        <metrics statements="65" coveredstatements="57" conditionals="37" coveredconditionals="31" methods="33" coveredmethods="28"/>
        <line num="20" count="4" type="stmt"/>
        <line num="28" count="4" type="stmt"/>
        <line num="35" count="32" type="stmt"/>
        <line num="36" count="31" type="cond" truecount="2" falsecount="0"/>
        <line num="37" count="31" type="stmt"/>
        <line num="38" count="31" type="stmt"/>
        <line num="39" count="31" type="cond" truecount="2" falsecount="0"/>
        <line num="40" count="31" type="stmt"/>
        <line num="41" count="31" type="cond" truecount="1" falsecount="1"/>
        <line num="42" count="31" type="stmt"/>
        <line num="43" count="31" type="cond" truecount="2" falsecount="0"/>
        <line num="45" count="31" type="stmt"/>
        <line num="46" count="8" type="stmt"/>
        <line num="47" count="8" type="stmt"/>
        <line num="48" count="8" type="stmt"/>
        <line num="49" count="8" type="stmt"/>
        <line num="50" count="8" type="stmt"/>
        <line num="52" count="0" type="stmt"/>
        <line num="56" count="8" type="stmt"/>
        <line num="57" count="8" type="stmt"/>
        <line num="60" count="31" type="stmt"/>
        <line num="61" count="5" type="stmt"/>
        <line num="64" count="31" type="stmt"/>
        <line num="65" count="1" type="stmt"/>
        <line num="66" count="1" type="cond" truecount="1" falsecount="1"/>
        <line num="67" count="0" type="stmt"/>
        <line num="69" count="1" type="stmt"/>
        <line num="74" count="31" type="stmt"/>
        <line num="75" count="1" type="stmt"/>
        <line num="78" count="31" type="stmt"/>
        <line num="79" count="2" type="stmt"/>
        <line num="80" count="2" type="cond" truecount="4" falsecount="0"/>
        <line num="81" count="1" type="stmt"/>
        <line num="82" count="1" type="stmt"/>
        <line num="85" count="1" type="stmt"/>
        <line num="91" count="1" type="cond" truecount="1" falsecount="1"/>
        <line num="92" count="0" type="stmt"/>
        <line num="93" count="0" type="stmt"/>
        <line num="97" count="1" type="cond" truecount="1" falsecount="1"/>
        <line num="98" count="1" type="stmt"/>
        <line num="99" count="0" type="stmt"/>
        <line num="106" count="0" type="stmt"/>
        <line num="109" count="0" type="stmt"/>
        <line num="111" count="1" type="stmt"/>
        <line num="115" count="31" type="stmt"/>
        <line num="116" count="1" type="stmt"/>
        <line num="117" count="1" type="cond" truecount="1" falsecount="1"/>
        <line num="118" count="0" type="stmt"/>
        <line num="120" count="1" type="stmt"/>
        <line num="125" count="31" type="stmt"/>
        <line num="126" count="1" type="stmt"/>
        <line num="129" count="31" type="stmt"/>
        <line num="130" count="4" type="stmt"/>
        <line num="133" count="31" type="stmt"/>
        <line num="145" count="2" type="stmt"/>
        <line num="156" count="5" type="stmt"/>
        <line num="159" count="1" type="stmt"/>
        <line num="178" count="17" type="stmt"/>
        <line num="180" count="15" type="stmt"/>
        <line num="184" count="1" type="stmt"/>
        <line num="207" count="5" type="stmt"/>
        <line num="210" count="1" type="stmt"/>
        <line num="229" count="10" type="stmt"/>
        <line num="231" count="7" type="stmt"/>
        <line num="235" count="1" type="stmt"/>
      </file>
    </package>
    <package name="restoMobile.src.models">
      <metrics statements="0" coveredstatements="0" conditionals="0" coveredconditionals="0" methods="0" coveredmethods="0"/>
      <file name="dishesInterfaces.ts" path="/Users/banbz/EIP/Guardos-mobile/restoMobile/src/models/dishesInterfaces.ts">
        <metrics statements="0" coveredstatements="0" conditionals="0" coveredconditionals="0" methods="0" coveredmethods="0"/>
      </file>
      <file name="imageInterface.ts" path="/Users/banbz/EIP/Guardos-mobile/restoMobile/src/models/imageInterface.ts">
        <metrics statements="0" coveredstatements="0" conditionals="0" coveredconditionals="0" methods="0" coveredmethods="0"/>
      </file>
      <file name="ingedientsInterfaces.ts" path="/Users/banbz/EIP/Guardos-mobile/restoMobile/src/models/ingedientsInterfaces.ts">
        <metrics statements="0" coveredstatements="0" conditionals="0" coveredconditionals="0" methods="0" coveredmethods="0"/>
      </file>
      <file name="restaurantsInterfaces.ts" path="/Users/banbz/EIP/Guardos-mobile/restoMobile/src/models/restaurantsInterfaces.ts">
        <metrics statements="0" coveredstatements="0" conditionals="0" coveredconditionals="0" methods="0" coveredmethods="0"/>
      </file>
    </package>
    <package name="restoMobile.src.pages.AddPage">
      <metrics statements="34" coveredstatements="25" conditionals="8" coveredconditionals="3" methods="10" coveredmethods="5"/>
      <file name="AddPage.styles.ts" path="/Users/banbz/EIP/Guardos-mobile/restoMobile/src/pages/AddPage/AddPage.styles.ts">
        <metrics statements="4" coveredstatements="4" conditionals="2" coveredconditionals="1" methods="0" coveredmethods="0"/>
        <line num="3" count="1" type="stmt"/>
        <line num="4" count="1" type="stmt"/>
        <line num="5" count="1" type="stmt"/>
        <line num="7" count="1" type="stmt"/>
      </file>
      <file name="AddPage.tsx" path="/Users/banbz/EIP/Guardos-mobile/restoMobile/src/pages/AddPage/AddPage.tsx">
        <metrics statements="30" coveredstatements="21" conditionals="6" coveredconditionals="2" methods="10" coveredmethods="5"/>
        <line num="15" count="1" type="stmt"/>
        <line num="17" count="1" type="stmt"/>
        <line num="19" count="1" type="stmt"/>
        <line num="20" count="8" type="stmt"/>
        <line num="22" count="8" type="stmt"/>
        <line num="24" count="7" type="stmt"/>
        <line num="25" count="7" type="stmt"/>
        <line num="26" count="6" type="stmt"/>
        <line num="28" count="1" type="stmt"/>
        <line num="30" count="6" type="stmt"/>
        <line num="34" count="7" type="stmt"/>
        <line num="36" count="8" type="stmt"/>
        <line num="38" count="8" type="stmt"/>
        <line num="39" count="0" type="cond" truecount="0" falsecount="2"/>
        <line num="40" count="0" type="stmt"/>
        <line num="44" count="8" type="cond" truecount="2" falsecount="0"/>
        <line num="45" count="7" type="stmt"/>
        <line num="49" count="0" type="stmt"/>
        <line num="53" count="1" type="stmt"/>
        <line num="54" count="1" type="stmt"/>
        <line num="58" count="1" type="stmt"/>
        <line num="60" count="1" type="stmt"/>
        <line num="64" count="0" type="stmt"/>
        <line num="65" count="0" type="stmt"/>
        <line num="70" count="0" type="cond" truecount="0" falsecount="2"/>
        <line num="72" count="0" type="stmt"/>
        <line num="76" count="1" type="stmt"/>
        <line num="78" count="1" type="stmt"/>
        <line num="102" count="0" type="stmt"/>
        <line num="111" count="0" type="stmt"/>
      </file>
    </package>
    <package name="restoMobile.src.pages.AddProductScreen">
      <metrics statements="3" coveredstatements="2" conditionals="0" coveredconditionals="0" methods="1" coveredmethods="0"/>
      <file name="AddProductScreen.styles.ts" path="/Users/banbz/EIP/Guardos-mobile/restoMobile/src/pages/AddProductScreen/AddProductScreen.styles.ts">
        <metrics statements="1" coveredstatements="1" conditionals="0" coveredconditionals="0" methods="0" coveredmethods="0"/>
        <line num="3" count="2" type="stmt"/>
      </file>
      <file name="AddProductScreen.tsx" path="/Users/banbz/EIP/Guardos-mobile/restoMobile/src/pages/AddProductScreen/AddProductScreen.tsx">
        <metrics statements="2" coveredstatements="1" conditionals="0" coveredconditionals="0" methods="1" coveredmethods="0"/>
        <line num="6" count="2" type="stmt"/>
        <line num="7" count="0" type="stmt"/>
      </file>
    </package>
    <package name="restoMobile.src.pages.AddRestaurantScreen">
      <metrics statements="40" coveredstatements="35" conditionals="10" coveredconditionals="8" methods="3" coveredmethods="2"/>
      <file name="AddRestaurantScreen.styles.ts" path="/Users/banbz/EIP/Guardos-mobile/restoMobile/src/pages/AddRestaurantScreen/AddRestaurantScreen.styles.ts">
        <metrics statements="1" coveredstatements="1" conditionals="0" coveredconditionals="0" methods="0" coveredmethods="0"/>
        <line num="3" count="3" type="stmt"/>
      </file>
      <file name="AddRestaurantScreen.tsx" path="/Users/banbz/EIP/Guardos-mobile/restoMobile/src/pages/AddRestaurantScreen/AddRestaurantScreen.tsx">
        <metrics statements="39" coveredstatements="34" conditionals="10" coveredconditionals="8" methods="3" coveredmethods="2"/>
        <line num="12" count="3" type="stmt"/>
        <line num="13" count="34" type="stmt"/>
        <line num="14" count="34" type="stmt"/>
        <line num="15" count="34" type="stmt"/>
        <line num="16" count="34" type="stmt"/>
        <line num="17" count="34" type="stmt"/>
        <line num="18" count="34" type="stmt"/>
        <line num="19" count="34" type="stmt"/>
        <line num="20" count="34" type="stmt"/>
        <line num="21" count="34" type="stmt"/>
        <line num="22" count="34" type="stmt"/>
        <line num="23" count="34" type="stmt"/>
        <line num="25" count="34" type="stmt"/>
        <line num="26" count="5" type="cond" truecount="8" falsecount="0"/>
        <line num="27" count="3" type="stmt"/>
        <line num="28" count="3" type="stmt"/>
        <line num="30" count="2" type="stmt"/>
        <line num="31" count="2" type="stmt"/>
        <line num="47" count="2" type="stmt"/>
        <line num="51" count="2" type="stmt"/>
        <line num="52" count="2" type="stmt"/>
        <line num="53" count="2" type="stmt"/>
        <line num="54" count="2" type="stmt"/>
        <line num="55" count="2" type="stmt"/>
        <line num="56" count="2" type="stmt"/>
        <line num="57" count="2" type="stmt"/>
        <line num="58" count="2" type="stmt"/>
        <line num="59" count="2" type="stmt"/>
        <line num="60" count="2" type="stmt"/>
        <line num="61" count="2" type="stmt"/>
        <line num="62" count="2" type="stmt"/>
        <line num="63" count="2" type="stmt"/>
        <line num="65" count="0" type="stmt"/>
        <line num="66" count="0" type="stmt"/>
        <line num="70" count="34" type="stmt"/>
        <line num="71" count="0" type="stmt"/>
        <line num="78" count="0" type="cond" truecount="0" falsecount="2"/>
        <line num="79" count="0" type="stmt"/>
        <line num="83" count="34" type="stmt"/>
      </file>
    </package>
    <package name="restoMobile.src.pages.EditDishScreen">
      <metrics statements="171" coveredstatements="112" conditionals="72" coveredconditionals="37" methods="63" coveredmethods="33"/>
      <file name="EditDish.style.ts" path="/Users/banbz/EIP/Guardos-mobile/restoMobile/src/pages/EditDishScreen/EditDish.style.ts">
        <metrics statements="1" coveredstatements="1" conditionals="0" coveredconditionals="0" methods="0" coveredmethods="0"/>
        <line num="3" count="3" type="stmt"/>
      </file>
      <file name="EditDish.tsx" path="/Users/banbz/EIP/Guardos-mobile/restoMobile/src/pages/EditDishScreen/EditDish.tsx">
        <metrics statements="170" coveredstatements="111" conditionals="72" coveredconditionals="37" methods="63" coveredmethods="33"/>
        <line num="34" count="3" type="stmt"/>
        <line num="35" count="65" type="stmt"/>
        <line num="36" count="65" type="stmt"/>
        <line num="37" count="65" type="stmt"/>
        <line num="38" count="65" type="stmt"/>
        <line num="39" count="65" type="stmt"/>
        <line num="40" count="65" type="stmt"/>
        <line num="41" count="65" type="stmt"/>
        <line num="42" count="65" type="stmt"/>
        <line num="43" count="65" type="stmt"/>
        <line num="44" count="65" type="stmt"/>
        <line num="45" count="65" type="stmt"/>
        <line num="46" count="65" type="stmt"/>
        <line num="47" count="65" type="stmt"/>
        <line num="48" count="65" type="stmt"/>
        <line num="49" count="65" type="stmt"/>
        <line num="50" count="65" type="stmt"/>
        <line num="51" count="65" type="stmt"/>
        <line num="52" count="65" type="stmt"/>
        <line num="56" count="65" type="stmt"/>
        <line num="57" count="0" type="stmt"/>
        <line num="58" count="0" type="stmt"/>
        <line num="61" count="65" type="stmt"/>
        <line num="62" count="0" type="stmt"/>
        <line num="63" count="0" type="stmt"/>
        <line num="66" count="65" type="stmt"/>
        <line num="67" count="1" type="stmt"/>
        <line num="68" count="1" type="stmt"/>
        <line num="71" count="65" type="stmt"/>
        <line num="72" count="1" type="stmt"/>
        <line num="73" count="1" type="stmt"/>
        <line num="76" count="65" type="stmt"/>
        <line num="77" count="3" type="stmt"/>
        <line num="79" count="3" type="stmt"/>
        <line num="80" count="3" type="stmt"/>
        <line num="82" count="3" type="stmt"/>
        <line num="83" count="3" type="stmt"/>
        <line num="86" count="65" type="stmt"/>
        <line num="88" count="1" type="cond" truecount="1" falsecount="1"/>
        <line num="89" count="0" type="stmt"/>
        <line num="93" count="1" type="stmt"/>
        <line num="94" count="0" type="stmt"/>
        <line num="96" count="0" type="stmt"/>
        <line num="97" count="0" type="stmt"/>
        <line num="101" count="65" type="stmt"/>
        <line num="104" count="2" type="cond" truecount="1" falsecount="1"/>
        <line num="105" count="0" type="stmt"/>
        <line num="107" count="2" type="stmt"/>
        <line num="108" count="2" type="stmt"/>
        <line num="112" count="2" type="stmt"/>
        <line num="113" count="2" type="stmt"/>
        <line num="115" count="2" type="stmt"/>
        <line num="116" count="2" type="stmt"/>
        <line num="119" count="65" type="stmt"/>
        <line num="120" count="2" type="stmt"/>
        <line num="121" count="2" type="stmt"/>
        <line num="123" count="2" type="stmt"/>
        <line num="124" count="2" type="stmt"/>
        <line num="126" count="2" type="stmt"/>
        <line num="127" count="2" type="stmt"/>
        <line num="131" count="65" type="stmt"/>
        <line num="132" count="0" type="cond" truecount="0" falsecount="2"/>
        <line num="133" count="0" type="stmt"/>
        <line num="135" count="0" type="stmt"/>
        <line num="139" count="65" type="stmt"/>
        <line num="140" count="0" type="cond" truecount="0" falsecount="2"/>
        <line num="141" count="0" type="stmt"/>
        <line num="143" count="0" type="stmt"/>
        <line num="147" count="65" type="stmt"/>
        <line num="148" count="0" type="cond" truecount="0" falsecount="2"/>
        <line num="149" count="0" type="stmt"/>
        <line num="151" count="0" type="stmt"/>
        <line num="155" count="65" type="stmt"/>
        <line num="156" count="0" type="cond" truecount="0" falsecount="2"/>
        <line num="157" count="0" type="stmt"/>
        <line num="159" count="0" type="stmt"/>
        <line num="163" count="65" type="stmt"/>
        <line num="164" count="28" type="stmt"/>
        <line num="165" count="28" type="cond" truecount="1" falsecount="1"/>
        <line num="166" count="0" type="stmt"/>
        <line num="167" count="0" type="stmt"/>
        <line num="169" count="0" type="stmt"/>
        <line num="178" count="0" type="stmt"/>
        <line num="179" count="0" type="stmt"/>
        <line num="189" count="28" type="stmt"/>
        <line num="200" count="28" type="stmt"/>
        <line num="203" count="65" type="stmt"/>
        <line num="204" count="1" type="cond" truecount="1" falsecount="1"/>
        <line num="205" count="0" type="stmt"/>
        <line num="206" count="0" type="stmt"/>
        <line num="217" count="65" type="stmt"/>
        <line num="218" count="1" type="stmt"/>
        <line num="219" count="1" type="cond" truecount="1" falsecount="1"/>
        <line num="220" count="0" type="stmt"/>
        <line num="221" count="0" type="stmt"/>
        <line num="224" count="1" type="stmt"/>
        <line num="230" count="0" type="cond" truecount="0" falsecount="2"/>
        <line num="231" count="0" type="cond" truecount="0" falsecount="4"/>
        <line num="232" count="0" type="stmt"/>
        <line num="234" count="0" type="stmt"/>
        <line num="236" count="0" type="cond" truecount="0" falsecount="2"/>
        <line num="237" count="0" type="stmt"/>
        <line num="238" count="0" type="stmt"/>
        <line num="240" count="0" type="stmt"/>
        <line num="248" count="65" type="stmt"/>
        <line num="249" count="14" type="stmt"/>
        <line num="250" count="14" type="stmt"/>
        <line num="254" count="14" type="stmt"/>
        <line num="255" count="14" type="stmt"/>
        <line num="256" count="14" type="stmt"/>
        <line num="257" count="14" type="stmt"/>
        <line num="258" count="14" type="stmt"/>
        <line num="259" count="14" type="stmt"/>
        <line num="260" count="14" type="stmt"/>
        <line num="261" count="14" type="stmt"/>
        <line num="262" count="14" type="stmt"/>
        <line num="263" count="14" type="stmt"/>
        <line num="264" count="14" type="stmt"/>
        <line num="265" count="14" type="stmt"/>
        <line num="266" count="14" type="cond" truecount="2" falsecount="0"/>
        <line num="267" count="8" type="stmt"/>
        <line num="270" count="0" type="stmt"/>
        <line num="274" count="65" type="stmt"/>
        <line num="275" count="2" type="stmt"/>
        <line num="278" count="2" type="cond" truecount="9" falsecount="1"/>
        <line num="279" count="0" type="stmt"/>
        <line num="280" count="0" type="stmt"/>
        <line num="282" count="2" type="stmt"/>
        <line num="283" count="2" type="stmt"/>
        <line num="284" count="2" type="cond" truecount="3" falsecount="1"/>
        <line num="285" count="2" type="stmt"/>
        <line num="300" count="2" type="stmt"/>
        <line num="301" count="2" type="stmt"/>
        <line num="302" count="2" type="stmt"/>
        <line num="303" count="2" type="cond" truecount="3" falsecount="1"/>
        <line num="304" count="2" type="stmt"/>
        <line num="306" count="2" type="cond" truecount="1" falsecount="1"/>
        <line num="307" count="0" type="stmt"/>
        <line num="308" count="0" type="cond" truecount="0" falsecount="4"/>
        <line num="309" count="0" type="stmt"/>
        <line num="313" count="2" type="stmt"/>
        <line num="314" count="2" type="stmt"/>
        <line num="317" count="65" type="stmt"/>
        <line num="320" count="0" type="stmt"/>
        <line num="328" count="1" type="stmt"/>
        <line num="365" count="0" type="stmt"/>
        <line num="374" count="0" type="stmt"/>
        <line num="382" count="0" type="stmt"/>
        <line num="393" count="0" type="stmt"/>
        <line num="396" count="0" type="stmt"/>
        <line num="405" count="3" type="stmt"/>
        <line num="415" count="0" type="stmt"/>
        <line num="418" count="0" type="stmt"/>
        <line num="427" count="1" type="stmt"/>
        <line num="437" count="50" type="stmt"/>
        <line num="440" count="1" type="stmt"/>
        <line num="449" count="2" type="stmt"/>
        <line num="459" count="50" type="stmt"/>
        <line num="462" count="1" type="stmt"/>
        <line num="471" count="2" type="stmt"/>
        <line num="486" count="0" type="stmt"/>
        <line num="495" count="2" type="stmt"/>
        <line num="498" count="0" type="stmt"/>
        <line num="506" count="0" type="stmt"/>
        <line num="509" count="0" type="stmt"/>
        <line num="518" count="2" type="stmt"/>
        <line num="521" count="0" type="stmt"/>
        <line num="530" count="2" type="stmt"/>
        <line num="533" count="0" type="stmt"/>
        <line num="545" count="0" type="stmt"/>
      </file>
    </package>
    <package name="restoMobile.src.pages.EditProductPage">
      <metrics statements="3" coveredstatements="3" conditionals="0" coveredconditionals="0" methods="1" coveredmethods="1"/>
      <file name="EditProductPage.styles.ts" path="/Users/banbz/EIP/Guardos-mobile/restoMobile/src/pages/EditProductPage/EditProductPage.styles.ts">
        <metrics statements="1" coveredstatements="1" conditionals="0" coveredconditionals="0" methods="0" coveredmethods="0"/>
        <line num="3" count="3" type="stmt"/>
      </file>
      <file name="EditProductPage.tsx" path="/Users/banbz/EIP/Guardos-mobile/restoMobile/src/pages/EditProductPage/EditProductPage.tsx">
        <metrics statements="2" coveredstatements="2" conditionals="0" coveredconditionals="0" methods="1" coveredmethods="1"/>
        <line num="20" count="3" type="stmt"/>
        <line num="21" count="1" type="stmt"/>
      </file>
    </package>
    <package name="restoMobile.src.pages.EditRestaurant">
      <metrics statements="83" coveredstatements="72" conditionals="18" coveredconditionals="9" methods="22" coveredmethods="18"/>
      <file name="EditRestaurant.styles.ts" path="/Users/banbz/EIP/Guardos-mobile/restoMobile/src/pages/EditRestaurant/EditRestaurant.styles.ts">
        <metrics statements="1" coveredstatements="1" conditionals="0" coveredconditionals="0" methods="0" coveredmethods="0"/>
        <line num="3" count="3" type="stmt"/>
      </file>
      <file name="EditRestaurant.tsx" path="/Users/banbz/EIP/Guardos-mobile/restoMobile/src/pages/EditRestaurant/EditRestaurant.tsx">
        <metrics statements="82" coveredstatements="71" conditionals="18" coveredconditionals="9" methods="22" coveredmethods="18"/>
        <line num="11" count="3" type="stmt"/>
        <line num="12" count="64" type="stmt"/>
        <line num="13" count="64" type="stmt"/>
        <line num="14" count="64" type="stmt"/>
        <line num="15" count="64" type="stmt"/>
        <line num="16" count="64" type="stmt"/>
        <line num="17" count="64" type="stmt"/>
        <line num="18" count="64" type="stmt"/>
        <line num="19" count="64" type="stmt"/>
        <line num="20" count="64" type="stmt"/>
        <line num="21" count="64" type="stmt"/>
        <line num="22" count="64" type="stmt"/>
        <line num="23" count="64" type="stmt"/>
        <line num="24" count="64" type="stmt"/>
        <line num="26" count="64" type="stmt"/>
        <line num="27" count="9" type="stmt"/>
        <line num="28" count="9" type="stmt"/>
        <line num="29" count="9" type="stmt"/>
        <line num="30" count="7" type="stmt"/>
        <line num="32" count="3" type="stmt"/>
        <line num="33" count="3" type="stmt"/>
        <line num="34" count="3" type="stmt"/>
        <line num="35" count="3" type="stmt"/>
        <line num="36" count="3" type="stmt"/>
        <line num="37" count="3" type="stmt"/>
        <line num="38" count="3" type="stmt"/>
        <line num="39" count="3" type="stmt"/>
        <line num="40" count="3" type="stmt"/>
        <line num="41" count="3" type="stmt"/>
        <line num="42" count="3" type="stmt"/>
        <line num="44" count="6" type="stmt"/>
        <line num="48" count="9" type="stmt"/>
        <line num="51" count="64" type="stmt"/>
        <line num="52" count="12" type="stmt"/>
        <line num="53" count="12" type="cond" truecount="2" falsecount="0"/>
        <line num="54" count="3" type="stmt"/>
        <line num="55" count="3" type="stmt"/>
        <line num="57" count="3" type="stmt"/>
        <line num="66" count="3" type="stmt"/>
        <line num="67" count="3" type="stmt"/>
        <line num="77" count="9" type="stmt"/>
        <line num="88" count="12" type="stmt"/>
        <line num="91" count="64" type="stmt"/>
        <line num="92" count="1" type="cond" truecount="1" falsecount="1"/>
        <line num="93" count="1" type="stmt"/>
        <line num="94" count="1" type="stmt"/>
        <line num="105" count="64" type="stmt"/>
        <line num="106" count="2" type="stmt"/>
        <line num="107" count="2" type="cond" truecount="2" falsecount="0"/>
        <line num="108" count="1" type="stmt"/>
        <line num="109" count="0" type="stmt"/>
        <line num="112" count="1" type="stmt"/>
        <line num="118" count="0" type="cond" truecount="0" falsecount="2"/>
        <line num="119" count="0" type="cond" truecount="0" falsecount="4"/>
        <line num="120" count="0" type="stmt"/>
        <line num="122" count="0" type="stmt"/>
        <line num="124" count="0" type="cond" truecount="0" falsecount="2"/>
        <line num="125" count="0" type="stmt"/>
        <line num="126" count="0" type="stmt"/>
        <line num="128" count="0" type="stmt"/>
        <line num="136" count="64" type="stmt"/>
        <line num="137" count="3" type="stmt"/>
        <line num="138" count="3" type="stmt"/>
        <line num="152" count="3" type="stmt"/>
        <line num="160" count="2" type="cond" truecount="2" falsecount="0"/>
        <line num="161" count="1" type="stmt"/>
        <line num="165" count="0" type="stmt"/>
        <line num="170" count="1" type="stmt"/>
        <line num="173" count="1" type="stmt"/>
        <line num="174" count="1" type="stmt"/>
        <line num="178" count="64" type="stmt"/>
        <line num="180" count="0" type="stmt"/>
        <line num="189" count="1" type="stmt"/>
        <line num="219" count="1" type="stmt"/>
        <line num="225" count="1" type="stmt"/>
        <line num="233" count="1" type="stmt"/>
        <line num="239" count="1" type="stmt"/>
        <line num="250" count="1" type="stmt"/>
        <line num="256" count="1" type="stmt"/>
        <line num="264" count="1" type="stmt"/>
        <line num="270" count="1" type="stmt"/>
        <line num="278" count="1" type="stmt"/>
      </file>
    </package>
    <package name="restoMobile.src.pages.HomeScreen">
      <metrics statements="28" coveredstatements="19" conditionals="0" coveredconditionals="0" methods="12" coveredmethods="8"/>
      <file name="HomeScreen.styles.ts" path="/Users/banbz/EIP/Guardos-mobile/restoMobile/src/pages/HomeScreen/HomeScreen.styles.ts">
        <metrics statements="1" coveredstatements="1" conditionals="0" coveredconditionals="0" methods="0" coveredmethods="0"/>
        <line num="3" count="1" type="stmt"/>
      </file>
      <file name="HomeScreen.tsx" path="/Users/banbz/EIP/Guardos-mobile/restoMobile/src/pages/HomeScreen/HomeScreen.tsx">
        <metrics statements="27" coveredstatements="18" conditionals="0" coveredconditionals="0" methods="12" coveredmethods="8"/>
        <line num="12" count="1" type="stmt"/>
        <line num="13" count="13" type="stmt"/>
        <line num="14" count="13" type="stmt"/>
        <line num="15" count="13" type="stmt"/>
        <line num="17" count="13" type="stmt"/>
        <line num="18" count="7" type="stmt"/>
        <line num="21" count="13" type="stmt"/>
        <line num="22" count="7" type="stmt"/>
        <line num="24" count="6" type="stmt"/>
        <line num="27" count="1" type="stmt"/>
        <line num="31" count="13" type="stmt"/>
        <line num="32" count="0" type="stmt"/>
        <line num="34" count="0" type="stmt"/>
        <line num="35" count="0" type="stmt"/>
        <line num="36" count="0" type="stmt"/>
        <line num="38" count="0" type="stmt"/>
        <line num="42" count="13" type="stmt"/>
        <line num="43" count="1" type="stmt"/>
        <line num="46" count="13" type="stmt"/>
        <line num="47" count="0" type="stmt"/>
        <line num="51" count="13" type="stmt"/>
        <line num="52" count="0" type="stmt"/>
        <line num="53" count="0" type="stmt"/>
        <line num="54" count="0" type="stmt"/>
        <line num="57" count="13" type="stmt"/>
        <line num="64" count="12" type="stmt"/>
        <line num="68" count="18" type="stmt"/>
      </file>
    </package>
    <package name="restoMobile.src.pages.MenuPage">
      <metrics statements="58" coveredstatements="48" conditionals="15" coveredconditionals="10" methods="14" coveredmethods="10"/>
      <file name="MenuPage.styles.ts" path="/Users/banbz/EIP/Guardos-mobile/restoMobile/src/pages/MenuPage/MenuPage.styles.ts">
        <metrics statements="5" coveredstatements="5" conditionals="0" coveredconditionals="0" methods="0" coveredmethods="0"/>
        <line num="3" count="3" type="stmt"/>
        <line num="4" count="3" type="stmt"/>
        <line num="5" count="3" type="stmt"/>
        <line num="6" count="3" type="stmt"/>
        <line num="8" count="3" type="stmt"/>
      </file>
      <file name="MenuPage.tsx" path="/Users/banbz/EIP/Guardos-mobile/restoMobile/src/pages/MenuPage/MenuPage.tsx">
        <metrics statements="53" coveredstatements="43" conditionals="15" coveredconditionals="10" methods="14" coveredmethods="10"/>
        <line num="21" count="3" type="stmt"/>
        <line num="22" count="18" type="stmt"/>
        <line num="23" count="18" type="stmt"/>
        <line num="24" count="18" type="stmt"/>
        <line num="25" count="18" type="stmt"/>
        <line num="26" count="18" type="stmt"/>
        <line num="27" count="18" type="stmt"/>
        <line num="28" count="18" type="stmt"/>
        <line num="30" count="18" type="stmt"/>
        <line num="31" count="4" type="stmt"/>
        <line num="33" count="18" type="stmt"/>
        <line num="35" count="18" type="stmt"/>
        <line num="36" count="4" type="stmt"/>
        <line num="37" count="4" type="stmt"/>
        <line num="40" count="18" type="stmt"/>
        <line num="41" count="1" type="stmt"/>
        <line num="42" count="0" type="stmt"/>
        <line num="47" count="18" type="stmt"/>
        <line num="48" count="4" type="stmt"/>
        <line num="49" count="4" type="stmt"/>
        <line num="50" count="4" type="stmt"/>
        <line num="51" count="3" type="stmt"/>
        <line num="53" count="6" type="stmt"/>
        <line num="54" count="3" type="cond" truecount="1" falsecount="1"/>
        <line num="55" count="3" type="stmt"/>
        <line num="56" count="3" type="stmt"/>
        <line num="57" count="3" type="stmt"/>
        <line num="58" count="6" type="stmt"/>
        <line num="61" count="3" type="stmt"/>
        <line num="63" count="6" type="stmt"/>
        <line num="64" count="6" type="stmt"/>
        <line num="68" count="3" type="stmt"/>
        <line num="69" count="3" type="stmt"/>
        <line num="71" count="0" type="stmt"/>
        <line num="74" count="1" type="stmt"/>
        <line num="76" count="4" type="stmt"/>
        <line num="80" count="18" type="stmt"/>
        <line num="82" count="18" type="stmt"/>
        <line num="83" count="6" type="cond" truecount="1" falsecount="1"/>
        <line num="84" count="6" type="cond" truecount="1" falsecount="1"/>
        <line num="85" count="6" type="stmt"/>
        <line num="88" count="18" type="stmt"/>
        <line num="89" count="0" type="stmt"/>
        <line num="90" count="0" type="stmt"/>
        <line num="93" count="18" type="stmt"/>
        <line num="94" count="0" type="cond" truecount="0" falsecount="2"/>
        <line num="95" count="0" type="stmt"/>
        <line num="96" count="0" type="stmt"/>
        <line num="97" count="0" type="stmt"/>
        <line num="102" count="18" type="stmt"/>
        <line num="110" count="6" type="stmt"/>
        <line num="124" count="0" type="stmt"/>
        <line num="138" count="0" type="stmt"/>
      </file>
    </package>
    <package name="restoMobile.src.pages.MyDishesScreen">
      <metrics statements="32" coveredstatements="21" conditionals="2" coveredconditionals="1" methods="12" coveredmethods="5"/>
      <file name="MyDishScreen.styles.ts" path="/Users/banbz/EIP/Guardos-mobile/restoMobile/src/pages/MyDishesScreen/MyDishScreen.styles.ts">
        <metrics statements="1" coveredstatements="1" conditionals="0" coveredconditionals="0" methods="0" coveredmethods="0"/>
        <line num="3" count="3" type="stmt"/>
      </file>
      <file name="MyDishesScreen.tsx" path="/Users/banbz/EIP/Guardos-mobile/restoMobile/src/pages/MyDishesScreen/MyDishesScreen.tsx">
        <metrics statements="31" coveredstatements="20" conditionals="2" coveredconditionals="1" methods="12" coveredmethods="5"/>
        <line num="10" count="3" type="stmt"/>
        <line num="11" count="11" type="stmt"/>
        <line num="12" count="11" type="stmt"/>
        <line num="13" count="11" type="stmt"/>
        <line num="14" count="10" type="stmt"/>
        <line num="16" count="10" type="stmt"/>
        <line num="17" count="5" type="stmt"/>
        <line num="18" count="5" type="stmt"/>
        <line num="19" count="5" type="stmt"/>
        <line num="20" count="5" type="stmt"/>
        <line num="22" count="0" type="stmt"/>
        <line num="26" count="10" type="stmt"/>
        <line num="27" count="5" type="cond" truecount="1" falsecount="1"/>
        <line num="28" count="5" type="stmt"/>
        <line num="32" count="10" type="stmt"/>
        <line num="33" count="0" type="stmt"/>
        <line num="34" count="0" type="stmt"/>
        <line num="35" count="0" type="stmt"/>
        <line num="37" count="0" type="stmt"/>
        <line num="41" count="10" type="stmt"/>
        <line num="42" count="0" type="stmt"/>
        <line num="43" count="0" type="stmt"/>
        <line num="46" count="10" type="stmt"/>
        <line num="47" count="0" type="stmt"/>
        <line num="50" count="10" type="stmt"/>
        <line num="51" count="0" type="stmt"/>
        <line num="52" count="0" type="stmt"/>
        <line num="55" count="10" type="stmt"/>
        <line num="60" count="10" type="stmt"/>
        <line num="61" count="0" type="stmt"/>
        <line num="64" count="15" type="stmt"/>
      </file>
    </package>
    <package name="restoMobile.src.pages.MyProductsScreen">
      <metrics statements="20" coveredstatements="17" conditionals="0" coveredconditionals="0" methods="6" coveredmethods="5"/>
      <file name="MyProductsScreen.styles.ts" path="/Users/banbz/EIP/Guardos-mobile/restoMobile/src/pages/MyProductsScreen/MyProductsScreen.styles.ts">
        <metrics statements="1" coveredstatements="1" conditionals="0" coveredconditionals="0" methods="0" coveredmethods="0"/>
        <line num="3" count="3" type="stmt"/>
      </file>
      <file name="MyProductsScreen.tsx" path="/Users/banbz/EIP/Guardos-mobile/restoMobile/src/pages/MyProductsScreen/MyProductsScreen.tsx">
        <metrics statements="19" coveredstatements="16" conditionals="0" coveredconditionals="0" methods="6" coveredmethods="5"/>
        <line num="12" count="3" type="stmt"/>
        <line num="13" count="6" type="stmt"/>
        <line num="14" count="6" type="stmt"/>
        <line num="16" count="6" type="stmt"/>
        <line num="17" count="3" type="stmt"/>
        <line num="18" count="3" type="stmt"/>
        <line num="19" count="3" type="stmt"/>
        <line num="20" count="3" type="stmt"/>
        <line num="21" count="3" type="stmt"/>
        <line num="23" count="3" type="stmt"/>
        <line num="27" count="3" type="stmt"/>
        <line num="30" count="6" type="stmt"/>
        <line num="31" count="0" type="stmt"/>
        <line num="32" count="0" type="stmt"/>
        <line num="33" count="0" type="stmt"/>
        <line num="36" count="6" type="stmt"/>
        <line num="37" count="1" type="stmt"/>
        <line num="40" count="6" type="stmt"/>
        <line num="43" count="6" type="stmt"/>
      </file>
    </package>
    <package name="restoMobile.src.pages.MyRestaurantsScreen">
      <metrics statements="28" coveredstatements="21" conditionals="2" coveredconditionals="1" methods="12" coveredmethods="10"/>
      <file name="MyRestaurantsScreen.styles.ts" path="/Users/banbz/EIP/Guardos-mobile/restoMobile/src/pages/MyRestaurantsScreen/MyRestaurantsScreen.styles.ts">
        <metrics statements="1" coveredstatements="1" conditionals="0" coveredconditionals="0" methods="0" coveredmethods="0"/>
        <line num="3" count="3" type="stmt"/>
      </file>
      <file name="MyRestaurantsScreen.tsx" path="/Users/banbz/EIP/Guardos-mobile/restoMobile/src/pages/MyRestaurantsScreen/MyRestaurantsScreen.tsx">
        <metrics statements="27" coveredstatements="20" conditionals="2" coveredconditionals="1" methods="12" coveredmethods="10"/>
        <line num="14" count="3" type="stmt"/>
        <line num="15" count="12" type="stmt"/>
        <line num="16" count="12" type="stmt"/>
        <line num="17" count="11" type="stmt"/>
        <line num="19" count="11" type="stmt"/>
        <line num="20" count="6" type="stmt"/>
        <line num="23" count="11" type="stmt"/>
        <line num="24" count="6" type="stmt"/>
        <line num="25" count="6" type="stmt"/>
        <line num="27" count="5" type="stmt"/>
        <line num="30" count="1" type="stmt"/>
        <line num="34" count="11" type="stmt"/>
        <line num="36" count="0" type="stmt"/>
        <line num="37" count="0" type="stmt"/>
        <line num="38" count="0" type="stmt"/>
        <line num="40" count="0" type="stmt"/>
        <line num="44" count="11" type="stmt"/>
        <line num="45" count="0" type="stmt"/>
        <line num="46" count="0" type="stmt"/>
        <line num="47" count="0" type="stmt"/>
        <line num="50" count="11" type="stmt"/>
        <line num="51" count="1" type="stmt"/>
        <line num="54" count="11" type="stmt"/>
        <line num="55" count="1" type="stmt"/>
        <line num="58" count="11" type="stmt"/>
        <line num="64" count="10" type="stmt"/>
        <line num="68" count="15" type="cond" truecount="1" falsecount="1"/>
      </file>
    </package>
    <package name="restoMobile.src.pages.ProfileScreen.ChangePassword">
      <metrics statements="33" coveredstatements="10" conditionals="20" coveredconditionals="3" methods="3" coveredmethods="1"/>
      <file name="ChangePasswordScreen.styles.ts" path="/Users/banbz/EIP/Guardos-mobile/restoMobile/src/pages/ProfileScreen/ChangePassword/ChangePasswordScreen.styles.ts">
        <metrics statements="1" coveredstatements="1" conditionals="0" coveredconditionals="0" methods="0" coveredmethods="0"/>
        <line num="3" count="3" type="stmt"/>
      </file>
      <file name="ChangePasswordScreen.tsx" path="/Users/banbz/EIP/Guardos-mobile/restoMobile/src/pages/ProfileScreen/ChangePassword/ChangePasswordScreen.tsx">
        <metrics statements="32" coveredstatements="9" conditionals="20" coveredconditionals="3" methods="3" coveredmethods="1"/>
        <line num="20" count="3" type="stmt"/>
        <line num="21" count="8" type="stmt"/>
        <line num="22" count="8" type="stmt"/>
        <line num="23" count="8" type="stmt"/>
        <line num="24" count="8" type="stmt"/>
        <line num="25" count="8" type="stmt"/>
        <line num="26" count="8" type="stmt"/>
        <line num="29" count="0" type="stmt"/>
        <line num="30" count="0" type="stmt"/>
        <line num="31" count="0" type="stmt"/>
        <line num="33" count="0" type="stmt"/>
        <line num="41" count="8" type="stmt"/>
        <line num="42" count="0" type="stmt"/>
        <line num="43" count="0" type="stmt"/>
        <line num="44" count="0" type="stmt"/>
        <line num="45" count="0" type="cond" truecount="0" falsecount="2"/>
        <line num="46" count="0" type="stmt"/>
        <line num="47" count="0" type="stmt"/>
        <line num="49" count="0" type="cond" truecount="0" falsecount="2"/>
        <line num="50" count="0" type="stmt"/>
        <line num="51" count="0" type="stmt"/>
        <line num="53" count="0" type="cond" truecount="0" falsecount="2"/>
        <line num="54" count="0" type="stmt"/>
        <line num="55" count="0" type="stmt"/>
        <line num="57" count="0" type="stmt"/>
        <line num="58" count="0" type="cond" truecount="0" falsecount="2"/>
        <line num="59" count="0" type="stmt"/>
        <line num="61" count="0" type="stmt"/>
        <line num="62" count="0" type="cond" truecount="0" falsecount="2"/>
        <line num="63" count="0" type="stmt"/>
        <line num="64" count="0" type="stmt"/>
        <line num="68" count="8" type="stmt"/>
      </file>
    </package>
    <package name="restoMobile.src.pages.ProfileScreen.Login">
      <metrics statements="23" coveredstatements="21" conditionals="4" coveredconditionals="4" methods="6" coveredmethods="4"/>
      <file name="Login.styles.ts" path="/Users/banbz/EIP/Guardos-mobile/restoMobile/src/pages/ProfileScreen/Login/Login.styles.ts">
        <metrics statements="1" coveredstatements="1" conditionals="0" coveredconditionals="0" methods="0" coveredmethods="0"/>
        <line num="3" count="3" type="stmt"/>
      </file>
      <file name="Login.tsx" path="/Users/banbz/EIP/Guardos-mobile/restoMobile/src/pages/ProfileScreen/Login/Login.tsx">
        <metrics statements="22" coveredstatements="20" conditionals="4" coveredconditionals="4" methods="6" coveredmethods="4"/>
        <line num="12" count="3" type="stmt"/>
        <line num="13" count="14" type="stmt"/>
        <line num="14" count="14" type="stmt"/>
        <line num="15" count="14" type="stmt"/>
        <line num="17" count="14" type="stmt"/>
        <line num="18" count="2" type="stmt"/>
        <line num="19" count="2" type="stmt"/>
        <line num="24" count="2" type="stmt"/>
        <line num="26" count="2" type="cond" truecount="2" falsecount="0"/>
        <line num="27" count="1" type="stmt"/>
        <line num="28" count="1" type="stmt"/>
        <line num="30" count="1" type="stmt"/>
        <line num="31" count="1" type="stmt"/>
        <line num="32" count="1" type="stmt"/>
        <line num="33" count="1" type="stmt"/>
        <line num="36" count="1" type="stmt"/>
        <line num="37" count="1" type="stmt"/>
        <line num="41" count="14" type="stmt"/>
        <line num="48" count="2" type="stmt"/>
        <line num="55" count="2" type="stmt"/>
        <line num="62" count="0" type="stmt"/>
        <line num="68" count="0" type="stmt"/>
      </file>
    </package>
    <package name="restoMobile.src.pages.ProfileScreen.Profile">
      <metrics statements="112" coveredstatements="69" conditionals="31" coveredconditionals="8" methods="29" coveredmethods="20"/>
      <file name="NewProfile.styles.ts" path="/Users/banbz/EIP/Guardos-mobile/restoMobile/src/pages/ProfileScreen/Profile/NewProfile.styles.ts">
        <metrics statements="1" coveredstatements="1" conditionals="0" coveredconditionals="0" methods="0" coveredmethods="0"/>
        <line num="3" count="3" type="stmt"/>
      </file>
      <file name="NewProfile.tsx" path="/Users/banbz/EIP/Guardos-mobile/restoMobile/src/pages/ProfileScreen/Profile/NewProfile.tsx">
        <metrics statements="74" coveredstatements="45" conditionals="27" coveredconditionals="8" methods="16" coveredmethods="11"/>
        <line num="31" count="3" type="stmt"/>
        <line num="32" count="53" type="stmt"/>
        <line num="33" count="53" type="stmt"/>
        <line num="34" count="53" type="stmt"/>
        <line num="35" count="53" type="stmt"/>
        <line num="36" count="53" type="stmt"/>
        <line num="37" count="53" type="stmt"/>
        <line num="38" count="53" type="stmt"/>
        <line num="39" count="53" type="stmt"/>
        <line num="40" count="53" type="stmt"/>
        <line num="42" count="53" type="stmt"/>
        <line num="47" count="53" type="stmt"/>
        <line num="53" count="53" type="stmt"/>
        <line num="54" count="9" type="stmt"/>
        <line num="57" count="53" type="stmt"/>
        <line num="58" count="9" type="stmt"/>
        <line num="59" count="9" type="stmt"/>
        <line num="60" count="9" type="cond" truecount="1" falsecount="1"/>
        <line num="61" count="0" type="stmt"/>
        <line num="63" count="9" type="stmt"/>
        <line num="65" count="9" type="stmt"/>
        <line num="66" count="9" type="stmt"/>
        <line num="67" count="9" type="stmt"/>
        <line num="68" count="9" type="stmt"/>
        <line num="69" count="9" type="stmt"/>
        <line num="72" count="0" type="stmt"/>
        <line num="76" count="53" type="stmt"/>
        <line num="77" count="0" type="stmt"/>
        <line num="79" count="0" type="cond" truecount="0" falsecount="2"/>
        <line num="80" count="0" type="stmt"/>
        <line num="81" count="0" type="stmt"/>
        <line num="84" count="0" type="stmt"/>
        <line num="91" count="0" type="cond" truecount="0" falsecount="2"/>
        <line num="92" count="0" type="stmt"/>
        <line num="94" count="0" type="cond" truecount="0" falsecount="5"/>
        <line num="96" count="0" type="stmt"/>
        <line num="99" count="0" type="cond" truecount="0" falsecount="2"/>
        <line num="100" count="0" type="stmt"/>
        <line num="105" count="53" type="stmt"/>
        <line num="106" count="1" type="stmt"/>
        <line num="117" count="0" type="stmt"/>
        <line num="118" count="0" type="stmt"/>
        <line num="119" count="0" type="stmt"/>
        <line num="127" count="53" type="stmt"/>
        <line num="128" count="1" type="stmt"/>
        <line num="129" count="1" type="cond" truecount="1" falsecount="1"/>
        <line num="130" count="0" type="stmt"/>
        <line num="132" count="1" type="stmt"/>
        <line num="139" count="1" type="cond" truecount="1" falsecount="1"/>
        <line num="140" count="1" type="stmt"/>
        <line num="141" count="1" type="stmt"/>
        <line num="143" count="0" type="stmt"/>
        <line num="149" count="53" type="stmt"/>
        <line num="150" count="1" type="stmt"/>
        <line num="153" count="53" type="stmt"/>
        <line num="154" count="9" type="cond" truecount="2" falsecount="0"/>
        <line num="155" count="1" type="stmt"/>
        <line num="156" count="1" type="stmt"/>
        <line num="157" count="0" type="stmt"/>
        <line num="162" count="53" type="stmt"/>
        <line num="163" count="1" type="stmt"/>
        <line num="174" count="0" type="stmt"/>
        <line num="175" count="0" type="cond" truecount="0" falsecount="2"/>
        <line num="176" count="0" type="stmt"/>
        <line num="178" count="0" type="stmt"/>
        <line num="179" count="0" type="cond" truecount="0" falsecount="2"/>
        <line num="180" count="0" type="stmt"/>
        <line num="181" count="0" type="stmt"/>
        <line num="182" count="0" type="stmt"/>
        <line num="183" count="0" type="stmt"/>
        <line num="185" count="0" type="stmt"/>
        <line num="196" count="53" type="stmt"/>
        <line num="217" count="1" type="stmt"/>
        <line num="223" count="1" type="stmt"/>
      </file>
      <file name="Profile.styles.ts" path="/Users/banbz/EIP/Guardos-mobile/restoMobile/src/pages/ProfileScreen/Profile/Profile.styles.ts">
        <metrics statements="1" coveredstatements="1" conditionals="0" coveredconditionals="0" methods="0" coveredmethods="0"/>
        <line num="3" count="1" type="stmt"/>
      </file>
      <file name="Profile.tsx" path="/Users/banbz/EIP/Guardos-mobile/restoMobile/src/pages/ProfileScreen/Profile/Profile.tsx">
        <metrics statements="36" coveredstatements="22" conditionals="4" coveredconditionals="0" methods="13" coveredmethods="9"/>
        <line num="14" count="1" type="stmt"/>
        <line num="15" count="8" type="stmt"/>
        <line num="16" count="8" type="stmt"/>
        <line num="17" count="8" type="stmt"/>
        <line num="19" count="8" type="stmt"/>
        <line num="20" count="8" type="stmt"/>
        <line num="22" count="8" type="stmt"/>
        <line num="23" count="1" type="stmt"/>
        <line num="34" count="0" type="stmt"/>
        <line num="35" count="0" type="stmt"/>
        <line num="36" count="0" type="stmt"/>
        <line num="44" count="8" type="stmt"/>
        <line num="45" count="1" type="stmt"/>
        <line num="56" count="0" type="stmt"/>
        <line num="57" count="0" type="cond" truecount="0" falsecount="2"/>
        <line num="58" count="0" type="stmt"/>
        <line num="60" count="0" type="stmt"/>
        <line num="61" count="0" type="cond" truecount="0" falsecount="2"/>
        <line num="62" count="0" type="stmt"/>
        <line num="63" count="0" type="stmt"/>
        <line num="64" count="0" type="stmt"/>
        <line num="65" count="0" type="stmt"/>
        <line num="67" count="0" type="stmt"/>
        <line num="78" count="8" type="stmt"/>
        <line num="79" count="1" type="stmt"/>
        <line num="82" count="8" type="stmt"/>
        <line num="83" count="1" type="stmt"/>
        <line num="86" count="8" type="stmt"/>
        <line num="87" count="1" type="stmt"/>
        <line num="90" count="8" type="stmt"/>
        <line num="91" count="0" type="stmt"/>
        <line num="94" count="8" type="stmt"/>
        <line num="96" count="1" type="stmt"/>
        <line num="101" count="1" type="stmt"/>
        <line num="104" count="8" type="stmt"/>
        <line num="164" count="1" type="stmt"/>
      </file>
    </package>
    <package name="restoMobile.src.pages.ProfileScreen.Register">
      <metrics statements="33" coveredstatements="10" conditionals="17" coveredconditionals="3" methods="6" coveredmethods="1"/>
      <file name="Register.styles.ts" path="/Users/banbz/EIP/Guardos-mobile/restoMobile/src/pages/ProfileScreen/Register/Register.styles.ts">
        <metrics statements="1" coveredstatements="1" conditionals="0" coveredconditionals="0" methods="0" coveredmethods="0"/>
        <line num="3" count="3" type="stmt"/>
      </file>
      <file name="Register.tsx" path="/Users/banbz/EIP/Guardos-mobile/restoMobile/src/pages/ProfileScreen/Register/Register.tsx">
        <metrics statements="32" coveredstatements="9" conditionals="17" coveredconditionals="3" methods="6" coveredmethods="1"/>
        <line num="6" count="3" type="stmt"/>
        <line num="7" count="2" type="stmt"/>
        <line num="8" count="2" type="stmt"/>
        <line num="9" count="2" type="stmt"/>
        <line num="10" count="2" type="stmt"/>
        <line num="11" count="2" type="stmt"/>
        <line num="12" count="2" type="stmt"/>
        <line num="15" count="0" type="stmt"/>
        <line num="16" count="0" type="stmt"/>
        <line num="17" count="0" type="stmt"/>
        <line num="19" count="0" type="stmt"/>
        <line num="27" count="2" type="stmt"/>
        <line num="28" count="0" type="stmt"/>
        <line num="29" count="0" type="stmt"/>
        <line num="35" count="0" type="stmt"/>
        <line num="37" count="0" type="stmt"/>
        <line num="38" count="0" type="stmt"/>
        <line num="39" count="0" type="stmt"/>
        <line num="41" count="0" type="cond" truecount="0" falsecount="5"/>
        <line num="42" count="0" type="stmt"/>
        <line num="45" count="0" type="stmt"/>
        <line num="47" count="0" type="stmt"/>
        <line num="48" count="0" type="stmt"/>
        <line num="50" count="0" type="cond" truecount="0" falsecount="2"/>
        <line num="51" count="0" type="stmt"/>
        <line num="53" count="0" type="stmt"/>
        <line num="55" count="0" type="stmt"/>
        <line num="56" count="0" type="stmt"/>
        <line num="60" count="2" type="stmt"/>
        <line num="68" count="0" type="stmt"/>
        <line num="78" count="0" type="stmt"/>
        <line num="88" count="0" type="stmt"/>
      </file>
    </package>
    <package name="restoMobile.src.pages.QRCodeEngin">
      <metrics statements="42" coveredstatements="22" conditionals="14" coveredconditionals="6" methods="12" coveredmethods="4"/>
      <file name="QRCodeEngin.styles.ts" path="/Users/banbz/EIP/Guardos-mobile/restoMobile/src/pages/QRCodeEngin/QRCodeEngin.styles.ts">
        <metrics statements="2" coveredstatements="2" conditionals="2" coveredconditionals="1" methods="0" coveredmethods="0"/>
        <line num="2" count="3" type="cond" truecount="1" falsecount="1"/>
        <line num="5" count="3" type="stmt"/>
      </file>
      <file name="QRCodeEngin.tsx" path="/Users/banbz/EIP/Guardos-mobile/restoMobile/src/pages/QRCodeEngin/QRCodeEngin.tsx">
        <metrics statements="40" coveredstatements="20" conditionals="12" coveredconditionals="5" methods="12" coveredmethods="4"/>
        <line num="12" count="3" type="stmt"/>
        <line num="13" count="4" type="stmt"/>
        <line num="14" count="4" type="stmt"/>
        <line num="15" count="4" type="stmt"/>
        <line num="16" count="4" type="stmt"/>
        <line num="17" count="4" type="stmt"/>
        <line num="18" count="4" type="stmt"/>
        <line num="20" count="4" type="stmt"/>
        <line num="21" count="2" type="stmt"/>
        <line num="22" count="2" type="stmt"/>
        <line num="23" count="2" type="stmt"/>
        <line num="25" count="2" type="stmt"/>
        <line num="27" count="4" type="stmt"/>
        <line num="34" count="0" type="stmt"/>
        <line num="36" count="0" type="stmt"/>
        <line num="37" count="0" type="stmt"/>
        <line num="38" count="0" type="stmt"/>
        <line num="39" count="0" type="cond" truecount="0" falsecount="2"/>
        <line num="41" count="0" type="stmt"/>
        <line num="42" count="0" type="stmt"/>
        <line num="45" count="4" type="cond" truecount="2" falsecount="0"/>
        <line num="46" count="2" type="stmt"/>
        <line num="48" count="2" type="cond" truecount="1" falsecount="1"/>
        <line num="49" count="0" type="stmt"/>
        <line num="53" count="0" type="stmt"/>
        <line num="57" count="2" type="stmt"/>
        <line num="58" count="2" type="stmt"/>
        <line num="64" count="0" type="stmt"/>
        <line num="69" count="0" type="stmt"/>
        <line num="71" count="2" type="stmt"/>
        <line num="76" count="0" type="stmt"/>
        <line num="77" count="0" type="stmt"/>
        <line num="88" count="0" type="cond" truecount="0" falsecount="2"/>
        <line num="90" count="0" type="stmt"/>
        <line num="94" count="2" type="stmt"/>
        <line num="115" count="0" type="stmt"/>
        <line num="129" count="0" type="stmt"/>
        <line num="138" count="0" type="stmt"/>
        <line num="146" count="0" type="stmt"/>
        <line num="147" count="0" type="stmt"/>
      </file>
    </package>
    <package name="restoMobile.src.pages.ResetPasswordScreen">
      <metrics statements="44" coveredstatements="42" conditionals="24" coveredconditionals="20" methods="7" coveredmethods="6"/>
      <file name="ResetPasswordScreen.styles.ts" path="/Users/banbz/EIP/Guardos-mobile/restoMobile/src/pages/ResetPasswordScreen/ResetPasswordScreen.styles.ts">
        <metrics statements="1" coveredstatements="1" conditionals="0" coveredconditionals="0" methods="0" coveredmethods="0"/>
        <line num="3" count="3" type="stmt"/>
      </file>
      <file name="ResetPasswordScreen.tsx" path="/Users/banbz/EIP/Guardos-mobile/restoMobile/src/pages/ResetPasswordScreen/ResetPasswordScreen.tsx">
        <metrics statements="43" coveredstatements="41" conditionals="24" coveredconditionals="20" methods="7" coveredmethods="6"/>
        <line num="13" count="3" type="stmt"/>
        <line num="14" count="39" type="stmt"/>
        <line num="15" count="39" type="stmt"/>
        <line num="16" count="39" type="stmt"/>
        <line num="17" count="39" type="stmt"/>
        <line num="18" count="39" type="stmt"/>
        <line num="19" count="39" type="stmt"/>
        <line num="20" count="39" type="stmt"/>
        <line num="22" count="39" type="stmt"/>
        <line num="23" count="26" type="stmt"/>
        <line num="24" count="26" type="stmt"/>
        <line num="27" count="39" type="stmt"/>
        <line num="28" count="11" type="cond" truecount="2" falsecount="0"/>
        <line num="29" count="7" type="cond" truecount="1" falsecount="1"/>
        <line num="30" count="7" type="stmt"/>
        <line num="31" count="7" type="stmt"/>
        <line num="33" count="4" type="cond" truecount="1" falsecount="1"/>
        <line num="34" count="4" type="cond" truecount="1" falsecount="1"/>
        <line num="35" count="4" type="stmt"/>
        <line num="36" count="4" type="stmt"/>
        <line num="37" count="3" type="cond" truecount="2" falsecount="0"/>
        <line num="38" count="2" type="stmt"/>
        <line num="39" count="2" type="stmt"/>
        <line num="41" count="2" type="cond" truecount="1" falsecount="1"/>
        <line num="42" count="2" type="stmt"/>
        <line num="43" count="2" type="stmt"/>
        <line num="45" count="0" type="stmt"/>
        <line num="48" count="1" type="stmt"/>
        <line num="51" count="1" type="stmt"/>
        <line num="52" count="1" type="stmt"/>
        <line num="58" count="39" type="stmt"/>
        <line num="59" count="10" type="stmt"/>
        <line num="60" count="10" type="stmt"/>
        <line num="61" count="10" type="stmt"/>
        <line num="62" count="10" type="stmt"/>
        <line num="65" count="39" type="stmt"/>
        <line num="66" count="1" type="stmt"/>
        <line num="67" count="1" type="stmt"/>
        <line num="70" count="39" type="stmt"/>
        <line num="71" count="0" type="stmt"/>
        <line num="75" count="39" type="stmt"/>
        <line num="77" count="10" type="stmt"/>
        <line num="81" count="39" type="stmt"/>
      </file>
    </package>
    <package name="restoMobile.src.services">
      <metrics statements="208" coveredstatements="168" conditionals="14" coveredconditionals="5" methods="31" coveredmethods="31"/>
      <file name="QRcodeCalls.ts" path="/Users/banbz/EIP/Guardos-mobile/restoMobile/src/services/QRcodeCalls.ts">
        <metrics statements="7" coveredstatements="6" conditionals="0" coveredconditionals="0" methods="1" coveredmethods="1"/>
        <line num="5" count="3" type="stmt"/>
        <line num="6" count="2" type="stmt"/>
        <line num="7" count="2" type="stmt"/>
        <line num="8" count="2" type="stmt"/>
        <line num="12" count="0" type="stmt"/>
        <line num="14" count="2" type="stmt"/>
        <line num="15" count="2" type="stmt"/>
      </file>
      <file name="dishCalls.ts" path="/Users/banbz/EIP/Guardos-mobile/restoMobile/src/services/dishCalls.ts">
        <metrics statements="37" coveredstatements="30" conditionals="4" coveredconditionals="3" methods="6" coveredmethods="6"/>
        <line num="5" count="3" type="stmt"/>
        <line num="8" count="3" type="stmt"/>
        <line num="9" count="2" type="stmt"/>
        <line num="10" count="2" type="stmt"/>
        <line num="14" count="0" type="stmt"/>
        <line num="16" count="2" type="stmt"/>
        <line num="17" count="2" type="stmt"/>
        <line num="21" count="3" type="stmt"/>
        <line num="22" count="2" type="stmt"/>
        <line num="23" count="2" type="stmt"/>
        <line num="24" count="2" type="stmt"/>
        <line num="29" count="0" type="stmt"/>
        <line num="31" count="2" type="stmt"/>
        <line num="32" count="2" type="stmt"/>
        <line num="36" count="3" type="stmt"/>
        <line num="37" count="3" type="stmt"/>
        <line num="38" count="3" type="stmt"/>
        <line num="43" count="0" type="stmt"/>
        <line num="45" count="3" type="cond" truecount="3" falsecount="1"/>
        <line num="46" count="3" type="stmt"/>
        <line num="47" count="3" type="stmt"/>
        <line num="49" count="0" type="stmt"/>
        <line num="50" count="0" type="stmt"/>
        <line num="55" count="3" type="stmt"/>
        <line num="56" count="2" type="stmt"/>
        <line num="57" count="2" type="stmt"/>
        <line num="62" count="0" type="stmt"/>
        <line num="64" count="2" type="stmt"/>
        <line num="65" count="2" type="stmt"/>
        <line num="69" count="3" type="stmt"/>
        <line num="70" count="2" type="stmt"/>
        <line num="71" count="2" type="stmt"/>
        <line num="79" count="0" type="stmt"/>
        <line num="81" count="2" type="stmt"/>
        <line num="82" count="2" type="stmt"/>
        <line num="86" count="3" type="stmt"/>
        <line num="87" count="2" type="stmt"/>
      </file>
      <file name="imagesCalls.ts" path="/Users/banbz/EIP/Guardos-mobile/restoMobile/src/services/imagesCalls.ts">
        <metrics statements="34" coveredstatements="29" conditionals="0" coveredconditionals="0" methods="5" coveredmethods="5"/>
        <line num="5" count="9" type="stmt"/>
        <line num="8" count="9" type="stmt"/>
        <line num="9" count="2" type="stmt"/>
        <line num="10" count="2" type="stmt"/>
        <line num="17" count="0" type="stmt"/>
        <line num="19" count="2" type="stmt"/>
        <line num="20" count="2" type="stmt"/>
        <line num="25" count="9" type="stmt"/>
        <line num="26" count="2" type="stmt"/>
        <line num="27" count="2" type="stmt"/>
        <line num="31" count="2" type="stmt"/>
        <line num="36" count="0" type="stmt"/>
        <line num="38" count="2" type="stmt"/>
        <line num="42" count="9" type="stmt"/>
        <line num="44" count="2" type="stmt"/>
        <line num="45" count="2" type="stmt"/>
        <line num="54" count="2" type="stmt"/>
        <line num="62" count="0" type="stmt"/>
        <line num="64" count="2" type="stmt"/>
        <line num="65" count="2" type="stmt"/>
        <line num="69" count="9" type="stmt"/>
        <line num="71" count="2" type="stmt"/>
        <line num="72" count="2" type="stmt"/>
        <line num="82" count="2" type="stmt"/>
        <line num="90" count="0" type="stmt"/>
        <line num="93" count="2" type="stmt"/>
        <line num="94" count="2" type="stmt"/>
        <line num="98" count="9" type="stmt"/>
        <line num="100" count="2" type="stmt"/>
        <line num="101" count="2" type="stmt"/>
        <line num="106" count="2" type="stmt"/>
        <line num="111" count="0" type="stmt"/>
        <line num="113" count="2" type="stmt"/>
        <line num="114" count="2" type="stmt"/>
      </file>
      <file name="productCalls.ts" path="/Users/banbz/EIP/Guardos-mobile/restoMobile/src/services/productCalls.ts">
        <metrics statements="34" coveredstatements="29" conditionals="2" coveredconditionals="2" methods="5" coveredmethods="5"/>
        <line num="7" count="6" type="stmt"/>
        <line num="9" count="6" type="stmt"/>
        <line num="10" count="2" type="stmt"/>
        <line num="11" count="2" type="stmt"/>
        <line num="15" count="0" type="stmt"/>
        <line num="17" count="2" type="stmt"/>
        <line num="18" count="2" type="stmt"/>
        <line num="22" count="6" type="stmt"/>
        <line num="23" count="2" type="stmt"/>
        <line num="24" count="2" type="stmt"/>
        <line num="32" count="0" type="stmt"/>
        <line num="34" count="2" type="stmt"/>
        <line num="35" count="2" type="stmt"/>
        <line num="39" count="6" type="stmt"/>
        <line num="40" count="3" type="stmt"/>
        <line num="41" count="3" type="cond" truecount="2" falsecount="0"/>
        <line num="42" count="1" type="stmt"/>
        <line num="43" count="1" type="stmt"/>
        <line num="45" count="2" type="stmt"/>
        <line num="58" count="0" type="stmt"/>
        <line num="60" count="3" type="stmt"/>
        <line num="61" count="3" type="stmt"/>
        <line num="65" count="6" type="stmt"/>
        <line num="66" count="2" type="stmt"/>
        <line num="67" count="2" type="stmt"/>
        <line num="75" count="0" type="stmt"/>
        <line num="77" count="2" type="stmt"/>
        <line num="78" count="2" type="stmt"/>
        <line num="82" count="6" type="stmt"/>
        <line num="83" count="2" type="stmt"/>
        <line num="84" count="2" type="stmt"/>
        <line num="92" count="0" type="stmt"/>
        <line num="94" count="2" type="stmt"/>
        <line num="95" count="2" type="stmt"/>
      </file>
      <file name="profileCalls.ts" path="/Users/banbz/EIP/Guardos-mobile/restoMobile/src/services/profileCalls.ts">
        <metrics statements="25" coveredstatements="16" conditionals="6" coveredconditionals="0" methods="3" coveredmethods="3"/>
        <line num="6" count="3" type="stmt"/>
        <line num="8" count="3" type="stmt"/>
        <line num="9" count="3" type="stmt"/>
        <line num="10" count="3" type="stmt"/>
        <line num="18" count="0" type="cond" truecount="0" falsecount="2"/>
        <line num="19" count="0" type="stmt"/>
        <line num="21" count="0" type="stmt"/>
        <line num="24" count="3" type="stmt"/>
        <line num="25" count="3" type="stmt"/>
        <line num="29" count="3" type="stmt"/>
        <line num="30" count="3" type="stmt"/>
        <line num="31" count="3" type="stmt"/>
        <line num="40" count="0" type="cond" truecount="0" falsecount="2"/>
        <line num="41" count="0" type="stmt"/>
        <line num="43" count="0" type="stmt"/>
        <line num="46" count="3" type="stmt"/>
        <line num="47" count="3" type="stmt"/>
        <line num="51" count="3" type="stmt"/>
        <line num="53" count="3" type="stmt"/>
        <line num="54" count="3" type="stmt"/>
        <line num="66" count="0" type="cond" truecount="0" falsecount="2"/>
        <line num="67" count="0" type="stmt"/>
        <line num="69" count="0" type="stmt"/>
        <line num="72" count="3" type="stmt"/>
        <line num="73" count="3" type="stmt"/>
      </file>
      <file name="restoCalls.ts" path="/Users/banbz/EIP/Guardos-mobile/restoMobile/src/services/restoCalls.ts">
        <metrics statements="30" coveredstatements="25" conditionals="0" coveredconditionals="0" methods="5" coveredmethods="5"/>
        <line num="5" count="0" type="stmt"/>
        <line num="7" count="6" type="stmt"/>
        <line num="8" count="2" type="stmt"/>
        <line num="9" count="2" type="stmt"/>
        <line num="13" count="0" type="stmt"/>
        <line num="15" count="2" type="stmt"/>
        <line num="16" count="2" type="stmt"/>
        <line num="20" count="6" type="stmt"/>
        <line num="21" count="2" type="stmt"/>
        <line num="22" count="2" type="stmt"/>
        <line num="30" count="0" type="stmt"/>
        <line num="32" count="2" type="stmt"/>
        <line num="33" count="2" type="stmt"/>
        <line num="37" count="6" type="stmt"/>
        <line num="38" count="2" type="stmt"/>
        <line num="39" count="2" type="stmt"/>
        <line num="46" count="0" type="stmt"/>
        <line num="48" count="2" type="stmt"/>
        <line num="49" count="2" type="stmt"/>
        <line num="53" count="6" type="stmt"/>
        <line num="54" count="2" type="stmt"/>
        <line num="55" count="2" type="stmt"/>
        <line num="63" count="0" type="stmt"/>
        <line num="65" count="2" type="stmt"/>
        <line num="66" count="2" type="stmt"/>
        <line num="70" count="6" type="stmt"/>
        <line num="71" count="2" type="stmt"/>
        <line num="72" count="2" type="stmt"/>
        <line num="77" count="2" type="stmt"/>
        <line num="78" count="2" type="stmt"/>
      </file>
      <file name="userCalls.ts" path="/Users/banbz/EIP/Guardos-mobile/restoMobile/src/services/userCalls.ts">
        <metrics statements="41" coveredstatements="33" conditionals="2" coveredconditionals="0" methods="6" coveredmethods="6"/>
        <line num="5" count="2" type="stmt"/>
        <line num="6" count="2" type="stmt"/>
        <line num="7" count="2" type="stmt"/>
        <line num="9" count="2" type="stmt"/>
        <line num="10" count="2" type="stmt"/>
        <line num="11" count="2" type="stmt"/>
        <line num="19" count="0" type="stmt"/>
        <line num="21" count="2" type="stmt"/>
        <line num="22" count="2" type="stmt"/>
        <line num="27" count="2" type="stmt"/>
        <line num="28" count="2" type="stmt"/>
        <line num="29" count="2" type="stmt"/>
        <line num="34" count="0" type="stmt"/>
        <line num="36" count="2" type="stmt"/>
        <line num="37" count="2" type="stmt"/>
        <line num="41" count="2" type="stmt"/>
        <line num="42" count="2" type="stmt"/>
        <line num="43" count="2" type="stmt"/>
        <line num="51" count="0" type="stmt"/>
        <line num="53" count="2" type="stmt"/>
        <line num="54" count="2" type="stmt"/>
        <line num="58" count="2" type="stmt"/>
        <line num="59" count="2" type="stmt"/>
        <line num="60" count="2" type="stmt"/>
        <line num="65" count="0" type="stmt"/>
        <line num="67" count="2" type="stmt"/>
        <line num="68" count="2" type="stmt"/>
        <line num="72" count="2" type="stmt"/>
        <line num="73" count="2" type="stmt"/>
        <line num="74" count="2" type="stmt"/>
        <line num="82" count="0" type="stmt"/>
        <line num="84" count="2" type="stmt"/>
        <line num="85" count="2" type="stmt"/>
        <line num="89" count="2" type="stmt"/>
        <line num="90" count="2" type="stmt"/>
        <line num="91" count="2" type="stmt"/>
        <line num="99" count="0" type="cond" truecount="0" falsecount="2"/>
        <line num="100" count="0" type="stmt"/>
        <line num="102" count="0" type="stmt"/>
        <line num="105" count="2" type="stmt"/>
        <line num="106" count="2" type="stmt"/>
      </file>
    </package>
    <package name="restoMobile.src.types">
      <metrics statements="0" coveredstatements="0" conditionals="0" coveredconditionals="0" methods="0" coveredmethods="0"/>
      <file name="env.d.ts" path="/Users/banbz/EIP/Guardos-mobile/restoMobile/src/types/env.d.ts">
        <metrics statements="0" coveredstatements="0" conditionals="0" coveredconditionals="0" methods="0" coveredmethods="0"/>
      </file>
    </package>
  </project>
</coverage>
