{"/Users/banbz/EIP/Guardos-mobile/restoMobile/App.styles.ts": {"path":"/Users/banbz/EIP/Guardos-mobile/restoMobile/App.styles.ts","statementMap":{"0":{"start":{"line":3,"column":15},"end":{"line":10,"column":2}}},"fnMap":{},"branchMap":{},"s":{"0":0},"f":{},"b":{}}
,"/Users/banbz/EIP/Guardos-mobile/restoMobile/App.tsx": {"path":"/Users/banbz/EIP/Guardos-mobile/restoMobile/App.tsx","statementMap":{"0":{"start":{"line":13,"column":48},"end":{"line":17,"column":1}},"1":{"start":{"line":14,"column":2},"end":{"line":16,"column":9}},"2":{"start":{"line":19,"column":22},"end":{"line":46,"column":1}},"3":{"start":{"line":20,"column":60},"end":{"line":20,"column":74}},"4":{"start":{"line":22,"column":2},"end":{"line":30,"column":9}},"5":{"start":{"line":23,"column":24},"end":{"line":25,"column":6}},"6":{"start":{"line":24,"column":6},"end":{"line":24,"column":50}},"7":{"start":{"line":27,"column":4},"end":{"line":29,"column":6}},"8":{"start":{"line":28,"column":6},"end":{"line":28,"column":20}},"9":{"start":{"line":32,"column":24},"end":{"line":39,"column":3}},"10":{"start":{"line":33,"column":4},"end":{"line":35,"column":5}},"11":{"start":{"line":34,"column":6},"end":{"line":34,"column":112}},"12":{"start":{"line":36,"column":4},"end":{"line":38,"column":6}},"13":{"start":{"line":41,"column":2},"end":{"line":45,"column":4}},"14":{"start":{"line":48,"column":15},"end":{"line":60,"column":2}}},"fnMap":{"0":{"name":"(anonymous_0)","decl":{"start":{"line":13,"column":48},"end":{"line":13,"column":49}},"loc":{"start":{"line":14,"column":2},"end":{"line":16,"column":9}},"line":14},"1":{"name":"(anonymous_1)","decl":{"start":{"line":19,"column":22},"end":{"line":19,"column":23}},"loc":{"start":{"line":19,"column":28},"end":{"line":46,"column":1}},"line":19},"2":{"name":"(anonymous_2)","decl":{"start":{"line":22,"column":12},"end":{"line":22,"column":13}},"loc":{"start":{"line":22,"column":18},"end":{"line":30,"column":3}},"line":22},"3":{"name":"(anonymous_3)","decl":{"start":{"line":23,"column":49},"end":{"line":23,"column":50}},"loc":{"start":{"line":23,"column":60},"end":{"line":25,"column":5}},"line":23},"4":{"name":"(anonymous_4)","decl":{"start":{"line":27,"column":11},"end":{"line":27,"column":12}},"loc":{"start":{"line":27,"column":17},"end":{"line":29,"column":5}},"line":27},"5":{"name":"(anonymous_5)","decl":{"start":{"line":32,"column":24},"end":{"line":32,"column":25}},"loc":{"start":{"line":32,"column":30},"end":{"line":39,"column":3}},"line":32}},"branchMap":{"0":{"loc":{"start":{"line":33,"column":4},"end":{"line":35,"column":5}},"type":"if","locations":[{"start":{"line":33,"column":4},"end":{"line":35,"column":5}},{"start":{},"end":{}}],"line":33}},"s":{"0":1,"1":0,"2":1,"3":6,"4":5,"5":3,"6":0,"7":3,"8":3,"9":5,"10":5,"11":0,"12":5,"13":5,"14":1},"f":{"0":0,"1":6,"2":3,"3":0,"4":3,"5":5},"b":{"0":[0,5]},"_coverageSchema":"1a1c01bbd47fc00a2c39e90264f33305004495a9","hash":"8c2a467ade41692b06f23fd0c8bcbfa1ed0ab514"}
,"/Users/banbz/EIP/Guardos-mobile/restoMobile/Router.tsx": {"path":"/Users/banbz/EIP/Guardos-mobile/restoMobile/Router.tsx","statementMap":{"0":{"start":{"line":30,"column":12},"end":{"line":30,"column":38}},"1":{"start":{"line":31,"column":14},"end":{"line":31,"column":42}},"2":{"start":{"line":32,"column":0},"end":{"line":32,"column":36}},"3":{"start":{"line":33,"column":0},"end":{"line":33,"column":22}},"4":{"start":{"line":35,"column":15},"end":{"line":129,"column":1}},"5":{"start":{"line":36,"column":34},"end":{"line":36,"column":49}},"6":{"start":{"line":38,"column":28},"end":{"line":40,"column":3}},"7":{"start":{"line":39,"column":4},"end":{"line":39,"column":24}},"8":{"start":{"line":42,"column":30},"end":{"line":62,"column":3}},"9":{"start":{"line":43,"column":4},"end":{"line":61,"column":5}},"10":{"start":{"line":44,"column":24},"end":{"line":44,"column":63}},"11":{"start":{"line":46,"column":6},"end":{"line":49,"column":7}},"12":{"start":{"line":47,"column":8},"end":{"line":47,"column":27}},"13":{"start":{"line":48,"column":8},"end":{"line":48,"column":15}},"14":{"start":{"line":51,"column":31},"end":{"line":51,"column":76}},"15":{"start":{"line":53,"column":6},"end":{"line":58,"column":7}},"16":{"start":{"line":54,"column":8},"end":{"line":54,"column":26}},"17":{"start":{"line":56,"column":8},"end":{"line":56,"column":27}},"18":{"start":{"line":57,"column":8},"end":{"line":57,"column":51}},"19":{"start":{"line":60,"column":6},"end":{"line":60,"column":57}},"20":{"start":{"line":64,"column":2},"end":{"line":66,"column":9}},"21":{"start":{"line":65,"column":4},"end":{"line":65,"column":26}},"22":{"start":{"line":68,"column":2},"end":{"line":128,"column":4}},"23":{"start":{"line":71,"column":39},"end":{"line":98,"column":9}},"24":{"start":{"line":75,"column":12},"end":{"line":89,"column":13}},"25":{"start":{"line":76,"column":14},"end":{"line":76,"column":55}},"26":{"start":{"line":77,"column":19},"end":{"line":89,"column":13}},"27":{"start":{"line":78,"column":14},"end":{"line":78,"column":59}},"28":{"start":{"line":79,"column":19},"end":{"line":89,"column":13}},"29":{"start":{"line":80,"column":14},"end":{"line":80,"column":67}},"30":{"start":{"line":81,"column":19},"end":{"line":89,"column":13}},"31":{"start":{"line":82,"column":14},"end":{"line":82,"column":47}},"32":{"start":{"line":83,"column":19},"end":{"line":89,"column":13}},"33":{"start":{"line":84,"column":14},"end":{"line":84,"column":57}},"34":{"start":{"line":85,"column":19},"end":{"line":89,"column":13}},"35":{"start":{"line":86,"column":14},"end":{"line":86,"column":55}},"36":{"start":{"line":87,"column":19},"end":{"line":89,"column":13}},"37":{"start":{"line":88,"column":14},"end":{"line":88,"column":51}},"38":{"start":{"line":94,"column":12},"end":{"line":94,"column":110}},"39":{"start":{"line":110,"column":21},"end":{"line":110,"column":81}},"40":{"start":{"line":119,"column":21},"end":{"line":119,"column":79}},"41":{"start":{"line":131,"column":18},"end":{"line":146,"column":1}},"42":{"start":{"line":132,"column":2},"end":{"line":145,"column":3}},"43":{"start":{"line":148,"column":16},"end":{"line":173,"column":1}},"44":{"start":{"line":149,"column":2},"end":{"line":172,"column":4}},"45":{"start":{"line":175,"column":23},"end":{"line":195,"column":1}},"46":{"start":{"line":176,"column":2},"end":{"line":194,"column":4}},"47":{"start":{"line":197,"column":20},"end":{"line":212,"column":1}},"48":{"start":{"line":198,"column":2},"end":{"line":211,"column":4}},"49":{"start":{"line":219,"column":56},"end":{"line":228,"column":1}},"50":{"start":{"line":220,"column":2},"end":{"line":227,"column":20}},"51":{"start":{"line":224,"column":18},"end":{"line":224,"column":82}},"52":{"start":{"line":234,"column":52},"end":{"line":242,"column":1}},"53":{"start":{"line":235,"column":2},"end":{"line":241,"column":20}},"54":{"start":{"line":238,"column":18},"end":{"line":238,"column":82}}},"fnMap":{"0":{"name":"(anonymous_0)","decl":{"start":{"line":35,"column":15},"end":{"line":35,"column":16}},"loc":{"start":{"line":35,"column":21},"end":{"line":129,"column":1}},"line":35},"1":{"name":"(anonymous_1)","decl":{"start":{"line":38,"column":28},"end":{"line":38,"column":29}},"loc":{"start":{"line":38,"column":45},"end":{"line":40,"column":3}},"line":38},"2":{"name":"(anonymous_2)","decl":{"start":{"line":42,"column":30},"end":{"line":42,"column":31}},"loc":{"start":{"line":42,"column":42},"end":{"line":62,"column":3}},"line":42},"3":{"name":"(anonymous_3)","decl":{"start":{"line":64,"column":12},"end":{"line":64,"column":13}},"loc":{"start":{"line":64,"column":18},"end":{"line":66,"column":3}},"line":64},"4":{"name":"(anonymous_4)","decl":{"start":{"line":71,"column":23},"end":{"line":71,"column":24}},"loc":{"start":{"line":71,"column":39},"end":{"line":98,"column":9}},"line":71},"5":{"name":"(anonymous_5)","decl":{"start":{"line":72,"column":22},"end":{"line":72,"column":23}},"loc":{"start":{"line":72,"column":52},"end":{"line":95,"column":11}},"line":72},"6":{"name":"(anonymous_6)","decl":{"start":{"line":110,"column":15},"end":{"line":110,"column":16}},"loc":{"start":{"line":110,"column":21},"end":{"line":110,"column":81}},"line":110},"7":{"name":"(anonymous_7)","decl":{"start":{"line":119,"column":15},"end":{"line":119,"column":16}},"loc":{"start":{"line":119,"column":21},"end":{"line":119,"column":79}},"line":119},"8":{"name":"(anonymous_8)","decl":{"start":{"line":131,"column":18},"end":{"line":131,"column":19}},"loc":{"start":{"line":131,"column":24},"end":{"line":146,"column":1}},"line":131},"9":{"name":"(anonymous_9)","decl":{"start":{"line":148,"column":16},"end":{"line":148,"column":17}},"loc":{"start":{"line":148,"column":22},"end":{"line":173,"column":1}},"line":148},"10":{"name":"(anonymous_10)","decl":{"start":{"line":175,"column":23},"end":{"line":175,"column":24}},"loc":{"start":{"line":175,"column":29},"end":{"line":195,"column":1}},"line":175},"11":{"name":"(anonymous_11)","decl":{"start":{"line":197,"column":20},"end":{"line":197,"column":21}},"loc":{"start":{"line":197,"column":26},"end":{"line":212,"column":1}},"line":197},"12":{"name":"(anonymous_12)","decl":{"start":{"line":219,"column":56},"end":{"line":219,"column":57}},"loc":{"start":{"line":220,"column":2},"end":{"line":227,"column":20}},"line":220},"13":{"name":"(anonymous_13)","decl":{"start":{"line":224,"column":7},"end":{"line":224,"column":8}},"loc":{"start":{"line":224,"column":18},"end":{"line":224,"column":82}},"line":224},"14":{"name":"(anonymous_14)","decl":{"start":{"line":234,"column":52},"end":{"line":234,"column":53}},"loc":{"start":{"line":235,"column":2},"end":{"line":241,"column":20}},"line":235},"15":{"name":"(anonymous_15)","decl":{"start":{"line":238,"column":7},"end":{"line":238,"column":8}},"loc":{"start":{"line":238,"column":18},"end":{"line":238,"column":82}},"line":238}},"branchMap":{"0":{"loc":{"start":{"line":46,"column":6},"end":{"line":49,"column":7}},"type":"if","locations":[{"start":{"line":46,"column":6},"end":{"line":49,"column":7}},{"start":{},"end":{}}],"line":46},"1":{"loc":{"start":{"line":53,"column":6},"end":{"line":58,"column":7}},"type":"if","locations":[{"start":{"line":53,"column":6},"end":{"line":58,"column":7}},{"start":{"line":55,"column":13},"end":{"line":58,"column":7}}],"line":53},"2":{"loc":{"start":{"line":75,"column":12},"end":{"line":89,"column":13}},"type":"if","locations":[{"start":{"line":75,"column":12},"end":{"line":89,"column":13}},{"start":{"line":77,"column":19},"end":{"line":89,"column":13}}],"line":75},"3":{"loc":{"start":{"line":76,"column":21},"end":{"line":76,"column":54}},"type":"cond-expr","locations":[{"start":{"line":76,"column":31},"end":{"line":76,"column":41}},{"start":{"line":76,"column":44},"end":{"line":76,"column":54}}],"line":76},"4":{"loc":{"start":{"line":77,"column":19},"end":{"line":89,"column":13}},"type":"if","locations":[{"start":{"line":77,"column":19},"end":{"line":89,"column":13}},{"start":{"line":79,"column":19},"end":{"line":89,"column":13}}],"line":77},"5":{"loc":{"start":{"line":78,"column":21},"end":{"line":78,"column":58}},"type":"cond-expr","locations":[{"start":{"line":78,"column":31},"end":{"line":78,"column":43}},{"start":{"line":78,"column":46},"end":{"line":78,"column":58}}],"line":78},"6":{"loc":{"start":{"line":79,"column":19},"end":{"line":89,"column":13}},"type":"if","locations":[{"start":{"line":79,"column":19},"end":{"line":89,"column":13}},{"start":{"line":81,"column":19},"end":{"line":89,"column":13}}],"line":79},"7":{"loc":{"start":{"line":80,"column":21},"end":{"line":80,"column":66}},"type":"cond-expr","locations":[{"start":{"line":80,"column":31},"end":{"line":80,"column":47}},{"start":{"line":80,"column":50},"end":{"line":80,"column":66}}],"line":80},"8":{"loc":{"start":{"line":81,"column":19},"end":{"line":89,"column":13}},"type":"if","locations":[{"start":{"line":81,"column":19},"end":{"line":89,"column":13}},{"start":{"line":83,"column":19},"end":{"line":89,"column":13}}],"line":81},"9":{"loc":{"start":{"line":82,"column":21},"end":{"line":82,"column":46}},"type":"cond-expr","locations":[{"start":{"line":82,"column":31},"end":{"line":82,"column":37}},{"start":{"line":82,"column":40},"end":{"line":82,"column":46}}],"line":82},"10":{"loc":{"start":{"line":83,"column":19},"end":{"line":89,"column":13}},"type":"if","locations":[{"start":{"line":83,"column":19},"end":{"line":89,"column":13}},{"start":{"line":85,"column":19},"end":{"line":89,"column":13}}],"line":83},"11":{"loc":{"start":{"line":84,"column":21},"end":{"line":84,"column":56}},"type":"cond-expr","locations":[{"start":{"line":84,"column":31},"end":{"line":84,"column":42}},{"start":{"line":84,"column":45},"end":{"line":84,"column":56}}],"line":84},"12":{"loc":{"start":{"line":85,"column":19},"end":{"line":89,"column":13}},"type":"if","locations":[{"start":{"line":85,"column":19},"end":{"line":89,"column":13}},{"start":{"line":87,"column":19},"end":{"line":89,"column":13}}],"line":85},"13":{"loc":{"start":{"line":86,"column":21},"end":{"line":86,"column":54}},"type":"cond-expr","locations":[{"start":{"line":86,"column":31},"end":{"line":86,"column":41}},{"start":{"line":86,"column":44},"end":{"line":86,"column":54}}],"line":86},"14":{"loc":{"start":{"line":87,"column":19},"end":{"line":89,"column":13}},"type":"if","locations":[{"start":{"line":87,"column":19},"end":{"line":89,"column":13}},{"start":{},"end":{}}],"line":87},"15":{"loc":{"start":{"line":88,"column":21},"end":{"line":88,"column":50}},"type":"cond-expr","locations":[{"start":{"line":88,"column":31},"end":{"line":88,"column":39}},{"start":{"line":88,"column":42},"end":{"line":88,"column":50}}],"line":88},"16":{"loc":{"start":{"line":94,"column":76},"end":{"line":94,"column":103}},"type":"cond-expr","locations":[{"start":{"line":94,"column":86},"end":{"line":94,"column":95}},{"start":{"line":94,"column":98},"end":{"line":94,"column":103}}],"line":94},"17":{"loc":{"start":{"line":100,"column":9},"end":{"line":123,"column":11}},"type":"cond-expr","locations":[{"start":{"line":101,"column":10},"end":{"line":112,"column":13}},{"start":{"line":114,"column":10},"end":{"line":122,"column":13}}],"line":100}},"s":{"0":2,"1":2,"2":2,"3":2,"4":2,"5":11,"6":9,"7":0,"8":9,"9":3,"10":3,"11":0,"12":0,"13":0,"14":0,"15":0,"16":0,"17":0,"18":0,"19":3,"20":9,"21":3,"22":9,"23":10,"24":20,"25":0,"26":20,"27":0,"28":20,"29":0,"30":20,"31":0,"32":20,"33":10,"34":10,"35":10,"36":0,"37":0,"38":20,"39":0,"40":5,"41":2,"42":0,"43":2,"44":0,"45":2,"46":0,"47":2,"48":0,"49":2,"50":0,"51":0,"52":2,"53":5,"54":5},"f":{"0":11,"1":0,"2":3,"3":3,"4":10,"5":20,"6":0,"7":5,"8":0,"9":0,"10":0,"11":0,"12":0,"13":0,"14":5,"15":5},"b":{"0":[0,0],"1":[0,0],"2":[0,20],"3":[0,0],"4":[0,20],"5":[0,0],"6":[0,20],"7":[0,0],"8":[0,20],"9":[0,0],"10":[10,10],"11":[5,5],"12":[10,0],"13":[5,5],"14":[0,0],"15":[0,0],"16":[10,10],"17":[0,9]},"_coverageSchema":"1a1c01bbd47fc00a2c39e90264f33305004495a9","hash":"94701f46128e48840c85bb98b272527056529680"}
,"/Users/banbz/EIP/Guardos-mobile/restoMobile/src/assets/placeholderImagesBase64.ts": {"path":"/Users/banbz/EIP/Guardos-mobile/restoMobile/src/assets/placeholderImagesBase64.ts","statementMap":{"0":{"start":{"line":1,"column":33},"end":{"line":1,"column":23961}},"1":{"start":{"line":2,"column":32},"end":{"line":2,"column":83116}}},"fnMap":{},"branchMap":{},"s":{"0":10,"1":10},"f":{},"b":{},"_coverageSchema":"1a1c01bbd47fc00a2c39e90264f33305004495a9","hash":"ce9d01c80a29ea2d8cbb4ac7fb74f0f6ef6acbf3"}
,"/Users/banbz/EIP/Guardos-mobile/restoMobile/src/components/Header.tsx": {"path":"/Users/banbz/EIP/Guardos-mobile/restoMobile/src/components/Header.tsx","statementMap":{"0":{"start":{"line":13,"column":15},"end":{"line":29,"column":1}},"1":{"start":{"line":24,"column":2},"end":{"line":28,"column":4}},"2":{"start":{"line":32,"column":20},"end":{"line":32,"column":62}},"3":{"start":{"line":34,"column":15},"end":{"line":48,"column":2}}},"fnMap":{"0":{"name":"(anonymous_0)","decl":{"start":{"line":13,"column":15},"end":{"line":13,"column":16}},"loc":{"start":{"line":13,"column":30},"end":{"line":29,"column":1}},"line":13}},"branchMap":{},"s":{"0":5,"1":142,"2":5,"3":5},"f":{"0":142},"b":{},"_coverageSchema":"1a1c01bbd47fc00a2c39e90264f33305004495a9","hash":"35af86e74083bc2bac09354e2f66c9c51ccc72a1"}
,"/Users/banbz/EIP/Guardos-mobile/restoMobile/src/components/IconLabel.tsx": {"path":"/Users/banbz/EIP/Guardos-mobile/restoMobile/src/components/IconLabel.tsx","statementMap":{"0":{"start":{"line":5,"column":18},"end":{"line":11,"column":1}},"1":{"start":{"line":6,"column":2},"end":{"line":10,"column":4}},"2":{"start":{"line":13,"column":15},"end":{"line":25,"column":2}}},"fnMap":{"0":{"name":"(anonymous_0)","decl":{"start":{"line":5,"column":18},"end":{"line":5,"column":19}},"loc":{"start":{"line":5,"column":46},"end":{"line":11,"column":1}},"line":5}},"branchMap":{},"s":{"0":1,"1":3,"2":1},"f":{"0":3},"b":{},"_coverageSchema":"1a1c01bbd47fc00a2c39e90264f33305004495a9","hash":"33bef95aea546d6f89a094cb6e4a0e98bb1aa669"}
,"/Users/banbz/EIP/Guardos-mobile/restoMobile/src/components/RestaurantCard.styles.ts": {"path":"/Users/banbz/EIP/Guardos-mobile/restoMobile/src/components/RestaurantCard.styles.ts","statementMap":{"0":{"start":{"line":3,"column":20},"end":{"line":3,"column":62}},"1":{"start":{"line":4,"column":15},"end":{"line":4,"column":17}},"2":{"start":{"line":5,"column":15},"end":{"line":5,"column":17}},"3":{"start":{"line":6,"column":17},"end":{"line":6,"column":19}},"4":{"start":{"line":8,"column":15},"end":{"line":67,"column":2}}},"fnMap":{},"branchMap":{},"s":{"0":6,"1":6,"2":6,"3":6,"4":6},"f":{},"b":{},"_coverageSchema":"1a1c01bbd47fc00a2c39e90264f33305004495a9","hash":"1d3a667bae26eeb3ef30975021232409b1cd311d"}
,"/Users/banbz/EIP/Guardos-mobile/restoMobile/src/components/RestaurantCard.tsx": {"path":"/Users/banbz/EIP/Guardos-mobile/restoMobile/src/components/RestaurantCard.tsx","statementMap":{"0":{"start":{"line":12,"column":23},"end":{"line":79,"column":1}},"1":{"start":{"line":13,"column":21},"end":{"line":13,"column":36}},"2":{"start":{"line":14,"column":34},"end":{"line":14,"column":65}},"3":{"start":{"line":16,"column":23},"end":{"line":18,"column":3}},"4":{"start":{"line":17,"column":4},"end":{"line":17,"column":24}},"5":{"start":{"line":20,"column":21},"end":{"line":22,"column":3}},"6":{"start":{"line":21,"column":4},"end":{"line":21,"column":71}},"7":{"start":{"line":24,"column":19},"end":{"line":24,"column":34}},"8":{"start":{"line":25,"column":2},"end":{"line":43,"column":19}},"9":{"start":{"line":27,"column":6},"end":{"line":39,"column":7}},"10":{"start":{"line":28,"column":30},"end":{"line":28,"column":57}},"11":{"start":{"line":29,"column":8},"end":{"line":29,"column":35}},"12":{"start":{"line":31,"column":8},"end":{"line":38,"column":12}},"13":{"start":{"line":42,"column":4},"end":{"line":42,"column":18}},"14":{"start":{"line":45,"column":2},"end":{"line":78,"column":4}}},"fnMap":{"0":{"name":"(anonymous_0)","decl":{"start":{"line":12,"column":23},"end":{"line":12,"column":24}},"loc":{"start":{"line":12,"column":47},"end":{"line":79,"column":1}},"line":12},"1":{"name":"(anonymous_1)","decl":{"start":{"line":16,"column":23},"end":{"line":16,"column":24}},"loc":{"start":{"line":16,"column":29},"end":{"line":18,"column":3}},"line":16},"2":{"name":"(anonymous_2)","decl":{"start":{"line":20,"column":21},"end":{"line":20,"column":22}},"loc":{"start":{"line":20,"column":27},"end":{"line":22,"column":3}},"line":20},"3":{"name":"(anonymous_3)","decl":{"start":{"line":25,"column":12},"end":{"line":25,"column":13}},"loc":{"start":{"line":25,"column":18},"end":{"line":43,"column":3}},"line":25},"4":{"name":"fetchImages","decl":{"start":{"line":26,"column":19},"end":{"line":26,"column":30}},"loc":{"start":{"line":26,"column":33},"end":{"line":40,"column":5}},"line":26}},"branchMap":{"0":{"loc":{"start":{"line":27,"column":6},"end":{"line":39,"column":7}},"type":"if","locations":[{"start":{"line":27,"column":6},"end":{"line":39,"column":7}},{"start":{"line":30,"column":13},"end":{"line":39,"column":7}}],"line":27},"1":{"loc":{"start":{"line":52,"column":12},"end":{"line":54,"column":42}},"type":"cond-expr","locations":[{"start":{"line":53,"column":16},"end":{"line":53,"column":43}},{"start":{"line":54,"column":16},"end":{"line":54,"column":42}}],"line":52},"2":{"loc":{"start":{"line":52,"column":12},"end":{"line":52,"column":53}},"type":"binary-expr","locations":[{"start":{"line":52,"column":12},"end":{"line":52,"column":31}},{"start":{"line":52,"column":35},"end":{"line":52,"column":53}}],"line":52}},"s":{"0":6,"1":57,"2":54,"3":54,"4":0,"5":54,"6":0,"7":54,"8":54,"9":27,"10":4,"11":4,"12":23,"13":27,"14":54},"f":{"0":57,"1":0,"2":0,"3":27,"4":27},"b":{"0":[4,23],"1":[27,27],"2":[54,27]},"_coverageSchema":"1a1c01bbd47fc00a2c39e90264f33305004495a9","hash":"13d6287a08377e161baa9194d98b5a4f805952f1"}
,"/Users/banbz/EIP/Guardos-mobile/restoMobile/src/components/DishCard/DishCard.style.ts": {"path":"/Users/banbz/EIP/Guardos-mobile/restoMobile/src/components/DishCard/DishCard.style.ts","statementMap":{"0":{"start":{"line":3,"column":20},"end":{"line":3,"column":62}},"1":{"start":{"line":4,"column":15},"end":{"line":4,"column":17}},"2":{"start":{"line":5,"column":15},"end":{"line":5,"column":17}},"3":{"start":{"line":6,"column":17},"end":{"line":6,"column":19}},"4":{"start":{"line":8,"column":15},"end":{"line":67,"column":2}}},"fnMap":{},"branchMap":{},"s":{"0":4,"1":4,"2":4,"3":4,"4":4},"f":{},"b":{},"_coverageSchema":"1a1c01bbd47fc00a2c39e90264f33305004495a9","hash":"4620061fe90453f7ece78295c0e57c770b32830c"}
,"/Users/banbz/EIP/Guardos-mobile/restoMobile/src/components/DishCard/DishCard.tsx": {"path":"/Users/banbz/EIP/Guardos-mobile/restoMobile/src/components/DishCard/DishCard.tsx","statementMap":{"0":{"start":{"line":18,"column":21},"end":{"line":18,"column":27}},"1":{"start":{"line":20,"column":42},"end":{"line":115,"column":1}},"2":{"start":{"line":21,"column":21},"end":{"line":21,"column":36}},"3":{"start":{"line":22,"column":44},"end":{"line":22,"column":59}},"4":{"start":{"line":23,"column":34},"end":{"line":23,"column":65}},"5":{"start":{"line":26,"column":2},"end":{"line":28,"column":3}},"6":{"start":{"line":27,"column":4},"end":{"line":27,"column":16}},"7":{"start":{"line":30,"column":2},"end":{"line":32,"column":3}},"8":{"start":{"line":31,"column":4},"end":{"line":31,"column":26}},"9":{"start":{"line":33,"column":2},"end":{"line":35,"column":3}},"10":{"start":{"line":34,"column":4},"end":{"line":34,"column":40}},"11":{"start":{"line":37,"column":22},"end":{"line":39,"column":3}},"12":{"start":{"line":38,"column":4},"end":{"line":38,"column":37}},"13":{"start":{"line":41,"column":27},"end":{"line":49,"column":3}},"14":{"start":{"line":42,"column":4},"end":{"line":48,"column":5}},"15":{"start":{"line":43,"column":6},"end":{"line":43,"column":38}},"16":{"start":{"line":45,"column":6},"end":{"line":45,"column":54}},"17":{"start":{"line":47,"column":6},"end":{"line":47,"column":20}},"18":{"start":{"line":51,"column":19},"end":{"line":51,"column":34}},"19":{"start":{"line":52,"column":2},"end":{"line":70,"column":19}},"20":{"start":{"line":54,"column":6},"end":{"line":66,"column":7}},"21":{"start":{"line":55,"column":30},"end":{"line":55,"column":57}},"22":{"start":{"line":56,"column":8},"end":{"line":56,"column":35}},"23":{"start":{"line":58,"column":8},"end":{"line":65,"column":12}},"24":{"start":{"line":69,"column":4},"end":{"line":69,"column":18}},"25":{"start":{"line":81,"column":2},"end":{"line":114,"column":4}}},"fnMap":{"0":{"name":"(anonymous_0)","decl":{"start":{"line":20,"column":42},"end":{"line":20,"column":43}},"loc":{"start":{"line":20,"column":66},"end":{"line":115,"column":1}},"line":20},"1":{"name":"(anonymous_1)","decl":{"start":{"line":37,"column":22},"end":{"line":37,"column":23}},"loc":{"start":{"line":37,"column":28},"end":{"line":39,"column":3}},"line":37},"2":{"name":"(anonymous_2)","decl":{"start":{"line":41,"column":27},"end":{"line":41,"column":28}},"loc":{"start":{"line":41,"column":39},"end":{"line":49,"column":3}},"line":41},"3":{"name":"(anonymous_3)","decl":{"start":{"line":52,"column":12},"end":{"line":52,"column":13}},"loc":{"start":{"line":52,"column":18},"end":{"line":70,"column":3}},"line":52},"4":{"name":"fetchImages","decl":{"start":{"line":53,"column":19},"end":{"line":53,"column":30}},"loc":{"start":{"line":53,"column":33},"end":{"line":67,"column":5}},"line":53}},"branchMap":{"0":{"loc":{"start":{"line":26,"column":2},"end":{"line":28,"column":3}},"type":"if","locations":[{"start":{"line":26,"column":2},"end":{"line":28,"column":3}},{"start":{},"end":{}}],"line":26},"1":{"loc":{"start":{"line":30,"column":2},"end":{"line":32,"column":3}},"type":"if","locations":[{"start":{"line":30,"column":2},"end":{"line":32,"column":3}},{"start":{},"end":{}}],"line":30},"2":{"loc":{"start":{"line":33,"column":2},"end":{"line":35,"column":3}},"type":"if","locations":[{"start":{"line":33,"column":2},"end":{"line":35,"column":3}},{"start":{},"end":{}}],"line":33},"3":{"loc":{"start":{"line":54,"column":6},"end":{"line":66,"column":7}},"type":"if","locations":[{"start":{"line":54,"column":6},"end":{"line":66,"column":7}},{"start":{"line":57,"column":13},"end":{"line":66,"column":7}}],"line":54},"4":{"loc":{"start":{"line":88,"column":12},"end":{"line":90,"column":42}},"type":"cond-expr","locations":[{"start":{"line":89,"column":16},"end":{"line":89,"column":43}},{"start":{"line":90,"column":16},"end":{"line":90,"column":42}}],"line":88},"5":{"loc":{"start":{"line":88,"column":12},"end":{"line":88,"column":53}},"type":"binary-expr","locations":[{"start":{"line":88,"column":12},"end":{"line":88,"column":31}},{"start":{"line":88,"column":35},"end":{"line":88,"column":53}}],"line":88}},"s":{"0":4,"1":4,"2":32,"3":32,"4":32,"5":32,"6":0,"7":32,"8":1,"9":32,"10":1,"11":32,"12":0,"13":32,"14":0,"15":0,"16":0,"17":0,"18":32,"19":32,"20":16,"21":5,"22":5,"23":11,"24":16,"25":32},"f":{"0":32,"1":0,"2":0,"3":16,"4":16},"b":{"0":[0,32],"1":[1,31],"2":[1,31],"3":[5,11],"4":[15,16],"5":[32,15]},"_coverageSchema":"1a1c01bbd47fc00a2c39e90264f33305004495a9","hash":"abf3ef41039d45e7cdec5be2dbe8981f95388de7"}
,"/Users/banbz/EIP/Guardos-mobile/restoMobile/src/components/ErrorBoundary/ErrorBoundary.tsx": {"path":"/Users/banbz/EIP/Guardos-mobile/restoMobile/src/components/ErrorBoundary/ErrorBoundary.tsx","statementMap":{"0":{"start":{"line":16,"column":17},"end":{"line":16,"column":32}},"1":{"start":{"line":20,"column":6},"end":{"line":22,"column":3}},"2":{"start":{"line":25,"column":4},"end":{"line":25,"column":20}},"3":{"start":{"line":29,"column":4},"end":{"line":31,"column":5}},"4":{"start":{"line":30,"column":6},"end":{"line":30,"column":52}},"5":{"start":{"line":34,"column":27},"end":{"line":36,"column":3}},"6":{"start":{"line":35,"column":4},"end":{"line":35,"column":34}},"7":{"start":{"line":39,"column":34},"end":{"line":39,"column":44}},"8":{"start":{"line":41,"column":4},"end":{"line":48,"column":5}}},"fnMap":{"0":{"name":"(anonymous_0)","decl":{"start":{"line":24,"column":2},"end":{"line":24,"column":3}},"loc":{"start":{"line":24,"column":55},"end":{"line":26,"column":3}},"line":24},"1":{"name":"(anonymous_1)","decl":{"start":{"line":28,"column":2},"end":{"line":28,"column":3}},"loc":{"start":{"line":28,"column":68},"end":{"line":32,"column":3}},"line":28},"2":{"name":"(anonymous_2)","decl":{"start":{"line":34,"column":27},"end":{"line":34,"column":28}},"loc":{"start":{"line":34,"column":33},"end":{"line":36,"column":3}},"line":34},"3":{"name":"(anonymous_3)","decl":{"start":{"line":38,"column":2},"end":{"line":38,"column":3}},"loc":{"start":{"line":38,"column":11},"end":{"line":49,"column":3}},"line":38}},"branchMap":{"0":{"loc":{"start":{"line":29,"column":4},"end":{"line":31,"column":5}},"type":"if","locations":[{"start":{"line":29,"column":4},"end":{"line":31,"column":5}},{"start":{},"end":{}}],"line":29},"1":{"loc":{"start":{"line":41,"column":11},"end":{"line":48,"column":5}},"type":"cond-expr","locations":[{"start":{"line":42,"column":6},"end":{"line":45,"column":8}},{"start":{"line":47,"column":6},"end":{"line":47,"column":25}}],"line":41}},"s":{"0":4,"1":1,"2":3,"3":0,"4":0,"5":4,"6":0,"7":7,"8":7},"f":{"0":3,"1":0,"2":0,"3":7},"b":{"0":[0,0],"1":[3,4]},"_coverageSchema":"1a1c01bbd47fc00a2c39e90264f33305004495a9","hash":"2af477b4ff8162865c6c5f05d650d337c699b278"}
,"/Users/banbz/EIP/Guardos-mobile/restoMobile/src/components/ErrorBoundary/FallbackComponent/FallbackComponent.tsx": {"path":"/Users/banbz/EIP/Guardos-mobile/restoMobile/src/components/ErrorBoundary/FallbackComponent/FallbackComponent.tsx","statementMap":{"0":{"start":{"line":8,"column":26},"end":{"line":19,"column":1}},"1":{"start":{"line":9,"column":2},"end":{"line":18,"column":17}}},"fnMap":{"0":{"name":"(anonymous_0)","decl":{"start":{"line":8,"column":26},"end":{"line":8,"column":27}},"loc":{"start":{"line":9,"column":2},"end":{"line":18,"column":17}},"line":9}},"branchMap":{},"s":{"0":1,"1":0},"f":{"0":0},"b":{},"_coverageSchema":"1a1c01bbd47fc00a2c39e90264f33305004495a9","hash":"0e4843241c7f6a827b95064654f0b2bff90cf418"}
,"/Users/banbz/EIP/Guardos-mobile/restoMobile/src/components/ErrorBoundary/FallbackComponent/styles.ts": {"path":"/Users/banbz/EIP/Guardos-mobile/restoMobile/src/components/ErrorBoundary/FallbackComponent/styles.ts","statementMap":{"0":{"start":{"line":3,"column":15},"end":{"line":36,"column":2}}},"fnMap":{},"branchMap":{},"s":{"0":1},"f":{},"b":{},"_coverageSchema":"1a1c01bbd47fc00a2c39e90264f33305004495a9","hash":"eb095a80be99256cada2a1cb820f6a8d68b173f2"}
,"/Users/banbz/EIP/Guardos-mobile/restoMobile/src/components/ModalConfirm/ModalConfirm.styles.ts": {"path":"/Users/banbz/EIP/Guardos-mobile/restoMobile/src/components/ModalConfirm/ModalConfirm.styles.ts","statementMap":{"0":{"start":{"line":3,"column":15},"end":{"line":36,"column":4}}},"fnMap":{},"branchMap":{},"s":{"0":6},"f":{},"b":{},"_coverageSchema":"1a1c01bbd47fc00a2c39e90264f33305004495a9","hash":"7596a696515c972bbe16abde70309531f4a2832f"}
,"/Users/banbz/EIP/Guardos-mobile/restoMobile/src/components/ModalConfirm/ModalConfirm.tsx": {"path":"/Users/banbz/EIP/Guardos-mobile/restoMobile/src/components/ModalConfirm/ModalConfirm.tsx","statementMap":{"0":{"start":{"line":11,"column":50},"end":{"line":34,"column":1}},"1":{"start":{"line":12,"column":2},"end":{"line":33,"column":4}}},"fnMap":{"0":{"name":"(anonymous_0)","decl":{"start":{"line":11,"column":50},"end":{"line":11,"column":51}},"loc":{"start":{"line":11,"column":90},"end":{"line":34,"column":1}},"line":11}},"branchMap":{},"s":{"0":6,"1":41},"f":{"0":41},"b":{},"_coverageSchema":"1a1c01bbd47fc00a2c39e90264f33305004495a9","hash":"c4740a549fb0f7ba7ce8b2546e6febd7711366cb"}
,"/Users/banbz/EIP/Guardos-mobile/restoMobile/src/components/ProductCard/ProductCard.styles.ts": {"path":"/Users/banbz/EIP/Guardos-mobile/restoMobile/src/components/ProductCard/ProductCard.styles.ts","statementMap":{"0":{"start":{"line":3,"column":17},"end":{"line":3,"column":19}},"1":{"start":{"line":5,"column":15},"end":{"line":60,"column":2}}},"fnMap":{},"branchMap":{},"s":{"0":4,"1":4},"f":{},"b":{},"_coverageSchema":"1a1c01bbd47fc00a2c39e90264f33305004495a9","hash":"d755db58dd93f032bc1f4bc1ddf60d8883f63bc1"}
,"/Users/banbz/EIP/Guardos-mobile/restoMobile/src/components/ProductCard/ProductCard.tsx": {"path":"/Users/banbz/EIP/Guardos-mobile/restoMobile/src/components/ProductCard/ProductCard.tsx","statementMap":{"0":{"start":{"line":20,"column":48},"end":{"line":86,"column":1}},"1":{"start":{"line":21,"column":21},"end":{"line":21,"column":36}},"2":{"start":{"line":22,"column":44},"end":{"line":22,"column":59}},"3":{"start":{"line":23,"column":40},"end":{"line":23,"column":75}},"4":{"start":{"line":25,"column":2},"end":{"line":36,"column":9}},"5":{"start":{"line":26,"column":29},"end":{"line":33,"column":5}},"6":{"start":{"line":27,"column":6},"end":{"line":32,"column":7}},"7":{"start":{"line":28,"column":31},"end":{"line":28,"column":50}},"8":{"start":{"line":29,"column":8},"end":{"line":29,"column":39}},"9":{"start":{"line":31,"column":8},"end":{"line":31,"column":60}},"10":{"start":{"line":35,"column":4},"end":{"line":35,"column":23}},"11":{"start":{"line":38,"column":22},"end":{"line":40,"column":3}},"12":{"start":{"line":39,"column":4},"end":{"line":39,"column":37}},"13":{"start":{"line":42,"column":30},"end":{"line":51,"column":3}},"14":{"start":{"line":43,"column":4},"end":{"line":50,"column":5}},"15":{"start":{"line":44,"column":6},"end":{"line":44,"column":35}},"16":{"start":{"line":45,"column":6},"end":{"line":45,"column":29}},"17":{"start":{"line":47,"column":6},"end":{"line":47,"column":27}},"18":{"start":{"line":49,"column":6},"end":{"line":49,"column":20}},"19":{"start":{"line":53,"column":21},"end":{"line":61,"column":3}},"20":{"start":{"line":54,"column":28},"end":{"line":54,"column":138}},"21":{"start":{"line":54,"column":61},"end":{"line":54,"column":121}},"22":{"start":{"line":54,"column":94},"end":{"line":54,"column":114}},"23":{"start":{"line":55,"column":4},"end":{"line":60,"column":7}},"24":{"start":{"line":63,"column":2},"end":{"line":85,"column":4}}},"fnMap":{"0":{"name":"(anonymous_0)","decl":{"start":{"line":20,"column":48},"end":{"line":20,"column":49}},"loc":{"start":{"line":20,"column":75},"end":{"line":86,"column":1}},"line":20},"1":{"name":"(anonymous_1)","decl":{"start":{"line":25,"column":12},"end":{"line":25,"column":13}},"loc":{"start":{"line":25,"column":18},"end":{"line":36,"column":3}},"line":25},"2":{"name":"(anonymous_2)","decl":{"start":{"line":26,"column":29},"end":{"line":26,"column":30}},"loc":{"start":{"line":26,"column":41},"end":{"line":33,"column":5}},"line":26},"3":{"name":"(anonymous_3)","decl":{"start":{"line":38,"column":22},"end":{"line":38,"column":23}},"loc":{"start":{"line":38,"column":28},"end":{"line":40,"column":3}},"line":38},"4":{"name":"(anonymous_4)","decl":{"start":{"line":42,"column":30},"end":{"line":42,"column":31}},"loc":{"start":{"line":42,"column":42},"end":{"line":51,"column":3}},"line":42},"5":{"name":"(anonymous_5)","decl":{"start":{"line":53,"column":21},"end":{"line":53,"column":22}},"loc":{"start":{"line":53,"column":27},"end":{"line":61,"column":3}},"line":53},"6":{"name":"(anonymous_6)","decl":{"start":{"line":54,"column":53},"end":{"line":54,"column":54}},"loc":{"start":{"line":54,"column":61},"end":{"line":54,"column":121}},"line":54},"7":{"name":"(anonymous_7)","decl":{"start":{"line":54,"column":78},"end":{"line":54,"column":79}},"loc":{"start":{"line":54,"column":94},"end":{"line":54,"column":114}},"line":54}},"branchMap":{},"s":{"0":4,"1":16,"2":16,"3":16,"4":16,"5":5,"6":5,"7":5,"8":5,"9":0,"10":5,"11":16,"12":0,"13":16,"14":0,"15":0,"16":0,"17":0,"18":0,"19":16,"20":0,"21":0,"22":0,"23":0,"24":16},"f":{"0":16,"1":5,"2":5,"3":0,"4":0,"5":0,"6":0,"7":0},"b":{},"_coverageSchema":"1a1c01bbd47fc00a2c39e90264f33305004495a9","hash":"efafbb58ee189ec8030808c0e642b87fcc76d551"}
,"/Users/banbz/EIP/Guardos-mobile/restoMobile/src/components/ProductForm/ProductForm.styles.ts": {"path":"/Users/banbz/EIP/Guardos-mobile/restoMobile/src/components/ProductForm/ProductForm.styles.ts","statementMap":{"0":{"start":{"line":3,"column":15},"end":{"line":144,"column":2}}},"fnMap":{},"branchMap":{},"s":{"0":4},"f":{},"b":{},"_coverageSchema":"1a1c01bbd47fc00a2c39e90264f33305004495a9","hash":"b573733579bb3b654a865d972c5d1aac9ba7e809"}
,"/Users/banbz/EIP/Guardos-mobile/restoMobile/src/components/ProductForm/ProductForm.tsx": {"path":"/Users/banbz/EIP/Guardos-mobile/restoMobile/src/components/ProductForm/ProductForm.tsx","statementMap":{"0":{"start":{"line":20,"column":45},"end":{"line":26,"column":1}},"1":{"start":{"line":28,"column":46},"end":{"line":263,"column":1}},"2":{"start":{"line":35,"column":21},"end":{"line":35,"column":36}},"3":{"start":{"line":36,"column":26},"end":{"line":36,"column":78}},"4":{"start":{"line":37,"column":40},"end":{"line":37,"column":75}},"5":{"start":{"line":38,"column":64},"end":{"line":38,"column":88}},"6":{"start":{"line":39,"column":56},"end":{"line":39,"column":109}},"7":{"start":{"line":40,"column":74},"end":{"line":40,"column":98}},"8":{"start":{"line":41,"column":56},"end":{"line":41,"column":107}},"9":{"start":{"line":42,"column":78},"end":{"line":42,"column":124}},"10":{"start":{"line":43,"column":40},"end":{"line":43,"column":73}},"11":{"start":{"line":45,"column":2},"end":{"line":58,"column":9}},"12":{"start":{"line":46,"column":29},"end":{"line":54,"column":5}},"13":{"start":{"line":47,"column":6},"end":{"line":53,"column":7}},"14":{"start":{"line":48,"column":26},"end":{"line":48,"column":65}},"15":{"start":{"line":49,"column":31},"end":{"line":49,"column":78}},"16":{"start":{"line":50,"column":8},"end":{"line":50,"column":39}},"17":{"start":{"line":52,"column":8},"end":{"line":52,"column":60}},"18":{"start":{"line":56,"column":4},"end":{"line":56,"column":23}},"19":{"start":{"line":57,"column":4},"end":{"line":57,"column":61}},"20":{"start":{"line":60,"column":32},"end":{"line":62,"column":3}},"21":{"start":{"line":61,"column":4},"end":{"line":61,"column":57}},"22":{"start":{"line":64,"column":33},"end":{"line":72,"column":3}},"23":{"start":{"line":65,"column":4},"end":{"line":71,"column":7}},"24":{"start":{"line":66,"column":6},"end":{"line":70,"column":7}},"25":{"start":{"line":67,"column":8},"end":{"line":67,"column":71}},"26":{"start":{"line":67,"column":46},"end":{"line":67,"column":69}},"27":{"start":{"line":69,"column":8},"end":{"line":69,"column":50}},"28":{"start":{"line":74,"column":33},"end":{"line":76,"column":3}},"29":{"start":{"line":75,"column":4},"end":{"line":75,"column":99}},"30":{"start":{"line":75,"column":46},"end":{"line":75,"column":97}},"31":{"start":{"line":75,"column":77},"end":{"line":75,"column":96}},"32":{"start":{"line":78,"column":27},"end":{"line":113,"column":3}},"33":{"start":{"line":79,"column":4},"end":{"line":112,"column":5}},"34":{"start":{"line":80,"column":6},"end":{"line":83,"column":7}},"35":{"start":{"line":81,"column":8},"end":{"line":81,"column":59}},"36":{"start":{"line":82,"column":8},"end":{"line":82,"column":15}},"37":{"start":{"line":85,"column":32},"end":{"line":89,"column":7}},"38":{"start":{"line":91,"column":6},"end":{"line":95,"column":7}},"39":{"start":{"line":92,"column":8},"end":{"line":94,"column":9}},"40":{"start":{"line":93,"column":10},"end":{"line":93,"column":58}},"41":{"start":{"line":97,"column":6},"end":{"line":107,"column":7}},"42":{"start":{"line":98,"column":37},"end":{"line":98,"column":145}},"43":{"start":{"line":98,"column":69},"end":{"line":98,"column":128}},"44":{"start":{"line":98,"column":102},"end":{"line":98,"column":124}},"45":{"start":{"line":99,"column":38},"end":{"line":105,"column":9}},"46":{"start":{"line":106,"column":8},"end":{"line":106,"column":57}},"47":{"start":{"line":109,"column":6},"end":{"line":109,"column":46}},"48":{"start":{"line":111,"column":6},"end":{"line":111,"column":52}},"49":{"start":{"line":115,"column":33},"end":{"line":123,"column":3}},"50":{"start":{"line":116,"column":4},"end":{"line":122,"column":7}},"51":{"start":{"line":117,"column":6},"end":{"line":121,"column":7}},"52":{"start":{"line":118,"column":8},"end":{"line":118,"column":69}},"53":{"start":{"line":118,"column":48},"end":{"line":118,"column":67}},"54":{"start":{"line":120,"column":8},"end":{"line":120,"column":48}},"55":{"start":{"line":125,"column":33},"end":{"line":127,"column":3}},"56":{"start":{"line":126,"column":4},"end":{"line":126,"column":103}},"57":{"start":{"line":126,"column":48},"end":{"line":126,"column":101}},"58":{"start":{"line":126,"column":81},"end":{"line":126,"column":100}},"59":{"start":{"line":129,"column":38},"end":{"line":131,"column":3}},"60":{"start":{"line":130,"column":4},"end":{"line":130,"column":67}},"61":{"start":{"line":133,"column":2},"end":{"line":262,"column":4}},"62":{"start":{"line":145,"column":36},"end":{"line":145,"column":49}},"63":{"start":{"line":156,"column":18},"end":{"line":162,"column":37}},"64":{"start":{"line":159,"column":35},"end":{"line":159,"column":69}},"65":{"start":{"line":178,"column":40},"end":{"line":178,"column":49}},"66":{"start":{"line":180,"column":18},"end":{"line":187,"column":37}},"67":{"start":{"line":184,"column":35},"end":{"line":184,"column":68}},"68":{"start":{"line":207,"column":18},"end":{"line":213,"column":37}},"69":{"start":{"line":210,"column":35},"end":{"line":210,"column":69}},"70":{"start":{"line":229,"column":40},"end":{"line":229,"column":49}},"71":{"start":{"line":231,"column":18},"end":{"line":238,"column":37}},"72":{"start":{"line":235,"column":35},"end":{"line":235,"column":68}}},"fnMap":{"0":{"name":"(anonymous_0)","decl":{"start":{"line":28,"column":46},"end":{"line":28,"column":47}},"loc":{"start":{"line":34,"column":6},"end":{"line":263,"column":1}},"line":34},"1":{"name":"(anonymous_1)","decl":{"start":{"line":45,"column":12},"end":{"line":45,"column":13}},"loc":{"start":{"line":45,"column":18},"end":{"line":58,"column":3}},"line":45},"2":{"name":"(anonymous_2)","decl":{"start":{"line":46,"column":29},"end":{"line":46,"column":30}},"loc":{"start":{"line":46,"column":41},"end":{"line":54,"column":5}},"line":46},"3":{"name":"(anonymous_3)","decl":{"start":{"line":60,"column":32},"end":{"line":60,"column":33}},"loc":{"start":{"line":60,"column":38},"end":{"line":62,"column":3}},"line":60},"4":{"name":"(anonymous_4)","decl":{"start":{"line":64,"column":33},"end":{"line":64,"column":34}},"loc":{"start":{"line":64,"column":61},"end":{"line":72,"column":3}},"line":64},"5":{"name":"(anonymous_5)","decl":{"start":{"line":65,"column":27},"end":{"line":65,"column":28}},"loc":{"start":{"line":65,"column":46},"end":{"line":71,"column":5}},"line":65},"6":{"name":"(anonymous_6)","decl":{"start":{"line":67,"column":36},"end":{"line":67,"column":37}},"loc":{"start":{"line":67,"column":46},"end":{"line":67,"column":69}},"line":67},"7":{"name":"(anonymous_7)","decl":{"start":{"line":74,"column":33},"end":{"line":74,"column":34}},"loc":{"start":{"line":74,"column":57},"end":{"line":76,"column":3}},"line":74},"8":{"name":"(anonymous_8)","decl":{"start":{"line":75,"column":27},"end":{"line":75,"column":28}},"loc":{"start":{"line":75,"column":46},"end":{"line":75,"column":97}},"line":75},"9":{"name":"(anonymous_9)","decl":{"start":{"line":75,"column":67},"end":{"line":75,"column":68}},"loc":{"start":{"line":75,"column":77},"end":{"line":75,"column":96}},"line":75},"10":{"name":"(anonymous_10)","decl":{"start":{"line":78,"column":27},"end":{"line":78,"column":28}},"loc":{"start":{"line":78,"column":39},"end":{"line":113,"column":3}},"line":78},"11":{"name":"(anonymous_11)","decl":{"start":{"line":98,"column":61},"end":{"line":98,"column":62}},"loc":{"start":{"line":98,"column":69},"end":{"line":98,"column":128}},"line":98},"12":{"name":"(anonymous_12)","decl":{"start":{"line":98,"column":86},"end":{"line":98,"column":87}},"loc":{"start":{"line":98,"column":102},"end":{"line":98,"column":124}},"line":98},"13":{"name":"(anonymous_13)","decl":{"start":{"line":115,"column":33},"end":{"line":115,"column":34}},"loc":{"start":{"line":115,"column":57},"end":{"line":123,"column":3}},"line":115},"14":{"name":"(anonymous_14)","decl":{"start":{"line":116,"column":27},"end":{"line":116,"column":28}},"loc":{"start":{"line":116,"column":48},"end":{"line":122,"column":5}},"line":116},"15":{"name":"(anonymous_15)","decl":{"start":{"line":118,"column":38},"end":{"line":118,"column":39}},"loc":{"start":{"line":118,"column":48},"end":{"line":118,"column":67}},"line":118},"16":{"name":"(anonymous_16)","decl":{"start":{"line":125,"column":33},"end":{"line":125,"column":34}},"loc":{"start":{"line":125,"column":57},"end":{"line":127,"column":3}},"line":125},"17":{"name":"(anonymous_17)","decl":{"start":{"line":126,"column":27},"end":{"line":126,"column":28}},"loc":{"start":{"line":126,"column":48},"end":{"line":126,"column":101}},"line":126},"18":{"name":"(anonymous_18)","decl":{"start":{"line":126,"column":71},"end":{"line":126,"column":72}},"loc":{"start":{"line":126,"column":81},"end":{"line":126,"column":100}},"line":126},"19":{"name":"(anonymous_19)","decl":{"start":{"line":129,"column":38},"end":{"line":129,"column":39}},"loc":{"start":{"line":129,"column":44},"end":{"line":131,"column":3}},"line":129},"20":{"name":"(anonymous_20)","decl":{"start":{"line":145,"column":26},"end":{"line":145,"column":27}},"loc":{"start":{"line":145,"column":36},"end":{"line":145,"column":49}},"line":145},"21":{"name":"(anonymous_21)","decl":{"start":{"line":155,"column":40},"end":{"line":155,"column":41}},"loc":{"start":{"line":156,"column":18},"end":{"line":162,"column":37}},"line":156},"22":{"name":"(anonymous_22)","decl":{"start":{"line":159,"column":29},"end":{"line":159,"column":30}},"loc":{"start":{"line":159,"column":35},"end":{"line":159,"column":69}},"line":159},"23":{"name":"(anonymous_23)","decl":{"start":{"line":172,"column":28},"end":{"line":172,"column":29}},"loc":{"start":{"line":172,"column":34},"end":{"line":172,"column":36}},"line":172},"24":{"name":"(anonymous_24)","decl":{"start":{"line":178,"column":30},"end":{"line":178,"column":31}},"loc":{"start":{"line":178,"column":40},"end":{"line":178,"column":49}},"line":178},"25":{"name":"(anonymous_25)","decl":{"start":{"line":179,"column":28},"end":{"line":179,"column":29}},"loc":{"start":{"line":180,"column":18},"end":{"line":187,"column":37}},"line":180},"26":{"name":"(anonymous_26)","decl":{"start":{"line":184,"column":29},"end":{"line":184,"column":30}},"loc":{"start":{"line":184,"column":35},"end":{"line":184,"column":68}},"line":184},"27":{"name":"(anonymous_27)","decl":{"start":{"line":206,"column":40},"end":{"line":206,"column":41}},"loc":{"start":{"line":207,"column":18},"end":{"line":213,"column":37}},"line":207},"28":{"name":"(anonymous_28)","decl":{"start":{"line":210,"column":29},"end":{"line":210,"column":30}},"loc":{"start":{"line":210,"column":35},"end":{"line":210,"column":69}},"line":210},"29":{"name":"(anonymous_29)","decl":{"start":{"line":223,"column":28},"end":{"line":223,"column":29}},"loc":{"start":{"line":223,"column":34},"end":{"line":223,"column":36}},"line":223},"30":{"name":"(anonymous_30)","decl":{"start":{"line":229,"column":30},"end":{"line":229,"column":31}},"loc":{"start":{"line":229,"column":40},"end":{"line":229,"column":49}},"line":229},"31":{"name":"(anonymous_31)","decl":{"start":{"line":230,"column":28},"end":{"line":230,"column":29}},"loc":{"start":{"line":231,"column":18},"end":{"line":238,"column":37}},"line":231},"32":{"name":"(anonymous_32)","decl":{"start":{"line":235,"column":29},"end":{"line":235,"column":30}},"loc":{"start":{"line":235,"column":35},"end":{"line":235,"column":68}},"line":235}},"branchMap":{"0":{"loc":{"start":{"line":29,"column":15},"end":{"line":29,"column":38}},"type":"default-arg","locations":[{"start":{"line":29,"column":36},"end":{"line":29,"column":38}}],"line":29},"1":{"loc":{"start":{"line":30,"column":22},"end":{"line":30,"column":52}},"type":"default-arg","locations":[{"start":{"line":30,"column":50},"end":{"line":30,"column":52}}],"line":30},"2":{"loc":{"start":{"line":31,"column":26},"end":{"line":31,"column":48}},"type":"default-arg","locations":[{"start":{"line":31,"column":46},"end":{"line":31,"column":48}}],"line":31},"3":{"loc":{"start":{"line":32,"column":2},"end":{"line":32,"column":15}},"type":"default-arg","locations":[{"start":{"line":32,"column":14},"end":{"line":32,"column":15}}],"line":32},"4":{"loc":{"start":{"line":33,"column":2},"end":{"line":33,"column":18}},"type":"default-arg","locations":[{"start":{"line":33,"column":13},"end":{"line":33,"column":18}}],"line":33},"5":{"loc":{"start":{"line":36,"column":43},"end":{"line":36,"column":77}},"type":"cond-expr","locations":[{"start":{"line":36,"column":54},"end":{"line":36,"column":72}},{"start":{"line":36,"column":75},"end":{"line":36,"column":77}}],"line":36},"6":{"loc":{"start":{"line":39,"column":75},"end":{"line":39,"column":108}},"type":"cond-expr","locations":[{"start":{"line":39,"column":86},"end":{"line":39,"column":103}},{"start":{"line":39,"column":106},"end":{"line":39,"column":108}}],"line":39},"7":{"loc":{"start":{"line":41,"column":75},"end":{"line":41,"column":106}},"type":"binary-expr","locations":[{"start":{"line":41,"column":75},"end":{"line":41,"column":100}},{"start":{"line":41,"column":104},"end":{"line":41,"column":106}}],"line":41},"8":{"loc":{"start":{"line":43,"column":57},"end":{"line":43,"column":71}},"type":"binary-expr","locations":[{"start":{"line":43,"column":57},"end":{"line":43,"column":66}},{"start":{"line":43,"column":70},"end":{"line":43,"column":71}}],"line":43},"9":{"loc":{"start":{"line":66,"column":6},"end":{"line":70,"column":7}},"type":"if","locations":[{"start":{"line":66,"column":6},"end":{"line":70,"column":7}},{"start":{"line":68,"column":13},"end":{"line":70,"column":7}}],"line":66},"10":{"loc":{"start":{"line":80,"column":6},"end":{"line":83,"column":7}},"type":"if","locations":[{"start":{"line":80,"column":6},"end":{"line":83,"column":7}},{"start":{},"end":{}}],"line":80},"11":{"loc":{"start":{"line":80,"column":10},"end":{"line":80,"column":51}},"type":"binary-expr","locations":[{"start":{"line":80,"column":10},"end":{"line":80,"column":15}},{"start":{"line":80,"column":19},"end":{"line":80,"column":51}}],"line":80},"12":{"loc":{"start":{"line":91,"column":6},"end":{"line":95,"column":7}},"type":"if","locations":[{"start":{"line":91,"column":6},"end":{"line":95,"column":7}},{"start":{},"end":{}}],"line":91},"13":{"loc":{"start":{"line":97,"column":6},"end":{"line":107,"column":7}},"type":"if","locations":[{"start":{"line":97,"column":6},"end":{"line":107,"column":7}},{"start":{},"end":{}}],"line":97},"14":{"loc":{"start":{"line":117,"column":6},"end":{"line":121,"column":7}},"type":"if","locations":[{"start":{"line":117,"column":6},"end":{"line":121,"column":7}},{"start":{"line":119,"column":13},"end":{"line":121,"column":7}}],"line":117},"15":{"loc":{"start":{"line":135,"column":16},"end":{"line":135,"column":60}},"type":"cond-expr","locations":[{"start":{"line":135,"column":40},"end":{"line":135,"column":49}},{"start":{"line":135,"column":52},"end":{"line":135,"column":60}}],"line":135},"16":{"loc":{"start":{"line":152,"column":15},"end":{"line":164,"column":15}},"type":"cond-expr","locations":[{"start":{"line":153,"column":16},"end":{"line":153,"column":71}},{"start":{"line":155,"column":16},"end":{"line":163,"column":18}}],"line":152},"17":{"loc":{"start":{"line":182,"column":41},"end":{"line":182,"column":104}},"type":"cond-expr","locations":[{"start":{"line":182,"column":83},"end":{"line":182,"column":94}},{"start":{"line":182,"column":97},"end":{"line":182,"column":104}}],"line":182},"18":{"loc":{"start":{"line":203,"column":15},"end":{"line":215,"column":15}},"type":"cond-expr","locations":[{"start":{"line":204,"column":16},"end":{"line":204,"column":71}},{"start":{"line":206,"column":16},"end":{"line":214,"column":18}}],"line":203},"19":{"loc":{"start":{"line":233,"column":41},"end":{"line":233,"column":104}},"type":"cond-expr","locations":[{"start":{"line":233,"column":83},"end":{"line":233,"column":94}},{"start":{"line":233,"column":97},"end":{"line":233,"column":104}}],"line":233},"20":{"loc":{"start":{"line":253,"column":13},"end":{"line":257,"column":13}},"type":"cond-expr","locations":[{"start":{"line":254,"column":14},"end":{"line":254,"column":65}},{"start":{"line":256,"column":14},"end":{"line":256,"column":64}}],"line":253}},"s":{"0":4,"1":4,"2":32,"3":31,"4":31,"5":31,"6":31,"7":31,"8":31,"9":31,"10":31,"11":31,"12":8,"13":8,"14":8,"15":8,"16":8,"17":0,"18":8,"19":8,"20":31,"21":5,"22":31,"23":1,"24":1,"25":0,"26":0,"27":1,"28":31,"29":1,"30":1,"31":1,"32":31,"33":2,"34":2,"35":1,"36":1,"37":1,"38":1,"39":0,"40":0,"41":1,"42":1,"43":1,"44":0,"45":0,"46":0,"47":0,"48":1,"49":31,"50":1,"51":1,"52":0,"53":0,"54":1,"55":31,"56":1,"57":1,"58":1,"59":31,"60":4,"61":31,"62":2,"63":5,"64":1,"65":17,"66":15,"67":1,"68":5,"69":1,"70":10,"71":7,"72":1},"f":{"0":32,"1":8,"2":8,"3":5,"4":1,"5":1,"6":0,"7":1,"8":1,"9":1,"10":2,"11":1,"12":0,"13":1,"14":1,"15":0,"16":1,"17":1,"18":1,"19":4,"20":2,"21":5,"22":1,"23":0,"24":17,"25":15,"26":1,"27":5,"28":1,"29":0,"30":10,"31":7,"32":1},"b":{"0":[28],"1":[28],"2":[28],"3":[28],"4":[28],"5":[3,28],"6":[3,28],"7":[31,0],"8":[31,28],"9":[0,1],"10":[1,1],"11":[2,1],"12":[0,1],"13":[1,0],"14":[0,1],"15":[31,0],"16":[26,5],"17":[1,14],"18":[26,5],"19":[1,6],"20":[3,28]},"_coverageSchema":"1a1c01bbd47fc00a2c39e90264f33305004495a9","hash":"8a7392314c234f3cd152adf03a3be9f8a2594f88"}
,"/Users/banbz/EIP/Guardos-mobile/restoMobile/src/models/dishesInterfaces.ts": {"path":"/Users/banbz/EIP/Guardos-mobile/restoMobile/src/models/dishesInterfaces.ts","statementMap":{},"fnMap":{},"branchMap":{},"s":{},"f":{},"b":{}}
,"/Users/banbz/EIP/Guardos-mobile/restoMobile/src/models/imageInterface.ts": {"path":"/Users/banbz/EIP/Guardos-mobile/restoMobile/src/models/imageInterface.ts","statementMap":{},"fnMap":{},"branchMap":{},"s":{},"f":{},"b":{}}
,"/Users/banbz/EIP/Guardos-mobile/restoMobile/src/models/ingedientsInterfaces.ts": {"path":"/Users/banbz/EIP/Guardos-mobile/restoMobile/src/models/ingedientsInterfaces.ts","statementMap":{},"fnMap":{},"branchMap":{},"s":{},"f":{},"b":{}}
,"/Users/banbz/EIP/Guardos-mobile/restoMobile/src/models/restaurantsInterfaces.ts": {"path":"/Users/banbz/EIP/Guardos-mobile/restoMobile/src/models/restaurantsInterfaces.ts","statementMap":{},"fnMap":{},"branchMap":{},"s":{},"f":{},"b":{}}
,"/Users/banbz/EIP/Guardos-mobile/restoMobile/src/pages/AddPage/AddPage.styles.ts": {"path":"/Users/banbz/EIP/Guardos-mobile/restoMobile/src/pages/AddPage/AddPage.styles.ts","statementMap":{"0":{"start":{"line":3,"column":12},"end":{"line":3,"column":14}},"1":{"start":{"line":4,"column":22},"end":{"line":4,"column":46}},"2":{"start":{"line":5,"column":20},"end":{"line":5,"column":39}},"3":{"start":{"line":7,"column":15},"end":{"line":97,"column":2}}},"fnMap":{},"branchMap":{"0":{"loc":{"start":{"line":14,"column":15},"end":{"line":14,"column":45}},"type":"cond-expr","locations":[{"start":{"line":14,"column":39},"end":{"line":14,"column":40}},{"start":{"line":14,"column":43},"end":{"line":14,"column":45}}],"line":14}},"s":{"0":1,"1":1,"2":1,"3":1},"f":{},"b":{"0":[1,0]},"_coverageSchema":"1a1c01bbd47fc00a2c39e90264f33305004495a9","hash":"aaecc86afe7c1ca82f7343b6174d28fcdeb8735d"}
,"/Users/banbz/EIP/Guardos-mobile/restoMobile/src/pages/AddPage/AddPage.tsx": {"path":"/Users/banbz/EIP/Guardos-mobile/restoMobile/src/pages/AddPage/AddPage.tsx","statementMap":{"0":{"start":{"line":15,"column":12},"end":{"line":15,"column":28}},"1":{"start":{"line":17,"column":0},"end":{"line":17,"column":36}},"2":{"start":{"line":19,"column":16},"end":{"line":130,"column":1}},"3":{"start":{"line":20,"column":38},"end":{"line":20,"column":53}},"4":{"start":{"line":22,"column":2},"end":{"line":35,"column":9}},"5":{"start":{"line":24,"column":6},"end":{"line":31,"column":7}},"6":{"start":{"line":25,"column":8},"end":{"line":25,"column":50}},"7":{"start":{"line":26,"column":8},"end":{"line":26,"column":66}},"8":{"start":{"line":26,"column":39},"end":{"line":26,"column":64}},"9":{"start":{"line":28,"column":8},"end":{"line":28,"column":24}},"10":{"start":{"line":30,"column":8},"end":{"line":30,"column":28}},"11":{"start":{"line":34,"column":4},"end":{"line":34,"column":14}},"12":{"start":{"line":36,"column":36},"end":{"line":36,"column":62}},"13":{"start":{"line":38,"column":27},"end":{"line":42,"column":18}},"14":{"start":{"line":39,"column":4},"end":{"line":41,"column":5}},"15":{"start":{"line":40,"column":6},"end":{"line":40,"column":37}},"16":{"start":{"line":44,"column":2},"end":{"line":46,"column":3}},"17":{"start":{"line":45,"column":4},"end":{"line":45,"column":16}},"18":{"start":{"line":49,"column":4},"end":{"line":49,"column":39}},"19":{"start":{"line":53,"column":4},"end":{"line":61,"column":5}},"20":{"start":{"line":54,"column":23},"end":{"line":57,"column":8}},"21":{"start":{"line":58,"column":6},"end":{"line":58,"column":34}},"22":{"start":{"line":60,"column":6},"end":{"line":60,"column":23}},"23":{"start":{"line":64,"column":4},"end":{"line":73,"column":5}},"24":{"start":{"line":65,"column":23},"end":{"line":69,"column":8}},"25":{"start":{"line":70,"column":6},"end":{"line":70,"column":56}},"26":{"start":{"line":70,"column":34},"end":{"line":70,"column":56}},"27":{"start":{"line":72,"column":6},"end":{"line":72,"column":23}},"28":{"start":{"line":76,"column":2},"end":{"line":76,"column":12}},"29":{"start":{"line":78,"column":2},"end":{"line":129,"column":4}},"30":{"start":{"line":102,"column":14},"end":{"line":115,"column":21}},"31":{"start":{"line":111,"column":22},"end":{"line":111,"column":44}}},"fnMap":{"0":{"name":"(anonymous_0)","decl":{"start":{"line":19,"column":16},"end":{"line":19,"column":17}},"loc":{"start":{"line":19,"column":57},"end":{"line":130,"column":1}},"line":19},"1":{"name":"(anonymous_1)","decl":{"start":{"line":22,"column":12},"end":{"line":22,"column":13}},"loc":{"start":{"line":22,"column":18},"end":{"line":35,"column":3}},"line":22},"2":{"name":"prepare","decl":{"start":{"line":23,"column":19},"end":{"line":23,"column":26}},"loc":{"start":{"line":23,"column":29},"end":{"line":32,"column":5}},"line":23},"3":{"name":"(anonymous_3)","decl":{"start":{"line":26,"column":26},"end":{"line":26,"column":27}},"loc":{"start":{"line":26,"column":39},"end":{"line":26,"column":64}},"line":26},"4":{"name":"(anonymous_4)","decl":{"start":{"line":38,"column":39},"end":{"line":38,"column":40}},"loc":{"start":{"line":38,"column":51},"end":{"line":42,"column":3}},"line":38},"5":{"name":"GoToQRCode","decl":{"start":{"line":48,"column":11},"end":{"line":48,"column":21}},"loc":{"start":{"line":48,"column":24},"end":{"line":50,"column":3}},"line":48},"6":{"name":"getIngr","decl":{"start":{"line":52,"column":17},"end":{"line":52,"column":24}},"loc":{"start":{"line":52,"column":27},"end":{"line":62,"column":3}},"line":52},"7":{"name":"deleteIngr","decl":{"start":{"line":63,"column":17},"end":{"line":63,"column":27}},"loc":{"start":{"line":63,"column":42},"end":{"line":74,"column":3}},"line":63},"8":{"name":"(anonymous_8)","decl":{"start":{"line":101,"column":28},"end":{"line":101,"column":29}},"loc":{"start":{"line":102,"column":14},"end":{"line":115,"column":21}},"line":102},"9":{"name":"(anonymous_9)","decl":{"start":{"line":110,"column":29},"end":{"line":110,"column":30}},"loc":{"start":{"line":110,"column":35},"end":{"line":112,"column":21}},"line":110}},"branchMap":{"0":{"loc":{"start":{"line":39,"column":4},"end":{"line":41,"column":5}},"type":"if","locations":[{"start":{"line":39,"column":4},"end":{"line":41,"column":5}},{"start":{},"end":{}}],"line":39},"1":{"loc":{"start":{"line":44,"column":2},"end":{"line":46,"column":3}},"type":"if","locations":[{"start":{"line":44,"column":2},"end":{"line":46,"column":3}},{"start":{},"end":{}}],"line":44},"2":{"loc":{"start":{"line":70,"column":6},"end":{"line":70,"column":56}},"type":"if","locations":[{"start":{"line":70,"column":6},"end":{"line":70,"column":56}},{"start":{},"end":{}}],"line":70}},"s":{"0":1,"1":1,"2":1,"3":8,"4":8,"5":7,"6":7,"7":6,"8":6,"9":1,"10":6,"11":7,"12":8,"13":8,"14":0,"15":0,"16":8,"17":7,"18":0,"19":1,"20":1,"21":1,"22":1,"23":0,"24":0,"25":0,"26":0,"27":0,"28":1,"29":1,"30":0,"31":0},"f":{"0":8,"1":7,"2":7,"3":6,"4":0,"5":0,"6":1,"7":0,"8":0,"9":0},"b":{"0":[0,0],"1":[7,1],"2":[0,0]},"_coverageSchema":"1a1c01bbd47fc00a2c39e90264f33305004495a9","hash":"74705efb01413c2d1c36575f4dd537677e31fd52"}
,"/Users/banbz/EIP/Guardos-mobile/restoMobile/src/pages/AddProductScreen/AddProductScreen.styles.ts": {"path":"/Users/banbz/EIP/Guardos-mobile/restoMobile/src/pages/AddProductScreen/AddProductScreen.styles.ts","statementMap":{"0":{"start":{"line":3,"column":15},"end":{"line":14,"column":2}}},"fnMap":{},"branchMap":{},"s":{"0":2},"f":{},"b":{},"_coverageSchema":"1a1c01bbd47fc00a2c39e90264f33305004495a9","hash":"f465dc6dd3fbf730015aa09ba293610bc2465990"}
,"/Users/banbz/EIP/Guardos-mobile/restoMobile/src/pages/AddProductScreen/AddProductScreen.tsx": {"path":"/Users/banbz/EIP/Guardos-mobile/restoMobile/src/pages/AddProductScreen/AddProductScreen.tsx","statementMap":{"0":{"start":{"line":6,"column":25},"end":{"line":13,"column":1}},"1":{"start":{"line":7,"column":2},"end":{"line":12,"column":4}}},"fnMap":{"0":{"name":"(anonymous_0)","decl":{"start":{"line":6,"column":25},"end":{"line":6,"column":26}},"loc":{"start":{"line":6,"column":31},"end":{"line":13,"column":1}},"line":6}},"branchMap":{},"s":{"0":2,"1":0},"f":{"0":0},"b":{},"_coverageSchema":"1a1c01bbd47fc00a2c39e90264f33305004495a9","hash":"4f1ef9489513c6a4f7aeb3afe2e4214f4b93845e"}
,"/Users/banbz/EIP/Guardos-mobile/restoMobile/src/pages/AddRestaurantScreen/AddRestaurantScreen.styles.ts": {"path":"/Users/banbz/EIP/Guardos-mobile/restoMobile/src/pages/AddRestaurantScreen/AddRestaurantScreen.styles.ts","statementMap":{"0":{"start":{"line":3,"column":15},"end":{"line":61,"column":4}}},"fnMap":{},"branchMap":{},"s":{"0":3},"f":{},"b":{},"_coverageSchema":"1a1c01bbd47fc00a2c39e90264f33305004495a9","hash":"8fd70446a365223f1d3f0c18bd8a51c00f05be89"}
,"/Users/banbz/EIP/Guardos-mobile/restoMobile/src/pages/AddRestaurantScreen/AddRestaurantScreen.tsx": {"path":"/Users/banbz/EIP/Guardos-mobile/restoMobile/src/pages/AddRestaurantScreen/AddRestaurantScreen.tsx","statementMap":{"0":{"start":{"line":12,"column":28},"end":{"line":161,"column":1}},"1":{"start":{"line":13,"column":21},"end":{"line":13,"column":36}},"2":{"start":{"line":14,"column":46},"end":{"line":14,"column":58}},"3":{"start":{"line":15,"column":40},"end":{"line":15,"column":52}},"4":{"start":{"line":16,"column":38},"end":{"line":16,"column":50}},"5":{"start":{"line":17,"column":42},"end":{"line":17,"column":54}},"6":{"start":{"line":18,"column":38},"end":{"line":18,"column":50}},"7":{"start":{"line":19,"column":26},"end":{"line":19,"column":38}},"8":{"start":{"line":20,"column":32},"end":{"line":20,"column":44}},"9":{"start":{"line":21,"column":40},"end":{"line":21,"column":52}},"10":{"start":{"line":22,"column":32},"end":{"line":22,"column":44}},"11":{"start":{"line":23,"column":34},"end":{"line":23,"column":46}},"12":{"start":{"line":25,"column":30},"end":{"line":68,"column":3}},"13":{"start":{"line":26,"column":4},"end":{"line":29,"column":5}},"14":{"start":{"line":27,"column":6},"end":{"line":27,"column":56}},"15":{"start":{"line":28,"column":6},"end":{"line":28,"column":13}},"16":{"start":{"line":30,"column":18},"end":{"line":30,"column":57}},"17":{"start":{"line":31,"column":27},"end":{"line":46,"column":5}},"18":{"start":{"line":47,"column":18},"end":{"line":50,"column":5}},"19":{"start":{"line":51,"column":4},"end":{"line":67,"column":5}},"20":{"start":{"line":52,"column":23},"end":{"line":52,"column":42}},"21":{"start":{"line":53,"column":6},"end":{"line":53,"column":28}},"22":{"start":{"line":54,"column":6},"end":{"line":54,"column":25}},"23":{"start":{"line":55,"column":6},"end":{"line":55,"column":24}},"24":{"start":{"line":56,"column":6},"end":{"line":56,"column":26}},"25":{"start":{"line":57,"column":6},"end":{"line":57,"column":24}},"26":{"start":{"line":58,"column":6},"end":{"line":58,"column":18}},"27":{"start":{"line":59,"column":6},"end":{"line":59,"column":21}},"28":{"start":{"line":60,"column":6},"end":{"line":60,"column":25}},"29":{"start":{"line":61,"column":6},"end":{"line":61,"column":21}},"30":{"start":{"line":62,"column":6},"end":{"line":62,"column":22}},"31":{"start":{"line":63,"column":6},"end":{"line":63,"column":49}},"32":{"start":{"line":65,"column":6},"end":{"line":65,"column":55}},"33":{"start":{"line":66,"column":6},"end":{"line":66,"column":74}},"34":{"start":{"line":70,"column":20},"end":{"line":81,"column":3}},"35":{"start":{"line":71,"column":19},"end":{"line":76,"column":6}},"36":{"start":{"line":78,"column":4},"end":{"line":80,"column":5}},"37":{"start":{"line":79,"column":6},"end":{"line":79,"column":30}},"38":{"start":{"line":83,"column":2},"end":{"line":160,"column":4}}},"fnMap":{"0":{"name":"(anonymous_0)","decl":{"start":{"line":12,"column":28},"end":{"line":12,"column":29}},"loc":{"start":{"line":12,"column":34},"end":{"line":161,"column":1}},"line":12},"1":{"name":"(anonymous_1)","decl":{"start":{"line":25,"column":30},"end":{"line":25,"column":31}},"loc":{"start":{"line":25,"column":42},"end":{"line":68,"column":3}},"line":25},"2":{"name":"(anonymous_2)","decl":{"start":{"line":70,"column":20},"end":{"line":70,"column":21}},"loc":{"start":{"line":70,"column":32},"end":{"line":81,"column":3}},"line":70}},"branchMap":{"0":{"loc":{"start":{"line":26,"column":4},"end":{"line":29,"column":5}},"type":"if","locations":[{"start":{"line":26,"column":4},"end":{"line":29,"column":5}},{"start":{},"end":{}}],"line":26},"1":{"loc":{"start":{"line":26,"column":8},"end":{"line":26,"column":91}},"type":"binary-expr","locations":[{"start":{"line":26,"column":8},"end":{"line":26,"column":23}},{"start":{"line":26,"column":27},"end":{"line":26,"column":38}},{"start":{"line":26,"column":42},"end":{"line":26,"column":55}},{"start":{"line":26,"column":59},"end":{"line":26,"column":70}},{"start":{"line":26,"column":74},"end":{"line":26,"column":79}},{"start":{"line":26,"column":83},"end":{"line":26,"column":91}}],"line":26},"2":{"loc":{"start":{"line":78,"column":4},"end":{"line":80,"column":5}},"type":"if","locations":[{"start":{"line":78,"column":4},"end":{"line":80,"column":5}},{"start":{},"end":{}}],"line":78}},"s":{"0":3,"1":34,"2":34,"3":34,"4":34,"5":34,"6":34,"7":34,"8":34,"9":34,"10":34,"11":34,"12":34,"13":5,"14":3,"15":3,"16":2,"17":2,"18":2,"19":2,"20":2,"21":2,"22":2,"23":2,"24":2,"25":2,"26":2,"27":2,"28":2,"29":2,"30":2,"31":2,"32":0,"33":0,"34":34,"35":0,"36":0,"37":0,"38":34},"f":{"0":34,"1":5,"2":0},"b":{"0":[3,2],"1":[5,2,2,2,2,2],"2":[0,0]},"_coverageSchema":"1a1c01bbd47fc00a2c39e90264f33305004495a9","hash":"4f8f0daaaa9b7589ff8e2ed8c9eaecb027f83f89"}
,"/Users/banbz/EIP/Guardos-mobile/restoMobile/src/pages/EditDishScreen/EditDish.style.ts": {"path":"/Users/banbz/EIP/Guardos-mobile/restoMobile/src/pages/EditDishScreen/EditDish.style.ts","statementMap":{"0":{"start":{"line":3,"column":15},"end":{"line":146,"column":2}}},"fnMap":{},"branchMap":{},"s":{"0":3},"f":{},"b":{},"_coverageSchema":"1a1c01bbd47fc00a2c39e90264f33305004495a9","hash":"ea529a5acfbde869e9bee4fada1c87690abae2af"}
,"/Users/banbz/EIP/Guardos-mobile/restoMobile/src/pages/EditDishScreen/EditDish.tsx": {"path":"/Users/banbz/EIP/Guardos-mobile/restoMobile/src/pages/EditDishScreen/EditDish.tsx","statementMap":{"0":{"start":{"line":34,"column":17},"end":{"line":555,"column":1}},"1":{"start":{"line":35,"column":29},"end":{"line":35,"column":41}},"2":{"start":{"line":36,"column":26},"end":{"line":36,"column":38}},"3":{"start":{"line":37,"column":28},"end":{"line":37,"column":40}},"4":{"start":{"line":38,"column":40},"end":{"line":38,"column":52}},"5":{"start":{"line":39,"column":34},"end":{"line":39,"column":46}},"6":{"start":{"line":40,"column":36},"end":{"line":40,"column":48}},"7":{"start":{"line":41,"column":34},"end":{"line":41,"column":46}},"8":{"start":{"line":42,"column":36},"end":{"line":42,"column":48}},"9":{"start":{"line":43,"column":34},"end":{"line":43,"column":46}},"10":{"start":{"line":44,"column":40},"end":{"line":44,"column":52}},"11":{"start":{"line":45,"column":21},"end":{"line":45,"column":36}},"12":{"start":{"line":46,"column":42},"end":{"line":46,"column":57}},"13":{"start":{"line":47,"column":50},"end":{"line":47,"column":62}},"14":{"start":{"line":48,"column":50},"end":{"line":48,"column":62}},"15":{"start":{"line":49,"column":52},"end":{"line":49,"column":64}},"16":{"start":{"line":50,"column":54},"end":{"line":50,"column":66}},"17":{"start":{"line":51,"column":56},"end":{"line":51,"column":68}},"18":{"start":{"line":52,"column":36},"end":{"line":52,"column":51}},"19":{"start":{"line":56,"column":25},"end":{"line":59,"column":3}},"20":{"start":{"line":57,"column":28},"end":{"line":57,"column":80}},"21":{"start":{"line":57,"column":63},"end":{"line":57,"column":79}},"22":{"start":{"line":58,"column":4},"end":{"line":58,"column":41}},"23":{"start":{"line":61,"column":26},"end":{"line":64,"column":3}},"24":{"start":{"line":62,"column":29},"end":{"line":62,"column":84}},"25":{"start":{"line":62,"column":66},"end":{"line":62,"column":83}},"26":{"start":{"line":63,"column":4},"end":{"line":63,"column":43}},"27":{"start":{"line":66,"column":26},"end":{"line":69,"column":3}},"28":{"start":{"line":67,"column":30},"end":{"line":67,"column":86}},"29":{"start":{"line":67,"column":68},"end":{"line":67,"column":85}},"30":{"start":{"line":68,"column":4},"end":{"line":68,"column":45}},"31":{"start":{"line":71,"column":28},"end":{"line":74,"column":3}},"32":{"start":{"line":72,"column":31},"end":{"line":72,"column":92}},"33":{"start":{"line":72,"column":72},"end":{"line":72,"column":91}},"34":{"start":{"line":73,"column":4},"end":{"line":73,"column":47}},"35":{"start":{"line":76,"column":23},"end":{"line":84,"column":3}},"36":{"start":{"line":77,"column":24},"end":{"line":77,"column":46}},"37":{"start":{"line":79,"column":24},"end":{"line":79,"column":104}},"38":{"start":{"line":79,"column":51},"end":{"line":79,"column":80}},"39":{"start":{"line":79,"column":94},"end":{"line":79,"column":103}},"40":{"start":{"line":80,"column":4},"end":{"line":80,"column":47}},"41":{"start":{"line":82,"column":4},"end":{"line":82,"column":36}},"42":{"start":{"line":83,"column":4},"end":{"line":83,"column":26}},"43":{"start":{"line":86,"column":24},"end":{"line":98,"column":3}},"44":{"start":{"line":88,"column":4},"end":{"line":92,"column":5}},"45":{"start":{"line":89,"column":6},"end":{"line":91,"column":81}},"46":{"start":{"line":93,"column":25},"end":{"line":93,"column":92}},"47":{"start":{"line":93,"column":54},"end":{"line":93,"column":91}},"48":{"start":{"line":94,"column":4},"end":{"line":94,"column":58}},"49":{"start":{"line":96,"column":4},"end":{"line":96,"column":37}},"50":{"start":{"line":97,"column":4},"end":{"line":97,"column":26}},"51":{"start":{"line":101,"column":24},"end":{"line":117,"column":3}},"52":{"start":{"line":104,"column":4},"end":{"line":109,"column":5}},"53":{"start":{"line":105,"column":6},"end":{"line":105,"column":103}},"54":{"start":{"line":107,"column":25},"end":{"line":107,"column":66}},"55":{"start":{"line":108,"column":6},"end":{"line":108,"column":41}},"56":{"start":{"line":112,"column":26},"end":{"line":112,"column":101}},"57":{"start":{"line":112,"column":51},"end":{"line":112,"column":79}},"58":{"start":{"line":112,"column":92},"end":{"line":112,"column":100}},"59":{"start":{"line":113,"column":4},"end":{"line":113,"column":49}},"60":{"start":{"line":115,"column":4},"end":{"line":115,"column":38}},"61":{"start":{"line":116,"column":4},"end":{"line":116,"column":26}},"62":{"start":{"line":119,"column":26},"end":{"line":128,"column":3}},"63":{"start":{"line":120,"column":22},"end":{"line":120,"column":61}},"64":{"start":{"line":121,"column":27},"end":{"line":121,"column":74}},"65":{"start":{"line":123,"column":27},"end":{"line":123,"column":117}},"66":{"start":{"line":123,"column":58},"end":{"line":123,"column":91}},"67":{"start":{"line":123,"column":106},"end":{"line":123,"column":116}},"68":{"start":{"line":124,"column":4},"end":{"line":124,"column":56}},"69":{"start":{"line":126,"column":4},"end":{"line":126,"column":39}},"70":{"start":{"line":127,"column":4},"end":{"line":127,"column":26}},"71":{"start":{"line":131,"column":34},"end":{"line":137,"column":3}},"72":{"start":{"line":132,"column":4},"end":{"line":136,"column":5}},"73":{"start":{"line":133,"column":6},"end":{"line":133,"column":90}},"74":{"start":{"line":133,"column":66},"end":{"line":133,"column":87}},"75":{"start":{"line":135,"column":6},"end":{"line":135,"column":55}},"76":{"start":{"line":139,"column":35},"end":{"line":145,"column":3}},"77":{"start":{"line":140,"column":4},"end":{"line":144,"column":5}},"78":{"start":{"line":141,"column":6},"end":{"line":141,"column":92}},"79":{"start":{"line":141,"column":68},"end":{"line":141,"column":89}},"80":{"start":{"line":143,"column":6},"end":{"line":143,"column":57}},"81":{"start":{"line":147,"column":36},"end":{"line":153,"column":3}},"82":{"start":{"line":148,"column":4},"end":{"line":152,"column":5}},"83":{"start":{"line":149,"column":6},"end":{"line":149,"column":94}},"84":{"start":{"line":149,"column":70},"end":{"line":149,"column":91}},"85":{"start":{"line":151,"column":6},"end":{"line":151,"column":59}},"86":{"start":{"line":155,"column":37},"end":{"line":161,"column":3}},"87":{"start":{"line":156,"column":4},"end":{"line":160,"column":5}},"88":{"start":{"line":157,"column":6},"end":{"line":157,"column":96}},"89":{"start":{"line":157,"column":72},"end":{"line":157,"column":93}},"90":{"start":{"line":159,"column":6},"end":{"line":159,"column":61}},"91":{"start":{"line":163,"column":2},"end":{"line":201,"column":18}},"92":{"start":{"line":164,"column":23},"end":{"line":198,"column":5}},"93":{"start":{"line":165,"column":6},"end":{"line":197,"column":7}},"94":{"start":{"line":166,"column":8},"end":{"line":187,"column":9}},"95":{"start":{"line":167,"column":25},"end":{"line":167,"column":51}},"96":{"start":{"line":169,"column":10},"end":{"line":176,"column":15}},"97":{"start":{"line":169,"column":43},"end":{"line":176,"column":11}},"98":{"start":{"line":178,"column":10},"end":{"line":178,"column":56}},"99":{"start":{"line":179,"column":10},"end":{"line":186,"column":14}},"100":{"start":{"line":189,"column":8},"end":{"line":196,"column":12}},"101":{"start":{"line":200,"column":4},"end":{"line":200,"column":17}},"102":{"start":{"line":203,"column":24},"end":{"line":215,"column":3}},"103":{"start":{"line":204,"column":4},"end":{"line":214,"column":5}},"104":{"start":{"line":205,"column":6},"end":{"line":205,"column":57}},"105":{"start":{"line":206,"column":6},"end":{"line":213,"column":10}},"106":{"start":{"line":217,"column":24},"end":{"line":246,"column":3}},"107":{"start":{"line":218,"column":23},"end":{"line":218,"column":78}},"108":{"start":{"line":219,"column":4},"end":{"line":222,"column":5}},"109":{"start":{"line":220,"column":6},"end":{"line":220,"column":73}},"110":{"start":{"line":221,"column":6},"end":{"line":221,"column":13}},"111":{"start":{"line":224,"column":17},"end":{"line":229,"column":6}},"112":{"start":{"line":230,"column":4},"end":{"line":245,"column":5}},"113":{"start":{"line":231,"column":6},"end":{"line":244,"column":7}},"114":{"start":{"line":232,"column":8},"end":{"line":243,"column":9}},"115":{"start":{"line":234,"column":12},"end":{"line":235,"column":92}},"116":{"start":{"line":236,"column":12},"end":{"line":239,"column":13}},"117":{"start":{"line":237,"column":14},"end":{"line":237,"column":65}},"118":{"start":{"line":238,"column":14},"end":{"line":238,"column":32}},"119":{"start":{"line":240,"column":12},"end":{"line":240,"column":30}},"120":{"start":{"line":248,"column":2},"end":{"line":272,"column":23}},"121":{"start":{"line":249,"column":4},"end":{"line":271,"column":5}},"122":{"start":{"line":250,"column":24},"end":{"line":252,"column":80}},"123":{"start":{"line":254,"column":23},"end":{"line":254,"column":61}},"124":{"start":{"line":255,"column":6},"end":{"line":255,"column":38}},"125":{"start":{"line":256,"column":6},"end":{"line":256,"column":51}},"126":{"start":{"line":257,"column":6},"end":{"line":257,"column":52}},"127":{"start":{"line":258,"column":6},"end":{"line":258,"column":46}},"128":{"start":{"line":259,"column":6},"end":{"line":259,"column":49}},"129":{"start":{"line":260,"column":6},"end":{"line":260,"column":30}},"130":{"start":{"line":261,"column":6},"end":{"line":261,"column":38}},"131":{"start":{"line":262,"column":6},"end":{"line":262,"column":46}},"132":{"start":{"line":263,"column":6},"end":{"line":263,"column":54}},"133":{"start":{"line":264,"column":6},"end":{"line":264,"column":56}},"134":{"start":{"line":265,"column":6},"end":{"line":265,"column":47}},"135":{"start":{"line":266,"column":6},"end":{"line":268,"column":7}},"136":{"start":{"line":267,"column":8},"end":{"line":267,"column":27}},"137":{"start":{"line":270,"column":6},"end":{"line":270,"column":56}},"138":{"start":{"line":274,"column":21},"end":{"line":315,"column":3}},"139":{"start":{"line":275,"column":4},"end":{"line":275,"column":35}},"140":{"start":{"line":278,"column":4},"end":{"line":281,"column":5}},"141":{"start":{"line":279,"column":6},"end":{"line":279,"column":56}},"142":{"start":{"line":280,"column":6},"end":{"line":280,"column":13}},"143":{"start":{"line":282,"column":4},"end":{"line":312,"column":5}},"144":{"start":{"line":282,"column":17},"end":{"line":282,"column":18}},"145":{"start":{"line":283,"column":6},"end":{"line":283,"column":42}},"146":{"start":{"line":284,"column":27},"end":{"line":284,"column":154}},"147":{"start":{"line":285,"column":34},"end":{"line":299,"column":7}},"148":{"start":{"line":300,"column":6},"end":{"line":300,"column":42}},"149":{"start":{"line":301,"column":6},"end":{"line":301,"column":28}},"150":{"start":{"line":302,"column":19},"end":{"line":302,"column":77}},"151":{"start":{"line":303,"column":6},"end":{"line":305,"column":7}},"152":{"start":{"line":304,"column":8},"end":{"line":304,"column":34}},"153":{"start":{"line":306,"column":6},"end":{"line":311,"column":7}},"154":{"start":{"line":307,"column":27},"end":{"line":307,"column":76}},"155":{"start":{"line":308,"column":8},"end":{"line":310,"column":9}},"156":{"start":{"line":309,"column":10},"end":{"line":309,"column":36}},"157":{"start":{"line":313,"column":4},"end":{"line":313,"column":42}},"158":{"start":{"line":314,"column":4},"end":{"line":314,"column":11}},"159":{"start":{"line":317,"column":2},"end":{"line":554,"column":4}},"160":{"start":{"line":320,"column":91},"end":{"line":320,"column":110}},"161":{"start":{"line":328,"column":47},"end":{"line":328,"column":73}},"162":{"start":{"line":365,"column":42},"end":{"line":365,"column":55}},"163":{"start":{"line":374,"column":38},"end":{"line":374,"column":52}},"164":{"start":{"line":382,"column":38},"end":{"line":382,"column":58}},"165":{"start":{"line":393,"column":12},"end":{"line":399,"column":31}},"166":{"start":{"line":396,"column":29},"end":{"line":396,"column":49}},"167":{"start":{"line":405,"column":25},"end":{"line":405,"column":39}},"168":{"start":{"line":415,"column":12},"end":{"line":421,"column":31}},"169":{"start":{"line":418,"column":29},"end":{"line":418,"column":50}},"170":{"start":{"line":427,"column":25},"end":{"line":427,"column":40}},"171":{"start":{"line":437,"column":12},"end":{"line":443,"column":31}},"172":{"start":{"line":440,"column":29},"end":{"line":440,"column":50}},"173":{"start":{"line":449,"column":25},"end":{"line":449,"column":40}},"174":{"start":{"line":459,"column":12},"end":{"line":465,"column":31}},"175":{"start":{"line":462,"column":29},"end":{"line":462,"column":52}},"176":{"start":{"line":471,"column":25},"end":{"line":471,"column":42}},"177":{"start":{"line":486,"column":10},"end":{"line":486,"column":41}},"178":{"start":{"line":495,"column":18},"end":{"line":501,"column":37}},"179":{"start":{"line":498,"column":35},"end":{"line":498,"column":64}},"180":{"start":{"line":506,"column":18},"end":{"line":512,"column":37}},"181":{"start":{"line":509,"column":35},"end":{"line":509,"column":65}},"182":{"start":{"line":518,"column":18},"end":{"line":524,"column":37}},"183":{"start":{"line":521,"column":35},"end":{"line":521,"column":66}},"184":{"start":{"line":530,"column":18},"end":{"line":536,"column":37}},"185":{"start":{"line":533,"column":35},"end":{"line":533,"column":67}},"186":{"start":{"line":545,"column":16},"end":{"line":545,"column":39}}},"fnMap":{"0":{"name":"(anonymous_0)","decl":{"start":{"line":34,"column":17},"end":{"line":34,"column":18}},"loc":{"start":{"line":
[...]
,"/Users/banbz/EIP/Guardos-mobile/restoMobile/src/services/imagesCalls.ts": {"path":"/Users/banbz/EIP/Guardos-mobile/restoMobile/src/services/imagesCalls.ts","statementMap":{"0":{"start":{"line":5,"column":16},"end":{"line":5,"column":35}},"1":{"start":{"line":8,"column":25},"end":{"line":22,"column":1}},"2":{"start":{"line":9,"column":2},"end":{"line":21,"column":3}},"3":{"start":{"line":10,"column":21},"end":{"line":16,"column":6}},"4":{"start":{"line":17,"column":4},"end":{"line":17,"column":25}},"5":{"start":{"line":19,"column":4},"end":{"line":19,"column":51}},"6":{"start":{"line":20,"column":4},"end":{"line":20,"column":46}},"7":{"start":{"line":25,"column":2},"end":{"line":40,"column":3}},"8":{"start":{"line":26,"column":4},"end":{"line":39,"column":5}},"9":{"start":{"line":27,"column":19},"end":{"line":30,"column":7}},"10":{"start":{"line":31,"column":23},"end":{"line":35,"column":8}},"11":{"start":{"line":36,"column":6},"end":{"line":36,"column":27}},"12":{"start":{"line":38,"column":6},"end":{"line":38,"column":52}},"13":{"start":{"line":42,"column":29},"end":{"line":67,"column":1}},"14":{"start":{"line":44,"column":2},"end":{"line":66,"column":3}},"15":{"start":{"line":45,"column":17},"end":{"line":53,"column":5}},"16":{"start":{"line":54,"column":21},"end":{"line":61,"column":6}},"17":{"start":{"line":62,"column":4},"end":{"line":62,"column":25}},"18":{"start":{"line":64,"column":4},"end":{"line":64,"column":48}},"19":{"start":{"line":65,"column":4},"end":{"line":65,"column":43}},"20":{"start":{"line":69,"column":28},"end":{"line":96,"column":1}},"21":{"start":{"line":71,"column":2},"end":{"line":95,"column":3}},"22":{"start":{"line":72,"column":17},"end":{"line":81,"column":5}},"23":{"start":{"line":82,"column":21},"end":{"line":89,"column":6}},"24":{"start":{"line":90,"column":4},"end":{"line":90,"column":25}},"25":{"start":{"line":93,"column":4},"end":{"line":93,"column":48}},"26":{"start":{"line":94,"column":4},"end":{"line":94,"column":43}},"27":{"start":{"line":98,"column":31},"end":{"line":116,"column":1}},"28":{"start":{"line":100,"column":2},"end":{"line":115,"column":3}},"29":{"start":{"line":101,"column":17},"end":{"line":105,"column":5}},"30":{"start":{"line":106,"column":21},"end":{"line":110,"column":6}},"31":{"start":{"line":111,"column":4},"end":{"line":111,"column":25}},"32":{"start":{"line":113,"column":4},"end":{"line":113,"column":50}},"33":{"start":{"line":114,"column":4},"end":{"line":114,"column":46}}},"fnMap":{"0":{"name":"(anonymous_0)","decl":{"start":{"line":8,"column":25},"end":{"line":8,"column":26}},"loc":{"start":{"line":8,"column":55},"end":{"line":22,"column":1}},"line":8},"1":{"name":"(anonymous_1)","decl":{"start":{"line":25,"column":2},"end":{"line":25,"column":3}},"loc":{"start":{"line":25,"column":53},"end":{"line":40,"column":3}},"line":25},"2":{"name":"(anonymous_2)","decl":{"start":{"line":42,"column":29},"end":{"line":42,"column":30}},"loc":{"start":{"line":43,"column":109},"end":{"line":67,"column":1}},"line":43},"3":{"name":"(anonymous_3)","decl":{"start":{"line":69,"column":28},"end":{"line":69,"column":29}},"loc":{"start":{"line":70,"column":108},"end":{"line":96,"column":1}},"line":70},"4":{"name":"(anonymous_4)","decl":{"start":{"line":98,"column":31},"end":{"line":98,"column":32}},"loc":{"start":{"line":99,"column":59},"end":{"line":116,"column":1}},"line":99}},"branchMap":{},"s":{"0":9,"1":9,"2":2,"3":2,"4":0,"5":2,"6":2,"7":9,"8":2,"9":2,"10":2,"11":0,"12":2,"13":9,"14":2,"15":2,"16":2,"17":0,"18":2,"19":2,"20":9,"21":2,"22":2,"23":2,"24":0,"25":2,"26":2,"27":9,"28":2,"29":2,"30":2,"31":0,"32":2,"33":2},"f":{"0":2,"1":2,"2":2,"3":2,"4":2},"b":{},"_coverageSchema":"1a1c01bbd47fc00a2c39e90264f33305004495a9","hash":"214032c7f506b19003fcf615471cc0c9ec812850"}
,"/Users/banbz/EIP/Guardos-mobile/restoMobile/src/services/productCalls.ts": {"path":"/Users/banbz/EIP/Guardos-mobile/restoMobile/src/services/productCalls.ts","statementMap":{"0":{"start":{"line":7,"column":16},"end":{"line":7,"column":37}},"1":{"start":{"line":9,"column":30},"end":{"line":20,"column":3}},"2":{"start":{"line":10,"column":4},"end":{"line":19,"column":5}},"3":{"start":{"line":11,"column":23},"end":{"line":14,"column":8}},"4":{"start":{"line":15,"column":6},"end":{"line":15,"column":27}},"5":{"start":{"line":17,"column":6},"end":{"line":17,"column":59}},"6":{"start":{"line":18,"column":6},"end":{"line":18,"column":54}},"7":{"start":{"line":22,"column":33},"end":{"line":37,"column":1}},"8":{"start":{"line":23,"column":2},"end":{"line":36,"column":3}},"9":{"start":{"line":24,"column":21},"end":{"line":31,"column":6}},"10":{"start":{"line":32,"column":4},"end":{"line":32,"column":25}},"11":{"start":{"line":34,"column":4},"end":{"line":34,"column":67}},"12":{"start":{"line":35,"column":4},"end":{"line":35,"column":62}},"13":{"start":{"line":39,"column":29},"end":{"line":63,"column":3}},"14":{"start":{"line":40,"column":4},"end":{"line":62,"column":5}},"15":{"start":{"line":41,"column":6},"end":{"line":44,"column":7}},"16":{"start":{"line":42,"column":8},"end":{"line":42,"column":51}},"17":{"start":{"line":43,"column":8},"end":{"line":43,"column":53}},"18":{"start":{"line":45,"column":23},"end":{"line":57,"column":8}},"19":{"start":{"line":58,"column":6},"end":{"line":58,"column":27}},"20":{"start":{"line":60,"column":6},"end":{"line":60,"column":56}},"21":{"start":{"line":61,"column":6},"end":{"line":61,"column":51}},"22":{"start":{"line":65,"column":31},"end":{"line":80,"column":3}},"23":{"start":{"line":66,"column":4},"end":{"line":79,"column":5}},"24":{"start":{"line":67,"column":23},"end":{"line":74,"column":8}},"25":{"start":{"line":75,"column":6},"end":{"line":75,"column":27}},"26":{"start":{"line":77,"column":6},"end":{"line":77,"column":54}},"27":{"start":{"line":78,"column":6},"end":{"line":78,"column":50}},"28":{"start":{"line":82,"column":29},"end":{"line":97,"column":3}},"29":{"start":{"line":83,"column":4},"end":{"line":96,"column":5}},"30":{"start":{"line":84,"column":23},"end":{"line":91,"column":8}},"31":{"start":{"line":92,"column":6},"end":{"line":92,"column":27}},"32":{"start":{"line":94,"column":6},"end":{"line":94,"column":53}},"33":{"start":{"line":95,"column":6},"end":{"line":95,"column":48}}},"fnMap":{"0":{"name":"(anonymous_0)","decl":{"start":{"line":9,"column":30},"end":{"line":9,"column":31}},"loc":{"start":{"line":9,"column":42},"end":{"line":20,"column":3}},"line":9},"1":{"name":"(anonymous_1)","decl":{"start":{"line":22,"column":33},"end":{"line":22,"column":34}},"loc":{"start":{"line":22,"column":62},"end":{"line":37,"column":1}},"line":22},"2":{"name":"(anonymous_2)","decl":{"start":{"line":39,"column":29},"end":{"line":39,"column":30}},"loc":{"start":{"line":39,"column":77},"end":{"line":63,"column":3}},"line":39},"3":{"name":"(anonymous_3)","decl":{"start":{"line":65,"column":31},"end":{"line":65,"column":32}},"loc":{"start":{"line":65,"column":55},"end":{"line":80,"column":3}},"line":65},"4":{"name":"(anonymous_4)","decl":{"start":{"line":82,"column":29},"end":{"line":82,"column":30}},"loc":{"start":{"line":82,"column":89},"end":{"line":97,"column":3}},"line":82}},"branchMap":{"0":{"loc":{"start":{"line":41,"column":6},"end":{"line":44,"column":7}},"type":"if","locations":[{"start":{"line":41,"column":6},"end":{"line":44,"column":7}},{"start":{},"end":{}}],"line":41}},"s":{"0":6,"1":6,"2":2,"3":2,"4":0,"5":2,"6":2,"7":6,"8":2,"9":2,"10":0,"11":2,"12":2,"13":6,"14":3,"15":3,"16":1,"17":1,"18":2,"19":0,"20":3,"21":3,"22":6,"23":2,"24":2,"25":0,"26":2,"27":2,"28":6,"29":2,"30":2,"31":0,"32":2,"33":2},"f":{"0":2,"1":2,"2":3,"3":2,"4":2},"b":{"0":[1,2]},"_coverageSchema":"1a1c01bbd47fc00a2c39e90264f33305004495a9","hash":"b28bc5416c8c9e7a42b22ccafd04f1464cf41275"}
,"/Users/banbz/EIP/Guardos-mobile/restoMobile/src/services/profileCalls.ts": {"path":"/Users/banbz/EIP/Guardos-mobile/restoMobile/src/services/profileCalls.ts","statementMap":{"0":{"start":{"line":6,"column":2},"end":{"line":6,"column":40}},"1":{"start":{"line":8,"column":33},"end":{"line":27,"column":1}},"2":{"start":{"line":9,"column":2},"end":{"line":26,"column":3}},"3":{"start":{"line":10,"column":21},"end":{"line":17,"column":6}},"4":{"start":{"line":18,"column":4},"end":{"line":22,"column":5}},"5":{"start":{"line":19,"column":6},"end":{"line":19,"column":27}},"6":{"start":{"line":21,"column":6},"end":{"line":21,"column":18}},"7":{"start":{"line":24,"column":4},"end":{"line":24,"column":61}},"8":{"start":{"line":25,"column":4},"end":{"line":25,"column":55}},"9":{"start":{"line":29,"column":34},"end":{"line":49,"column":1}},"10":{"start":{"line":30,"column":2},"end":{"line":48,"column":3}},"11":{"start":{"line":31,"column":21},"end":{"line":39,"column":6}},"12":{"start":{"line":40,"column":4},"end":{"line":44,"column":5}},"13":{"start":{"line":41,"column":6},"end":{"line":41,"column":27}},"14":{"start":{"line":43,"column":6},"end":{"line":43,"column":19}},"15":{"start":{"line":46,"column":4},"end":{"line":46,"column":60}},"16":{"start":{"line":47,"column":4},"end":{"line":47,"column":54}},"17":{"start":{"line":51,"column":30},"end":{"line":75,"column":1}},"18":{"start":{"line":53,"column":2},"end":{"line":74,"column":3}},"19":{"start":{"line":54,"column":21},"end":{"line":65,"column":6}},"20":{"start":{"line":66,"column":4},"end":{"line":70,"column":5}},"21":{"start":{"line":67,"column":6},"end":{"line":67,"column":27}},"22":{"start":{"line":69,"column":6},"end":{"line":69,"column":19}},"23":{"start":{"line":72,"column":4},"end":{"line":72,"column":70}},"24":{"start":{"line":73,"column":4},"end":{"line":73,"column":64}}},"fnMap":{"0":{"name":"(anonymous_0)","decl":{"start":{"line":8,"column":33},"end":{"line":8,"column":34}},"loc":{"start":{"line":8,"column":58},"end":{"line":27,"column":1}},"line":8},"1":{"name":"(anonymous_1)","decl":{"start":{"line":29,"column":34},"end":{"line":29,"column":35}},"loc":{"start":{"line":29,"column":70},"end":{"line":49,"column":1}},"line":29},"2":{"name":"(anonymous_2)","decl":{"start":{"line":51,"column":30},"end":{"line":51,"column":31}},"loc":{"start":{"line":52,"column":61},"end":{"line":75,"column":1}},"line":52}},"branchMap":{"0":{"loc":{"start":{"line":18,"column":4},"end":{"line":22,"column":5}},"type":"if","locations":[{"start":{"line":18,"column":4},"end":{"line":22,"column":5}},{"start":{"line":20,"column":11},"end":{"line":22,"column":5}}],"line":18},"1":{"loc":{"start":{"line":40,"column":4},"end":{"line":44,"column":5}},"type":"if","locations":[{"start":{"line":40,"column":4},"end":{"line":44,"column":5}},{"start":{"line":42,"column":11},"end":{"line":44,"column":5}}],"line":40},"2":{"loc":{"start":{"line":66,"column":4},"end":{"line":70,"column":5}},"type":"if","locations":[{"start":{"line":66,"column":4},"end":{"line":70,"column":5}},{"start":{"line":68,"column":11},"end":{"line":70,"column":5}}],"line":66}},"s":{"0":3,"1":3,"2":3,"3":3,"4":0,"5":0,"6":0,"7":3,"8":3,"9":3,"10":3,"11":3,"12":0,"13":0,"14":0,"15":3,"16":3,"17":3,"18":3,"19":3,"20":0,"21":0,"22":0,"23":3,"24":3},"f":{"0":3,"1":3,"2":3},"b":{"0":[0,0],"1":[0,0],"2":[0,0]},"_coverageSchema":"1a1c01bbd47fc00a2c39e90264f33305004495a9","hash":"11a4fd90401f9963f8f3983dcf958b79012270e7"}
,"/Users/banbz/EIP/Guardos-mobile/restoMobile/src/services/restoCalls.ts": {"path":"/Users/banbz/EIP/Guardos-mobile/restoMobile/src/services/restoCalls.ts","statementMap":{"0":{"start":{"line":5,"column":16},"end":{"line":5,"column":23}},"1":{"start":{"line":7,"column":27},"end":{"line":18,"column":1}},"2":{"start":{"line":8,"column":2},"end":{"line":17,"column":3}},"3":{"start":{"line":9,"column":21},"end":{"line":12,"column":6}},"4":{"start":{"line":13,"column":4},"end":{"line":13,"column":25}},"5":{"start":{"line":15,"column":4},"end":{"line":15,"column":60}},"6":{"start":{"line":16,"column":4},"end":{"line":16,"column":55}},"7":{"start":{"line":20,"column":39},"end":{"line":35,"column":1}},"8":{"start":{"line":21,"column":2},"end":{"line":34,"column":3}},"9":{"start":{"line":22,"column":21},"end":{"line":29,"column":6}},"10":{"start":{"line":30,"column":4},"end":{"line":30,"column":25}},"11":{"start":{"line":32,"column":4},"end":{"line":32,"column":60}},"12":{"start":{"line":33,"column":4},"end":{"line":33,"column":55}},"13":{"start":{"line":37,"column":35},"end":{"line":51,"column":1}},"14":{"start":{"line":38,"column":2},"end":{"line":50,"column":3}},"15":{"start":{"line":39,"column":21},"end":{"line":45,"column":6}},"16":{"start":{"line":46,"column":4},"end":{"line":46,"column":25}},"17":{"start":{"line":48,"column":4},"end":{"line":48,"column":55}},"18":{"start":{"line":49,"column":4},"end":{"line":49,"column":50}},"19":{"start":{"line":53,"column":29},"end":{"line":68,"column":1}},"20":{"start":{"line":54,"column":2},"end":{"line":67,"column":3}},"21":{"start":{"line":55,"column":21},"end":{"line":62,"column":6}},"22":{"start":{"line":63,"column":4},"end":{"line":63,"column":25}},"23":{"start":{"line":65,"column":4},"end":{"line":65,"column":53}},"24":{"start":{"line":66,"column":4},"end":{"line":66,"column":48}},"25":{"start":{"line":70,"column":38},"end":{"line":80,"column":1}},"26":{"start":{"line":71,"column":2},"end":{"line":79,"column":3}},"27":{"start":{"line":72,"column":4},"end":{"line":75,"column":7}},"28":{"start":{"line":77,"column":4},"end":{"line":77,"column":55}},"29":{"start":{"line":78,"column":4},"end":{"line":78,"column":51}}},"fnMap":{"0":{"name":"(anonymous_0)","decl":{"start":{"line":7,"column":27},"end":{"line":7,"column":28}},"loc":{"start":{"line":7,"column":39},"end":{"line":18,"column":1}},"line":7},"1":{"name":"(anonymous_1)","decl":{"start":{"line":20,"column":39},"end":{"line":20,"column":40}},"loc":{"start":{"line":20,"column":60},"end":{"line":35,"column":1}},"line":20},"2":{"name":"(anonymous_2)","decl":{"start":{"line":37,"column":35},"end":{"line":37,"column":36}},"loc":{"start":{"line":37,"column":58},"end":{"line":51,"column":1}},"line":37},"3":{"name":"(anonymous_3)","decl":{"start":{"line":53,"column":29},"end":{"line":53,"column":30}},"loc":{"start":{"line":53,"column":59},"end":{"line":68,"column":1}},"line":53},"4":{"name":"(anonymous_4)","decl":{"start":{"line":70,"column":38},"end":{"line":70,"column":39}},"loc":{"start":{"line":70,"column":72},"end":{"line":80,"column":1}},"line":70}},"branchMap":{},"s":{"0":0,"1":6,"2":2,"3":2,"4":0,"5":2,"6":2,"7":6,"8":2,"9":2,"10":0,"11":2,"12":2,"13":6,"14":2,"15":2,"16":0,"17":2,"18":2,"19":6,"20":2,"21":2,"22":0,"23":2,"24":2,"25":6,"26":2,"27":2,"28":2,"29":2},"f":{"0":2,"1":2,"2":2,"3":2,"4":2},"b":{},"_coverageSchema":"1a1c01bbd47fc00a2c39e90264f33305004495a9","hash":"8388ce893a543e9d04b6435533419d14e59749b1"}
,"/Users/banbz/EIP/Guardos-mobile/restoMobile/src/services/userCalls.ts": {"path":"/Users/banbz/EIP/Guardos-mobile/restoMobile/src/services/userCalls.ts","statementMap":{"0":{"start":{"line":5,"column":16},"end":{"line":5,"column":46}},"1":{"start":{"line":6,"column":17},"end":{"line":6,"column":46}},"2":{"start":{"line":7,"column":21},"end":{"line":7,"column":55}},"3":{"start":{"line":9,"column":35},"end":{"line":24,"column":1}},"4":{"start":{"line":10,"column":2},"end":{"line":23,"column":3}},"5":{"start":{"line":11,"column":21},"end":{"line":18,"column":6}},"6":{"start":{"line":19,"column":4},"end":{"line":19,"column":25}},"7":{"start":{"line":21,"column":4},"end":{"line":21,"column":54}},"8":{"start":{"line":22,"column":4},"end":{"line":22,"column":48}},"9":{"start":{"line":27,"column":25},"end":{"line":39,"column":1}},"10":{"start":{"line":28,"column":2},"end":{"line":38,"column":3}},"11":{"start":{"line":29,"column":21},"end":{"line":33,"column":6}},"12":{"start":{"line":34,"column":4},"end":{"line":34,"column":25}},"13":{"start":{"line":36,"column":4},"end":{"line":36,"column":46}},"14":{"start":{"line":37,"column":4},"end":{"line":37,"column":40}},"15":{"start":{"line":41,"column":44},"end":{"line":56,"column":1}},"16":{"start":{"line":42,"column":2},"end":{"line":55,"column":3}},"17":{"start":{"line":43,"column":21},"end":{"line":50,"column":6}},"18":{"start":{"line":51,"column":4},"end":{"line":51,"column":25}},"19":{"start":{"line":53,"column":4},"end":{"line":53,"column":63}},"20":{"start":{"line":54,"column":4},"end":{"line":54,"column":51}},"21":{"start":{"line":58,"column":28},"end":{"line":70,"column":1}},"22":{"start":{"line":59,"column":2},"end":{"line":69,"column":3}},"23":{"start":{"line":60,"column":21},"end":{"line":64,"column":6}},"24":{"start":{"line":65,"column":4},"end":{"line":65,"column":25}},"25":{"start":{"line":67,"column":4},"end":{"line":67,"column":50}},"26":{"start":{"line":68,"column":4},"end":{"line":68,"column":46}},"27":{"start":{"line":72,"column":37},"end":{"line":87,"column":1}},"28":{"start":{"line":73,"column":2},"end":{"line":86,"column":3}},"29":{"start":{"line":74,"column":21},"end":{"line":81,"column":6}},"30":{"start":{"line":82,"column":4},"end":{"line":82,"column":25}},"31":{"start":{"line":84,"column":4},"end":{"line":84,"column":61}},"32":{"start":{"line":85,"column":4},"end":{"line":85,"column":49}},"33":{"start":{"line":89,"column":34},"end":{"line":108,"column":1}},"34":{"start":{"line":90,"column":2},"end":{"line":107,"column":3}},"35":{"start":{"line":91,"column":21},"end":{"line":98,"column":6}},"36":{"start":{"line":99,"column":4},"end":{"line":103,"column":5}},"37":{"start":{"line":100,"column":6},"end":{"line":100,"column":27}},"38":{"start":{"line":102,"column":6},"end":{"line":102,"column":18}},"39":{"start":{"line":105,"column":4},"end":{"line":105,"column":53}},"40":{"start":{"line":106,"column":4},"end":{"line":106,"column":47}}},"fnMap":{"0":{"name":"(anonymous_0)","decl":{"start":{"line":9,"column":35},"end":{"line":9,"column":36}},"loc":{"start":{"line":9,"column":56},"end":{"line":24,"column":1}},"line":9},"1":{"name":"(anonymous_1)","decl":{"start":{"line":27,"column":25},"end":{"line":27,"column":26}},"loc":{"start":{"line":27,"column":50},"end":{"line":39,"column":1}},"line":27},"2":{"name":"(anonymous_2)","decl":{"start":{"line":41,"column":44},"end":{"line":41,"column":45}},"loc":{"start":{"line":41,"column":65},"end":{"line":56,"column":1}},"line":41},"3":{"name":"(anonymous_3)","decl":{"start":{"line":58,"column":28},"end":{"line":58,"column":29}},"loc":{"start":{"line":58,"column":53},"end":{"line":70,"column":1}},"line":58},"4":{"name":"(anonymous_4)","decl":{"start":{"line":72,"column":37},"end":{"line":72,"column":38}},"loc":{"start":{"line":72,"column":58},"end":{"line":87,"column":1}},"line":72},"5":{"name":"(anonymous_5)","decl":{"start":{"line":89,"column":34},"end":{"line":89,"column":35}},"loc":{"start":{"line":89,"column":59},"end":{"line":108,"column":1}},"line":89}},"branchMap":{"0":{"loc":{"start":{"line":99,"column":4},"end":{"line":103,"column":5}},"type":"if","locations":[{"start":{"line":99,"column":4},"end":{"line":103,"column":5}},{"start":{"line":101,"column":11},"end":{"line":103,"column":5}}],"line":99}},"s":{"0":2,"1":2,"2":2,"3":2,"4":2,"5":2,"6":0,"7":2,"8":2,"9":2,"10":2,"11":2,"12":0,"13":2,"14":2,"15":2,"16":2,"17":2,"18":0,"19":2,"20":2,"21":2,"22":2,"23":2,"24":0,"25":2,"26":2,"27":2,"28":2,"29":2,"30":0,"31":2,"32":2,"33":2,"34":2,"35":2,"36":0,"37":0,"38":0,"39":2,"40":2},"f":{"0":2,"1":2,"2":2,"3":2,"4":2,"5":2},"b":{"0":[0,0]},"_coverageSchema":"1a1c01bbd47fc00a2c39e90264f33305004495a9","hash":"424fec523b61be5c60cb9265a17940106a654728"}
,"/Users/banbz/EIP/Guardos-mobile/restoMobile/src/types/env.d.ts": {"path":"/Users/banbz/EIP/Guardos-mobile/restoMobile/src/types/env.d.ts","statementMap":{},"fnMap":{},"branchMap":{},"s":{},"f":{},"b":{}}
}
