TN:
SF:App.styles.ts
FNF:0
FNH:0
DA:3,0
LF:1
LH:0
BRF:0
BRH:0
end_of_record
TN:
SF:App.tsx
FN:13,(anonymous_0)
FN:19,(anonymous_1)
FN:22,(anonymous_2)
FN:23,(anonymous_3)
FN:27,(anonymous_4)
FN:32,(anonymous_5)
FNF:6
FNH:4
FNDA:0,(anonymous_0)
FNDA:6,(anonymous_1)
FNDA:3,(anonymous_2)
FNDA:0,(anonymous_3)
FNDA:3,(anonymous_4)
FNDA:5,(anonymous_5)
DA:13,1
DA:14,0
DA:19,1
DA:20,6
DA:22,5
DA:23,3
DA:24,0
DA:27,3
DA:28,3
DA:32,5
DA:33,5
DA:34,0
DA:36,5
DA:41,5
DA:48,1
LF:15
LH:12
BRDA:33,0,0,0
BRDA:33,0,1,5
BRF:2
BRH:1
end_of_record
TN:
SF:Router.tsx
FN:35,(anonymous_0)
FN:38,(anonymous_1)
FN:42,(anonymous_2)
FN:64,(anonymous_3)
FN:71,(anonymous_4)
FN:72,(anonymous_5)
FN:110,(anonymous_6)
FN:119,(anonymous_7)
FN:131,(anonymous_8)
FN:148,(anonymous_9)
FN:175,(anonymous_10)
FN:197,(anonymous_11)
FN:219,(anonymous_12)
FN:224,(anonymous_13)
FN:234,(anonymous_14)
FN:238,(anonymous_15)
FNF:16
FNH:8
FNDA:11,(anonymous_0)
FNDA:0,(anonymous_1)
FNDA:3,(anonymous_2)
FNDA:3,(anonymous_3)
FNDA:10,(anonymous_4)
FNDA:20,(anonymous_5)
FNDA:0,(anonymous_6)
FNDA:5,(anonymous_7)
FNDA:0,(anonymous_8)
FNDA:0,(anonymous_9)
FNDA:0,(anonymous_10)
FNDA:0,(anonymous_11)
FNDA:0,(anonymous_12)
FNDA:0,(anonymous_13)
FNDA:5,(anonymous_14)
FNDA:5,(anonymous_15)
DA:30,2
DA:31,2
DA:32,2
DA:33,2
DA:35,2
DA:36,11
DA:38,9
DA:39,0
DA:42,9
DA:43,3
DA:44,3
DA:46,0
DA:47,0
DA:48,0
DA:51,0
DA:53,0
DA:54,0
DA:56,0
DA:57,0
DA:60,3
DA:64,9
DA:65,3
DA:68,9
DA:71,10
DA:75,20
DA:76,0
DA:77,20
DA:78,0
DA:79,20
DA:80,0
DA:81,20
DA:82,0
DA:83,20
DA:84,10
DA:85,10
DA:86,10
DA:87,0
DA:88,0
DA:94,20
DA:110,0
DA:119,5
DA:131,2
DA:132,0
DA:148,2
DA:149,0
DA:175,2
DA:176,0
DA:197,2
DA:198,0
DA:219,2
DA:220,0
DA:224,0
DA:234,2
DA:235,5
DA:238,5
LF:55
LH:33
BRDA:46,0,0,0
BRDA:46,0,1,0
BRDA:53,1,0,0
BRDA:53,1,1,0
BRDA:75,2,0,0
BRDA:75,2,1,20
BRDA:76,3,0,0
BRDA:76,3,1,0
BRDA:77,4,0,0
BRDA:77,4,1,20
BRDA:78,5,0,0
BRDA:78,5,1,0
BRDA:79,6,0,0
BRDA:79,6,1,20
BRDA:80,7,0,0
BRDA:80,7,1,0
BRDA:81,8,0,0
BRDA:81,8,1,20
BRDA:82,9,0,0
BRDA:82,9,1,0
BRDA:83,10,0,10
BRDA:83,10,1,10
BRDA:84,11,0,5
BRDA:84,11,1,5
BRDA:85,12,0,10
BRDA:85,12,1,0
BRDA:86,13,0,5
BRDA:86,13,1,5
BRDA:87,14,0,0
BRDA:87,14,1,0
BRDA:88,15,0,0
BRDA:88,15,1,0
BRDA:94,16,0,10
BRDA:94,16,1,10
BRDA:100,17,0,0
BRDA:100,17,1,9
BRF:36
BRH:14
end_of_record
TN:
SF:src/assets/placeholderImagesBase64.ts
FNF:0
FNH:0
DA:1,10
DA:2,10
LF:2
LH:2
BRF:0
BRH:0
end_of_record
TN:
SF:src/components/Header.tsx
FN:13,(anonymous_0)
FNF:1
FNH:1
FNDA:142,(anonymous_0)
DA:13,5
DA:24,142
DA:32,5
DA:34,5
LF:4
LH:4
BRF:0
BRH:0
end_of_record
TN:
SF:src/components/IconLabel.tsx
FN:5,(anonymous_0)
FNF:1
FNH:1
FNDA:3,(anonymous_0)
DA:5,1
DA:6,3
DA:13,1
LF:3
LH:3
BRF:0
BRH:0
end_of_record
TN:
SF:src/components/RestaurantCard.styles.ts
FNF:0
FNH:0
DA:3,6
DA:4,6
DA:5,6
DA:6,6
DA:8,6
LF:5
LH:5
BRF:0
BRH:0
end_of_record
TN:
SF:src/components/RestaurantCard.tsx
FN:12,(anonymous_0)
FN:16,(anonymous_1)
FN:20,(anonymous_2)
FN:25,(anonymous_3)
FN:26,fetchImages
FNF:5
FNH:3
FNDA:57,(anonymous_0)
FNDA:0,(anonymous_1)
FNDA:0,(anonymous_2)
FNDA:27,(anonymous_3)
FNDA:27,fetchImages
DA:12,6
DA:13,57
DA:14,54
DA:16,54
DA:17,0
DA:20,54
DA:21,0
DA:24,54
DA:25,54
DA:27,27
DA:28,4
DA:29,4
DA:31,23
DA:42,27
DA:45,54
LF:15
LH:13
BRDA:27,0,0,4
BRDA:27,0,1,23
BRDA:52,1,0,27
BRDA:52,1,1,27
BRDA:52,2,0,54
BRDA:52,2,1,27
BRF:6
BRH:6
end_of_record
TN:
SF:src/components/DishCard/DishCard.style.ts
FNF:0
FNH:0
DA:3,4
DA:4,4
DA:5,4
DA:6,4
DA:8,4
LF:5
LH:5
BRF:0
BRH:0
end_of_record
TN:
SF:src/components/DishCard/DishCard.tsx
FN:20,(anonymous_0)
FN:37,(anonymous_1)
FN:41,(anonymous_2)
FN:52,(anonymous_3)
FN:53,fetchImages
FNF:5
FNH:3
FNDA:32,(anonymous_0)
FNDA:0,(anonymous_1)
FNDA:0,(anonymous_2)
FNDA:16,(anonymous_3)
FNDA:16,fetchImages
DA:18,4
DA:20,4
DA:21,32
DA:22,32
DA:23,32
DA:26,32
DA:27,0
DA:30,32
DA:31,1
DA:33,32
DA:34,1
DA:37,32
DA:38,0
DA:41,32
DA:42,0
DA:43,0
DA:45,0
DA:47,0
DA:51,32
DA:52,32
DA:54,16
DA:55,5
DA:56,5
DA:58,11
DA:69,16
DA:81,32
LF:26
LH:20
BRDA:26,0,0,0
BRDA:26,0,1,32
BRDA:30,1,0,1
BRDA:30,1,1,31
BRDA:33,2,0,1
BRDA:33,2,1,31
BRDA:54,3,0,5
BRDA:54,3,1,11
BRDA:88,4,0,15
BRDA:88,4,1,16
BRDA:88,5,0,32
BRDA:88,5,1,15
BRF:12
BRH:11
end_of_record
TN:
SF:src/components/ErrorBoundary/ErrorBoundary.tsx
FN:24,(anonymous_0)
FN:28,(anonymous_1)
FN:34,(anonymous_2)
FN:38,(anonymous_3)
FNF:4
FNH:2
FNDA:3,(anonymous_0)
FNDA:0,(anonymous_1)
FNDA:0,(anonymous_2)
FNDA:7,(anonymous_3)
DA:16,4
DA:20,1
DA:25,3
DA:29,0
DA:30,0
DA:34,4
DA:35,0
DA:39,7
DA:41,7
LF:9
LH:6
BRDA:29,0,0,0
BRDA:29,0,1,0
BRDA:41,1,0,3
BRDA:41,1,1,4
BRF:4
BRH:2
end_of_record
TN:
SF:src/components/ErrorBoundary/FallbackComponent/FallbackComponent.tsx
FN:8,(anonymous_0)
FNF:1
FNH:0
FNDA:0,(anonymous_0)
DA:8,1
DA:9,0
LF:2
LH:1
BRF:0
BRH:0
end_of_record
TN:
SF:src/components/ErrorBoundary/FallbackComponent/styles.ts
FNF:0
FNH:0
DA:3,1
LF:1
LH:1
BRF:0
BRH:0
end_of_record
TN:
SF:src/components/ModalConfirm/ModalConfirm.styles.ts
FNF:0
FNH:0
DA:3,6
LF:1
LH:1
BRF:0
BRH:0
end_of_record
TN:
SF:src/components/ModalConfirm/ModalConfirm.tsx
FN:11,(anonymous_0)
FNF:1
FNH:1
FNDA:41,(anonymous_0)
DA:11,6
DA:12,41
LF:2
LH:2
BRF:0
BRH:0
end_of_record
TN:
SF:src/components/ProductCard/ProductCard.styles.ts
FNF:0
FNH:0
DA:3,4
DA:5,4
LF:2
LH:2
BRF:0
BRH:0
end_of_record
TN:
SF:src/components/ProductCard/ProductCard.tsx
FN:20,(anonymous_0)
FN:25,(anonymous_1)
FN:26,(anonymous_2)
FN:38,(anonymous_3)
FN:42,(anonymous_4)
FN:53,(anonymous_5)
FN:54,(anonymous_6)
FN:54,(anonymous_7)
FNF:8
FNH:3
FNDA:16,(anonymous_0)
FNDA:5,(anonymous_1)
FNDA:5,(anonymous_2)
FNDA:0,(anonymous_3)
FNDA:0,(anonymous_4)
FNDA:0,(anonymous_5)
FNDA:0,(anonymous_6)
FNDA:0,(anonymous_7)
DA:20,4
DA:21,16
DA:22,16
DA:23,16
DA:25,16
DA:26,5
DA:27,5
DA:28,5
DA:29,5
DA:31,0
DA:35,5
DA:38,16
DA:39,0
DA:42,16
DA:43,0
DA:44,0
DA:45,0
DA:47,0
DA:49,0
DA:53,16
DA:54,0
DA:55,0
DA:63,16
LF:23
LH:14
BRF:0
BRH:0
end_of_record
TN:
SF:src/components/ProductForm/ProductForm.styles.ts
FNF:0
FNH:0
DA:3,4
LF:1
LH:1
BRF:0
BRH:0
end_of_record
TN:
SF:src/components/ProductForm/ProductForm.tsx
FN:28,(anonymous_0)
FN:45,(anonymous_1)
FN:46,(anonymous_2)
FN:60,(anonymous_3)
FN:64,(anonymous_4)
FN:65,(anonymous_5)
FN:67,(anonymous_6)
FN:74,(anonymous_7)
FN:75,(anonymous_8)
FN:75,(anonymous_9)
FN:78,(anonymous_10)
FN:98,(anonymous_11)
FN:98,(anonymous_12)
FN:115,(anonymous_13)
FN:116,(anonymous_14)
FN:118,(anonymous_15)
FN:125,(anonymous_16)
FN:126,(anonymous_17)
FN:126,(anonymous_18)
FN:129,(anonymous_19)
FN:145,(anonymous_20)
FN:155,(anonymous_21)
FN:159,(anonymous_22)
FN:172,(anonymous_23)
FN:178,(anonymous_24)
FN:179,(anonymous_25)
FN:184,(anonymous_26)
FN:206,(anonymous_27)
FN:210,(anonymous_28)
FN:223,(anonymous_29)
FN:229,(anonymous_30)
FN:230,(anonymous_31)
FN:235,(anonymous_32)
FNF:33
FNH:28
FNDA:32,(anonymous_0)
FNDA:8,(anonymous_1)
FNDA:8,(anonymous_2)
FNDA:5,(anonymous_3)
FNDA:1,(anonymous_4)
FNDA:1,(anonymous_5)
FNDA:0,(anonymous_6)
FNDA:1,(anonymous_7)
FNDA:1,(anonymous_8)
FNDA:1,(anonymous_9)
FNDA:2,(anonymous_10)
FNDA:1,(anonymous_11)
FNDA:0,(anonymous_12)
FNDA:1,(anonymous_13)
FNDA:1,(anonymous_14)
FNDA:0,(anonymous_15)
FNDA:1,(anonymous_16)
FNDA:1,(anonymous_17)
FNDA:1,(anonymous_18)
FNDA:4,(anonymous_19)
FNDA:2,(anonymous_20)
FNDA:5,(anonymous_21)
FNDA:1,(anonymous_22)
FNDA:0,(anonymous_23)
FNDA:17,(anonymous_24)
FNDA:15,(anonymous_25)
FNDA:1,(anonymous_26)
FNDA:5,(anonymous_27)
FNDA:1,(anonymous_28)
FNDA:0,(anonymous_29)
FNDA:10,(anonymous_30)
FNDA:7,(anonymous_31)
FNDA:1,(anonymous_32)
DA:20,4
DA:28,4
DA:35,32
DA:36,31
DA:37,31
DA:38,31
DA:39,31
DA:40,31
DA:41,31
DA:42,31
DA:43,31
DA:45,31
DA:46,8
DA:47,8
DA:48,8
DA:49,8
DA:50,8
DA:52,0
DA:56,8
DA:57,8
DA:60,31
DA:61,5
DA:64,31
DA:65,1
DA:66,1
DA:67,0
DA:69,1
DA:74,31
DA:75,1
DA:78,31
DA:79,2
DA:80,2
DA:81,1
DA:82,1
DA:85,1
DA:91,1
DA:92,0
DA:93,0
DA:97,1
DA:98,1
DA:99,0
DA:106,0
DA:109,0
DA:111,1
DA:115,31
DA:116,1
DA:117,1
DA:118,0
DA:120,1
DA:125,31
DA:126,1
DA:129,31
DA:130,4
DA:133,31
DA:145,2
DA:156,5
DA:159,1
DA:178,17
DA:180,15
DA:184,1
DA:207,5
DA:210,1
DA:229,10
DA:231,7
DA:235,1
LF:65
LH:57
BRDA:29,0,0,28
BRDA:30,1,0,28
BRDA:31,2,0,28
BRDA:32,3,0,28
BRDA:33,4,0,28
BRDA:36,5,0,3
BRDA:36,5,1,28
BRDA:39,6,0,3
BRDA:39,6,1,28
BRDA:41,7,0,31
BRDA:41,7,1,0
BRDA:43,8,0,31
BRDA:43,8,1,28
BRDA:66,9,0,0
BRDA:66,9,1,1
BRDA:80,10,0,1
BRDA:80,10,1,1
BRDA:80,11,0,2
BRDA:80,11,1,1
BRDA:91,12,0,0
BRDA:91,12,1,1
BRDA:97,13,0,1
BRDA:97,13,1,0
BRDA:117,14,0,0
BRDA:117,14,1,1
BRDA:135,15,0,31
BRDA:135,15,1,0
BRDA:152,16,0,26
BRDA:152,16,1,5
BRDA:182,17,0,1
BRDA:182,17,1,14
BRDA:203,18,0,26
BRDA:203,18,1,5
BRDA:233,19,0,1
BRDA:233,19,1,6
BRDA:253,20,0,3
BRDA:253,20,1,28
BRF:37
BRH:31
end_of_record
TN:
SF:src/models/dishesInterfaces.ts
FNF:0
FNH:0
LF:0
LH:0
BRF:0
BRH:0
end_of_record
TN:
SF:src/models/imageInterface.ts
FNF:0
FNH:0
LF:0
LH:0
BRF:0
BRH:0
end_of_record
TN:
SF:src/models/ingedientsInterfaces.ts
FNF:0
FNH:0
LF:0
LH:0
BRF:0
BRH:0
end_of_record
TN:
SF:src/models/restaurantsInterfaces.ts
FNF:0
FNH:0
LF:0
LH:0
BRF:0
BRH:0
end_of_record
TN:
SF:src/pages/AddPage/AddPage.styles.ts
FNF:0
FNH:0
DA:3,1
DA:4,1
DA:5,1
DA:7,1
LF:4
LH:4
BRDA:14,0,0,1
BRDA:14,0,1,0
BRF:2
BRH:1
end_of_record
TN:
SF:src/pages/AddPage/AddPage.tsx
FN:19,(anonymous_0)
FN:22,(anonymous_1)
FN:23,prepare
FN:26,(anonymous_3)
FN:38,(anonymous_4)
FN:48,GoToQRCode
FN:52,getIngr
FN:63,deleteIngr
FN:101,(anonymous_8)
FN:110,(anonymous_9)
FNF:10
FNH:5
FNDA:8,(anonymous_0)
FNDA:7,(anonymous_1)
FNDA:7,prepare
FNDA:6,(anonymous_3)
FNDA:0,(anonymous_4)
FNDA:0,GoToQRCode
FNDA:1,getIngr
FNDA:0,deleteIngr
FNDA:0,(anonymous_8)
FNDA:0,(anonymous_9)
DA:15,1
DA:17,1
DA:19,1
DA:20,8
DA:22,8
DA:24,7
DA:25,7
DA:26,6
DA:28,1
DA:30,6
DA:34,7
DA:36,8
DA:38,8
DA:39,0
DA:40,0
DA:44,8
DA:45,7
DA:49,0
DA:53,1
DA:54,1
DA:58,1
DA:60,1
DA:64,0
DA:65,0
DA:70,0
DA:72,0
DA:76,1
DA:78,1
DA:102,0
DA:111,0
LF:30
LH:21
BRDA:39,0,0,0
BRDA:39,0,1,0
BRDA:44,1,0,7
BRDA:44,1,1,1
BRDA:70,2,0,0
BRDA:70,2,1,0
BRF:6
BRH:2
end_of_record
TN:
SF:src/pages/AddProductScreen/AddProductScreen.styles.ts
FNF:0
FNH:0
DA:3,2
LF:1
LH:1
BRF:0
BRH:0
end_of_record
TN:
SF:src/pages/AddProductScreen/AddProductScreen.tsx
FN:6,(anonymous_0)
FNF:1
FNH:0
FNDA:0,(anonymous_0)
DA:6,2
DA:7,0
LF:2
LH:1
BRF:0
BRH:0
end_of_record
TN:
SF:src/pages/AddRestaurantScreen/AddRestaurantScreen.styles.ts
FNF:0
FNH:0
DA:3,3
LF:1
LH:1
BRF:0
BRH:0
end_of_record
TN:
SF:src/pages/AddRestaurantScreen/AddRestaurantScreen.tsx
FN:12,(anonymous_0)
FN:25,(anonymous_1)
FN:70,(anonymous_2)
FNF:3
FNH:2
FNDA:34,(anonymous_0)
FNDA:5,(anonymous_1)
FNDA:0,(anonymous_2)
DA:12,3
DA:13,34
DA:14,34
DA:15,34
DA:16,34
DA:17,34
DA:18,34
DA:19,34
DA:20,34
DA:21,34
DA:22,34
DA:23,34
DA:25,34
DA:26,5
DA:27,3
DA:28,3
DA:30,2
DA:31,2
DA:47,2
DA:51,2
DA:52,2
DA:53,2
DA:54,2
DA:55,2
DA:56,2
DA:57,2
DA:58,2
DA:59,2
DA:60,2
DA:61,2
DA:62,2
DA:63,2
DA:65,0
DA:66,0
DA:70,34
DA:71,0
DA:78,0
DA:79,0
DA:83,34
LF:39
LH:34
BRDA:26,0,0,3
BRDA:26,0,1,2
BRDA:26,1,0,5
BRDA:26,1,1,2
BRDA:26,1,2,2
BRDA:26,1,3,2
BRDA:26,1,4,2
BRDA:26,1,5,2
BRDA:78,2,0,0
BRDA:78,2,1,0
BRF:10
BRH:8
end_of_record
TN:
SF:src/pages/EditDishScreen/EditDish.style.ts
FNF:0
FNH:0
DA:3,3
LF:1
LH:1
BRF:0
BRH:0
end_of_record
TN:
SF:src/pages/EditDishScreen/EditDish.tsx
FN:34,(anonymous_0)
FN:56,(anonymous_1)
FN:57,(anonymous_2)
FN:61,(anonymous_3)
FN:62,(anonymous_4)
FN:66,(anonymous_5)
FN:67,(anonymous_6)
FN:71,(anonymous_7)
FN:72,(anonymous_8)
FN:76,(anonymous_9)
FN:79,(anonymous_10)
FN:79,(anonymous_11)
FN:86,(anonymous_12)
FN:93,(anonymous_13)
FN:101,(anonymous_14)
FN:112,(anonymous_15)
FN:112,(anonymous_16)
FN:119,(anonymous_17)
FN:123,(anonymous_18)
FN:123,(anonymous_19)
FN:131,(anonymous_20)
FN:133,(anonymous_21)
FN:139,(anonymous_22)
FN:141,(anonymous_23)
FN:147,(anonymous_24)
FN:149,(anonymous_25)
FN:155,(anonymous_26)
FN:157,(anonymous_27)
FN:163,(anonymous_28)
FN:164,(anonymous_29)
FN:169,(anonymous_30)
FN:203,(anonymous_31)
FN:217,(anonymous_32)
FN:233,(anonymous_33)
FN:248,(anonymous_34)
FN:274,(anonymous_35)
FN:320,(anonymous_36)
FN:328,(anonymous_37)
FN:365,(anonymous_38)
FN:374,(anonymous_39)
FN:382,(anonymous_40)
FN:392,(anonymous_41)
FN:396,(anonymous_42)
FN:405,(anonymous_43)
FN:414,(anonymous_44)
FN:418,(anonymous_45)
FN:427,(anonymous_46)
FN:436,(anonymous_47)
FN:440,(anonymous_48)
FN:449,(anonymous_49)
FN:458,(anonymous_50)
FN:462,(anonymous_51)
FN:471,(anonymous_52)
FN:485,(anonymous_53)
FN:494,(anonymous_54)
FN:498,(anonymous_55)
FN:505,(anonymous_56)
FN:509,(anonymous_57)
FN:517,(anonymous_58)
FN:521,(anonymous_59)
FN:529,(anonymous_60)
FN:533,(anonymous_61)
FN:544,(anonymous_62)
FNF:63
FNH:33
FNDA:65,(anonymous_0)
FNDA:0,(anonymous_1)
FNDA:0,(anonymous_2)
FNDA:0,(anonymous_3)
FNDA:0,(anonymous_4)
FNDA:1,(anonymous_5)
FNDA:1,(anonymous_6)
FNDA:1,(anonymous_7)
FNDA:1,(anonymous_8)
FNDA:3,(anonymous_9)
FNDA:1,(anonymous_10)
FNDA:1,(anonymous_11)
FNDA:1,(anonymous_12)
FNDA:0,(anonymous_13)
FNDA:2,(anonymous_14)
FNDA:1,(anonymous_15)
FNDA:1,(anonymous_16)
FNDA:2,(anonymous_17)
FNDA:1,(anonymous_18)
FNDA:1,(anonymous_19)
FNDA:0,(anonymous_20)
FNDA:0,(anonymous_21)
FNDA:0,(anonymous_22)
FNDA:0,(anonymous_23)
FNDA:0,(anonymous_24)
FNDA:0,(anonymous_25)
FNDA:0,(anonymous_26)
FNDA:0,(anonymous_27)
FNDA:28,(anonymous_28)
FNDA:28,(anonymous_29)
FNDA:0,(anonymous_30)
FNDA:1,(anonymous_31)
FNDA:1,(anonymous_32)
FNDA:0,(anonymous_33)
FNDA:14,(anonymous_34)
FNDA:2,(anonymous_35)
FNDA:0,(anonymous_36)
FNDA:1,(anonymous_37)
FNDA:0,(anonymous_38)
FNDA:0,(anonymous_39)
FNDA:0,(anonymous_40)
FNDA:0,(anonymous_41)
FNDA:0,(anonymous_42)
FNDA:3,(anonymous_43)
FNDA:0,(anonymous_44)
FNDA:0,(anonymous_45)
FNDA:1,(anonymous_46)
FNDA:50,(anonymous_47)
FNDA:1,(anonymous_48)
FNDA:2,(anonymous_49)
FNDA:50,(anonymous_50)
FNDA:1,(anonymous_51)
FNDA:2,(anonymous_52)
FNDA:0,(anonymous_53)
FNDA:2,(anonymous_54)
FNDA:0,(anonymous_55)
FNDA:0,(anonymous_56)
FNDA:0,(anonymous_57)
FNDA:2,(anonymous_58)
FNDA:0,(anonymous_59)
FNDA:2,(anonymous_60)
FNDA:0,(anonymous_61)
FNDA:0,(anonymous_62)
DA:34,3
DA:35,65
DA:36,65
DA:37,65
DA:38,65
DA:39,65
DA:40,65
DA:41,65
DA:42,65
DA:43,65
DA:44,65
DA:45,65
DA:46,65
DA:47,65
DA:48,65
DA:49,65
DA:50,65
DA:51,65
DA:52,65
DA:56,65
DA:57,0
DA:58,0
DA:61,65
DA:62,0
DA:63,0
DA:66,65
DA:67,1
DA:68,1
DA:71,65
DA:72,1
DA:73,1
DA:76,65
DA:77,3
DA:79,3
DA:80,3
DA:82,3
DA:83,3
DA:86,65
DA:88,1
DA:89,0
DA:93,1
DA:94,0
DA:96,0
DA:97,0
DA:101,65
DA:104,2
DA:105,0
DA:107,2
DA:108,2
DA:112,2
DA:113,2
DA:115,2
DA:116,2
DA:119,65
DA:120,2
DA:121,2
DA:123,2
DA:124,2
DA:126,2
DA:127,2
DA:131,65
DA:132,0
DA:133,0
DA:135,0
DA:139,65
DA:140,0
DA:141,0
DA:143,0
DA:147,65
DA:148,0
DA:149,0
DA:151,0
DA:155,65
DA:156,0
DA:157,0
DA:159,0
DA:163,65
DA:164,28
DA:165,28
DA:166,0
DA:167,0
DA:169,0
DA:178,0
DA:179,0
DA:189,28
DA:200,28
DA:203,65
DA:204,1
DA:205,0
DA:206,0
DA:217,65
DA:218,1
DA:219,1
DA:220,0
DA:221,0
DA:224,1
DA:230,0
DA:231,0
DA:232,0
DA:234,0
DA:236,0
DA:237,0
DA:238,0
DA:240,0
DA:248,65
DA:249,14
DA:250,14
DA:254,14
DA:255,14
DA:256,14
DA:257,14
DA:258,14
DA:259,14
DA:260,14
DA:261,14
DA:262,14
DA:263,14
DA:264,14
DA:265,14
DA:266,14
DA:267,8
DA:270,0
DA:274,65
DA:275,2
DA:278,2
DA:279,0
DA:280,0
DA:282,2
DA:283,2
DA:284,2
DA:285,2
DA:300,2
DA:301,2
DA:302,2
DA:303,2
DA:304,2
DA:306,2
DA:307,0
DA:308,0
DA:309,0
DA:313,2
DA:314,2
DA:317,65
DA:320,0
DA:328,1
DA:365,0
DA:374,0
DA:382,0
DA:393,0
DA:396,0
DA:405,3
DA:415,0
DA:418,0
DA:427,1
DA:437,50
DA:440,1
DA:449,2
DA:459,50
DA:462,1
DA:471,2
DA:486,0
DA:495,2
DA:498,0
DA:506,0
DA:509,0
DA:518,2
DA:521,0
DA:530,2
DA:533,0
DA:545,0
LF:170
LH:111
BRDA:88,0,0,0
BRDA:88,0,1,1
BRDA:104,1,0,0
BRDA:104,1,1,2
BRDA:132,2,0,0
BRDA:132,2,1,0
BRDA:140,3,0,0
BRDA:140,3,1,0
BRDA:148,4,0,0
BRDA:148,4,1,0
BRDA:156,5,0,0
BRDA:156,5,1,0
BRDA:165,6,0,0
BRDA:165,6,1,28
BRDA:204,7,0,0
BRDA:204,7,1,1
BRDA:219,8,0,0
BRDA:219,8,1,1
BRDA:230,9,0,0
BRDA:230,9,1,0
BRDA:231,10,0,0
BRDA:231,10,1,0
BRDA:231,11,0,0
BRDA:231,11,1,0
BRDA:236,12,0,0
BRDA:236,12,1,0
BRDA:266,13,0,8
BRDA:266,13,1,6
BRDA:278,14,0,0
BRDA:278,14,1,2
BRDA:278,15,0,2
BRDA:278,15,1,2
BRDA:278,15,2,2
BRDA:278,15,3,2
BRDA:278,15,4,2
BRDA:278,15,5,2
BRDA:278,15,6,2
BRDA:278,15,7,2
BRDA:284,16,0,2
BRDA:284,16,1,0
BRDA:284,17,0,2
BRDA:284,17,1,2
BRDA:303,18,0,2
BRDA:303,18,1,0
BRDA:303,19,0,2
BRDA:303,19,1,2
BRDA:306,20,0,0
BRDA:306,20,1,2
BRDA:308,21,0,0
BRDA:308,21,1,0
BRDA:308,22,0,0
BRDA:308,22,1,0
BRDA:324,23,0,37
BRDA:324,23,1,28
BRDA:356,24,0,25
BRDA:356,24,1,40
BRDA:493,25,0,65
BRDA:493,25,1,6
BRDA:497,26,0,0
BRDA:497,26,1,2
BRDA:504,27,0,65
BRDA:504,27,1,0
BRDA:508,28,0,0
BRDA:508,28,1,0
BRDA:516,29,0,65
BRDA:516,29,1,5
BRDA:520,30,0,2
BRDA:520,30,1,0
BRDA:528,31,0,65
BRDA:528,31,1,5
BRDA:532,32,0,2
BRDA:532,32,1,0
BRF:72
BRH:37
end_of_record
TN:
SF:src/pages/EditProductPage/EditProductPage.styles.ts
FNF:0
FNH:0
DA:3,3
LF:1
LH:1
BRF:0
BRH:0
end_of_record
TN:
SF:src/pages/EditProductPage/EditProductPage.tsx
FN:20,(anonymous_0)
FNF:1
FNH:1
FNDA:1,(anonymous_0)
DA:20,3
DA:21,1
LF:2
LH:2
BRF:0
BRH:0
end_of_record
TN:
SF:src/pages/EditRestaurant/EditRestaurant.styles.ts
FNF:0
FNH:0
DA:3,3
LF:1
LH:1
BRF:0
BRH:0
end_of_record
TN:
SF:src/pages/EditRestaurant/EditRestaurant.tsx
FN:11,(anonymous_0)
FN:26,(anonymous_1)
FN:27,(anonymous_2)
FN:51,(anonymous_3)
FN:52,(anonymous_4)
FN:57,(anonymous_5)
FN:91,(anonymous_6)
FN:105,(anonymous_7)
FN:121,(anonymous_8)
FN:136,(anonymous_9)
FN:164,(anonymous_10)
FN:180,(anonymous_11)
FN:189,(anonymous_12)
FN:219,(anonymous_13)
FN:225,(anonymous_14)
FN:233,(anonymous_15)
FN:239,(anonymous_16)
FN:250,(anonymous_17)
FN:256,(anonymous_18)
FN:264,(anonymous_19)
FN:270,(anonymous_20)
FN:278,(anonymous_21)
FNF:22
FNH:18
FNDA:64,(anonymous_0)
FNDA:9,(anonymous_1)
FNDA:9,(anonymous_2)
FNDA:12,(anonymous_3)
FNDA:12,(anonymous_4)
FNDA:0,(anonymous_5)
FNDA:1,(anonymous_6)
FNDA:2,(anonymous_7)
FNDA:0,(anonymous_8)
FNDA:3,(anonymous_9)
FNDA:0,(anonymous_10)
FNDA:0,(anonymous_11)
FNDA:1,(anonymous_12)
FNDA:1,(anonymous_13)
FNDA:1,(anonymous_14)
FNDA:1,(anonymous_15)
FNDA:1,(anonymous_16)
FNDA:1,(anonymous_17)
FNDA:1,(anonymous_18)
FNDA:1,(anonymous_19)
FNDA:1,(anonymous_20)
FNDA:1,(anonymous_21)
DA:11,3
DA:12,64
DA:13,64
DA:14,64
DA:15,64
DA:16,64
DA:17,64
DA:18,64
DA:19,64
DA:20,64
DA:21,64
DA:22,64
DA:23,64
DA:24,64
DA:26,64
DA:27,9
DA:28,9
DA:29,9
DA:30,7
DA:32,3
DA:33,3
DA:34,3
DA:35,3
DA:36,3
DA:37,3
DA:38,3
DA:39,3
DA:40,3
DA:41,3
DA:42,3
DA:44,6
DA:48,9
DA:51,64
DA:52,12
DA:53,12
DA:54,3
DA:55,3
DA:57,3
DA:66,3
DA:67,3
DA:77,9
DA:88,12
DA:91,64
DA:92,1
DA:93,1
DA:94,1
DA:105,64
DA:106,2
DA:107,2
DA:108,1
DA:109,0
DA:112,1
DA:118,0
DA:119,0
DA:120,0
DA:122,0
DA:124,0
DA:125,0
DA:126,0
DA:128,0
DA:136,64
DA:137,3
DA:138,3
DA:152,3
DA:160,2
DA:161,1
DA:165,0
DA:170,1
DA:173,1
DA:174,1
DA:178,64
DA:180,0
DA:189,1
DA:219,1
DA:225,1
DA:233,1
DA:239,1
DA:250,1
DA:256,1
DA:264,1
DA:270,1
DA:278,1
LF:82
LH:71
BRDA:53,0,0,3
BRDA:53,0,1,9
BRDA:92,1,0,1
BRDA:92,1,1,0
BRDA:107,2,0,1
BRDA:107,2,1,1
BRDA:118,3,0,0
BRDA:118,3,1,0
BRDA:119,4,0,0
BRDA:119,4,1,0
BRDA:119,5,0,0
BRDA:119,5,1,0
BRDA:124,6,0,0
BRDA:124,6,1,0
BRDA:160,7,0,1
BRDA:160,7,1,1
BRDA:185,8,0,55
BRDA:185,8,1,9
BRF:18
BRH:9
end_of_record
TN:
SF:src/pages/HomeScreen/HomeScreen.styles.ts
FNF:0
FNH:0
DA:3,1
LF:1
LH:1
BRF:0
BRH:0
end_of_record
TN:
SF:src/pages/HomeScreen/HomeScreen.tsx
FN:12,(anonymous_0)
FN:17,(anonymous_1)
FN:21,(anonymous_2)
FN:23,(anonymous_3)
FN:26,(anonymous_4)
FN:31,(anonymous_5)
FN:42,(anonymous_6)
FN:46,(anonymous_7)
FN:51,(anonymous_8)
FN:63,(anonymous_9)
FN:64,(anonymous_10)
FN:68,(anonymous_11)
FNF:12
FNH:8
FNDA:13,(anonymous_0)
FNDA:7,(anonymous_1)
FNDA:7,(anonymous_2)
FNDA:6,(anonymous_3)
FNDA:1,(anonymous_4)
FNDA:0,(anonymous_5)
FNDA:1,(anonymous_6)
FNDA:0,(anonymous_7)
FNDA:0,(anonymous_8)
FNDA:12,(anonymous_9)
FNDA:0,(anonymous_10)
FNDA:18,(anonymous_11)
DA:12,1
DA:13,13
DA:14,13
DA:15,13
DA:17,13
DA:18,7
DA:21,13
DA:22,7
DA:24,6
DA:27,1
DA:31,13
DA:32,0
DA:34,0
DA:35,0
DA:36,0
DA:38,0
DA:42,13
DA:43,1
DA:46,13
DA:47,0
DA:51,13
DA:52,0
DA:53,0
DA:54,0
DA:57,13
DA:64,12
DA:68,18
LF:27
LH:18
BRF:0
BRH:0
end_of_record
TN:
SF:src/pages/MenuPage/MenuPage.styles.ts
FNF:0
FNH:0
DA:3,3
DA:4,3
DA:5,3
DA:6,3
DA:8,3
LF:5
LH:5
BRF:0
BRH:0
end_of_record
TN:
SF:src/pages/MenuPage/MenuPage.tsx
FN:21,(anonymous_0)
FN:30,(anonymous_1)
FN:35,(anonymous_2)
FN:37,(anonymous_3)
FN:40,(anonymous_4)
FN:47,(anonymous_5)
FN:53,(anonymous_6)
FN:61,(anonymous_7)
FN:82,(anonymous_8)
FN:88,(anonymous_9)
FN:93,(anonymous_10)
FN:109,(anonymous_11)
FN:124,(anonymous_12)
FN:138,(anonymous_13)
FNF:14
FNH:10
FNDA:18,(anonymous_0)
FNDA:4,(anonymous_1)
FNDA:4,(anonymous_2)
FNDA:4,(anonymous_3)
FNDA:1,(anonymous_4)
FNDA:4,(anonymous_5)
FNDA:6,(anonymous_6)
FNDA:6,(anonymous_7)
FNDA:6,(anonymous_8)
FNDA:0,(anonymous_9)
FNDA:0,(anonymous_10)
FNDA:6,(anonymous_11)
FNDA:0,(anonymous_12)
FNDA:0,(anonymous_13)
DA:21,3
DA:22,18
DA:23,18
DA:24,18
DA:25,18
DA:26,18
DA:27,18
DA:28,18
DA:30,18
DA:31,4
DA:33,18
DA:35,18
DA:36,4
DA:37,4
DA:40,18
DA:41,1
DA:42,0
DA:47,18
DA:48,4
DA:49,4
DA:50,4
DA:51,3
DA:53,6
DA:54,3
DA:55,3
DA:56,3
DA:57,3
DA:58,6
DA:61,3
DA:63,6
DA:64,6
DA:68,3
DA:69,3
DA:71,0
DA:74,1
DA:76,4
DA:80,18
DA:82,18
DA:83,6
DA:84,6
DA:85,6
DA:88,18
DA:89,0
DA:90,0
DA:93,18
DA:94,0
DA:95,0
DA:96,0
DA:97,0
DA:102,18
DA:110,6
DA:124,0
DA:138,0
LF:53
LH:43
BRDA:54,0,0,3
BRDA:54,0,1,0
BRDA:83,1,0,6
BRDA:83,1,1,0
BRDA:84,2,0,6
BRDA:84,2,1,0
BRDA:94,3,0,0
BRDA:94,3,1,0
BRDA:104,4,0,14
BRDA:104,4,1,4
BRDA:111,5,0,6
BRDA:111,5,1,3
BRDA:111,5,2,6
BRDA:116,6,0,6
BRDA:116,6,1,6
BRF:15
BRH:10
end_of_record
TN:
SF:src/pages/MyDishesScreen/MyDishScreen.styles.ts
FNF:0
FNH:0
DA:3,3
LF:1
LH:1
BRF:0
BRH:0
end_of_record
TN:
SF:src/pages/MyDishesScreen/MyDishesScreen.tsx
FN:10,(anonymous_0)
FN:16,(anonymous_1)
FN:26,(anonymous_2)
FN:32,(anonymous_3)
FN:41,(anonymous_4)
FN:43,(anonymous_5)
FN:46,(anonymous_6)
FN:50,(anonymous_7)
FN:59,(anonymous_8)
FN:60,(anonymous_9)
FN:61,(anonymous_10)
FN:64,(anonymous_11)
FNF:12
FNH:5
FNDA:11,(anonymous_0)
FNDA:5,(anonymous_1)
FNDA:5,(anonymous_2)
FNDA:0,(anonymous_3)
FNDA:0,(anonymous_4)
FNDA:0,(anonymous_5)
FNDA:0,(anonymous_6)
FNDA:0,(anonymous_7)
FNDA:10,(anonymous_8)
FNDA:0,(anonymous_9)
FNDA:0,(anonymous_10)
FNDA:15,(anonymous_11)
DA:10,3
DA:11,11
DA:12,11
DA:13,11
DA:14,10
DA:16,10
DA:17,5
DA:18,5
DA:19,5
DA:20,5
DA:22,0
DA:26,10
DA:27,5
DA:28,5
DA:32,10
DA:33,0
DA:34,0
DA:35,0
DA:37,0
DA:41,10
DA:42,0
DA:43,0
DA:46,10
DA:47,0
DA:50,10
DA:51,0
DA:52,0
DA:55,10
DA:60,10
DA:61,0
DA:64,15
LF:31
LH:20
BRDA:27,0,0,5
BRDA:27,0,1,0
BRF:2
BRH:1
end_of_record
TN:
SF:src/pages/MyProductsScreen/MyProductsScreen.styles.ts
FNF:0
FNH:0
DA:3,3
LF:1
LH:1
BRF:0
BRH:0
end_of_record
TN:
SF:src/pages/MyProductsScreen/MyProductsScreen.tsx
FN:12,(anonymous_0)
FN:16,(anonymous_1)
FN:17,(anonymous_2)
FN:30,(anonymous_3)
FN:36,(anonymous_4)
FN:42,(anonymous_5)
FNF:6
FNH:5
FNDA:6,(anonymous_0)
FNDA:3,(anonymous_1)
FNDA:3,(anonymous_2)
FNDA:0,(anonymous_3)
FNDA:1,(anonymous_4)
FNDA:6,(anonymous_5)
DA:12,3
DA:13,6
DA:14,6
DA:16,6
DA:17,3
DA:18,3
DA:19,3
DA:20,3
DA:21,3
DA:23,3
DA:27,3
DA:30,6
DA:31,0
DA:32,0
DA:33,0
DA:36,6
DA:37,1
DA:40,6
DA:43,6
LF:19
LH:16
BRF:0
BRH:0
end_of_record
TN:
SF:src/pages/MyRestaurantsScreen/MyRestaurantsScreen.styles.ts
FNF:0
FNH:0
DA:3,3
LF:1
LH:1
BRF:0
BRH:0
end_of_record
TN:
SF:src/pages/MyRestaurantsScreen/MyRestaurantsScreen.tsx
FN:14,(anonymous_0)
FN:19,(anonymous_1)
FN:23,(anonymous_2)
FN:26,(anonymous_3)
FN:29,(anonymous_4)
FN:34,(anonymous_5)
FN:44,(anonymous_6)
FN:50,(anonymous_7)
FN:54,(anonymous_8)
FN:63,(anonymous_9)
FN:64,(anonymous_10)
FN:68,(anonymous_11)
FNF:12
FNH:10
FNDA:12,(anonymous_0)
FNDA:6,(anonymous_1)
FNDA:6,(anonymous_2)
FNDA:5,(anonymous_3)
FNDA:1,(anonymous_4)
FNDA:0,(anonymous_5)
FNDA:0,(anonymous_6)
FNDA:1,(anonymous_7)
FNDA:1,(anonymous_8)
FNDA:10,(anonymous_9)
FNDA:1,(anonymous_10)
FNDA:15,(anonymous_11)
DA:14,3
DA:15,12
DA:16,12
DA:17,11
DA:19,11
DA:20,6
DA:23,11
DA:24,6
DA:25,6
DA:27,5
DA:30,1
DA:34,11
DA:36,0
DA:37,0
DA:38,0
DA:40,0
DA:44,11
DA:45,0
DA:46,0
DA:47,0
DA:50,11
DA:51,1
DA:54,11
DA:55,1
DA:58,11
DA:64,10
DA:68,15
LF:27
LH:20
BRDA:68,0,0,15
BRDA:68,0,1,0
BRF:2
BRH:1
end_of_record
TN:
SF:src/pages/ProfileScreen/ChangePassword/ChangePasswordScreen.styles.ts
FNF:0
FNH:0
DA:3,3
LF:1
LH:1
BRF:0
BRH:0
end_of_record
TN:
SF:src/pages/ProfileScreen/ChangePassword/ChangePasswordScreen.tsx
FN:20,(anonymous_0)
FN:28,isValidPassword
FN:41,(anonymous_2)
FNF:3
FNH:1
FNDA:8,(anonymous_0)
FNDA:0,isValidPassword
FNDA:0,(anonymous_2)
DA:20,3
DA:21,8
DA:22,8
DA:23,8
DA:24,8
DA:25,8
DA:26,8
DA:29,0
DA:30,0
DA:31,0
DA:33,0
DA:41,8
DA:42,0
DA:43,0
DA:44,0
DA:45,0
DA:46,0
DA:47,0
DA:49,0
DA:50,0
DA:51,0
DA:53,0
DA:54,0
DA:55,0
DA:57,0
DA:58,0
DA:59,0
DA:61,0
DA:62,0
DA:63,0
DA:64,0
DA:68,8
LF:32
LH:9
BRDA:34,0,0,0
BRDA:34,0,1,0
BRDA:34,0,2,0
BRDA:34,0,3,0
BRDA:45,1,0,0
BRDA:45,1,1,0
BRDA:49,2,0,0
BRDA:49,2,1,0
BRDA:53,3,0,0
BRDA:53,3,1,0
BRDA:58,4,0,0
BRDA:58,4,1,0
BRDA:62,5,0,0
BRDA:62,5,1,0
BRDA:88,6,0,8
BRDA:88,6,1,0
BRDA:93,7,0,8
BRDA:93,7,1,0
BRDA:105,8,0,8
BRDA:105,8,1,0
BRF:20
BRH:3
end_of_record
TN:
SF:src/pages/ProfileScreen/Login/Login.styles.ts
FNF:0
FNH:0
DA:3,3
LF:1
LH:1
BRF:0
BRH:0
end_of_record
TN:
SF:src/pages/ProfileScreen/Login/Login.tsx
FN:12,(anonymous_0)
FN:17,(anonymous_1)
FN:48,(anonymous_2)
FN:55,(anonymous_3)
FN:62,(anonymous_4)
FN:68,(anonymous_5)
FNF:6
FNH:4
FNDA:14,(anonymous_0)
FNDA:2,(anonymous_1)
FNDA:2,(anonymous_2)
FNDA:2,(anonymous_3)
FNDA:0,(anonymous_4)
FNDA:0,(anonymous_5)
DA:12,3
DA:13,14
DA:14,14
DA:15,14
DA:17,14
DA:18,2
DA:19,2
DA:24,2
DA:26,2
DA:27,1
DA:28,1
DA:30,1
DA:31,1
DA:32,1
DA:33,1
DA:36,1
DA:37,1
DA:41,14
DA:48,2
DA:55,2
DA:62,0
DA:68,0
LF:22
LH:20
BRDA:26,0,0,1
BRDA:26,0,1,1
BRDA:57,1,0,14
BRDA:57,1,1,1
BRF:4
BRH:4
end_of_record
TN:
SF:src/pages/ProfileScreen/Profile/NewProfile.styles.ts
FNF:0
FNH:0
DA:3,3
LF:1
LH:1
BRF:0
BRH:0
end_of_record
TN:
SF:src/pages/ProfileScreen/Profile/NewProfile.tsx
FN:31,(anonymous_0)
FN:53,(anonymous_1)
FN:57,(anonymous_2)
FN:64,(anonymous_3)
FN:76,(anonymous_4)
FN:105,(anonymous_5)
FN:116,(anonymous_6)
FN:127,(anonymous_7)
FN:149,(anonymous_8)
FN:153,(anonymous_9)
FN:156,(anonymous_10)
FN:162,(anonymous_11)
FN:173,(anonymous_12)
FN:178,(anonymous_13)
FN:217,(anonymous_14)
FN:223,(anonymous_15)
FNF:16
FNH:11
FNDA:53,(anonymous_0)
FNDA:9,(anonymous_1)
FNDA:9,(anonymous_2)
FNDA:9,(anonymous_3)
FNDA:0,(anonymous_4)
FNDA:1,(anonymous_5)
FNDA:0,(anonymous_6)
FNDA:1,(anonymous_7)
FNDA:1,(anonymous_8)
FNDA:9,(anonymous_9)
FNDA:0,(anonymous_10)
FNDA:1,(anonymous_11)
FNDA:0,(anonymous_12)
FNDA:0,(anonymous_13)
FNDA:1,(anonymous_14)
FNDA:1,(anonymous_15)
DA:31,3
DA:32,53
DA:33,53
DA:34,53
DA:35,53
DA:36,53
DA:37,53
DA:38,53
DA:39,53
DA:40,53
DA:42,53
DA:47,53
DA:53,53
DA:54,9
DA:57,53
DA:58,9
DA:59,9
DA:60,9
DA:61,0
DA:63,9
DA:65,9
DA:66,9
DA:67,9
DA:68,9
DA:69,9
DA:72,0
DA:76,53
DA:77,0
DA:79,0
DA:80,0
DA:81,0
DA:84,0
DA:91,0
DA:92,0
DA:94,0
DA:96,0
DA:99,0
DA:100,0
DA:105,53
DA:106,1
DA:117,0
DA:118,0
DA:119,0
DA:127,53
DA:128,1
DA:129,1
DA:130,0
DA:132,1
DA:139,1
DA:140,1
DA:141,1
DA:143,0
DA:149,53
DA:150,1
DA:153,53
DA:154,9
DA:155,1
DA:156,1
DA:157,0
DA:162,53
DA:163,1
DA:174,0
DA:175,0
DA:176,0
DA:178,0
DA:179,0
DA:180,0
DA:181,0
DA:182,0
DA:183,0
DA:185,0
DA:196,53
DA:217,1
DA:223,1
LF:74
LH:45
BRDA:60,0,0,0
BRDA:60,0,1,9
BRDA:79,1,0,0
BRDA:79,1,1,0
BRDA:91,2,0,0
BRDA:91,2,1,0
BRDA:94,3,0,0
BRDA:94,3,1,0
BRDA:94,4,0,0
BRDA:94,4,1,0
BRDA:94,4,2,0
BRDA:99,5,0,0
BRDA:99,5,1,0
BRDA:129,6,0,0
BRDA:129,6,1,1
BRDA:139,7,0,1
BRDA:139,7,1,0
BRDA:154,8,0,1
BRDA:154,8,1,8
BRDA:175,9,0,0
BRDA:175,9,1,0
BRDA:179,10,0,0
BRDA:179,10,1,0
BRDA:205,11,0,0
BRDA:205,11,1,53
BRDA:258,12,0,53
BRDA:258,12,1,5
BRF:27
BRH:8
end_of_record
TN:
SF:src/pages/ProfileScreen/Profile/Profile.styles.ts
FNF:0
FNH:0
DA:3,1
LF:1
LH:1
BRF:0
BRH:0
end_of_record
TN:
SF:src/pages/ProfileScreen/Profile/Profile.tsx
FN:14,(anonymous_0)
FN:22,(anonymous_1)
FN:33,(anonymous_2)
FN:44,(anonymous_3)
FN:55,(anonymous_4)
FN:60,(anonymous_5)
FN:78,(anonymous_6)
FN:82,(anonymous_7)
FN:86,(anonymous_8)
FN:90,(anonymous_9)
FN:94,(anonymous_10)
FN:101,(anonymous_11)
FN:163,(anonymous_12)
FNF:13
FNH:9
FNDA:8,(anonymous_0)
FNDA:1,(anonymous_1)
FNDA:0,(anonymous_2)
FNDA:1,(anonymous_3)
FNDA:0,(anonymous_4)
FNDA:0,(anonymous_5)
FNDA:1,(anonymous_6)
FNDA:1,(anonymous_7)
FNDA:1,(anonymous_8)
FNDA:0,(anonymous_9)
FNDA:1,(anonymous_10)
FNDA:1,(anonymous_11)
FNDA:1,(anonymous_12)
DA:14,1
DA:15,8
DA:16,8
DA:17,8
DA:19,8
DA:20,8
DA:22,8
DA:23,1
DA:34,0
DA:35,0
DA:36,0
DA:44,8
DA:45,1
DA:56,0
DA:57,0
DA:58,0
DA:60,0
DA:61,0
DA:62,0
DA:63,0
DA:64,0
DA:65,0
DA:67,0
DA:78,8
DA:79,1
DA:82,8
DA:83,1
DA:86,8
DA:87,1
DA:90,8
DA:91,0
DA:94,8
DA:96,1
DA:101,1
DA:104,8
DA:164,1
LF:36
LH:22
BRDA:57,0,0,0
BRDA:57,0,1,0
BRDA:61,1,0,0
BRDA:61,1,1,0
BRF:4
BRH:0
end_of_record
TN:
SF:src/pages/ProfileScreen/Register/Register.styles.ts
FNF:0
FNH:0
DA:3,3
LF:1
LH:1
BRF:0
BRH:0
end_of_record
TN:
SF:src/pages/ProfileScreen/Register/Register.tsx
FN:6,(anonymous_0)
FN:14,isValidPassword
FN:27,(anonymous_2)
FN:68,(anonymous_3)
FN:78,(anonymous_4)
FN:88,(anonymous_5)
FNF:6
FNH:1
FNDA:2,(anonymous_0)
FNDA:0,isValidPassword
FNDA:0,(anonymous_2)
FNDA:0,(anonymous_3)
FNDA:0,(anonymous_4)
FNDA:0,(anonymous_5)
DA:6,3
DA:7,2
DA:8,2
DA:9,2
DA:10,2
DA:11,2
DA:12,2
DA:15,0
DA:16,0
DA:17,0
DA:19,0
DA:27,2
DA:28,0
DA:29,0
DA:35,0
DA:37,0
DA:38,0
DA:39,0
DA:41,0
DA:42,0
DA:45,0
DA:47,0
DA:48,0
DA:50,0
DA:51,0
DA:53,0
DA:55,0
DA:56,0
DA:60,2
DA:68,0
DA:78,0
DA:88,0
LF:32
LH:9
BRDA:20,0,0,0
BRDA:20,0,1,0
BRDA:20,0,2,0
BRDA:20,0,3,0
BRDA:41,1,0,0
BRDA:41,1,1,0
BRDA:41,2,0,0
BRDA:41,2,1,0
BRDA:41,2,2,0
BRDA:50,3,0,0
BRDA:50,3,1,0
BRDA:70,4,0,2
BRDA:70,4,1,0
BRDA:80,5,0,2
BRDA:80,5,1,0
BRDA:90,6,0,2
BRDA:90,6,1,0
BRF:17
BRH:3
end_of_record
TN:
SF:src/pages/QRCodeEngin/QRCodeEngin.styles.ts
FNF:0
FNH:0
DA:2,3
DA:5,3
LF:2
LH:2
BRDA:2,0,0,3
BRDA:2,0,1,0
BRF:2
BRH:1
end_of_record
TN:
SF:src/pages/QRCodeEngin/QRCodeEngin.tsx
FN:12,(anonymous_0)
FN:20,(anonymous_1)
FN:21,(anonymous_2)
FN:27,(anonymous_3)
FN:52,GoToAddPage
FN:56,getResto
FN:64,(anonymous_6)
FN:75,AddProduct
FN:114,(anonymous_8)
FN:129,(anonymous_9)
FN:137,(anonymous_10)
FN:145,(anonymous_11)
FNF:12
FNH:4
FNDA:4,(anonymous_0)
FNDA:2,(anonymous_1)
FNDA:2,(anonymous_2)
FNDA:0,(anonymous_3)
FNDA:0,GoToAddPage
FNDA:2,getResto
FNDA:0,(anonymous_6)
FNDA:0,AddProduct
FNDA:0,(anonymous_8)
FNDA:0,(anonymous_9)
FNDA:0,(anonymous_10)
FNDA:0,(anonymous_11)
DA:12,3
DA:13,4
DA:14,4
DA:15,4
DA:16,4
DA:17,4
DA:18,4
DA:20,4
DA:21,2
DA:22,2
DA:23,2
DA:25,2
DA:27,4
DA:34,0
DA:36,0
DA:37,0
DA:38,0
DA:39,0
DA:41,0
DA:42,0
DA:45,4
DA:46,2
DA:48,2
DA:49,0
DA:53,0
DA:57,2
DA:58,2
DA:64,0
DA:69,0
DA:71,2
DA:76,0
DA:77,0
DA:88,0
DA:90,0
DA:94,2
DA:115,0
DA:129,0
DA:138,0
DA:146,0
DA:147,0
LF:40
LH:20
BRDA:39,0,0,0
BRDA:39,0,1,0
BRDA:45,1,0,2
BRDA:45,1,1,2
BRDA:48,2,0,0
BRDA:48,2,1,2
BRDA:88,3,0,0
BRDA:88,3,1,0
BRDA:123,4,0,0
BRDA:123,4,1,2
BRDA:127,5,0,2
BRDA:127,5,1,0
BRF:12
BRH:5
end_of_record
TN:
SF:src/pages/ResetPasswordScreen/ResetPasswordScreen.styles.ts
FNF:0
FNH:0
DA:3,3
LF:1
LH:1
BRF:0
BRH:0
end_of_record
TN:
SF:src/pages/ResetPasswordScreen/ResetPasswordScreen.tsx
FN:13,(anonymous_0)
FN:22,(anonymous_1)
FN:27,(anonymous_2)
FN:58,(anonymous_3)
FN:65,(anonymous_4)
FN:70,(anonymous_5)
FN:76,(anonymous_6)
FNF:7
FNH:6
FNDA:39,(anonymous_0)
FNDA:26,(anonymous_1)
FNDA:11,(anonymous_2)
FNDA:10,(anonymous_3)
FNDA:1,(anonymous_4)
FNDA:0,(anonymous_5)
FNDA:10,(anonymous_6)
DA:13,3
DA:14,39
DA:15,39
DA:16,39
DA:17,39
DA:18,39
DA:19,39
DA:20,39
DA:22,39
DA:23,26
DA:24,26
DA:27,39
DA:28,11
DA:29,7
DA:30,7
DA:31,7
DA:33,4
DA:34,4
DA:35,4
DA:36,4
DA:37,3
DA:38,2
DA:39,2
DA:41,2
DA:42,2
DA:43,2
DA:45,0
DA:48,1
DA:51,1
DA:52,1
DA:58,39
DA:59,10
DA:60,10
DA:61,10
DA:62,10
DA:65,39
DA:66,1
DA:67,1
DA:70,39
DA:71,0
DA:75,39
DA:77,10
DA:81,39
LF:43
LH:41
BRDA:28,0,0,7
BRDA:28,0,1,4
BRDA:29,1,0,7
BRDA:29,1,1,0
BRDA:33,2,0,4
BRDA:33,2,1,0
BRDA:34,3,0,4
BRDA:34,3,1,0
BRDA:37,4,0,2
BRDA:37,4,1,1
BRDA:41,5,0,2
BRDA:41,5,1,0
BRDA:86,6,0,19
BRDA:86,6,1,20
BRDA:89,7,0,19
BRDA:89,7,1,20
BRDA:118,8,0,20
BRDA:118,8,1,2
BRDA:140,9,0,19
BRDA:140,9,1,20
BRDA:142,10,0,19
BRDA:142,10,1,20
BRDA:143,11,0,19
BRDA:143,11,1,20
BRF:24
BRH:20
end_of_record
TN:
SF:src/services/QRcodeCalls.ts
FN:5,(anonymous_0)
FNF:1
FNH:1
FNDA:2,(anonymous_0)
DA:5,3
DA:6,2
DA:7,2
DA:8,2
DA:12,0
DA:14,2
DA:15,2
LF:7
LH:6
BRF:0
BRH:0
end_of_record
TN:
SF:src/services/dishCalls.ts
FN:8,(anonymous_0)
FN:21,(anonymous_1)
FN:36,(anonymous_2)
FN:55,(anonymous_3)
FN:69,(anonymous_4)
FN:86,(anonymous_5)
FNF:6
FNH:6
FNDA:2,(anonymous_0)
FNDA:2,(anonymous_1)
FNDA:3,(anonymous_2)
FNDA:2,(anonymous_3)
FNDA:2,(anonymous_4)
FNDA:2,(anonymous_5)
DA:5,3
DA:8,3
DA:9,2
DA:10,2
DA:14,0
DA:16,2
DA:17,2
DA:21,3
DA:22,2
DA:23,2
DA:24,2
DA:29,0
DA:31,2
DA:32,2
DA:36,3
DA:37,3
DA:38,3
DA:43,0
DA:45,3
DA:46,3
DA:47,3
DA:49,0
DA:50,0
DA:55,3
DA:56,2
DA:57,2
DA:62,0
DA:64,2
DA:65,2
DA:69,3
DA:70,2
DA:71,2
DA:79,0
DA:81,2
DA:82,2
DA:86,3
DA:87,2
LF:37
LH:30
BRDA:45,0,0,3
BRDA:45,0,1,0
BRDA:45,1,0,3
BRDA:45,1,1,3
BRF:4
BRH:3
end_of_record
TN:
SF:src/services/imagesCalls.ts
FN:8,(anonymous_0)
FN:25,(anonymous_1)
FN:42,(anonymous_2)
FN:69,(anonymous_3)
FN:98,(anonymous_4)
FNF:5
FNH:5
FNDA:2,(anonymous_0)
FNDA:2,(anonymous_1)
FNDA:2,(anonymous_2)
FNDA:2,(anonymous_3)
FNDA:2,(anonymous_4)
DA:5,9
DA:8,9
DA:9,2
DA:10,2
DA:17,0
DA:19,2
DA:20,2
DA:25,9
DA:26,2
DA:27,2
DA:31,2
DA:36,0
DA:38,2
DA:42,9
DA:44,2
DA:45,2
DA:54,2
DA:62,0
DA:64,2
DA:65,2
DA:69,9
DA:71,2
DA:72,2
DA:82,2
DA:90,0
DA:93,2
DA:94,2
DA:98,9
DA:100,2
DA:101,2
DA:106,2
DA:111,0
DA:113,2
DA:114,2
LF:34
LH:29
BRF:0
BRH:0
end_of_record
TN:
SF:src/services/productCalls.ts
FN:9,(anonymous_0)
FN:22,(anonymous_1)
FN:39,(anonymous_2)
FN:65,(anonymous_3)
FN:82,(anonymous_4)
FNF:5
FNH:5
FNDA:2,(anonymous_0)
FNDA:2,(anonymous_1)
FNDA:3,(anonymous_2)
FNDA:2,(anonymous_3)
FNDA:2,(anonymous_4)
DA:7,6
DA:9,6
DA:10,2
DA:11,2
DA:15,0
DA:17,2
DA:18,2
DA:22,6
DA:23,2
DA:24,2
DA:32,0
DA:34,2
DA:35,2
DA:39,6
DA:40,3
DA:41,3
DA:42,1
DA:43,1
DA:45,2
DA:58,0
DA:60,3
DA:61,3
DA:65,6
DA:66,2
DA:67,2
DA:75,0
DA:77,2
DA:78,2
DA:82,6
DA:83,2
DA:84,2
DA:92,0
DA:94,2
DA:95,2
LF:34
LH:29
BRDA:41,0,0,1
BRDA:41,0,1,2
BRF:2
BRH:2
end_of_record
TN:
SF:src/services/profileCalls.ts
FN:8,(anonymous_0)
FN:29,(anonymous_1)
FN:51,(anonymous_2)
FNF:3
FNH:3
FNDA:3,(anonymous_0)
FNDA:3,(anonymous_1)
FNDA:3,(anonymous_2)
DA:6,3
DA:8,3
DA:9,3
DA:10,3
DA:18,0
DA:19,0
DA:21,0
DA:24,3
DA:25,3
DA:29,3
DA:30,3
DA:31,3
DA:40,0
DA:41,0
DA:43,0
DA:46,3
DA:47,3
DA:51,3
DA:53,3
DA:54,3
DA:66,0
DA:67,0
DA:69,0
DA:72,3
DA:73,3
LF:25
LH:16
BRDA:18,0,0,0
BRDA:18,0,1,0
BRDA:40,1,0,0
BRDA:40,1,1,0
BRDA:66,2,0,0
BRDA:66,2,1,0
BRF:6
BRH:0
end_of_record
TN:
SF:src/services/restoCalls.ts
FN:7,(anonymous_0)
FN:20,(anonymous_1)
FN:37,(anonymous_2)
FN:53,(anonymous_3)
FN:70,(anonymous_4)
FNF:5
FNH:5
FNDA:2,(anonymous_0)
FNDA:2,(anonymous_1)
FNDA:2,(anonymous_2)
FNDA:2,(anonymous_3)
FNDA:2,(anonymous_4)
DA:5,0
DA:7,6
DA:8,2
DA:9,2
DA:13,0
DA:15,2
DA:16,2
DA:20,6
DA:21,2
DA:22,2
DA:30,0
DA:32,2
DA:33,2
DA:37,6
DA:38,2
DA:39,2
DA:46,0
DA:48,2
DA:49,2
DA:53,6
DA:54,2
DA:55,2
DA:63,0
DA:65,2
DA:66,2
DA:70,6
DA:71,2
DA:72,2
DA:77,2
DA:78,2
LF:30
LH:25
BRF:0
BRH:0
end_of_record
TN:
SF:src/services/userCalls.ts
FN:9,(anonymous_0)
FN:27,(anonymous_1)
FN:41,(anonymous_2)
FN:58,(anonymous_3)
FN:72,(anonymous_4)
FN:89,(anonymous_5)
FNF:6
FNH:6
FNDA:2,(anonymous_0)
FNDA:2,(anonymous_1)
FNDA:2,(anonymous_2)
FNDA:2,(anonymous_3)
FNDA:2,(anonymous_4)
FNDA:2,(anonymous_5)
DA:5,2
DA:6,2
DA:7,2
DA:9,2
DA:10,2
DA:11,2
DA:19,0
DA:21,2
DA:22,2
DA:27,2
DA:28,2
DA:29,2
DA:34,0
DA:36,2
DA:37,2
DA:41,2
DA:42,2
DA:43,2
DA:51,0
DA:53,2
DA:54,2
DA:58,2
DA:59,2
DA:60,2
DA:65,0
DA:67,2
DA:68,2
DA:72,2
DA:73,2
DA:74,2
DA:82,0
DA:84,2
DA:85,2
DA:89,2
DA:90,2
DA:91,2
DA:99,0
DA:100,0
DA:102,0
DA:105,2
DA:106,2
LF:41
LH:33
BRDA:99,0,0,0
BRDA:99,0,1,0
BRF:2
BRH:0
end_of_record
TN:
SF:src/types/env.d.ts
FNF:0
FNH:0
LF:0
LH:0
BRF:0
BRH:0
end_of_record
